 Input electron beam energy in GeV.
  Electron beam energy:   10.618 GeV

  Th_e       Q^2       E_e     Th_p        P_p        Mott   Sig_p (fm^2/sr)
  7.000     1.550     9.792   -53.009     1.494    0.330E-03    0.981E-05
  7.050     1.570     9.781   -52.812     1.507    0.320E-03    0.925E-05
  7.100     1.591     9.770   -52.617     1.520    0.311E-03    0.872E-05
  7.150     1.612     9.759   -52.422     1.533    0.303E-03    0.823E-05
  7.200     1.632     9.748   -52.228     1.546    0.294E-03    0.776E-05
  7.250     1.653     9.737   -52.036     1.559    0.286E-03    0.732E-05
  7.300     1.674     9.726   -51.844     1.572    0.279E-03    0.692E-05
  7.350     1.695     9.715   -51.653     1.585    0.271E-03    0.653E-05
  7.400     1.716     9.703   -51.464     1.598    0.264E-03    0.617E-05
  7.450     1.737     9.692   -51.275     1.611    0.257E-03    0.583E-05
  7.500     1.759     9.681   -51.087     1.624    0.250E-03    0.551E-05
  7.550     1.780     9.669   -50.900     1.637    0.244E-03    0.521E-05
  7.600     1.802     9.658   -50.715     1.650    0.237E-03    0.492E-05
  7.650     1.823     9.646   -50.530     1.663    0.231E-03    0.466E-05
  7.700     1.845     9.635   -50.346     1.677    0.225E-03    0.441E-05
  7.750     1.867     9.623   -50.163     1.690    0.219E-03    0.417E-05
  7.800     1.888     9.612   -49.981     1.703    0.214E-03    0.395E-05
  7.850     1.910     9.600   -49.800     1.717    0.208E-03    0.374E-05
  7.900     1.932     9.588   -49.620     1.730    0.203E-03    0.354E-05
  7.950     1.955     9.576   -49.441     1.743    0.198E-03    0.335E-05
  8.000     1.977     9.565   -49.263     1.757    0.193E-03    0.318E-05
  8.050     1.999     9.553   -49.086     1.770    0.188E-03    0.301E-05
  8.100     2.021     9.541   -48.910     1.784    0.184E-03    0.286E-05
  8.150     2.044     9.529   -48.734     1.797    0.179E-03    0.271E-05
  8.200     2.066     9.517   -48.560     1.811    0.175E-03    0.257E-05
  8.250     2.089     9.505   -48.387     1.824    0.171E-03    0.244E-05
  8.300     2.111     9.493   -48.214     1.838    0.167E-03    0.231E-05
  8.350     2.134     9.481   -48.042     1.851    0.163E-03    0.220E-05
  8.400     2.157     9.469   -47.872     1.865    0.159E-03    0.209E-05
  8.450     2.180     9.456   -47.702     1.879    0.155E-03    0.198E-05
  8.500     2.203     9.444   -47.533     1.892    0.152E-03    0.188E-05
  8.550     2.226     9.432   -47.365     1.906    0.148E-03    0.179E-05
  8.600     2.249     9.419   -47.198     1.920    0.145E-03    0.170E-05
  8.650     2.272     9.407   -47.031     1.934    0.141E-03    0.162E-05
  8.700     2.296     9.395   -46.866     1.947    0.138E-03    0.154E-05
  8.750     2.319     9.382   -46.702     1.961    0.135E-03    0.146E-05
  8.800     2.342     9.370   -46.538     1.975    0.132E-03    0.139E-05
  8.850     2.366     9.357   -46.375     1.989    0.129E-03    0.132E-05
  8.900     2.389     9.345   -46.213     2.003    0.126E-03    0.126E-05
  8.950     2.413     9.332   -46.052     2.017    0.123E-03    0.120E-05
  9.000     2.437     9.320   -45.892     2.030    0.121E-03    0.114E-05
  9.050     2.460     9.307   -45.733     2.044    0.118E-03    0.109E-05
  9.100     2.484     9.294   -45.574     2.058    0.115E-03    0.103E-05
  9.150     2.508     9.281   -45.417     2.072    0.113E-03    0.984E-06
  9.200     2.532     9.269   -45.260     2.086    0.110E-03    0.938E-06
  9.250     2.556     9.256   -45.104     2.100    0.108E-03    0.893E-06
  9.300     2.580     9.243   -44.949     2.114    0.106E-03    0.851E-06
  9.350     2.604     9.230   -44.795     2.128    0.103E-03    0.811E-06
  9.400     2.628     9.217   -44.641     2.142    0.101E-03    0.774E-06
  9.450     2.653     9.204   -44.489     2.157    0.991E-04    0.738E-06
  9.500     2.677     9.191   -44.337     2.171    0.971E-04    0.703E-06
  9.550     2.701     9.179   -44.186     2.185    0.951E-04    0.671E-06
  9.600     2.726     9.165   -44.035     2.199    0.931E-04    0.640E-06
  9.650     2.750     9.152   -43.886     2.213    0.912E-04    0.611E-06
  9.700     2.775     9.139   -43.737     2.227    0.893E-04    0.583E-06
  9.750     2.799     9.126   -43.590     2.242    0.875E-04    0.556E-06
  9.800     2.824     9.113   -43.443     2.256    0.857E-04    0.531E-06
  9.850     2.849     9.100   -43.296     2.270    0.840E-04    0.507E-06
  9.900     2.873     9.087   -43.151     2.284    0.823E-04    0.484E-06
  9.950     2.898     9.074   -43.006     2.299    0.806E-04    0.462E-06
 10.000     2.923     9.060   -42.862     2.313    0.790E-04    0.441E-06
 10.050     2.948     9.047   -42.719     2.327    0.775E-04    0.421E-06
 10.100     2.973     9.034   -42.577     2.342    0.760E-04    0.403E-06
 10.150     2.998     9.020   -42.435     2.356    0.745E-04    0.385E-06
 10.200     3.023     9.007   -42.294     2.370    0.730E-04    0.368E-06
 10.250     3.048     8.994   -42.154     2.385    0.716E-04    0.351E-06
 10.300     3.073     8.980   -42.014     2.399    0.702E-04    0.336E-06
 10.350     3.098     8.967   -41.876     2.413    0.689E-04    0.321E-06
 10.400     3.124     8.953   -41.738     2.428    0.676E-04    0.307E-06
 10.450     3.149     8.940   -41.600     2.442    0.663E-04    0.294E-06
 10.500     3.174     8.926   -41.464     2.457    0.650E-04    0.281E-06
 10.550     3.200     8.913   -41.328     2.471    0.638E-04    0.269E-06
 10.600     3.225     8.899   -41.193     2.486    0.626E-04    0.258E-06
 10.650     3.250     8.886   -41.059     2.500    0.614E-04    0.247E-06
 10.700     3.276     8.872   -40.925     2.515    0.603E-04    0.237E-06
 10.750     3.301     8.859   -40.792     2.529    0.592E-04    0.227E-06
 10.800     3.327     8.845   -40.660     2.544    0.581E-04    0.218E-06
 10.850     3.353     8.831   -40.528     2.558    0.570E-04    0.209E-06
 10.900     3.378     8.818   -40.398     2.573    0.560E-04    0.200E-06
 10.950     3.404     8.804   -40.267     2.587    0.550E-04    0.192E-06
 11.000     3.430     8.790   -40.138     2.602    0.540E-04    0.184E-06
 11.050     3.455     8.777   -40.009     2.617    0.530E-04    0.177E-06
 11.100     3.481     8.763   -39.881     2.631    0.520E-04    0.170E-06
 11.150     3.507     8.749   -39.753     2.646    0.511E-04    0.163E-06
 11.200     3.533     8.735   -39.627     2.660    0.502E-04    0.157E-06
 11.250     3.559     8.722   -39.501     2.675    0.493E-04    0.150E-06
 11.300     3.585     8.708   -39.375     2.690    0.484E-04    0.144E-06
 11.350     3.611     8.694   -39.250     2.704    0.476E-04    0.139E-06
 11.400     3.637     8.680   -39.126     2.719    0.468E-04    0.133E-06
 11.450     3.663     8.666   -39.003     2.734    0.460E-04    0.128E-06
 11.500     3.689     8.652   -38.880     2.748    0.452E-04    0.123E-06
 11.550     3.715     8.638   -38.758     2.763    0.444E-04    0.118E-06
 11.600     3.741     8.625   -38.636     2.778    0.436E-04    0.114E-06
 11.650     3.767     8.611   -38.515     2.792    0.429E-04    0.109E-06
 11.700     3.793     8.597   -38.395     2.807    0.421E-04    0.105E-06
 11.750     3.819     8.583   -38.275     2.822    0.414E-04    0.101E-06
 11.800     3.845     8.569   -38.156     2.836    0.407E-04    0.973E-07
 11.850     3.872     8.555   -38.037     2.851    0.400E-04    0.936E-07
 11.900     3.898     8.541   -37.920     2.866    0.394E-04    0.900E-07
 11.950     3.924     8.527   -37.802     2.880    0.387E-04    0.866E-07
 12.000     3.950     8.513   -37.686     2.895    0.381E-04    0.834E-07
 12.050     3.977     8.499   -37.570     2.910    0.374E-04    0.802E-07
 12.100     4.003     8.485   -37.454     2.925    0.368E-04    0.773E-07
 12.150     4.029     8.471   -37.339     2.939    0.362E-04    0.744E-07
 12.200     4.056     8.457   -37.225     2.954    0.356E-04    0.716E-07
 12.250     4.082     8.443   -37.111     2.969    0.351E-04    0.690E-07
 12.300     4.109     8.429   -36.998     2.984    0.345E-04    0.664E-07
 12.350     4.135     8.414   -36.886     2.998    0.339E-04    0.640E-07
 12.400     4.161     8.400   -36.774     3.013    0.334E-04    0.617E-07
 12.450     4.188     8.386   -36.662     3.028    0.329E-04    0.594E-07
 12.500     4.214     8.372   -36.552     3.043    0.323E-04    0.573E-07
 12.550     4.241     8.358   -36.441     3.057    0.318E-04    0.552E-07
 12.600     4.267     8.344   -36.332     3.072    0.313E-04    0.532E-07
 12.650     4.294     8.330   -36.223     3.087    0.308E-04    0.513E-07
 12.700     4.320     8.316   -36.114     3.102    0.303E-04    0.494E-07
 12.750     4.347     8.302   -36.006     3.117    0.299E-04    0.477E-07
 12.800     4.373     8.287   -35.899     3.131    0.294E-04    0.460E-07
 12.850     4.400     8.273   -35.792     3.146    0.289E-04    0.443E-07
 12.900     4.427     8.259   -35.685     3.161    0.285E-04    0.428E-07
 12.950     4.453     8.245   -35.579     3.176    0.281E-04    0.413E-07
 13.000     4.480     8.231   -35.474     3.190    0.276E-04    0.398E-07
 13.050     4.506     8.217   -35.369     3.205    0.272E-04    0.384E-07
 13.100     4.533     8.202   -35.265     3.220    0.268E-04    0.371E-07
 13.150     4.560     8.188   -35.161     3.235    0.264E-04    0.358E-07
 13.200     4.586     8.174   -35.058     3.250    0.260E-04    0.345E-07
 13.250     4.613     8.160   -34.955     3.264    0.256E-04    0.333E-07
 13.300     4.640     8.146   -34.853     3.279    0.252E-04    0.322E-07
 13.350     4.666     8.131   -34.752     3.294    0.248E-04    0.311E-07
 13.400     4.693     8.117   -34.650     3.309    0.245E-04    0.300E-07
 13.450     4.719     8.103   -34.550     3.323    0.241E-04    0.290E-07
 13.500     4.746     8.089   -34.450     3.338    0.237E-04    0.280E-07
 13.550     4.773     8.075   -34.350     3.353    0.234E-04    0.270E-07
 13.600     4.799     8.060   -34.251     3.368    0.231E-04    0.261E-07
 13.650     4.826     8.046   -34.152     3.382    0.227E-04    0.252E-07
 13.700     4.853     8.032   -34.054     3.397    0.224E-04    0.244E-07
 13.750     4.879     8.018   -33.956     3.412    0.221E-04    0.236E-07
 13.800     4.906     8.004   -33.859     3.427    0.217E-04    0.228E-07
 13.850     4.933     7.989   -33.762     3.441    0.214E-04    0.220E-07
 13.900     4.959     7.975   -33.666     3.456    0.211E-04    0.213E-07
 13.950     4.986     7.961   -33.570     3.471    0.208E-04    0.206E-07
 14.000     5.013     7.947   -33.475     3.485    0.205E-04    0.199E-07
 14.050     5.039     7.933   -33.380     3.500    0.202E-04    0.193E-07
 14.100     5.066     7.918   -33.286     3.515    0.199E-04    0.186E-07
 14.150     5.093     7.904   -33.192     3.530    0.197E-04    0.180E-07
 14.200     5.119     7.890   -33.098     3.544    0.194E-04    0.174E-07
 14.250     5.146     7.876   -33.005     3.559    0.191E-04    0.169E-07
 14.300     5.173     7.861   -32.913     3.574    0.189E-04    0.163E-07
 14.350     5.199     7.847   -32.820     3.588    0.186E-04    0.158E-07
 14.400     5.226     7.833   -32.729     3.603    0.183E-04    0.153E-07
 14.450     5.253     7.819   -32.638     3.618    0.181E-04    0.148E-07
 14.500     5.279     7.805   -32.547     3.632    0.178E-04    0.143E-07
 14.550     5.306     7.791   -32.456     3.647    0.176E-04    0.139E-07
 14.600     5.332     7.776   -32.367     3.662    0.173E-04    0.134E-07
 14.650     5.359     7.762   -32.277     3.676    0.171E-04    0.130E-07
 14.700     5.386     7.748   -32.188     3.691    0.169E-04    0.126E-07
 14.750     5.412     7.734   -32.099     3.705    0.166E-04    0.122E-07
 14.800     5.439     7.720   -32.011     3.720    0.164E-04    0.118E-07
 14.850     5.465     7.706   -31.923     3.735    0.162E-04    0.114E-07
 14.900     5.492     7.691   -31.836     3.749    0.160E-04    0.111E-07
 14.950     5.518     7.677   -31.749     3.764    0.158E-04    0.108E-07
 15.000     5.545     7.663   -31.663     3.778    0.156E-04    0.104E-07
 15.050     5.572     7.649   -31.577     3.793    0.154E-04    0.101E-07
 15.100     5.598     7.635   -31.491     3.808    0.152E-04    0.979E-08
 15.150     5.625     7.621   -31.406     3.822    0.150E-04    0.949E-08
 15.200     5.651     7.607   -31.321     3.837    0.148E-04    0.921E-08
 15.250     5.677     7.593   -31.236     3.851    0.146E-04    0.893E-08
 15.300     5.704     7.578   -31.152     3.866    0.144E-04    0.866E-08
 15.350     5.730     7.564   -31.068     3.880    0.142E-04    0.840E-08
 15.400     5.757     7.550   -30.985     3.895    0.140E-04    0.815E-08
 15.450     5.783     7.536   -30.902     3.909    0.138E-04    0.791E-08
 15.500     5.810     7.522   -30.820     3.924    0.136E-04    0.767E-08
 15.550     5.836     7.508   -30.738     3.938    0.135E-04    0.745E-08
 15.600     5.862     7.494   -30.656     3.952    0.133E-04    0.723E-08
 15.650     5.889     7.480   -30.574     3.967    0.131E-04    0.702E-08
 15.700     5.915     7.466   -30.493     3.981    0.130E-04    0.681E-08
 15.750     5.941     7.452   -30.413     3.996    0.128E-04    0.661E-08
 15.800     5.968     7.438   -30.333     4.010    0.126E-04    0.642E-08
 15.850     5.994     7.424   -30.253     4.024    0.125E-04    0.624E-08
 15.900     6.020     7.410   -30.173     4.039    0.123E-04    0.582E-08
 15.950     6.046     7.396   -30.094     4.053    0.122E-04    0.565E-08
 16.000     6.073     7.382   -30.015     4.068    0.120E-04    0.549E-08
 16.050     6.099     7.368   -29.937     4.082    0.119E-04    0.533E-08
 16.100     6.125     7.354   -29.859     4.096    0.117E-04    0.518E-08
 16.150     6.151     7.340   -29.781     4.111    0.116E-04    0.504E-08
 16.200     6.177     7.326   -29.704     4.125    0.114E-04    0.489E-08
 16.250     6.204     7.312   -29.627     4.139    0.113E-04    0.476E-08
 16.300     6.230     7.298   -29.550     4.153    0.111E-04    0.462E-08
 16.350     6.256     7.284   -29.474     4.168    0.110E-04    0.449E-08
 16.400     6.282     7.270   -29.398     4.182    0.109E-04    0.437E-08
 16.450     6.308     7.257   -29.323     4.196    0.107E-04    0.425E-08
 16.500     6.334     7.243   -29.247     4.210    0.106E-04    0.413E-08
 16.550     6.360     7.229   -29.173     4.224    0.105E-04    0.402E-08
 16.600     6.386     7.215   -29.098     4.239    0.104E-04    0.391E-08
 16.650     6.412     7.201   -29.024     4.253    0.102E-04    0.380E-08
 16.700     6.438     7.187   -28.950     4.267    0.101E-04    0.370E-08
 16.750     6.464     7.174   -28.876     4.281    0.100E-04    0.360E-08
 16.800     6.489     7.160   -28.803     4.295    0.988E-05    0.350E-08
 16.850     6.515     7.146   -28.730     4.309    0.976E-05    0.341E-08
 16.900     6.541     7.132   -28.658     4.323    0.964E-05    0.332E-08
 16.950     6.567     7.119   -28.586     4.337    0.953E-05    0.323E-08
 17.000     6.593     7.105   -28.514     4.351    0.942E-05    0.314E-08
 17.050     6.618     7.091   -28.442     4.365    0.931E-05    0.306E-08
 17.100     6.644     7.077   -28.371     4.379    0.920E-05    0.298E-08
 17.150     6.670     7.064   -28.300     4.393    0.909E-05    0.290E-08
 17.200     6.695     7.050   -28.229     4.407    0.899E-05    0.282E-08
 17.250     6.721     7.036   -28.159     4.421    0.888E-05    0.275E-08
 17.300     6.747     7.023   -28.089     4.435    0.878E-05    0.268E-08
 17.350     6.772     7.009   -28.019     4.449    0.868E-05    0.261E-08
 17.400     6.798     6.995   -27.950     4.463    0.858E-05    0.254E-08
 17.450     6.823     6.982   -27.881     4.477    0.848E-05    0.247E-08
 17.500     6.849     6.968   -27.812     4.491    0.838E-05    0.241E-08
 17.550     6.874     6.955   -27.744     4.505    0.829E-05    0.235E-08
 17.600     6.900     6.941   -27.676     4.519    0.819E-05    0.229E-08
 17.650     6.925     6.928   -27.608     4.533    0.810E-05    0.223E-08
 17.700     6.951     6.914   -27.540     4.546    0.801E-05    0.217E-08
 17.750     6.976     6.901   -27.473     4.560    0.792E-05    0.212E-08
 17.800     7.001     6.887   -27.406     4.574    0.783E-05    0.206E-08
 17.850     7.027     6.874   -27.339     4.588    0.774E-05    0.201E-08
 17.900     7.052     6.860   -27.273     4.601    0.766E-05    0.196E-08
 17.950     7.077     6.847   -27.207     4.615    0.757E-05    0.191E-08
 18.000     7.102     6.833   -27.141     4.629    0.749E-05    0.187E-08
 18.050     7.127     6.820   -27.075     4.643    0.740E-05    0.182E-08
 18.100     7.153     6.806   -27.010     4.656    0.732E-05    0.177E-08
 18.150     7.178     6.793   -26.945     4.670    0.724E-05    0.173E-08
 18.200     7.203     6.780   -26.880     4.683    0.716E-05    0.169E-08
 18.250     7.228     6.766   -26.816     4.697    0.708E-05    0.165E-08
 18.300     7.253     6.753   -26.752     4.711    0.701E-05    0.161E-08
 18.350     7.278     6.740   -26.688     4.724    0.693E-05    0.157E-08
 18.400     7.303     6.726   -26.624     4.738    0.685E-05    0.153E-08
 18.450     7.328     6.713   -26.561     4.751    0.678E-05    0.149E-08
 18.500     7.352     6.700   -26.498     4.765    0.671E-05    0.146E-08
 18.550     7.377     6.687   -26.435     4.778    0.663E-05    0.142E-08
 18.600     7.402     6.673   -26.373     4.792    0.656E-05    0.139E-08
 18.650     7.427     6.660   -26.310     4.805    0.649E-05    0.135E-08
 18.700     7.452     6.647   -26.248     4.819    0.642E-05    0.132E-08
 18.750     7.476     6.634   -26.187     4.832    0.635E-05    0.129E-08
 18.800     7.501     6.621   -26.125     4.846    0.629E-05    0.126E-08
 18.850     7.526     6.608   -26.064     4.859    0.622E-05    0.123E-08
 18.900     7.550     6.595   -26.003     4.872    0.615E-05    0.120E-08
 18.950     7.575     6.581   -25.942     4.886    0.609E-05    0.117E-08
 19.000     7.599     6.568   -25.882     4.899    0.602E-05    0.115E-08
 19.050     7.624     6.555   -25.822     4.912    0.596E-05    0.112E-08
 19.100     7.648     6.542   -25.762     4.925    0.590E-05    0.109E-08
 19.150     7.673     6.529   -25.702     4.939    0.584E-05    0.107E-08
 19.200     7.697     6.516   -25.643     4.952    0.578E-05    0.104E-08
 19.250     7.721     6.503   -25.583     4.965    0.572E-05    0.102E-08
 19.300     7.746     6.490   -25.524     4.978    0.566E-05    0.997E-09
 19.350     7.770     6.477   -25.466     4.991    0.560E-05    0.975E-09
 19.400     7.794     6.464   -25.407     5.005    0.554E-05    0.952E-09
 19.450     7.819     6.452   -25.349     5.018    0.548E-05    0.931E-09
 19.500     7.843     6.439   -25.291     5.031    0.543E-05    0.910E-09
 19.550     7.867     6.426   -25.233     5.044    0.537E-05    0.890E-09
 19.600     7.891     6.413   -25.176     5.057    0.532E-05    0.870E-09
 19.650     7.915     6.400   -25.119     5.070    0.526E-05    0.850E-09
 19.700     7.939     6.387   -25.062     5.083    0.521E-05    0.831E-09
 19.750     7.963     6.375   -25.005     5.096    0.516E-05    0.813E-09
 19.800     7.987     6.362   -24.948     5.109    0.510E-05    0.795E-09
 19.850     8.011     6.349   -24.892     5.122    0.505E-05    0.777E-09
 19.900     8.035     6.336   -24.836     5.135    0.500E-05    0.760E-09
 19.950     8.059     6.324   -24.780     5.148    0.495E-05    0.744E-09
 20.000     8.082     6.311   -24.724     5.161    0.490E-05    0.728E-09
 20.050     8.106     6.298   -24.669     5.174    0.485E-05    0.712E-09
 20.100     8.130     6.286   -24.614     5.186    0.480E-05    0.696E-09
 20.150     8.154     6.273   -24.559     5.199    0.476E-05    0.681E-09
 20.200     8.177     6.260   -24.504     5.212    0.471E-05    0.667E-09
 20.250     8.201     6.248   -24.449     5.225    0.466E-05    0.652E-09
 20.300     8.224     6.235   -24.395     5.238    0.462E-05    0.638E-09
 20.350     8.248     6.223   -24.341     5.250    0.457E-05    0.625E-09
 20.400     8.271     6.210   -24.287     5.263    0.453E-05    0.611E-09
 20.450     8.295     6.198   -24.233     5.276    0.448E-05    0.599E-09
 20.500     8.318     6.185   -24.180     5.288    0.444E-05    0.586E-09
 20.550     8.342     6.173   -24.127     5.301    0.440E-05    0.574E-09
 20.600     8.365     6.160   -24.074     5.314    0.435E-05    0.562E-09
 20.650     8.388     6.148   -24.021     5.326    0.431E-05    0.550E-09
 20.700     8.411     6.136   -23.968     5.339    0.427E-05    0.538E-09
 20.750     8.435     6.123   -23.916     5.351    0.423E-05    0.527E-09
 20.800     8.458     6.111   -23.864     5.364    0.419E-05    0.516E-09
 20.850     8.481     6.099   -23.812     5.376    0.415E-05    0.506E-09
 20.900     8.504     6.086   -23.760     5.389    0.411E-05    0.495E-09
 20.950     8.527     6.074   -23.708     5.401    0.407E-05    0.485E-09
 21.000     8.550     6.062   -23.657     5.414    0.403E-05    0.475E-09
 21.050     8.573     6.050   -23.606     5.426    0.399E-05    0.465E-09
 21.100     8.596     6.037   -23.555     5.439    0.395E-05    0.456E-09
 21.150     8.619     6.025   -23.504     5.451    0.392E-05    0.447E-09
 21.200     8.642     6.013   -23.453     5.463    0.388E-05    0.438E-09
 21.250     8.664     6.001   -23.403     5.476    0.384E-05    0.429E-09
 21.300     8.687     5.989   -23.353     5.488    0.381E-05    0.420E-09
 21.350     8.710     5.977   -23.303     5.500    0.377E-05    0.412E-09
 21.400     8.733     5.964   -23.253     5.513    0.373E-05    0.404E-09
 21.450     8.755     5.952   -23.203     5.525    0.370E-05    0.396E-09
 21.500     8.778     5.940   -23.154     5.537    0.366E-05    0.388E-09
 21.550     8.800     5.928   -23.105     5.549    0.363E-05    0.380E-09
 21.600     8.823     5.916   -23.056     5.561    0.360E-05    0.373E-09
 21.650     8.845     5.904   -23.007     5.573    0.356E-05    0.365E-09
 21.700     8.868     5.892   -22.958     5.586    0.353E-05    0.358E-09
 21.750     8.890     5.880   -22.910     5.598    0.350E-05    0.351E-09
 21.800     8.912     5.869   -22.861     5.610    0.347E-05    0.344E-09
 21.850     8.935     5.857   -22.813     5.622    0.343E-05    0.338E-09
 21.900     8.957     5.845   -22.765     5.634    0.340E-05    0.331E-09
 21.950     8.979     5.833   -22.718     5.646    0.337E-05    0.325E-09
 22.000     9.001     5.821   -22.670     5.658    0.334E-05    0.319E-09
 22.050     9.024     5.809   -22.623     5.670    0.331E-05    0.312E-09
 22.100     9.046     5.798   -22.575     5.682    0.328E-05    0.307E-09
 22.150     9.068     5.786   -22.528     5.694    0.325E-05    0.301E-09
 22.200     9.090     5.774   -22.482     5.705    0.322E-05    0.295E-09
 22.250     9.112     5.762   -22.435     5.717    0.319E-05    0.289E-09
 22.300     9.134     5.751   -22.388     5.729    0.316E-05    0.284E-09
 22.350     9.155     5.739   -22.342     5.741    0.314E-05    0.279E-09
 22.400     9.177     5.727   -22.296     5.753    0.311E-05    0.273E-09
 22.450     9.199     5.716   -22.250     5.765    0.308E-05    0.268E-09
 22.500     9.221     5.704   -22.204     5.776    0.305E-05    0.263E-09
 22.550     9.243     5.693   -22.159     5.788    0.302E-05    0.258E-09
 22.600     9.264     5.681   -22.113     5.800    0.300E-05    0.254E-09
 22.650     9.286     5.670   -22.068     5.811    0.297E-05    0.249E-09
 22.700     9.307     5.658   -22.023     5.823    0.295E-05    0.244E-09
 22.750     9.329     5.647   -21.978     5.835    0.292E-05    0.240E-09
 22.800     9.351     5.635   -21.933     5.846    0.289E-05    0.236E-09
 22.850     9.372     5.624   -21.888     5.858    0.287E-05    0.231E-09
 22.900     9.393     5.612   -21.844     5.869    0.284E-05    0.227E-09
 22.950     9.415     5.601   -21.800     5.881    0.282E-05    0.223E-09
 23.000     9.436     5.590   -21.755     5.892    0.279E-05    0.219E-09
 23.050     9.457     5.578   -21.711     5.904    0.277E-05    0.215E-09
 23.100     9.479     5.567   -21.668     5.915    0.275E-05    0.211E-09
 23.150     9.500     5.556   -21.624     5.927    0.272E-05    0.207E-09
 23.200     9.521     5.544   -21.581     5.938    0.270E-05    0.204E-09
 23.250     9.542     5.533   -21.537     5.950    0.267E-05    0.200E-09
 23.300     9.563     5.522   -21.494     5.961    0.265E-05    0.196E-09
 23.350     9.584     5.511   -21.451     5.972    0.263E-05    0.193E-09
 23.400     9.605     5.499   -21.408     5.984    0.261E-05    0.190E-09
 23.450     9.626     5.488   -21.365     5.995    0.258E-05    0.186E-09
 23.500     9.647     5.477   -21.323     6.006    0.256E-05    0.183E-09
 23.550     9.668     5.466   -21.281     6.018    0.254E-05    0.180E-09
 23.600     9.689     5.455   -21.238     6.029    0.252E-05    0.177E-09
 23.650     9.709     5.444   -21.196     6.040    0.250E-05    0.174E-09
 23.700     9.730     5.433   -21.154     6.051    0.248E-05    0.171E-09
 23.750     9.751     5.422   -21.112     6.062    0.245E-05    0.168E-09
 23.800     9.771     5.411   -21.071     6.073    0.243E-05    0.165E-09
 23.850     9.792     5.400   -21.029     6.085    0.241E-05    0.162E-09
 23.900     9.813     5.389   -20.988     6.096    0.239E-05    0.159E-09
 23.950     9.833     5.378   -20.947     6.107    0.237E-05    0.156E-09
 24.000     9.854     5.367   -20.906     6.118    0.235E-05    0.154E-09
 24.050     9.874     5.356   -20.865     6.129    0.233E-05    0.151E-09
 24.100     9.894     5.345   -20.824     6.140    0.231E-05    0.149E-09
 24.150     9.915     5.334   -20.783     6.151    0.229E-05    0.146E-09
 24.200     9.935     5.324   -20.743     6.162    0.228E-05    0.144E-09
 24.250     9.955     5.313   -20.703     6.173    0.226E-05    0.141E-09
 24.300     9.976     5.302   -20.662     6.183    0.224E-05    0.139E-09
 24.350     9.996     5.291   -20.622     6.194    0.222E-05    0.137E-09
 24.400    10.016     5.281   -20.582     6.205    0.220E-05    0.134E-09
 24.450    10.036     5.270   -20.543     6.216    0.218E-05    0.132E-09
 24.500    10.056     5.259   -20.503     6.227    0.217E-05    0.130E-09
 24.550    10.076     5.249   -20.464     6.238    0.215E-05    0.128E-09
 24.600    10.096     5.238   -20.424     6.248    0.213E-05    0.126E-09
 24.650    10.116     5.227   -20.385     6.259    0.211E-05    0.124E-09
 24.700    10.136     5.217   -20.346     6.270    0.210E-05    0.122E-09
 24.750    10.156     5.206   -20.307     6.280    0.208E-05    0.120E-09
 24.800    10.175     5.196   -20.268     6.291    0.206E-05    0.118E-09
 24.850    10.195     5.185   -20.230     6.302    0.205E-05    0.116E-09
 24.900    10.215     5.175   -20.191     6.312    0.203E-05    0.114E-09
 24.950    10.234     5.164   -20.153     6.323    0.201E-05    0.112E-09
 25.000    10.254     5.154   -20.114     6.333    0.200E-05    0.110E-09
 25.050    10.274     5.143   -20.076     6.344    0.198E-05    0.109E-09
 25.100    10.293     5.133   -20.038     6.355    0.196E-05    0.107E-09
 25.150    10.313     5.122   -20.000     6.365    0.195E-05    0.105E-09
 25.200    10.332     5.112   -19.963     6.375    0.193E-05    0.103E-09
 25.250    10.351     5.102   -19.925     6.386    0.192E-05    0.102E-09
 25.300    10.371     5.091   -19.887     6.396    0.190E-05    0.100E-09
 25.350    10.390     5.081   -19.850     6.407    0.189E-05    0.987E-10
 25.400    10.409     5.071   -19.813     6.417    0.187E-05    0.971E-10
 25.450    10.429     5.061   -19.776     6.427    0.186E-05    0.956E-10
 25.500    10.448     5.050   -19.739     6.438    0.184E-05    0.941E-10
 25.550    10.467     5.040   -19.702     6.448    0.183E-05    0.927E-10
 25.600    10.486     5.030   -19.665     6.458    0.181E-05    0.912E-10
 25.650    10.505     5.020   -19.629     6.469    0.180E-05    0.898E-10
 25.700    10.524     5.010   -19.592     6.479    0.179E-05    0.884E-10
 25.750    10.543     5.000   -19.556     6.489    0.177E-05    0.871E-10
 25.800    10.562     4.990   -19.520     6.499    0.176E-05    0.858E-10
 25.850    10.581     4.979   -19.483     6.510    0.174E-05    0.844E-10
 25.900    10.600     4.969   -19.447     6.520    0.173E-05    0.832E-10
 25.950    10.619     4.959   -19.412     6.530    0.172E-05    0.819E-10
 26.000    10.637     4.949   -19.376     6.540    0.170E-05    0.807E-10
 26.050    10.656     4.939   -19.340     6.550    0.169E-05    0.794E-10
 26.100    10.675     4.929   -19.305     6.560    0.168E-05    0.782E-10
 26.150    10.693     4.920   -19.269     6.570    0.166E-05    0.771E-10
 26.200    10.712     4.910   -19.234     6.580    0.165E-05    0.759E-10
 26.250    10.731     4.900   -19.199     6.590    0.164E-05    0.748E-10
 26.300    10.749     4.890   -19.164     6.600    0.163E-05    0.737E-10
 26.350    10.768     4.880   -19.129     6.610    0.161E-05    0.726E-10
 26.400    10.786     4.870   -19.094     6.620    0.160E-05    0.715E-10
 26.450    10.804     4.860   -19.059     6.630    0.159E-05    0.705E-10
 26.500    10.823     4.851   -19.025     6.640    0.158E-05    0.694E-10
 26.550    10.841     4.841   -18.990     6.649    0.157E-05    0.684E-10
 26.600    10.859     4.831   -18.956     6.659    0.155E-05    0.674E-10
 26.650    10.877     4.821   -18.922     6.669    0.154E-05    0.664E-10
 26.700    10.896     4.812   -18.887     6.679    0.153E-05    0.655E-10
 26.750    10.914     4.802   -18.853     6.689    0.152E-05    0.645E-10
 26.800    10.932     4.792   -18.819     6.698    0.151E-05    0.636E-10
 26.850    10.950     4.783   -18.786     6.708    0.150E-05    0.627E-10
 26.900    10.968     4.773   -18.752     6.718    0.149E-05    0.618E-10
 26.950    10.986     4.764   -18.718     6.727    0.147E-05    0.609E-10
 27.000    11.004     4.754   -18.685     6.737    0.146E-05    0.600E-10
 27.050    11.022     4.745   -18.652     6.747    0.145E-05    0.591E-10
 27.100    11.040     4.735   -18.618     6.756    0.144E-05    0.583E-10
 27.150    11.057     4.726   -18.585     6.766    0.143E-05    0.575E-10
 27.200    11.075     4.716   -18.552     6.775    0.142E-05    0.567E-10
 27.250    11.093     4.707   -18.519     6.785    0.141E-05    0.559E-10
 27.300    11.111     4.697   -18.486     6.795    0.140E-05    0.551E-10
 27.350    11.128     4.688   -18.454     6.804    0.139E-05    0.543E-10
 27.400    11.146     4.678   -18.421     6.813    0.138E-05    0.536E-10
 27.450    11.163     4.669   -18.388     6.823    0.137E-05    0.528E-10
 27.500    11.181     4.660   -18.356     6.832    0.136E-05    0.521E-10
 27.550    11.198     4.650   -18.324     6.842    0.135E-05    0.513E-10
 27.600    11.216     4.641   -18.291     6.851    0.134E-05    0.506E-10
 27.650    11.233     4.632   -18.259     6.860    0.133E-05    0.499E-10
 27.700    11.251     4.623   -18.227     6.870    0.132E-05    0.493E-10
 27.750    11.268     4.613   -18.195     6.879    0.131E-05    0.486E-10
 27.800    11.285     4.604   -18.164     6.888    0.130E-05    0.479E-10
 27.850    11.302     4.595   -18.132     6.898    0.129E-05    0.473E-10
 27.900    11.320     4.586   -18.100     6.907    0.128E-05    0.466E-10
 27.950    11.337     4.577   -18.069     6.916    0.127E-05    0.460E-10
 28.000    11.354     4.568   -18.037     6.925    0.126E-05    0.454E-10
 28.050    11.371     4.559   -18.006     6.935    0.125E-05    0.448E-10
 28.100    11.388     4.549   -17.975     6.944    0.125E-05    0.441E-10
 28.150    11.405     4.540   -17.944     6.953    0.124E-05    0.436E-10
 28.200    11.422     4.531   -17.913     6.962    0.123E-05    0.430E-10
 28.250    11.439     4.522   -17.882     6.971    0.122E-05    0.424E-10
 28.300    11.456     4.513   -17.851     6.980    0.121E-05    0.418E-10
 28.350    11.472     4.504   -17.820     6.989    0.120E-05    0.413E-10
 28.400    11.489     4.495   -17.790     6.998    0.119E-05    0.407E-10
 28.450    11.506     4.486   -17.759     7.007    0.118E-05    0.402E-10
 28.500    11.523     4.478   -17.729     7.016    0.118E-05    0.397E-10
 28.550    11.539     4.469   -17.698     7.025    0.117E-05    0.391E-10
 28.600    11.556     4.460   -17.668     7.034    0.116E-05    0.386E-10
 28.650    11.573     4.451   -17.638     7.043    0.115E-05    0.381E-10
 28.700    11.589     4.442   -17.608     7.052    0.114E-05    0.376E-10
 28.750    11.606     4.433   -17.578     7.061    0.114E-05    0.371E-10
 28.800    11.622     4.425   -17.548     7.070    0.113E-05    0.367E-10
 28.850    11.639     4.416   -17.518     7.079    0.112E-05    0.362E-10
 28.900    11.655     4.407   -17.489     7.087    0.111E-05    0.357E-10
 28.950    11.671     4.398   -17.459     7.096    0.110E-05    0.353E-10
 29.000    11.688     4.390   -17.429     7.105    0.110E-05    0.348E-10
 29.050    11.704     4.381   -17.400     7.114    0.109E-05    0.344E-10
 29.100    11.720     4.372   -17.371     7.122    0.108E-05    0.339E-10
 29.150    11.737     4.364   -17.341     7.131    0.107E-05    0.335E-10
 29.200    11.753     4.355   -17.312     7.140    0.107E-05    0.331E-10
 29.250    11.769     4.346   -17.283     7.148    0.106E-05    0.327E-10
 29.300    11.785     4.338   -17.254     7.157    0.105E-05    0.322E-10
 29.350    11.801     4.329   -17.225     7.166    0.104E-05    0.318E-10
 29.400    11.817     4.321   -17.196     7.174    0.104E-05    0.314E-10
 29.450    11.833     4.312   -17.168     7.183    0.103E-05    0.310E-10
 29.500    11.849     4.304   -17.139     7.192    0.102E-05    0.307E-10
 29.550    11.865     4.295   -17.111     7.200    0.102E-05    0.303E-10
 29.600    11.881     4.287   -17.082     7.209    0.101E-05    0.299E-10
 29.650    11.896     4.278   -17.054     7.217    0.100E-05    0.295E-10
 29.700    11.912     4.270   -17.025     7.226    0.995E-06    0.292E-10
 29.750    11.928     4.262   -16.997     7.234    0.989E-06    0.288E-10
 29.800    11.944     4.253   -16.969     7.242    0.982E-06    0.284E-10
 29.850    11.959     4.245   -16.941     7.251    0.975E-06    0.281E-10
 29.900    11.975     4.237   -16.913     7.259    0.969E-06    0.278E-10
 29.950    11.991     4.228   -16.885     7.268    0.962E-06    0.274E-10
 30.000    12.006     4.220   -16.857     7.276    0.956E-06    0.271E-10
 30.050    12.022     4.212   -16.830     7.284    0.949E-06    0.268E-10
 30.100    12.037     4.203   -16.802     7.293    0.943E-06    0.264E-10
 30.150    12.053     4.195   -16.775     7.301    0.936E-06    0.261E-10
 30.200    12.068     4.187   -16.747     7.309    0.930E-06    0.258E-10
 30.250    12.083     4.179   -16.720     7.318    0.924E-06    0.255E-10
 30.300    12.099     4.171   -16.692     7.326    0.918E-06    0.252E-10
 30.350    12.114     4.162   -16.665     7.334    0.912E-06    0.249E-10
 30.400    12.129     4.154   -16.638     7.342    0.906E-06    0.246E-10
 30.450    12.145     4.146   -16.611     7.350    0.900E-06    0.243E-10
 30.500    12.160     4.138   -16.584     7.359    0.894E-06    0.240E-10
 30.550    12.175     4.130   -16.557     7.367    0.888E-06    0.237E-10
 30.600    12.190     4.122   -16.530     7.375    0.882E-06    0.234E-10
 30.650    12.205     4.114   -16.503     7.383    0.876E-06    0.232E-10
 30.700    12.220     4.106   -16.477     7.391    0.870E-06    0.229E-10
 30.750    12.235     4.098   -16.450     7.399    0.865E-06    0.226E-10
 30.800    12.250     4.090   -16.424     7.407    0.859E-06    0.224E-10
 30.850    12.265     4.082   -16.397     7.415    0.853E-06    0.221E-10
 30.900    12.280     4.074   -16.371     7.423    0.848E-06    0.218E-10
 30.950    12.295     4.066   -16.345     7.431    0.842E-06    0.216E-10
 31.000    12.310     4.058   -16.318     7.439    0.837E-06    0.213E-10
 31.050    12.324     4.050   -16.292     7.447    0.831E-06    0.211E-10
 31.100    12.339     4.043   -16.266     7.455    0.826E-06    0.208E-10
 31.150    12.354     4.035   -16.240     7.463    0.821E-06    0.206E-10
 31.200    12.369     4.027   -16.214     7.471    0.815E-06    0.204E-10
 31.250    12.383     4.019   -16.188     7.479    0.810E-06    0.201E-10
 31.300    12.398     4.011   -16.163     7.486    0.805E-06    0.199E-10
 31.350    12.412     4.004   -16.137     7.494    0.800E-06    0.197E-10
 31.400    12.427     3.996   -16.111     7.502    0.794E-06    0.195E-10
 31.450    12.441     3.988   -16.086     7.510    0.789E-06    0.192E-10
 31.500    12.456     3.980   -16.060     7.518    0.784E-06    0.190E-10
 31.550    12.470     3.973   -16.035     7.525    0.779E-06    0.188E-10
 31.600    12.485     3.965   -16.010     7.533    0.774E-06    0.186E-10
 31.650    12.499     3.957   -15.984     7.541    0.769E-06    0.184E-10
 31.700    12.513     3.950   -15.959     7.548    0.764E-06    0.182E-10
 31.750    12.528     3.942   -15.934     7.556    0.759E-06    0.180E-10
 31.800    12.542     3.934   -15.909     7.564    0.755E-06    0.178E-10
 31.850    12.556     3.927   -15.884     7.571    0.750E-06    0.176E-10
 31.900    12.570     3.919   -15.859     7.579    0.745E-06    0.174E-10
 31.950    12.584     3.912   -15.834     7.587    0.740E-06    0.172E-10
 32.000    12.599     3.904   -15.809     7.594    0.736E-06    0.170E-10
 32.050    12.613     3.897   -15.785     7.602    0.731E-06    0.168E-10
 32.100    12.627     3.889   -15.760     7.609    0.726E-06    0.166E-10
 32.150    12.641     3.882   -15.736     7.617    0.722E-06    0.165E-10
 32.200    12.655     3.874   -15.711     7.624    0.717E-06    0.163E-10
 32.250    12.669     3.867   -15.687     7.632    0.713E-06    0.161E-10
 32.300    12.683     3.860   -15.662     7.639    0.708E-06    0.159E-10
 32.350    12.696     3.852   -15.638     7.647    0.704E-06    0.158E-10
 32.400    12.710     3.845   -15.614     7.654    0.700E-06    0.156E-10
 32.450    12.724     3.837   -15.590     7.662    0.695E-06    0.154E-10
 32.500    12.738     3.830   -15.566     7.669    0.691E-06    0.153E-10
 32.550    12.752     3.823   -15.541     7.676    0.687E-06    0.151E-10
 32.600    12.765     3.815   -15.518     7.684    0.682E-06    0.149E-10
 32.650    12.779     3.808   -15.494     7.691    0.678E-06    0.148E-10
 32.700    12.793     3.801   -15.470     7.698    0.674E-06    0.146E-10
 32.750    12.806     3.794   -15.446     7.706    0.670E-06    0.145E-10
 32.800    12.820     3.786   -15.422     7.713    0.666E-06    0.143E-10
 32.850    12.833     3.779   -15.399     7.720    0.661E-06    0.142E-10
 32.900    12.847     3.772   -15.375     7.728    0.657E-06    0.140E-10
 32.950    12.860     3.765   -15.352     7.735    0.653E-06    0.139E-10
 33.000    12.874     3.758   -15.328     7.742    0.649E-06    0.137E-10
 33.050    12.887     3.751   -15.305     7.749    0.645E-06    0.136E-10
 33.100    12.900     3.743   -15.282     7.756    0.641E-06    0.134E-10
 33.150    12.914     3.736   -15.258     7.763    0.637E-06    0.133E-10
 33.200    12.927     3.729   -15.235     7.771    0.634E-06    0.131E-10
 33.250    12.940     3.722   -15.212     7.778    0.630E-06    0.130E-10
 33.300    12.954     3.715   -15.189     7.785    0.626E-06    0.129E-10
 33.350    12.967     3.708   -15.166     7.792    0.622E-06    0.127E-10
 33.400    12.980     3.701   -15.143     7.799    0.618E-06    0.126E-10
 33.450    12.993     3.694   -15.120     7.806    0.615E-06    0.125E-10
 33.500    13.006     3.687   -15.097     7.813    0.611E-06    0.124E-10
 33.550    13.019     3.680   -15.075     7.820    0.607E-06    0.122E-10
 33.600    13.032     3.673   -15.052     7.827    0.604E-06    0.121E-10
 33.650    13.045     3.666   -15.029     7.834    0.600E-06    0.120E-10
 33.700    13.058     3.659   -15.007     7.841    0.596E-06    0.119E-10
 33.750    13.071     3.652   -14.984     7.848    0.593E-06    0.117E-10
 33.800    13.084     3.645   -14.962     7.855    0.589E-06    0.116E-10
 33.850    13.097     3.639   -14.939     7.862    0.586E-06    0.115E-10
 33.900    13.110     3.632   -14.917     7.869    0.582E-06    0.114E-10
 33.950    13.123     3.625   -14.895     7.876    0.579E-06    0.113E-10
 34.000    13.136     3.618   -14.873     7.883    0.575E-06    0.112E-10
 34.050    13.148     3.611   -14.850     7.889    0.572E-06    0.111E-10
 34.100    13.161     3.605   -14.828     7.896    0.568E-06    0.109E-10
 34.150    13.174     3.598   -14.806     7.903    0.565E-06    0.108E-10
 34.200    13.187     3.591   -14.784     7.910    0.562E-06    0.107E-10
 34.250    13.199     3.584   -14.762     7.917    0.558E-06    0.106E-10
 34.300    13.212     3.578   -14.740     7.923    0.555E-06    0.105E-10
 34.350    13.224     3.571   -14.719     7.930    0.552E-06    0.104E-10
 34.400    13.237     3.564   -14.697     7.937    0.548E-06    0.103E-10
 34.450    13.249     3.557   -14.675     7.944    0.545E-06    0.102E-10
 34.500    13.262     3.551   -14.654     7.950    0.542E-06    0.101E-10
 34.550    13.274     3.544   -14.632     7.957    0.539E-06    0.100E-10
 34.600    13.287     3.538   -14.611     7.964    0.536E-06    0.992E-11
 34.650    13.299     3.531   -14.589     7.970    0.533E-06    0.982E-11
 34.700    13.311     3.524   -14.568     7.977    0.529E-06    0.972E-11
 34.750    13.324     3.518   -14.546     7.983    0.526E-06    0.963E-11
 34.800    13.336     3.511   -14.525     7.990    0.523E-06    0.954E-11
 34.850    13.348     3.505   -14.504     7.997    0.520E-06    0.945E-11
 34.900    13.361     3.498   -14.483     8.003    0.517E-06    0.936E-11
 34.950    13.373     3.492   -14.461     8.010    0.514E-06    0.927E-11
 35.000    13.385     3.485   -14.440     8.016    0.511E-06    0.918E-11
 35.050    13.397     3.479   -14.419     8.023    0.508E-06    0.909E-11
 35.100    13.409     3.472   -14.398     8.029    0.505E-06    0.900E-11
 35.150    13.421     3.466   -14.377     8.036    0.502E-06    0.892E-11
 35.200    13.433     3.459   -14.357     8.042    0.500E-06    0.883E-11
 35.250    13.445     3.453   -14.336     8.049    0.497E-06    0.875E-11
 35.300    13.457     3.447   -14.315     8.055    0.494E-06    0.867E-11
 35.350    13.469     3.440   -14.294     8.062    0.491E-06    0.859E-11
 35.400    13.481     3.434   -14.274     8.068    0.488E-06    0.851E-11
 35.450    13.493     3.428   -14.253     8.074    0.485E-06    0.843E-11
 35.500    13.505     3.421   -14.233     8.081    0.483E-06    0.835E-11
 35.550    13.517     3.415   -14.212     8.087    0.480E-06    0.827E-11
 35.600    13.529     3.409   -14.192     8.093    0.477E-06    0.819E-11
 35.650    13.541     3.402   -14.171     8.100    0.474E-06    0.812E-11
 35.700    13.552     3.396   -14.151     8.106    0.472E-06    0.804E-11
 35.750    13.564     3.390   -14.131     8.112    0.469E-06    0.797E-11
 35.800    13.576     3.384   -14.110     8.119    0.466E-06    0.790E-11
 35.850    13.587     3.377   -14.090     8.125    0.464E-06    0.782E-11
 35.900    13.599     3.371   -14.070     8.131    0.461E-06    0.775E-11
 35.950    13.611     3.365   -14.050     8.137    0.458E-06    0.768E-11
 36.000    13.622     3.359   -14.030     8.144    0.456E-06    0.761E-11
 36.050    13.634     3.353   -14.010     8.150    0.453E-06    0.754E-11
 36.100    13.645     3.346   -13.990     8.156    0.451E-06    0.747E-11
 36.150    13.657     3.340   -13.970     8.162    0.448E-06    0.740E-11
 36.200    13.668     3.334   -13.950     8.168    0.446E-06    0.734E-11
 36.250    13.680     3.328   -13.930     8.174    0.443E-06    0.727E-11
 36.300    13.691     3.322   -13.911     8.181    0.441E-06    0.721E-11
 36.350    13.703     3.316   -13.891     8.187    0.438E-06    0.714E-11
 36.400    13.714     3.310   -13.871     8.193    0.436E-06    0.708E-11
 36.450    13.725     3.304   -13.852     8.199    0.433E-06    0.701E-11
 36.500    13.737     3.298   -13.832     8.205    0.431E-06    0.695E-11
 36.550    13.748     3.292   -13.813     8.211    0.429E-06    0.689E-11
 36.600    13.759     3.286   -13.793     8.217    0.426E-06    0.683E-11
 36.650    13.770     3.280   -13.774     8.223    0.424E-06    0.677E-11
 36.700    13.781     3.274   -13.755     8.229    0.421E-06    0.671E-11
 36.750    13.793     3.268   -13.735     8.235    0.419E-06    0.665E-11
 36.800    13.804     3.262   -13.716     8.241    0.417E-06    0.659E-11
 36.850    13.815     3.256   -13.697     8.247    0.415E-06    0.653E-11
 36.900    13.826     3.250   -13.678     8.253    0.412E-06    0.648E-11
 36.950    13.837     3.244   -13.659     8.259    0.410E-06    0.642E-11
 37.000    13.848     3.238   -13.640     8.265    0.408E-06    0.636E-11
 37.050    13.859     3.233   -13.621     8.271    0.405E-06    0.631E-11
 37.100    13.870     3.227   -13.602     8.277    0.403E-06    0.625E-11
 37.150    13.881     3.221   -13.583     8.282    0.401E-06    0.620E-11
 37.200    13.892     3.215   -13.564     8.288    0.399E-06    0.614E-11
 37.250    13.903     3.209   -13.545     8.294    0.397E-06    0.609E-11
 37.300    13.914     3.203   -13.526     8.300    0.395E-06    0.604E-11
 37.350    13.925     3.198   -13.507     8.306    0.392E-06    0.599E-11
 37.400    13.935     3.192   -13.489     8.312    0.390E-06    0.594E-11
 37.450    13.946     3.186   -13.470     8.317    0.388E-06    0.588E-11
 37.500    13.957     3.180   -13.451     8.323    0.386E-06    0.583E-11
 37.550    13.968     3.175   -13.433     8.329    0.384E-06    0.578E-11
 37.600    13.978     3.169   -13.414     8.335    0.382E-06    0.574E-11
 37.650    13.989     3.163   -13.396     8.340    0.380E-06    0.569E-11
 37.700    14.000     3.158   -13.377     8.346    0.378E-06    0.564E-11
 37.750    14.010     3.152   -13.359     8.352    0.376E-06    0.559E-11
 37.800    14.021     3.146   -13.341     8.357    0.374E-06    0.554E-11
 37.850    14.031     3.141   -13.322     8.363    0.372E-06    0.550E-11
 37.900    14.042     3.135   -13.304     8.369    0.370E-06    0.545E-11
 37.950    14.053     3.129   -13.286     8.374    0.368E-06    0.541E-11
 38.000    14.063     3.124   -13.268     8.380    0.366E-06    0.536E-11
 38.050    14.074     3.118   -13.250     8.386    0.364E-06    0.532E-11
 38.100    14.084     3.113   -13.232     8.391    0.362E-06    0.527E-11
 38.150    14.094     3.107   -13.214     8.397    0.360E-06    0.523E-11
 38.200    14.105     3.102   -13.196     8.402    0.358E-06    0.518E-11
 38.250    14.115     3.096   -13.178     8.408    0.356E-06    0.514E-11
 38.300    14.126     3.091   -13.160     8.414    0.354E-06    0.510E-11
 38.350    14.136     3.085   -13.142     8.419    0.352E-06    0.506E-11
 38.400    14.146     3.080   -13.124     8.425    0.350E-06    0.501E-11
 38.450    14.156     3.074   -13.106     8.430    0.349E-06    0.497E-11
 38.500    14.167     3.069   -13.089     8.436    0.347E-06    0.493E-11
 38.550    14.177     3.063   -13.071     8.441    0.345E-06    0.489E-11
 38.600    14.187     3.058   -13.053     8.447    0.343E-06    0.485E-11
 38.650    14.197     3.052   -13.036     8.452    0.341E-06    0.481E-11
 38.700    14.207     3.047   -13.018     8.457    0.339E-06    0.477E-11
 38.750    14.217     3.042   -13.001     8.463    0.338E-06    0.474E-11
 38.800    14.228     3.036   -12.983     8.468    0.336E-06    0.470E-11
 38.850    14.238     3.031   -12.966     8.474    0.334E-06    0.466E-11
 38.900    14.248     3.025   -12.948     8.479    0.332E-06    0.462E-11
 38.950    14.258     3.020   -12.931     8.484    0.331E-06    0.458E-11
 39.000    14.268     3.015   -12.913     8.490    0.329E-06    0.455E-11
 39.050    14.278     3.010   -12.896     8.495    0.327E-06    0.451E-11
 39.100    14.288     3.004   -12.879     8.500    0.325E-06    0.448E-11
 39.150    14.298     2.999   -12.862     8.506    0.324E-06    0.444E-11
 39.200    14.307     2.994   -12.845     8.511    0.322E-06    0.440E-11
 39.250    14.317     2.988   -12.827     8.516    0.320E-06    0.437E-11
 39.300    14.327     2.983   -12.810     8.522    0.319E-06    0.433E-11
 39.350    14.337     2.978   -12.793     8.527    0.317E-06    0.430E-11
 39.400    14.347     2.973   -12.776     8.532    0.315E-06    0.427E-11
 39.450    14.357     2.967   -12.759     8.537    0.314E-06    0.423E-11
 39.500    14.366     2.962   -12.742     8.543    0.312E-06    0.420E-11
 39.550    14.376     2.957   -12.726     8.548    0.311E-06    0.417E-11
 39.600    14.386     2.952   -12.709     8.553    0.309E-06    0.413E-11
 39.650    14.395     2.947   -12.692     8.558    0.307E-06    0.410E-11
 39.700    14.405     2.942   -12.675     8.563    0.306E-06    0.407E-11
 39.750    14.415     2.936   -12.658     8.569    0.304E-06    0.404E-11
 39.800    14.424     2.931   -12.642     8.574    0.303E-06    0.401E-11
 39.850    14.434     2.926   -12.625     8.579    0.301E-06    0.398E-11
 39.900    14.443     2.921   -12.608     8.584    0.300E-06    0.395E-11
 39.950    14.453     2.916   -12.592     8.589    0.298E-06    0.391E-11
 40.000    14.463     2.911   -12.575     8.594    0.297E-06    0.388E-11
 40.050    14.472     2.906   -12.559     8.599    0.295E-06    0.385E-11
 40.100    14.482     2.901   -12.542     8.604    0.294E-06    0.382E-11
 40.150    14.491     2.896   -12.526     8.609    0.292E-06    0.380E-11
 40.200    14.500     2.891   -12.509     8.615    0.291E-06    0.377E-11
 40.250    14.510     2.886   -12.493     8.620    0.289E-06    0.374E-11
 40.300    14.519     2.881   -12.477     8.625    0.288E-06    0.371E-11
 40.350    14.529     2.876   -12.460     8.630    0.286E-06    0.368E-11
 40.400    14.538     2.871   -12.444     8.635    0.285E-06    0.365E-11
 40.450    14.547     2.866   -12.428     8.640    0.283E-06    0.363E-11
 40.500    14.556     2.861   -12.412     8.645    0.282E-06    0.360E-11
 40.550    14.566     2.856   -12.396     8.650    0.280E-06    0.357E-11
 40.600    14.575     2.851   -12.380     8.654    0.279E-06    0.354E-11
 40.650    14.584     2.846   -12.363     8.659    0.278E-06    0.352E-11
 40.700    14.593     2.841   -12.347     8.664    0.276E-06    0.349E-11
 40.750    14.603     2.836   -12.331     8.669    0.275E-06    0.347E-11
 40.800    14.612     2.831   -12.315     8.674    0.273E-06    0.344E-11
 40.850    14.621     2.827   -12.300     8.679    0.272E-06    0.341E-11
 40.900    14.630     2.822   -12.284     8.684    0.271E-06    0.339E-11
 40.950    14.639     2.817   -12.268     8.689    0.269E-06    0.336E-11
 41.000    14.648     2.812   -12.252     8.694    0.268E-06    0.334E-11
 41.050    14.657     2.807   -12.236     8.699    0.267E-06    0.331E-11
 41.100    14.666     2.802   -12.220     8.703    0.265E-06    0.329E-11
 41.150    14.675     2.798   -12.205     8.708    0.264E-06    0.327E-11
 41.200    14.684     2.793   -12.189     8.713    0.263E-06    0.324E-11
 41.250    14.693     2.788   -12.173     8.718    0.261E-06    0.322E-11
 41.300    14.702     2.783   -12.158     8.723    0.260E-06    0.319E-11
 41.350    14.711     2.779   -12.142     8.727    0.259E-06    0.317E-11
 41.400    14.720     2.774   -12.127     8.732    0.258E-06    0.315E-11
 41.450    14.729     2.769   -12.111     8.737    0.256E-06    0.312E-11
 41.500    14.738     2.764   -12.096     8.742    0.255E-06    0.310E-11
 41.550    14.746     2.760   -12.080     8.746    0.254E-06    0.308E-11
 41.600    14.755     2.755   -12.065     8.751    0.253E-06    0.306E-11
 41.650    14.764     2.750   -12.049     8.756    0.251E-06    0.304E-11
 41.700    14.773     2.746   -12.034     8.760    0.250E-06    0.301E-11
 41.750    14.782     2.741   -12.019     8.765    0.249E-06    0.299E-11
 41.800    14.790     2.736   -12.003     8.770    0.248E-06    0.297E-11
 41.850    14.799     2.732   -11.988     8.775    0.246E-06    0.295E-11
 41.900    14.808     2.727   -11.973     8.779    0.245E-06    0.293E-11
 41.950    14.816     2.722   -11.958     8.784    0.244E-06    0.291E-11
 42.000    14.825     2.718   -11.943     8.788    0.243E-06    0.289E-11
 42.050    14.834     2.713   -11.928     8.793    0.242E-06    0.287E-11
 42.100    14.842     2.709   -11.913     8.798    0.241E-06    0.285E-11
 42.150    14.851     2.704   -11.897     8.802    0.239E-06    0.283E-11
 42.200    14.859     2.700   -11.882     8.807    0.238E-06    0.281E-11
 42.250    14.868     2.695   -11.867     8.811    0.237E-06    0.279E-11
 42.300    14.876     2.691   -11.853     8.816    0.236E-06    0.277E-11
 42.350    14.885     2.686   -11.838     8.821    0.235E-06    0.275E-11
 42.400    14.893     2.681   -11.823     8.825    0.234E-06    0.273E-11
 42.450    14.902     2.677   -11.808     8.830    0.232E-06    0.271E-11
 42.500    14.910     2.672   -11.793     8.834    0.231E-06    0.269E-11
 42.550    14.919     2.668   -11.778     8.839    0.230E-06    0.267E-11
 42.600    14.927     2.664   -11.763     8.843    0.229E-06    0.265E-11
 42.650    14.935     2.659   -11.749     8.848    0.228E-06    0.263E-11
 42.700    14.944     2.655   -11.734     8.852    0.227E-06    0.262E-11
 42.750    14.952     2.650   -11.719     8.857    0.226E-06    0.260E-11
 42.800    14.960     2.646   -11.705     8.861    0.225E-06    0.258E-11
 42.850    14.969     2.641   -11.690     8.865    0.224E-06    0.256E-11
 42.900    14.977     2.637   -11.676     8.870    0.223E-06    0.254E-11
 42.950    14.985     2.633   -11.661     8.874    0.222E-06    0.253E-11
 43.000    14.993     2.628   -11.647     8.879    0.221E-06    0.251E-11
 43.050    15.002     2.624   -11.632     8.883    0.219E-06    0.249E-11
 43.100    15.010     2.619   -11.618     8.887    0.218E-06    0.247E-11
 43.150    15.018     2.615   -11.603     8.892    0.217E-06    0.246E-11
 43.200    15.026     2.611   -11.589     8.896    0.216E-06    0.244E-11
 43.250    15.034     2.606   -11.574     8.901    0.215E-06    0.242E-11
 43.300    15.042     2.602   -11.560     8.905    0.214E-06    0.241E-11
 43.350    15.050     2.598   -11.546     8.909    0.213E-06    0.239E-11
 43.400    15.058     2.593   -11.532     8.914    0.212E-06    0.238E-11
 43.450    15.067     2.589   -11.517     8.918    0.211E-06    0.236E-11
 43.500    15.075     2.585   -11.503     8.922    0.210E-06    0.234E-11
 43.550    15.083     2.581   -11.489     8.927    0.209E-06    0.233E-11
 43.600    15.091     2.576   -11.475     8.931    0.208E-06    0.231E-11
 43.650    15.099     2.572   -11.461     8.935    0.207E-06    0.230E-11
 43.700    15.107     2.568   -11.447     8.939    0.206E-06    0.228E-11
 43.750    15.114     2.564   -11.432     8.944    0.205E-06    0.227E-11
 43.800    15.122     2.559   -11.418     8.948    0.204E-06    0.225E-11
 43.850    15.130     2.555   -11.404     8.952    0.203E-06    0.224E-11
 43.900    15.138     2.551   -11.390     8.956    0.203E-06    0.222E-11
 43.950    15.146     2.547   -11.377     8.961    0.202E-06    0.221E-11
 44.000    15.154     2.543   -11.363     8.965    0.201E-06    0.219E-11
 44.050    15.162     2.538   -11.349     8.969    0.200E-06    0.218E-11
 44.100    15.170     2.534   -11.335     8.973    0.199E-06    0.216E-11
 44.150    15.177     2.530   -11.321     8.977    0.198E-06    0.215E-11
 44.200    15.185     2.526   -11.307     8.981    0.197E-06    0.214E-11
 44.250    15.193     2.522   -11.293     8.986    0.196E-06    0.212E-11
 44.300    15.201     2.518   -11.280     8.990    0.195E-06    0.211E-11
 44.350    15.208     2.514   -11.266     8.994    0.194E-06    0.209E-11
 44.400    15.216     2.509   -11.252     8.998    0.193E-06    0.208E-11
 44.450    15.224     2.505   -11.239     9.002    0.192E-06    0.207E-11
 44.500    15.231     2.501   -11.225     9.006    0.192E-06    0.205E-11
 44.550    15.239     2.497   -11.211     9.010    0.191E-06    0.204E-11
 44.600    15.247     2.493   -11.198     9.014    0.190E-06    0.203E-11
 44.650    15.254     2.489   -11.184     9.018    0.189E-06    0.201E-11
 44.700    15.262     2.485   -11.171     9.023    0.188E-06    0.200E-11
 44.750    15.269     2.481   -11.157     9.027    0.187E-06    0.199E-11
 44.800    15.277     2.477   -11.144     9.031    0.186E-06    0.198E-11
 44.850    15.284     2.473   -11.130     9.035    0.185E-06    0.196E-11
 44.900    15.292     2.469   -11.117     9.039    0.185E-06    0.195E-11
 44.950    15.300     2.465   -11.104     9.043    0.184E-06    0.194E-11
 45.000    15.307     2.461   -11.090     9.047    0.183E-06    0.193E-11
 45.050    15.314     2.457   -11.077     9.051    0.182E-06    0.191E-11
 45.100    15.322     2.453   -11.064     9.055    0.181E-06    0.190E-11
 45.150    15.329     2.449   -11.050     9.059    0.180E-06    0.189E-11
 45.200    15.337     2.445   -11.037     9.063    0.180E-06    0.188E-11
 45.250    15.344     2.441   -11.024     9.067    0.179E-06    0.187E-11
 45.300    15.352     2.437   -11.011     9.071    0.178E-06    0.185E-11
 45.350    15.359     2.433   -10.997     9.075    0.177E-06    0.184E-11
 45.400    15.366     2.429   -10.984     9.078    0.176E-06    0.183E-11
 45.450    15.374     2.426   -10.971     9.082    0.176E-06    0.182E-11
 45.500    15.381     2.422   -10.958     9.086    0.175E-06    0.181E-11
 45.550    15.388     2.418   -10.945     9.090    0.174E-06    0.180E-11
 45.600    15.395     2.414   -10.932     9.094    0.173E-06    0.178E-11
 45.650    15.403     2.410   -10.919     9.098    0.172E-06    0.177E-11
 45.700    15.410     2.406   -10.906     9.102    0.172E-06    0.176E-11
 45.750    15.417     2.402   -10.893     9.106    0.171E-06    0.175E-11
 45.800    15.424     2.398   -10.880     9.110    0.170E-06    0.174E-11
 45.850    15.432     2.395   -10.867     9.113    0.169E-06    0.173E-11
 45.900    15.439     2.391   -10.854     9.117    0.169E-06    0.172E-11
 45.950    15.446     2.387   -10.841     9.121    0.168E-06    0.171E-11
 46.000    15.453     2.383   -10.828     9.125    0.167E-06    0.170E-11
 46.050    15.460     2.379   -10.816     9.129    0.166E-06    0.169E-11
 46.100    15.467     2.376   -10.803     9.133    0.166E-06    0.168E-11
 46.150    15.474     2.372   -10.790     9.136    0.165E-06    0.167E-11
 46.200    15.481     2.368   -10.777     9.140    0.164E-06    0.166E-11
 46.250    15.488     2.364   -10.765     9.144    0.163E-06    0.165E-11
 46.300    15.496     2.361   -10.752     9.148    0.163E-06    0.164E-11
 46.350    15.503     2.357   -10.739     9.152    0.162E-06    0.163E-11
 46.400    15.510     2.353   -10.727     9.155    0.161E-06    0.162E-11
 46.450    15.517     2.349   -10.714     9.159    0.160E-06    0.161E-11
 46.500    15.523     2.346   -10.701     9.163    0.160E-06    0.160E-11
 46.550    15.530     2.342   -10.689     9.166    0.159E-06    0.159E-11
 46.600    15.537     2.338   -10.676     9.170    0.158E-06    0.158E-11
 46.650    15.544     2.335   -10.664     9.174    0.158E-06    0.157E-11
 46.700    15.551     2.331   -10.651     9.178    0.157E-06    0.156E-11
 46.750    15.558     2.327   -10.639     9.181    0.156E-06    0.155E-11
 46.800    15.565     2.323   -10.626     9.185    0.156E-06    0.154E-11
 46.850    15.572     2.320   -10.614     9.189    0.155E-06    0.153E-11
 46.900    15.579     2.316   -10.602     9.192    0.154E-06    0.152E-11
 46.950    15.586     2.313   -10.589     9.196    0.154E-06    0.151E-11
 47.000    15.592     2.309   -10.577     9.200    0.153E-06    0.150E-11
 47.050    15.599     2.305   -10.565     9.203    0.152E-06    0.150E-11
 47.100    15.606     2.302   -10.552     9.207    0.152E-06    0.149E-11
 47.150    15.613     2.298   -10.540     9.211    0.151E-06    0.148E-11
 47.200    15.619     2.294   -10.528     9.214    0.150E-06    0.147E-11
 47.250    15.626     2.291   -10.516     9.218    0.150E-06    0.146E-11
 47.300    15.633     2.287   -10.503     9.221    0.149E-06    0.145E-11
 47.350    15.640     2.284   -10.491     9.225    0.148E-06    0.144E-11
 47.400    15.646     2.280   -10.479     9.229    0.148E-06    0.144E-11
 47.450    15.653     2.277   -10.467     9.232    0.147E-06    0.143E-11
 47.500    15.660     2.273   -10.455     9.236    0.146E-06    0.142E-11
 47.550    15.666     2.270   -10.443     9.239    0.146E-06    0.141E-11
 47.600    15.673     2.266   -10.431     9.243    0.145E-06    0.140E-11
 47.650    15.679     2.262   -10.419     9.246    0.144E-06    0.139E-11
 47.700    15.686     2.259   -10.407     9.250    0.144E-06    0.139E-11
 47.750    15.693     2.255   -10.395     9.253    0.143E-06    0.138E-11
 47.800    15.699     2.252   -10.383     9.257    0.143E-06    0.137E-11
 47.850    15.706     2.248   -10.371     9.260    0.142E-06    0.136E-11
 47.900    15.712     2.245   -10.359     9.264    0.141E-06    0.135E-11
 47.950    15.719     2.242   -10.347     9.267    0.141E-06    0.135E-11
 48.000    15.725     2.238   -10.335     9.271    0.140E-06    0.134E-11
 48.050    15.732     2.235   -10.323     9.274    0.140E-06    0.133E-11
 48.100    15.738     2.231   -10.311     9.278    0.139E-06    0.132E-11
 48.150    15.745     2.228   -10.299     9.281    0.138E-06    0.132E-11
 48.200    15.751     2.224   -10.288     9.285    0.138E-06    0.131E-11
 48.250    15.758     2.221   -10.276     9.288    0.137E-06    0.130E-11
 48.300    15.764     2.217   -10.264     9.292    0.137E-06    0.129E-11
 48.350    15.770     2.214   -10.252     9.295    0.136E-06    0.129E-11
 48.400    15.777     2.211   -10.241     9.298    0.135E-06    0.128E-11
 48.450    15.783     2.207   -10.229     9.302    0.135E-06    0.127E-11
 48.500    15.790     2.204   -10.217     9.305    0.134E-06    0.126E-11
 48.550    15.796     2.200   -10.206     9.309    0.134E-06    0.126E-11
 48.600    15.802     2.197   -10.194     9.312    0.133E-06    0.125E-11
 48.650    15.809     2.194   -10.182     9.315    0.133E-06    0.124E-11
 48.700    15.815     2.190   -10.171     9.319    0.132E-06    0.124E-11
 48.750    15.821     2.187   -10.159     9.322    0.131E-06    0.123E-11
 48.800    15.827     2.184   -10.148     9.326    0.131E-06    0.122E-11
 48.850    15.834     2.180   -10.136     9.329    0.130E-06    0.122E-11
 48.900    15.840     2.177   -10.125     9.332    0.130E-06    0.121E-11
 48.950    15.846     2.174   -10.113     9.336    0.129E-06    0.120E-11
 49.000    15.852     2.170   -10.102     9.339    0.129E-06    0.120E-11
 49.050    15.859     2.167   -10.090     9.342    0.128E-06    0.119E-11
 49.100    15.865     2.164   -10.079     9.346    0.128E-06    0.118E-11
 49.150    15.871     2.160   -10.068     9.349    0.127E-06    0.118E-11
 49.200    15.877     2.157   -10.056     9.352    0.127E-06    0.117E-11
 49.250    15.883     2.154   -10.045     9.355    0.126E-06    0.116E-11
 49.300    15.889     2.151   -10.034     9.359    0.125E-06    0.116E-11
 49.350    15.895     2.147   -10.022     9.362    0.125E-06    0.115E-11
 49.400    15.902     2.144   -10.011     9.365    0.124E-06    0.114E-11
 49.450    15.908     2.141   -10.000     9.368    0.124E-06    0.114E-11
 49.500    15.914     2.138    -9.988     9.372    0.123E-06    0.113E-11
 49.550    15.920     2.134    -9.977     9.375    0.123E-06    0.112E-11
 49.600    15.926     2.131    -9.966     9.378    0.122E-06    0.112E-11
 49.650    15.932     2.128    -9.955     9.381    0.122E-06    0.111E-11
 49.700    15.938     2.125    -9.944     9.385    0.121E-06    0.111E-11
 49.750    15.944     2.122    -9.933     9.388    0.121E-06    0.110E-11
 49.800    15.950     2.118    -9.921     9.391    0.120E-06    0.109E-11
 49.850    15.956     2.115    -9.910     9.394    0.120E-06    0.109E-11
 49.900    15.962     2.112    -9.899     9.397    0.119E-06    0.108E-11
 49.950    15.968     2.109    -9.888     9.401    0.119E-06    0.108E-11
 50.000    15.974     2.106    -9.877     9.404    0.118E-06    0.107E-11
 50.050    15.980     2.103    -9.866     9.407    0.118E-06    0.107E-11
 50.100    15.985     2.099    -9.855     9.410    0.117E-06    0.106E-11
 50.150    15.991     2.096    -9.844     9.413    0.117E-06    0.105E-11
 50.200    15.997     2.093    -9.833     9.416    0.116E-06    0.105E-11
 50.250    16.003     2.090    -9.822     9.420    0.116E-06    0.104E-11
 50.300    16.009     2.087    -9.811     9.423    0.115E-06    0.104E-11
 50.350    16.015     2.084    -9.800     9.426    0.115E-06    0.103E-11
 50.400    16.021     2.081    -9.789     9.429    0.114E-06    0.103E-11
 50.450    16.026     2.078    -9.779     9.432    0.114E-06    0.102E-11
 50.500    16.032     2.075    -9.768     9.435    0.114E-06    0.102E-11
 50.550    16.038     2.071    -9.757     9.438    0.113E-06    0.101E-11
 50.600    16.044     2.068    -9.746     9.441    0.113E-06    0.100E-11
 50.650    16.050     2.065    -9.735     9.445    0.112E-06    0.999E-12
 50.700    16.055     2.062    -9.725     9.448    0.112E-06    0.994E-12
 50.750    16.061     2.059    -9.714     9.451    0.111E-06    0.989E-12
 50.800    16.067     2.056    -9.703     9.454    0.111E-06    0.984E-12
 50.850    16.072     2.053    -9.692     9.457    0.110E-06    0.979E-12
 50.900    16.078     2.050    -9.682     9.460    0.110E-06    0.974E-12
 50.950    16.084     2.047    -9.671     9.463    0.109E-06    0.968E-12
 51.000    16.090     2.044    -9.660     9.466    0.109E-06    0.963E-12
 51.050    16.095     2.041    -9.650     9.469    0.109E-06    0.958E-12
 51.100    16.101     2.038    -9.639     9.472    0.108E-06    0.953E-12
 51.150    16.106     2.035    -9.629     9.475    0.108E-06    0.949E-12
 51.200    16.112     2.032    -9.618     9.478    0.107E-06    0.944E-12
 51.250    16.118     2.029    -9.607     9.481    0.107E-06    0.939E-12
 51.300    16.123     2.026    -9.597     9.484    0.106E-06    0.934E-12
 51.350    16.129     2.023    -9.586     9.487    0.106E-06    0.929E-12
 51.400    16.134     2.020    -9.576     9.490    0.106E-06    0.924E-12
 51.450    16.140     2.017    -9.565     9.493    0.105E-06    0.920E-12
 51.500    16.146     2.014    -9.555     9.496    0.105E-06    0.915E-12
 51.550    16.151     2.011    -9.544     9.499    0.104E-06    0.910E-12
 51.600    16.157     2.008    -9.534     9.502    0.104E-06    0.905E-12
 51.650    16.162     2.005    -9.524     9.505    0.103E-06    0.901E-12
 51.700    16.168     2.002    -9.513     9.508    0.103E-06    0.896E-12
 51.750    16.173     1.999    -9.503     9.511    0.103E-06    0.892E-12
 51.800    16.179     1.997    -9.492     9.514    0.102E-06    0.887E-12
 51.850    16.184     1.994    -9.482     9.517    0.102E-06    0.883E-12
 51.900    16.190     1.991    -9.472     9.519    0.101E-06    0.878E-12
 51.950    16.195     1.988    -9.462     9.522    0.101E-06    0.874E-12
 52.000    16.200     1.985    -9.451     9.525    0.101E-06    0.869E-12
 52.050    16.206     1.982    -9.441     9.528    0.100E-06    0.865E-12
 52.100    16.211     1.979    -9.431     9.531    0.997E-07    0.861E-12
 52.150    16.217     1.976    -9.420     9.534    0.993E-07    0.856E-12
 52.200    16.222     1.973    -9.410     9.537    0.989E-07    0.852E-12
 52.250    16.227     1.971    -9.400     9.540    0.985E-07    0.848E-12
 52.300    16.233     1.968    -9.390     9.543    0.982E-07    0.844E-12
 52.350    16.238     1.965    -9.380     9.545    0.978E-07    0.839E-12
 52.400    16.243     1.962    -9.370     9.548    0.974E-07    0.835E-12
 52.450    16.249     1.959    -9.359     9.551    0.970E-07    0.831E-12
 52.500    16.254     1.956    -9.349     9.554    0.966E-07    0.827E-12
 52.550    16.259     1.954    -9.339     9.557    0.962E-07    0.823E-12
 52.600    16.265     1.951    -9.329     9.560    0.958E-07    0.819E-12
 52.650    16.270     1.948    -9.319     9.562    0.955E-07    0.815E-12
 52.700    16.275     1.945    -9.309     9.565    0.951E-07    0.811E-12
 52.750    16.280     1.942    -9.299     9.568    0.947E-07    0.807E-12
 52.800    16.286     1.940    -9.289     9.571    0.943E-07    0.803E-12
 52.850    16.291     1.937    -9.279     9.574    0.940E-07    0.799E-12
 52.900    16.296     1.934    -9.269     9.576    0.936E-07    0.795E-12
 52.950    16.301     1.931    -9.259     9.579    0.932E-07    0.791E-12
 53.000    16.306     1.928    -9.249     9.582    0.929E-07    0.787E-12
 53.050    16.312     1.926    -9.239     9.585    0.925E-07    0.783E-12
 53.100    16.317     1.923    -9.229     9.588    0.921E-07    0.779E-12
 53.150    16.322     1.920    -9.219     9.590    0.918E-07    0.775E-12
 53.200    16.327     1.917    -9.210     9.593    0.914E-07    0.772E-12
 53.250    16.332     1.915    -9.200     9.596    0.911E-07    0.768E-12
 53.300    16.337     1.912    -9.190     9.599    0.907E-07    0.764E-12
 53.350    16.342     1.909    -9.180     9.601    0.903E-07    0.761E-12
 53.400    16.347     1.907    -9.170     9.604    0.900E-07    0.757E-12
 53.450    16.353     1.904    -9.160     9.607    0.896E-07    0.753E-12
 53.500    16.358     1.901    -9.151     9.609    0.893E-07    0.750E-12
 53.550    16.363     1.898    -9.141     9.612    0.889E-07    0.746E-12
 53.600    16.368     1.896    -9.131     9.615    0.886E-07    0.742E-12
 53.650    16.373     1.893    -9.121     9.618    0.883E-07    0.739E-12
 53.700    16.378     1.890    -9.112     9.620    0.879E-07    0.735E-12
 53.750    16.383     1.888    -9.102     9.623    0.876E-07    0.732E-12
 53.800    16.388     1.885    -9.092     9.626    0.872E-07    0.728E-12
 53.850    16.393     1.882    -9.083     9.628    0.869E-07    0.725E-12
 53.900    16.398     1.880    -9.073     9.631    0.866E-07    0.721E-12
 53.950    16.403     1.877    -9.063     9.634    0.862E-07    0.718E-12
 54.000    16.408     1.874    -9.054     9.636    0.859E-07    0.714E-12
 54.050    16.413     1.872    -9.044     9.639    0.856E-07    0.711E-12
 54.100    16.418     1.869    -9.035     9.642    0.852E-07    0.708E-12
 54.150    16.423     1.866    -9.025     9.644    0.849E-07    0.704E-12
 54.200    16.428     1.864    -9.016     9.647    0.846E-07    0.701E-12
 54.250    16.432     1.861    -9.006     9.650    0.842E-07    0.698E-12
 54.300    16.437     1.859    -8.996     9.652    0.839E-07    0.694E-12
 54.350    16.442     1.856    -8.987     9.655    0.836E-07    0.691E-12
 54.400    16.447     1.853    -8.978     9.657    0.833E-07    0.688E-12
 54.450    16.452     1.851    -8.968     9.660    0.830E-07    0.685E-12
 54.500    16.457     1.848    -8.959     9.663    0.826E-07    0.681E-12
 54.550    16.462     1.846    -8.949     9.665    0.823E-07    0.678E-12
 54.600    16.467     1.843    -8.940     9.668    0.820E-07    0.675E-12
 54.650    16.471     1.840    -8.930     9.670    0.817E-07    0.672E-12
 54.700    16.476     1.838    -8.921     9.673    0.814E-07    0.669E-12
 54.750    16.481     1.835    -8.912     9.676    0.811E-07    0.666E-12
 54.800    16.486     1.833    -8.902     9.678    0.808E-07    0.663E-12
 54.850    16.491     1.830    -8.893     9.681    0.805E-07    0.660E-12
 54.900    16.495     1.828    -8.883     9.683    0.802E-07    0.657E-12
 54.950    16.500     1.825    -8.874     9.686    0.798E-07    0.653E-12
 55.000    16.505     1.823    -8.865     9.688    0.795E-07    0.650E-12
 55.050    16.510     1.820    -8.856     9.691    0.792E-07    0.647E-12
 55.100    16.514     1.818    -8.846     9.693    0.789E-07    0.644E-12
 55.150    16.519     1.815    -8.837     9.696    0.786E-07    0.642E-12
 55.200    16.524     1.813    -8.828     9.698    0.783E-07    0.639E-12
 55.250    16.529     1.810    -8.819     9.701    0.780E-07    0.636E-12
 55.300    16.533     1.808    -8.809     9.703    0.778E-07    0.633E-12
 55.350    16.538     1.805    -8.800     9.706    0.775E-07    0.630E-12
 55.400    16.543     1.803    -8.791     9.708    0.772E-07    0.627E-12
 55.450    16.547     1.800    -8.782     9.711    0.769E-07    0.624E-12
 55.500    16.552     1.798    -8.773     9.713    0.766E-07    0.621E-12
 55.550    16.557     1.795    -8.764     9.716    0.763E-07    0.618E-12
 55.600    16.561     1.793    -8.754     9.718    0.760E-07    0.616E-12
 55.650    16.566     1.790    -8.745     9.721    0.757E-07    0.613E-12
 55.700    16.570     1.788    -8.736     9.723    0.754E-07    0.610E-12
 55.750    16.575     1.785    -8.727     9.726    0.752E-07    0.607E-12
 55.800    16.580     1.783    -8.718     9.728    0.749E-07    0.605E-12
 55.850    16.584     1.780    -8.709     9.731    0.746E-07    0.602E-12
 55.900    16.589     1.778    -8.700     9.733    0.743E-07    0.599E-12
 55.950    16.593     1.776    -8.691     9.736    0.740E-07    0.596E-12
 56.000    16.598     1.773    -8.682     9.738    0.738E-07    0.594E-12
 56.050    16.602     1.771    -8.673     9.741    0.735E-07    0.591E-12
 56.100    16.607     1.768    -8.664     9.743    0.732E-07    0.589E-12
 56.150    16.611     1.766    -8.655     9.745    0.729E-07    0.586E-12
 56.200    16.616     1.763    -8.646     9.748    0.727E-07    0.583E-12
 56.250    16.620     1.761    -8.637     9.750    0.724E-07    0.581E-12
 56.300    16.625     1.759    -8.628     9.753    0.721E-07    0.578E-12
 56.350    16.629     1.756    -8.619     9.755    0.719E-07    0.576E-12
 56.400    16.634     1.754    -8.610     9.757    0.716E-07    0.573E-12
 56.450    16.638     1.751    -8.602     9.760    0.713E-07    0.570E-12
 56.500    16.643     1.749    -8.593     9.762    0.711E-07    0.568E-12
 56.550    16.647     1.747    -8.584     9.765    0.708E-07    0.565E-12
 56.600    16.652     1.744    -8.575     9.767    0.705E-07    0.563E-12
 56.650    16.656     1.742    -8.566     9.769    0.703E-07    0.560E-12
 56.700    16.661     1.740    -8.557     9.772    0.700E-07    0.558E-12
 56.750    16.665     1.737    -8.549     9.774    0.697E-07    0.556E-12
 56.800    16.669     1.735    -8.540     9.776    0.695E-07    0.553E-12
 56.850    16.674     1.733    -8.531     9.779    0.692E-07    0.551E-12
 56.900    16.678     1.730    -8.522     9.781    0.690E-07    0.548E-12
 56.950    16.683     1.728    -8.514     9.783    0.687E-07    0.546E-12
 57.000    16.687     1.726    -8.505     9.786    0.685E-07    0.543E-12
