    Rates will be for HMS 
      E          E'     theta     I      q2    w2   epsilon  sig_el   el_rate   sig_inel  inel_rate tot_rate
    (GeV)      (GeV)    (deg)    (uA)                        (nb/sr)   (kHz)   (nb/sr/GeV)  (kHz)    (kHz)
   10.6180    5.3300   25.6741   70.0  9.906  0.897  0.763 0.165E-02 0.326E-02 0.000E+00 0.235E-01 0.268E-01
   10.6180    5.3300   24.1241   70.0  8.692  2.112  0.771 0.290E-02 0.574E-02 0.852E-02 0.142E+00 0.148E+00
   10.6180    6.6200   20.3241   70.0  7.500  0.883  0.871 0.153E-01 0.303E-01 0.000E+00 0.203E+00 0.233E+00
   10.6180    6.6200   18.7241   70.0  6.287  2.096  0.879 0.353E-01 0.698E-01 0.855E-01 0.134E+01 0.141E+01
   10.6180    6.6200   21.2741   70.0  8.270  0.113  0.866 0.970E-02 0.192E-01 0.000E+00 0.429E-01 0.621E-01
    4.9200    4.3570   14.2941   35.0  1.060  0.876  0.968 0.105E+03 0.104E+03 0.000E+00 0.463E+02 0.150E+03
    4.9200    4.2470   15.5241   35.0  1.241  0.902  0.962 0.515E+02 0.509E+02 0.000E+00 0.255E+02 0.765E+02
    4.9200    4.0890   17.5241   35.0  1.559  0.881  0.949 0.178E+02 0.176E+02 0.000E+00 0.882E+01 0.264E+02
    4.9200    2.5830   35.6741   70.0  4.383  0.883  0.718 0.373E-01 0.738E-01 0.000E+00 0.420E-01 0.116E+00
    3.8240    2.9910   22.8141   70.0  1.561  0.882  0.911 0.850E+01 0.168E+02 0.000E+00 0.401E+01 0.208E+02
    3.8240    2.8280   25.5241   70.0  1.870  0.880  0.885 0.332E+01 0.656E+01 0.000E+00 0.160E+01 0.816E+01
    3.8240    2.6690   28.1741   70.0  2.169  0.879  0.855 0.145E+01 0.287E+01 0.000E+00 0.714E+00 0.359E+01
    3.8240    2.5830   29.5241   70.0  2.312  0.897  0.837 0.984E+00 0.195E+01 0.000E+00 0.537E+00 0.248E+01
    3.8240    2.4730   31.5241   70.0  2.534  0.882  0.812 0.574E+00 0.114E+01 0.000E+00 0.288E+00 0.142E+01
    9.4040    5.8610   21.5241   70.0  6.648  0.881  0.865 0.234E-01 0.463E-01 0.000E+00 0.207E+00 0.253E+00
    9.4040    5.4360   23.5241   70.0  7.445  0.882  0.828 0.995E-02 0.197E-01 0.000E+00 0.911E-01 0.111E+00
    9.4040    5.0380   25.5241   70.0  8.192  0.881  0.789 0.466E-02 0.921E-02 0.000E+00 0.432E-01 0.524E-01
    8.5180    5.8980   19.5241   70.0  4.918  0.879  0.905 0.134E+00 0.265E+00 0.000E+00 0.769E+00 0.103E+01
    8.5180    5.5040   21.5241   70.0  5.655  0.881  0.876 0.515E-01 0.102E+00 0.000E+00 0.318E+00 0.419E+00
    8.5180    5.1280   23.5241   70.0  6.361  0.881  0.842 0.220E-01 0.435E-01 0.000E+00 0.142E+00 0.185E+00
    8.5180    4.7720   25.5241   70.0  7.028  0.882  0.806 0.103E-01 0.204E-01 0.000E+00 0.680E-01 0.885E-01
    8.5180    4.4390   27.5241   70.0  7.653  0.881  0.767 0.524E-02 0.104E-01 0.000E+00 0.347E-01 0.451E-01
    6.4180    4.0330   25.5241   70.0  4.476  0.880  0.844 0.914E-01 0.181E+00 0.000E+00 0.224E+00 0.405E+00
    6.4180    3.7930   27.5241   70.0  4.927  0.879  0.812 0.467E-01 0.924E-01 0.000E+00 0.117E+00 0.210E+00
    6.4180    3.5640   29.5241   70.0  5.355  0.881  0.779 0.254E-01 0.503E-01 0.000E+00 0.652E-01 0.116E+00
    6.4180    3.3490   31.5241   70.0  5.759  0.880  0.744 0.146E-01 0.289E-01 0.000E+00 0.377E-01 0.666E-01
