~~~~~~~~~~~~~~~~~~~~~~~~~~~~~~~~~~~~~~~~~~~~~~~~~~~~~~~~~~~~~~~~~~~~~~~~~~~~~~~~~~~~~~~~~~~~~~~~~~~~~~~~~~~~~
~~~~~~~~~~~~~~~~~~~~~~~~~~~~~~~~~~~~~~~~~~~~~~~~~~~~~~~~~~~~~~~~~~~~~~~~~~~~~~~~~~~~~~~~~~~~~~~~~~~~~~~~~~~~~
Errors...
 
Error in <THaFormula::Compile>:  Bad numerical expression : ":SHMSaerogelgainfatorsfromLH2production4965"
Error in <THaFormula::Compile>:  Bad numerical expression : ":SHMSaerogelgainfatorsfromLH2production4965"
cat: /usr/local/etc/motd: No such file or directory
stty: standard input: Inappropriate ioctl for device
=>> PBS: job killed: vmem 2625331200 exceeded limit 2621440000
~~~~~~~~~~~~~~~~~~~~~~~~~~~~~~~~~~~~~~~~~~~~~~~~~~~~~~~~~~~~~~~~~~~~~~~~~~~~~~~~~~~~~~~~~~~~~~~~~~~~~~~~~~~~~
Job info...
 

Auger JobId: 59888020 [PBS JobId: 45685016]

11/12/2018 00:47:01  A     Name=elastics_4787;User=trottar;queue=prod64
11/12/2018 00:49:01  A     Stagin started
11/12/2018 00:49:01  A     Job started
11/12/2018 05:52:45  A     Job started
11/12/2018 05:52:45  A     Job completed

Job: 45685016.farmpbs14

11/12/2018 00:48:49  S    enqueuing into prod64, state 2 hop 1
11/12/2018 00:48:49  S    Holds u released at request of trottar@farmpbs14
11/12/2018 00:48:49  A    queue=prod64
11/12/2018 00:48:54  S    Job Run at request of root@farmpbs14
11/12/2018 00:48:54  A    user=trottar group=enp account=hallc jobname=elastics_4787 queue=prod64 ctime=1542001729 qtime=1542001729 etime=1542001729 start=1542001734 owner=trottar@farmpbs14 exec_host=farm180235/2+farm180235/3 Resource_List.arch=centos7 Resource_List.file=2929687kb Resource_List.mem=1250mb Resource_List.neednodes=1:ppn=2 Resource_List.nodect=1 Resource_List.nodes=1:ppn=2 Resource_List.vmem=2500mb Resource_List.walltime=24:00:00 
11/12/2018 05:52:45  S    Exit_status=-10 resources_used.cput=05:00:38 resources_used.mem=1612888kb resources_used.vmem=2563800kb resources_used.walltime=05:03:51
11/12/2018 05:52:45  S    on_job_exit valid pjob: 45685016.farmpbs14 (substate=50)
11/12/2018 05:52:45  S    dequeuing from prod64, state COMPLETE
11/12/2018 05:52:45  A    user=trottar group=enp account=hallc jobname=elastics_4787 queue=prod64 ctime=1542001729 qtime=1542001729 etime=1542001729 start=1542001734 owner=trottar@farmpbs14 exec_host=farm180235/2+farm180235/3 Resource_List.arch=centos7 Resource_List.file=2929687kb Resource_List.mem=1250mb Resource_List.neednodes=1:ppn=2 Resource_List.nodect=1 Resource_List.nodes=1:ppn=2 Resource_List.vmem=2500mb Resource_List.walltime=24:00:00 session=226560 end=1542019965 Exit_status=-10 resources_used.cput=05:00:38 resources_used.mem=1612888kb resources_used.vmem=2563800kb resources_used.walltime=05:03:51

~~~~~~~~~~~~~~~~~~~~~~~~~~~~~~~~~~~~~~~~~~~~~~~~~~~~~~~~~~~~~~~~~~~~~~~~~~~~~~~~~~~~~~~~~~~~~~~~~~~~~~~~~~~~~
~~~~~~~~~~~~~~~~~~~~~~~~~~~~~~~~~~~~~~~~~~~~~~~~~~~~~~~~~~~~~~~~~~~~~~~~~~~~~~~~~~~~~~~~~~~~~~~~~~~~~~~~~~~~~
