~~~~~~~~~~~~~~~~~~~~~~~~~~~~~~~~~~~~~~~~~~~~~~~~~~~~~~~~~~~~~~~~~~~~~~~~~~~~~~~~~~~~~~~~~~~~~~~~~~~~~~~~~~~~~
~~~~~~~~~~~~~~~~~~~~~~~~~~~~~~~~~~~~~~~~~~~~~~~~~~~~~~~~~~~~~~~~~~~~~~~~~~~~~~~~~~~~~~~~~~~~~~~~~~~~~~~~~~~~~
Errors...
 
Error in <THaFormula::Compile>:  Bad numerical expression : ":SHMSaerogelgainfatorsfromLH2production4965"
Error in <THaFormula::Compile>:  Bad numerical expression : ":SHMSaerogelgainfatorsfromLH2production4965"
~~~~~~~~~~~~~~~~~~~~~~~~~~~~~~~~~~~~~~~~~~~~~~~~~~~~~~~~~~~~~~~~~~~~~~~~~~~~~~~~~~~~~~~~~~~~~~~~~~~~~~~~~~~~~
Job info...
 

Auger JobId: 59888017 [PBS JobId: 45685013]

11/12/2018 00:46:32  A     Name=elastics_4798;User=trottar;queue=prod64
11/12/2018 00:46:57  A     Stagin started
11/12/2018 00:46:57  A     Job started
11/12/2018 10:20:17  A     Job started
11/12/2018 10:20:17  A     Job completed

Job: 45685013.farmpbs14

11/12/2018 00:46:48  S    enqueuing into prod64, state 2 hop 1
11/12/2018 00:46:48  S    Holds u released at request of trottar@farmpbs14
11/12/2018 00:46:48  A    queue=prod64
11/12/2018 00:46:54  S    Job Run at request of root@farmpbs14
11/12/2018 00:46:54  A    user=trottar group=enp account=hallc jobname=elastics_4798 queue=prod64 ctime=1542001608 qtime=1542001608 etime=1542001608 start=1542001614 owner=trottar@farmpbs14 exec_host=farm180247/8+farm180247/9 Resource_List.arch=centos7 Resource_List.file=2929687kb Resource_List.mem=1250mb Resource_List.neednodes=1:ppn=2 Resource_List.nodect=1 Resource_List.nodes=1:ppn=2 Resource_List.vmem=2500mb Resource_List.walltime=24:00:00 
11/12/2018 10:20:19  S    Exit_status=0 resources_used.cput=09:30:08 resources_used.mem=1371916kb resources_used.vmem=2147472kb resources_used.walltime=09:33:25
11/12/2018 10:20:19  S    on_job_exit valid pjob: 45685013.farmpbs14 (substate=50)
11/12/2018 10:20:19  S    dequeuing from prod64, state COMPLETE
11/12/2018 10:20:19  A    user=trottar group=enp account=hallc jobname=elastics_4798 queue=prod64 ctime=1542001608 qtime=1542001608 etime=1542001608 start=1542001614 owner=trottar@farmpbs14 exec_host=farm180247/8+farm180247/9 Resource_List.arch=centos7 Resource_List.file=2929687kb Resource_List.mem=1250mb Resource_List.neednodes=1:ppn=2 Resource_List.nodect=1 Resource_List.nodes=1:ppn=2 Resource_List.vmem=2500mb Resource_List.walltime=24:00:00 session=81634 end=1542036019 Exit_status=0 resources_used.cput=09:30:08 resources_used.mem=1371916kb resources_used.vmem=2147472kb resources_used.walltime=09:33:25

~~~~~~~~~~~~~~~~~~~~~~~~~~~~~~~~~~~~~~~~~~~~~~~~~~~~~~~~~~~~~~~~~~~~~~~~~~~~~~~~~~~~~~~~~~~~~~~~~~~~~~~~~~~~~
~~~~~~~~~~~~~~~~~~~~~~~~~~~~~~~~~~~~~~~~~~~~~~~~~~~~~~~~~~~~~~~~~~~~~~~~~~~~~~~~~~~~~~~~~~~~~~~~~~~~~~~~~~~~~
