~~~~~~~~~~~~~~~~~~~~~~~~~~~~~~~~~~~~~~~~~~~~~~~~~~~~~~~~~~~~~~~~~~~~~~~~~~~~~~~~~~~~~~~~~~~~~~~~~~~~~~~~~~~~~
~~~~~~~~~~~~~~~~~~~~~~~~~~~~~~~~~~~~~~~~~~~~~~~~~~~~~~~~~~~~~~~~~~~~~~~~~~~~~~~~~~~~~~~~~~~~~~~~~~~~~~~~~~~~~
Errors...
 
Error in <THaFormula::Compile>:  Bad numerical expression : ":SHMSaerogelgainfatorsfromLH2production4965"
Error in <THaFormula::Compile>:  Bad numerical expression : ":SHMSaerogelgainfatorsfromLH2production4965"
cat: /usr/local/etc/motd: No such file or directory
stty: standard input: Inappropriate ioctl for device
=>> PBS: job killed: vmem 2623967232 exceeded limit 2621440000
~~~~~~~~~~~~~~~~~~~~~~~~~~~~~~~~~~~~~~~~~~~~~~~~~~~~~~~~~~~~~~~~~~~~~~~~~~~~~~~~~~~~~~~~~~~~~~~~~~~~~~~~~~~~~
Job info...
 

Auger JobId: 59888015 [PBS JobId: 45685011]

11/12/2018 00:46:10  A     Name=elastics_4796;User=trottar;queue=prod64
11/12/2018 00:46:53  A     Stagin started
11/12/2018 00:46:54  A     Job started
11/12/2018 11:40:04  A     Job started
11/12/2018 11:40:04  A     Job completed

Job: 45685011.farmpbs14

11/12/2018 00:46:48  S    enqueuing into prod64, state 2 hop 1
11/12/2018 00:46:48  S    Holds u released at request of trottar@farmpbs14
11/12/2018 00:46:48  A    queue=prod64
11/12/2018 00:46:51  S    Job Run at request of root@farmpbs14
11/12/2018 00:46:51  A    user=trottar group=enp account=hallc jobname=elastics_4796 queue=prod64 ctime=1542001608 qtime=1542001608 etime=1542001608 start=1542001611 owner=trottar@farmpbs14 exec_host=farm180301/8+farm180301/9 Resource_List.arch=centos7 Resource_List.file=2929687kb Resource_List.mem=1250mb Resource_List.neednodes=1:ppn=2 Resource_List.nodect=1 Resource_List.nodes=1:ppn=2 Resource_List.vmem=2500mb Resource_List.walltime=24:00:00 
11/12/2018 11:40:04  S    Exit_status=-10 resources_used.cput=09:18:12 resources_used.mem=1597496kb resources_used.vmem=2562468kb resources_used.walltime=10:53:13
11/12/2018 11:40:04  S    on_job_exit valid pjob: 45685011.farmpbs14 (substate=50)
11/12/2018 11:40:04  S    dequeuing from prod64, state COMPLETE
11/12/2018 11:40:04  A    user=trottar group=enp account=hallc jobname=elastics_4796 queue=prod64 ctime=1542001608 qtime=1542001608 etime=1542001608 start=1542001611 owner=trottar@farmpbs14 exec_host=farm180301/8+farm180301/9 Resource_List.arch=centos7 Resource_List.file=2929687kb Resource_List.mem=1250mb Resource_List.neednodes=1:ppn=2 Resource_List.nodect=1 Resource_List.nodes=1:ppn=2 Resource_List.vmem=2500mb Resource_List.walltime=24:00:00 session=14764 end=1542040804 Exit_status=-10 resources_used.cput=09:18:12 resources_used.mem=1597496kb resources_used.vmem=2562468kb resources_used.walltime=10:53:13

~~~~~~~~~~~~~~~~~~~~~~~~~~~~~~~~~~~~~~~~~~~~~~~~~~~~~~~~~~~~~~~~~~~~~~~~~~~~~~~~~~~~~~~~~~~~~~~~~~~~~~~~~~~~~
~~~~~~~~~~~~~~~~~~~~~~~~~~~~~~~~~~~~~~~~~~~~~~~~~~~~~~~~~~~~~~~~~~~~~~~~~~~~~~~~~~~~~~~~~~~~~~~~~~~~~~~~~~~~~
