~~~~~~~~~~~~~~~~~~~~~~~~~~~~~~~~~~~~~~~~~~~~~~~~~~~~~~~~~~~~~~~~~~~~~~~~~~~~~~~~~~~~~~~~~~~~~~~~~~~~~~~~~~~~~
~~~~~~~~~~~~~~~~~~~~~~~~~~~~~~~~~~~~~~~~~~~~~~~~~~~~~~~~~~~~~~~~~~~~~~~~~~~~~~~~~~~~~~~~~~~~~~~~~~~~~~~~~~~~~
Errors...
 
Error in <THaFormula::Compile>:  Bad numerical expression : ":SHMSaerogelgainfatorsfromLH2production4965"
Error in <THaFormula::Compile>:  Bad numerical expression : ":SHMSaerogelgainfatorsfromLH2production4965"
~~~~~~~~~~~~~~~~~~~~~~~~~~~~~~~~~~~~~~~~~~~~~~~~~~~~~~~~~~~~~~~~~~~~~~~~~~~~~~~~~~~~~~~~~~~~~~~~~~~~~~~~~~~~~
Job info...
 

Auger JobId: 59888030 [PBS JobId: 45685026]

11/12/2018 00:48:40  A     Name=elastics_4821;User=trottar;queue=prod64
11/12/2018 00:49:01  A     Stagin started
11/12/2018 00:49:01  A     Job started
11/12/2018 06:19:58  A     Job started
11/12/2018 06:19:58  A     Job completed

Job: 45685026.farmpbs14

11/12/2018 00:48:50  S    enqueuing into prod64, state 2 hop 1
11/12/2018 00:48:50  S    Holds u released at request of trottar@farmpbs14
11/12/2018 00:48:50  A    queue=prod64
11/12/2018 00:48:55  S    Job Run at request of root@farmpbs14
11/12/2018 00:48:55  A    user=trottar group=enp account=hallc jobname=elastics_4821 queue=prod64 ctime=1542001730 qtime=1542001730 etime=1542001730 start=1542001735 owner=trottar@farmpbs14 exec_host=farm180235/22+farm180235/23 Resource_List.arch=centos7 Resource_List.file=2929687kb Resource_List.mem=1250mb Resource_List.neednodes=1:ppn=2 Resource_List.nodect=1 Resource_List.nodes=1:ppn=2 Resource_List.vmem=2500mb Resource_List.walltime=24:00:00 
11/12/2018 06:20:07  S    Exit_status=0 resources_used.cput=05:29:43 resources_used.mem=875044kb resources_used.vmem=1719620kb resources_used.walltime=05:31:12
11/12/2018 06:20:07  S    on_job_exit valid pjob: 45685026.farmpbs14 (substate=50)
11/12/2018 06:20:07  S    dequeuing from prod64, state COMPLETE
11/12/2018 06:20:07  A    user=trottar group=enp account=hallc jobname=elastics_4821 queue=prod64 ctime=1542001730 qtime=1542001730 etime=1542001730 start=1542001735 owner=trottar@farmpbs14 exec_host=farm180235/22+farm180235/23 Resource_List.arch=centos7 Resource_List.file=2929687kb Resource_List.mem=1250mb Resource_List.neednodes=1:ppn=2 Resource_List.nodect=1 Resource_List.nodes=1:ppn=2 Resource_List.vmem=2500mb Resource_List.walltime=24:00:00 session=227097 end=1542021607 Exit_status=0 resources_used.cput=05:29:43 resources_used.mem=875044kb resources_used.vmem=1719620kb resources_used.walltime=05:31:12

~~~~~~~~~~~~~~~~~~~~~~~~~~~~~~~~~~~~~~~~~~~~~~~~~~~~~~~~~~~~~~~~~~~~~~~~~~~~~~~~~~~~~~~~~~~~~~~~~~~~~~~~~~~~~
~~~~~~~~~~~~~~~~~~~~~~~~~~~~~~~~~~~~~~~~~~~~~~~~~~~~~~~~~~~~~~~~~~~~~~~~~~~~~~~~~~~~~~~~~~~~~~~~~~~~~~~~~~~~~
