~~~~~~~~~~~~~~~~~~~~~~~~~~~~~~~~~~~~~~~~~~~~~~~~~~~~~~~~~~~~~~~~~~~~~~~~~~~~~~~~~~~~~~~~~~~~~~~~~~~~~~~~~~~~~
~~~~~~~~~~~~~~~~~~~~~~~~~~~~~~~~~~~~~~~~~~~~~~~~~~~~~~~~~~~~~~~~~~~~~~~~~~~~~~~~~~~~~~~~~~~~~~~~~~~~~~~~~~~~~
Errors...
 
Error in <THaFormula::Compile>:  Bad numerical expression : ":SHMSaerogelgainfatorsfromLH2production4965"
Error in <THaFormula::Compile>:  Bad numerical expression : ":SHMSaerogelgainfatorsfromLH2production4965"
~~~~~~~~~~~~~~~~~~~~~~~~~~~~~~~~~~~~~~~~~~~~~~~~~~~~~~~~~~~~~~~~~~~~~~~~~~~~~~~~~~~~~~~~~~~~~~~~~~~~~~~~~~~~~
Job info...
 

Auger JobId: 59888035 [PBS JobId: 45685031]

11/12/2018 00:49:36  A     Name=elastics_4801;User=trottar;queue=prod64
11/12/2018 00:51:10  A     Stagin started
11/12/2018 00:51:10  A     Job started
11/12/2018 01:12:09  A     Job started
11/12/2018 01:12:09  A     Job completed

Job: 45685031.farmpbs14

11/12/2018 00:50:51  S    enqueuing into prod64, state 2 hop 1
11/12/2018 00:50:51  S    Holds u released at request of trottar@farmpbs14
11/12/2018 00:50:51  A    queue=prod64
11/12/2018 00:50:58  S    Job Run at request of root@farmpbs14
11/12/2018 00:50:58  A    user=trottar group=enp account=hallc jobname=elastics_4801 queue=prod64 ctime=1542001851 qtime=1542001851 etime=1542001851 start=1542001858 owner=trottar@farmpbs14 exec_host=farm180233/2+farm180233/3 Resource_List.arch=centos7 Resource_List.file=2929687kb Resource_List.mem=1250mb Resource_List.neednodes=1:ppn=2 Resource_List.nodect=1 Resource_List.nodes=1:ppn=2 Resource_List.vmem=2500mb Resource_List.walltime=24:00:00 
11/12/2018 01:12:10  S    Exit_status=0 resources_used.cput=00:20:49 resources_used.mem=382444kb resources_used.vmem=1097568kb resources_used.walltime=00:21:12
11/12/2018 01:12:10  S    on_job_exit valid pjob: 45685031.farmpbs14 (substate=50)
11/12/2018 01:12:10  S    dequeuing from prod64, state COMPLETE
11/12/2018 01:12:10  A    user=trottar group=enp account=hallc jobname=elastics_4801 queue=prod64 ctime=1542001851 qtime=1542001851 etime=1542001851 start=1542001858 owner=trottar@farmpbs14 exec_host=farm180233/2+farm180233/3 Resource_List.arch=centos7 Resource_List.file=2929687kb Resource_List.mem=1250mb Resource_List.neednodes=1:ppn=2 Resource_List.nodect=1 Resource_List.nodes=1:ppn=2 Resource_List.vmem=2500mb Resource_List.walltime=24:00:00 session=27975 end=1542003130 Exit_status=0 resources_used.cput=00:20:49 resources_used.mem=382444kb resources_used.vmem=1097568kb resources_used.walltime=00:21:12

~~~~~~~~~~~~~~~~~~~~~~~~~~~~~~~~~~~~~~~~~~~~~~~~~~~~~~~~~~~~~~~~~~~~~~~~~~~~~~~~~~~~~~~~~~~~~~~~~~~~~~~~~~~~~
~~~~~~~~~~~~~~~~~~~~~~~~~~~~~~~~~~~~~~~~~~~~~~~~~~~~~~~~~~~~~~~~~~~~~~~~~~~~~~~~~~~~~~~~~~~~~~~~~~~~~~~~~~~~~
