~~~~~~~~~~~~~~~~~~~~~~~~~~~~~~~~~~~~~~~~~~~~~~~~~~~~~~~~~~~~~~~~~~~~~~~~~~~~~~~~~~~~~~~~~~~~~~~~~~~~~~~~~~~~~
~~~~~~~~~~~~~~~~~~~~~~~~~~~~~~~~~~~~~~~~~~~~~~~~~~~~~~~~~~~~~~~~~~~~~~~~~~~~~~~~~~~~~~~~~~~~~~~~~~~~~~~~~~~~~
Errors...
 
Error in <THaFormula::Compile>:  Bad numerical expression : ":SHMSaerogelgainfatorsfromLH2production4965"
Error in <THaFormula::Compile>:  Bad numerical expression : ":SHMSaerogelgainfatorsfromLH2production4965"
~~~~~~~~~~~~~~~~~~~~~~~~~~~~~~~~~~~~~~~~~~~~~~~~~~~~~~~~~~~~~~~~~~~~~~~~~~~~~~~~~~~~~~~~~~~~~~~~~~~~~~~~~~~~~
Job info...
 

Auger JobId: 59888041 [PBS JobId: 45685037]

11/12/2018 00:50:39  A     Name=elastics_4822;User=trottar;queue=prod64
11/12/2018 00:51:10  A     Stagin started
11/12/2018 00:51:10  A     Job started
11/12/2018 01:52:36  A     Job started
11/12/2018 01:52:36  A     Job completed

Job: 45685037.farmpbs14

11/12/2018 00:50:51  S    enqueuing into prod64, state 2 hop 1
11/12/2018 00:50:51  S    Holds u released at request of trottar@farmpbs14
11/12/2018 00:50:51  A    queue=prod64
11/12/2018 00:50:58  S    Job Run at request of root@farmpbs14
11/12/2018 00:50:59  A    user=trottar group=enp account=hallc jobname=elastics_4822 queue=prod64 ctime=1542001851 qtime=1542001851 etime=1542001851 start=1542001859 owner=trottar@farmpbs14 exec_host=farm180233/22+farm180233/23 Resource_List.arch=centos7 Resource_List.file=2929687kb Resource_List.mem=1250mb Resource_List.neednodes=1:ppn=2 Resource_List.nodect=1 Resource_List.nodes=1:ppn=2 Resource_List.vmem=2500mb Resource_List.walltime=24:00:00 
11/12/2018 01:52:37  S    Exit_status=0 resources_used.cput=01:01:16 resources_used.mem=432468kb resources_used.vmem=1165472kb resources_used.walltime=01:01:39
11/12/2018 01:52:37  S    on_job_exit valid pjob: 45685037.farmpbs14 (substate=50)
11/12/2018 01:52:37  S    dequeuing from prod64, state COMPLETE
11/12/2018 01:52:37  A    user=trottar group=enp account=hallc jobname=elastics_4822 queue=prod64 ctime=1542001851 qtime=1542001851 etime=1542001851 start=1542001859 owner=trottar@farmpbs14 exec_host=farm180233/22+farm180233/23 Resource_List.arch=centos7 Resource_List.file=2929687kb Resource_List.mem=1250mb Resource_List.neednodes=1:ppn=2 Resource_List.nodect=1 Resource_List.nodes=1:ppn=2 Resource_List.vmem=2500mb Resource_List.walltime=24:00:00 session=28137 end=1542005557 Exit_status=0 resources_used.cput=01:01:16 resources_used.mem=432468kb resources_used.vmem=1165472kb resources_used.walltime=01:01:39

~~~~~~~~~~~~~~~~~~~~~~~~~~~~~~~~~~~~~~~~~~~~~~~~~~~~~~~~~~~~~~~~~~~~~~~~~~~~~~~~~~~~~~~~~~~~~~~~~~~~~~~~~~~~~
~~~~~~~~~~~~~~~~~~~~~~~~~~~~~~~~~~~~~~~~~~~~~~~~~~~~~~~~~~~~~~~~~~~~~~~~~~~~~~~~~~~~~~~~~~~~~~~~~~~~~~~~~~~~~
