~~~~~~~~~~~~~~~~~~~~~~~~~~~~~~~~~~~~~~~~~~~~~~~~~~~~~~~~~~~~~~~~~~~~~~~~~~~~~~~~~~~~~~~~~~~~~~~~~~
~~~~~~~~~~~~~~~~~~~~~~~~~~~~~~~~~~~~~~~~~~~~~~~~~~~~~~~~~~~~~~~~~~~~~~~~~~~~~~~~~~~~~~~~~~~~~~~~~~
Errors...
 
In file included from input_line_13:1:
/u/home/trottar/Analysis/hallc_replay/./UTIL_KAONLT/scripts_Replay/replay_production_coin.C:14:7: warning: expression result unused [-Wunused-value]
      exit;
      ^~~~
Error in <THaFormula::Compile>:  Bad numerical expression : ":SHMSaerogelgainfatorsfromLH2production4965"
~~~~~~~~~~~~~~~~~~~~~~~~~~~~~~~~~~~~~~~~~~~~~~~~~~~~~~~~~~~~~~~~~~~~~~~~~~~~~~~~~~~~~~~~~~~~~~~~~~
Job info...
 

Auger JobId: 59734961 [PBS JobId: 45534819]

11/06/2018 21:19:42  A     Name=elastics_4811;User=trottar;queue=priority
11/06/2018 21:24:06  A     Stagin started
11/06/2018 21:24:06  A     Job started
11/06/2018 21:24:30  A     Job started
11/06/2018 21:24:30  A     Job completed

Job: 45534819.farmpbs14

11/06/2018 21:24:02  S    enqueuing into priority, state 2 hop 1
11/06/2018 21:24:02  S    Holds u released at request of trottar@farmpbs14
11/06/2018 21:24:02  A    queue=priority
11/06/2018 21:24:05  S    Job Run at request of root@farmpbs14
11/06/2018 21:24:05  A    user=trottar group=enp account=hallc jobname=elastics_4811 queue=priority ctime=1541557442 qtime=1541557442 etime=1541557442 start=1541557445 owner=trottar@farmpbs14 exec_host=farm180248/72+farm180248/73 Resource_List.arch=centos7 Resource_List.file=2929687kb Resource_List.mem=1000mb Resource_List.neednodes=1:ppn=2 Resource_List.nodect=1 Resource_List.nodes=1:ppn=2 Resource_List.vmem=2000mb Resource_List.walltime=04:00:00 
11/06/2018 21:24:32  S    Exit_status=0 resources_used.cput=00:00:22 resources_used.mem=223428kb resources_used.vmem=940572kb resources_used.walltime=00:00:27
11/06/2018 21:24:32  S    on_job_exit valid pjob: 45534819.farmpbs14 (substate=50)
11/06/2018 21:24:32  S    dequeuing from priority, state COMPLETE
11/06/2018 21:24:32  A    user=trottar group=enp account=hallc jobname=elastics_4811 queue=priority ctime=1541557442 qtime=1541557442 etime=1541557442 start=1541557445 owner=trottar@farmpbs14 exec_host=farm180248/72+farm180248/73 Resource_List.arch=centos7 Resource_List.file=2929687kb Resource_List.mem=1000mb Resource_List.neednodes=1:ppn=2 Resource_List.nodect=1 Resource_List.nodes=1:ppn=2 Resource_List.vmem=2000mb Resource_List.walltime=04:00:00 session=261776 end=1541557472 Exit_status=0 resources_used.cput=00:00:22 resources_used.mem=223428kb resources_used.vmem=940572kb resources_used.walltime=00:00:27

~~~~~~~~~~~~~~~~~~~~~~~~~~~~~~~~~~~~~~~~~~~~~~~~~~~~~~~~~~~~~~~~~~~~~~~~~~~~~~~~~~~~~~~~~~~~~~~~~~
~~~~~~~~~~~~~~~~~~~~~~~~~~~~~~~~~~~~~~~~~~~~~~~~~~~~~~~~~~~~~~~~~~~~~~~~~~~~~~~~~~~~~~~~~~~~~~~~~~
