~~~~~~~~~~~~~~~~~~~~~~~~~~~~~~~~~~~~~~~~~~~~~~~~~~~~~~~~~~~~~~~~~~~~~~~~~~~~~~~~~~~~~~~~~~~~~~~~~~~~~~~~~~~~~
~~~~~~~~~~~~~~~~~~~~~~~~~~~~~~~~~~~~~~~~~~~~~~~~~~~~~~~~~~~~~~~~~~~~~~~~~~~~~~~~~~~~~~~~~~~~~~~~~~~~~~~~~~~~~
Errors...
 
Error in <THaFormula::Compile>:  Bad numerical expression : ":SHMSaerogelgainfatorsfromLH2production4965"
Error in <THaFormula::Compile>:  Bad numerical expression : ":SHMSaerogelgainfatorsfromLH2production4965"
~~~~~~~~~~~~~~~~~~~~~~~~~~~~~~~~~~~~~~~~~~~~~~~~~~~~~~~~~~~~~~~~~~~~~~~~~~~~~~~~~~~~~~~~~~~~~~~~~~~~~~~~~~~~~
Job info...
 

Auger JobId: 59888022 [PBS JobId: 45685018]

11/12/2018 00:47:21  A     Name=elastics_4805;User=trottar;queue=prod64
11/12/2018 00:49:01  A     Stagin started
11/12/2018 00:49:01  A     Job started
11/12/2018 06:39:42  A     Job started
11/12/2018 06:39:42  A     Job completed

Job: 45685018.farmpbs14

11/12/2018 00:48:49  S    enqueuing into prod64, state 2 hop 1
11/12/2018 00:48:49  S    Holds u released at request of trottar@farmpbs14
11/12/2018 00:48:49  A    queue=prod64
11/12/2018 00:48:54  S    Job Run at request of root@farmpbs14
11/12/2018 00:48:54  A    user=trottar group=enp account=hallc jobname=elastics_4805 queue=prod64 ctime=1542001729 qtime=1542001729 etime=1542001729 start=1542001734 owner=trottar@farmpbs14 exec_host=farm180235/6+farm180235/7 Resource_List.arch=centos7 Resource_List.file=2929687kb Resource_List.mem=1250mb Resource_List.neednodes=1:ppn=2 Resource_List.nodect=1 Resource_List.nodes=1:ppn=2 Resource_List.vmem=2500mb Resource_List.walltime=24:00:00 
11/12/2018 06:39:54  S    Exit_status=0 resources_used.cput=05:49:19 resources_used.mem=1122180kb resources_used.vmem=1933720kb resources_used.walltime=05:51:00
11/12/2018 06:39:54  S    on_job_exit valid pjob: 45685018.farmpbs14 (substate=50)
11/12/2018 06:39:54  S    dequeuing from prod64, state COMPLETE
11/12/2018 06:39:54  A    user=trottar group=enp account=hallc jobname=elastics_4805 queue=prod64 ctime=1542001729 qtime=1542001729 etime=1542001729 start=1542001734 owner=trottar@farmpbs14 exec_host=farm180235/6+farm180235/7 Resource_List.arch=centos7 Resource_List.file=2929687kb Resource_List.mem=1250mb Resource_List.neednodes=1:ppn=2 Resource_List.nodect=1 Resource_List.nodes=1:ppn=2 Resource_List.vmem=2500mb Resource_List.walltime=24:00:00 session=226612 end=1542022794 Exit_status=0 resources_used.cput=05:49:19 resources_used.mem=1122180kb resources_used.vmem=1933720kb resources_used.walltime=05:51:00

~~~~~~~~~~~~~~~~~~~~~~~~~~~~~~~~~~~~~~~~~~~~~~~~~~~~~~~~~~~~~~~~~~~~~~~~~~~~~~~~~~~~~~~~~~~~~~~~~~~~~~~~~~~~~
~~~~~~~~~~~~~~~~~~~~~~~~~~~~~~~~~~~~~~~~~~~~~~~~~~~~~~~~~~~~~~~~~~~~~~~~~~~~~~~~~~~~~~~~~~~~~~~~~~~~~~~~~~~~~
