~~~~~~~~~~~~~~~~~~~~~~~~~~~~~~~~~~~~~~~~~~~~~~~~~~~~~~~~~~~~~~~~~~~~~~~~~~~~~~~~~~~~~~~~~~~~~~~~~~
~~~~~~~~~~~~~~~~~~~~~~~~~~~~~~~~~~~~~~~~~~~~~~~~~~~~~~~~~~~~~~~~~~~~~~~~~~~~~~~~~~~~~~~~~~~~~~~~~~
Errors...
 
In file included from input_line_13:1:
/u/home/trottar/Analysis/hallc_replay/./UTIL_KAONLT/scripts_Replay/replay_production_coin.C:14:7: warning: expression result unused [-Wunused-value]
      exit;
      ^~~~
Error in <THaFormula::Compile>:  Bad numerical expression : ":SHMSaerogelgainfatorsfromLH2production4965"
~~~~~~~~~~~~~~~~~~~~~~~~~~~~~~~~~~~~~~~~~~~~~~~~~~~~~~~~~~~~~~~~~~~~~~~~~~~~~~~~~~~~~~~~~~~~~~~~~~
Job info...
 

Auger JobId: 59734972 [PBS JobId: 45534830]

11/06/2018 21:20:57  A     Name=elastics_4812;User=trottar;queue=priority
11/06/2018 21:26:20  A     Stagin started
11/06/2018 21:26:20  A     Job started
11/06/2018 21:26:44  A     Job started
11/06/2018 21:26:44  A     Job completed

Job: 45534830.farmpbs14

11/06/2018 21:26:16  S    enqueuing into priority, state 2 hop 1
11/06/2018 21:26:16  A    queue=priority
11/06/2018 21:26:17  S    Holds u released at request of trottar@farmpbs14
11/06/2018 21:26:19  S    Job Run at request of root@farmpbs14
11/06/2018 21:26:19  A    user=trottar group=enp account=hallc jobname=elastics_4812 queue=priority ctime=1541557576 qtime=1541557576 etime=1541557577 start=1541557579 owner=trottar@farmpbs14 exec_host=farm180248/78+farm180248/79 Resource_List.arch=centos7 Resource_List.file=2929687kb Resource_List.mem=1000mb Resource_List.neednodes=1:ppn=2 Resource_List.nodect=1 Resource_List.nodes=1:ppn=2 Resource_List.vmem=2000mb Resource_List.walltime=04:00:00 
11/06/2018 21:26:45  S    Exit_status=0 resources_used.cput=00:00:22 resources_used.mem=223400kb resources_used.vmem=940568kb resources_used.walltime=00:00:26
11/06/2018 21:26:45  S    on_job_exit valid pjob: 45534830.farmpbs14 (substate=50)
11/06/2018 21:26:45  S    dequeuing from priority, state COMPLETE
11/06/2018 21:26:45  A    user=trottar group=enp account=hallc jobname=elastics_4812 queue=priority ctime=1541557576 qtime=1541557576 etime=1541557577 start=1541557579 owner=trottar@farmpbs14 exec_host=farm180248/78+farm180248/79 Resource_List.arch=centos7 Resource_List.file=2929687kb Resource_List.mem=1000mb Resource_List.neednodes=1:ppn=2 Resource_List.nodect=1 Resource_List.nodes=1:ppn=2 Resource_List.vmem=2000mb Resource_List.walltime=04:00:00 session=263896 end=1541557605 Exit_status=0 resources_used.cput=00:00:22 resources_used.mem=223400kb resources_used.vmem=940568kb resources_used.walltime=00:00:26

~~~~~~~~~~~~~~~~~~~~~~~~~~~~~~~~~~~~~~~~~~~~~~~~~~~~~~~~~~~~~~~~~~~~~~~~~~~~~~~~~~~~~~~~~~~~~~~~~~
~~~~~~~~~~~~~~~~~~~~~~~~~~~~~~~~~~~~~~~~~~~~~~~~~~~~~~~~~~~~~~~~~~~~~~~~~~~~~~~~~~~~~~~~~~~~~~~~~~
