~~~~~~~~~~~~~~~~~~~~~~~~~~~~~~~~~~~~~~~~~~~~~~~~~~~~~~~~~~~~~~~~~~~~~~~~~~~~~~~~~~~~~~~~~~~~~~~~~~~~~~~~~~~~~
~~~~~~~~~~~~~~~~~~~~~~~~~~~~~~~~~~~~~~~~~~~~~~~~~~~~~~~~~~~~~~~~~~~~~~~~~~~~~~~~~~~~~~~~~~~~~~~~~~~~~~~~~~~~~
Errors...
 
Error in <THaFormula::Compile>:  Bad numerical expression : ":SHMSaerogelgainfatorsfromLH2production4965"
Error in <THaFormula::Compile>:  Bad numerical expression : ":SHMSaerogelgainfatorsfromLH2production4965"
~~~~~~~~~~~~~~~~~~~~~~~~~~~~~~~~~~~~~~~~~~~~~~~~~~~~~~~~~~~~~~~~~~~~~~~~~~~~~~~~~~~~~~~~~~~~~~~~~~~~~~~~~~~~~
Job info...
 

Auger JobId: 59888028 [PBS JobId: 45685024]

11/12/2018 00:48:21  A     Name=elastics_4817;User=trottar;queue=prod64
11/12/2018 00:49:01  A     Stagin started
11/12/2018 00:49:01  A     Job started
11/12/2018 03:06:59  A     Job started
11/12/2018 03:06:59  A     Job completed

Job: 45685024.farmpbs14

11/12/2018 00:48:50  S    enqueuing into prod64, state 2 hop 1
11/12/2018 00:48:50  S    Holds u released at request of trottar@farmpbs14
11/12/2018 00:48:50  A    queue=prod64
11/12/2018 00:48:55  S    Job Run at request of root@farmpbs14
11/12/2018 00:48:55  A    user=trottar group=enp account=hallc jobname=elastics_4817 queue=prod64 ctime=1542001730 qtime=1542001730 etime=1542001730 start=1542001735 owner=trottar@farmpbs14 exec_host=farm180235/18+farm180235/19 Resource_List.arch=centos7 Resource_List.file=2929687kb Resource_List.mem=1250mb Resource_List.neednodes=1:ppn=2 Resource_List.nodect=1 Resource_List.nodes=1:ppn=2 Resource_List.vmem=2500mb Resource_List.walltime=24:00:00 
11/12/2018 03:07:05  S    Exit_status=0 resources_used.cput=02:16:32 resources_used.mem=866972kb resources_used.vmem=1603232kb resources_used.walltime=02:18:10
11/12/2018 03:07:05  S    on_job_exit valid pjob: 45685024.farmpbs14 (substate=50)
11/12/2018 03:07:05  S    dequeuing from prod64, state COMPLETE
11/12/2018 03:07:05  A    user=trottar group=enp account=hallc jobname=elastics_4817 queue=prod64 ctime=1542001730 qtime=1542001730 etime=1542001730 start=1542001735 owner=trottar@farmpbs14 exec_host=farm180235/18+farm180235/19 Resource_List.arch=centos7 Resource_List.file=2929687kb Resource_List.mem=1250mb Resource_List.neednodes=1:ppn=2 Resource_List.nodect=1 Resource_List.nodes=1:ppn=2 Resource_List.vmem=2500mb Resource_List.walltime=24:00:00 session=226884 end=1542010025 Exit_status=0 resources_used.cput=02:16:32 resources_used.mem=866972kb resources_used.vmem=1603232kb resources_used.walltime=02:18:10

~~~~~~~~~~~~~~~~~~~~~~~~~~~~~~~~~~~~~~~~~~~~~~~~~~~~~~~~~~~~~~~~~~~~~~~~~~~~~~~~~~~~~~~~~~~~~~~~~~~~~~~~~~~~~
~~~~~~~~~~~~~~~~~~~~~~~~~~~~~~~~~~~~~~~~~~~~~~~~~~~~~~~~~~~~~~~~~~~~~~~~~~~~~~~~~~~~~~~~~~~~~~~~~~~~~~~~~~~~~
