~~~~~~~~~~~~~~~~~~~~~~~~~~~~~~~~~~~~~~~~~~~~~~~~~~~~~~~~~~~~~~~~~~~~~~~~~~~~~~~~~~~~~~~~~~~~~~~~~~
~~~~~~~~~~~~~~~~~~~~~~~~~~~~~~~~~~~~~~~~~~~~~~~~~~~~~~~~~~~~~~~~~~~~~~~~~~~~~~~~~~~~~~~~~~~~~~~~~~
Errors...
 
In file included from input_line_13:1:
/u/home/trottar/Analysis/hallc_replay/./UTIL_KAONLT/scripts_Replay/replay_production_coin.C:14:7: warning: expression result unused [-Wunused-value]
      exit;
      ^~~~
Error in <THaFormula::Compile>:  Bad numerical expression : ":SHMSaerogelgainfatorsfromLH2production4965"
~~~~~~~~~~~~~~~~~~~~~~~~~~~~~~~~~~~~~~~~~~~~~~~~~~~~~~~~~~~~~~~~~~~~~~~~~~~~~~~~~~~~~~~~~~~~~~~~~~
Job info...
 

Auger JobId: 59734898 [PBS JobId: 45534722]

11/06/2018 21:17:50  A     Name=elastics_4788;User=trottar;queue=priority
11/06/2018 21:19:02  A     Stagin started
11/06/2018 21:19:02  A     Job started
11/06/2018 21:19:44  A     Job started
11/06/2018 21:19:45  A     Job completed

Job: 45534722.farmpbs14

11/06/2018 21:18:55  S    enqueuing into priority, state 2 hop 1
11/06/2018 21:18:55  S    Holds u released at request of trottar@farmpbs14
11/06/2018 21:18:55  A    queue=priority
11/06/2018 21:19:00  S    Job Run at request of root@farmpbs14
11/06/2018 21:19:01  A    user=trottar group=enp account=hallc jobname=elastics_4788 queue=priority ctime=1541557135 qtime=1541557135 etime=1541557135 start=1541557141 owner=trottar@farmpbs14 exec_host=farm180226/73+farm180226/74 Resource_List.arch=centos7 Resource_List.file=2929687kb Resource_List.mem=1000mb Resource_List.neednodes=1:ppn=2 Resource_List.nodect=1 Resource_List.nodes=1:ppn=2 Resource_List.vmem=2000mb Resource_List.walltime=04:00:00 
11/06/2018 21:19:47  S    Exit_status=0 resources_used.cput=00:00:19 resources_used.mem=223064kb resources_used.vmem=940536kb resources_used.walltime=00:00:45
11/06/2018 21:19:47  S    on_job_exit valid pjob: 45534722.farmpbs14 (substate=50)
11/06/2018 21:19:47  S    dequeuing from priority, state COMPLETE
11/06/2018 21:19:47  A    user=trottar group=enp account=hallc jobname=elastics_4788 queue=priority ctime=1541557135 qtime=1541557135 etime=1541557135 start=1541557141 owner=trottar@farmpbs14 exec_host=farm180226/73+farm180226/74 Resource_List.arch=centos7 Resource_List.file=2929687kb Resource_List.mem=1000mb Resource_List.neednodes=1:ppn=2 Resource_List.nodect=1 Resource_List.nodes=1:ppn=2 Resource_List.vmem=2000mb Resource_List.walltime=04:00:00 session=12481 end=1541557187 Exit_status=0 resources_used.cput=00:00:19 resources_used.mem=223064kb resources_used.vmem=940536kb resources_used.walltime=00:00:45

~~~~~~~~~~~~~~~~~~~~~~~~~~~~~~~~~~~~~~~~~~~~~~~~~~~~~~~~~~~~~~~~~~~~~~~~~~~~~~~~~~~~~~~~~~~~~~~~~~
~~~~~~~~~~~~~~~~~~~~~~~~~~~~~~~~~~~~~~~~~~~~~~~~~~~~~~~~~~~~~~~~~~~~~~~~~~~~~~~~~~~~~~~~~~~~~~~~~~
