~~~~~~~~~~~~~~~~~~~~~~~~~~~~~~~~~~~~~~~~~~~~~~~~~~~~~~~~~~~~~~~~~~~~~~~~~~~~~~~~~~~~~~~~~~~~~~~~~~~~~~~~~~~~~
~~~~~~~~~~~~~~~~~~~~~~~~~~~~~~~~~~~~~~~~~~~~~~~~~~~~~~~~~~~~~~~~~~~~~~~~~~~~~~~~~~~~~~~~~~~~~~~~~~~~~~~~~~~~~
Errors...
 
Error in <THaFormula::Compile>:  Bad numerical expression : ":SHMSaerogelgainfatorsfromLH2production4965"
Error in <THaFormula::Compile>:  Bad numerical expression : ":SHMSaerogelgainfatorsfromLH2production4965"
~~~~~~~~~~~~~~~~~~~~~~~~~~~~~~~~~~~~~~~~~~~~~~~~~~~~~~~~~~~~~~~~~~~~~~~~~~~~~~~~~~~~~~~~~~~~~~~~~~~~~~~~~~~~~
Job info...
 

Auger JobId: 59888016 [PBS JobId: 45685012]

11/12/2018 00:46:21  A     Name=elastics_4797;User=trottar;queue=prod64
11/12/2018 00:46:53  A     Stagin started
11/12/2018 00:46:54  A     Job started
11/12/2018 06:40:38  A     Job started
11/12/2018 06:40:38  A     Job completed

Job: 45685012.farmpbs14

11/12/2018 00:46:48  S    enqueuing into prod64, state 2 hop 1
11/12/2018 00:46:48  S    Holds u released at request of trottar@farmpbs14
11/12/2018 00:46:48  A    queue=prod64
11/12/2018 00:46:51  S    Job Run at request of root@farmpbs14
11/12/2018 00:46:51  A    user=trottar group=enp account=hallc jobname=elastics_4797 queue=prod64 ctime=1542001608 qtime=1542001608 etime=1542001608 start=1542001611 owner=trottar@farmpbs14 exec_host=farm180301/10+farm180301/11 Resource_List.arch=centos7 Resource_List.file=2929687kb Resource_List.mem=1250mb Resource_List.neednodes=1:ppn=2 Resource_List.nodect=1 Resource_List.nodes=1:ppn=2 Resource_List.vmem=2500mb Resource_List.walltime=24:00:00 
11/12/2018 06:40:41  S    Exit_status=0 resources_used.cput=05:12:45 resources_used.mem=1354836kb resources_used.vmem=2132380kb resources_used.walltime=05:53:50
11/12/2018 06:40:41  S    on_job_exit valid pjob: 45685012.farmpbs14 (substate=50)
11/12/2018 06:40:41  S    dequeuing from prod64, state COMPLETE
11/12/2018 06:40:41  A    user=trottar group=enp account=hallc jobname=elastics_4797 queue=prod64 ctime=1542001608 qtime=1542001608 etime=1542001608 start=1542001611 owner=trottar@farmpbs14 exec_host=farm180301/10+farm180301/11 Resource_List.arch=centos7 Resource_List.file=2929687kb Resource_List.mem=1250mb Resource_List.neednodes=1:ppn=2 Resource_List.nodect=1 Resource_List.nodes=1:ppn=2 Resource_List.vmem=2500mb Resource_List.walltime=24:00:00 session=14794 end=1542022841 Exit_status=0 resources_used.cput=05:12:45 resources_used.mem=1354836kb resources_used.vmem=2132380kb resources_used.walltime=05:53:50

~~~~~~~~~~~~~~~~~~~~~~~~~~~~~~~~~~~~~~~~~~~~~~~~~~~~~~~~~~~~~~~~~~~~~~~~~~~~~~~~~~~~~~~~~~~~~~~~~~~~~~~~~~~~~
~~~~~~~~~~~~~~~~~~~~~~~~~~~~~~~~~~~~~~~~~~~~~~~~~~~~~~~~~~~~~~~~~~~~~~~~~~~~~~~~~~~~~~~~~~~~~~~~~~~~~~~~~~~~~
