~~~~~~~~~~~~~~~~~~~~~~~~~~~~~~~~~~~~~~~~~~~~~~~~~~~~~~~~~~~~~~~~~~~~~~~~~~~~~~~~~~~~~~~~~~~~~~~~~~~~~~~~~~~~~
~~~~~~~~~~~~~~~~~~~~~~~~~~~~~~~~~~~~~~~~~~~~~~~~~~~~~~~~~~~~~~~~~~~~~~~~~~~~~~~~~~~~~~~~~~~~~~~~~~~~~~~~~~~~~
Errors...
 
Error in <THaFormula::Compile>:  Bad numerical expression : ":SHMSaerogelgainfatorsfromLH2production4965"
Error in <THaFormula::Compile>:  Bad numerical expression : ":SHMSaerogelgainfatorsfromLH2production4965"
~~~~~~~~~~~~~~~~~~~~~~~~~~~~~~~~~~~~~~~~~~~~~~~~~~~~~~~~~~~~~~~~~~~~~~~~~~~~~~~~~~~~~~~~~~~~~~~~~~~~~~~~~~~~~
Job info...
 

Auger JobId: 59888033 [PBS JobId: 45685029]

11/12/2018 00:49:12  A     Name=elastics_4794;User=trottar;queue=prod64
11/12/2018 00:51:01  A     Stagin started
11/12/2018 00:51:01  A     Job started
11/12/2018 01:18:42  A     Job started
11/12/2018 01:18:42  A     Job completed

Job: 45685029.farmpbs14

11/12/2018 00:50:51  S    enqueuing into prod64, state 2 hop 1
11/12/2018 00:50:51  S    Holds u released at request of trottar@farmpbs14
11/12/2018 00:50:51  A    queue=prod64
11/12/2018 00:50:53  S    Job Run at request of root@farmpbs14
11/12/2018 00:50:53  A    user=trottar group=enp account=hallc jobname=elastics_4794 queue=prod64 ctime=1542001851 qtime=1542001851 etime=1542001851 start=1542001853 owner=trottar@farmpbs14 exec_host=farm180235/28+farm180235/29 Resource_List.arch=centos7 Resource_List.file=2929687kb Resource_List.mem=1250mb Resource_List.neednodes=1:ppn=2 Resource_List.nodect=1 Resource_List.nodes=1:ppn=2 Resource_List.vmem=2500mb Resource_List.walltime=24:00:00 
11/12/2018 01:18:48  S    Exit_status=0 resources_used.cput=00:26:51 resources_used.mem=313700kb resources_used.vmem=1032836kb resources_used.walltime=00:27:55
11/12/2018 01:18:48  S    on_job_exit valid pjob: 45685029.farmpbs14 (substate=50)
11/12/2018 01:18:48  S    dequeuing from prod64, state COMPLETE
11/12/2018 01:18:48  A    user=trottar group=enp account=hallc jobname=elastics_4794 queue=prod64 ctime=1542001851 qtime=1542001851 etime=1542001851 start=1542001853 owner=trottar@farmpbs14 exec_host=farm180235/28+farm180235/29 Resource_List.arch=centos7 Resource_List.file=2929687kb Resource_List.mem=1250mb Resource_List.neednodes=1:ppn=2 Resource_List.nodect=1 Resource_List.nodes=1:ppn=2 Resource_List.vmem=2500mb Resource_List.walltime=24:00:00 session=230514 end=1542003528 Exit_status=0 resources_used.cput=00:26:51 resources_used.mem=313700kb resources_used.vmem=1032836kb resources_used.walltime=00:27:55

~~~~~~~~~~~~~~~~~~~~~~~~~~~~~~~~~~~~~~~~~~~~~~~~~~~~~~~~~~~~~~~~~~~~~~~~~~~~~~~~~~~~~~~~~~~~~~~~~~~~~~~~~~~~~
~~~~~~~~~~~~~~~~~~~~~~~~~~~~~~~~~~~~~~~~~~~~~~~~~~~~~~~~~~~~~~~~~~~~~~~~~~~~~~~~~~~~~~~~~~~~~~~~~~~~~~~~~~~~~
