~~~~~~~~~~~~~~~~~~~~~~~~~~~~~~~~~~~~~~~~~~~~~~~~~~~~~~~~~~~~~~~~~~~~~~~~~~~~~~~~~~~~~~~~~~~~~~~~~~~~~~~~~~~~~
~~~~~~~~~~~~~~~~~~~~~~~~~~~~~~~~~~~~~~~~~~~~~~~~~~~~~~~~~~~~~~~~~~~~~~~~~~~~~~~~~~~~~~~~~~~~~~~~~~~~~~~~~~~~~
Errors...
 
Error in <THaFormula::Compile>:  Bad numerical expression : ":SHMSaerogelgainfatorsfromLH2production4965"
Error in <THaFormula::Compile>:  Bad numerical expression : ":SHMSaerogelgainfatorsfromLH2production4965"
~~~~~~~~~~~~~~~~~~~~~~~~~~~~~~~~~~~~~~~~~~~~~~~~~~~~~~~~~~~~~~~~~~~~~~~~~~~~~~~~~~~~~~~~~~~~~~~~~~~~~~~~~~~~~
Job info...
 

Auger JobId: 59888018 [PBS JobId: 45685014]

11/12/2018 00:46:42  A     Name=elastics_4799;User=trottar;queue=prod64
11/12/2018 00:46:57  A     Stagin started
11/12/2018 00:46:57  A     Job started
11/12/2018 01:25:30  A     Job started
11/12/2018 01:25:30  A     Job completed

Job: 45685014.farmpbs14

11/12/2018 00:46:48  S    enqueuing into prod64, state 2 hop 1
11/12/2018 00:46:48  S    Holds u released at request of trottar@farmpbs14
11/12/2018 00:46:48  A    queue=prod64
11/12/2018 00:46:54  S    Job Run at request of root@farmpbs14
11/12/2018 00:46:54  A    user=trottar group=enp account=hallc jobname=elastics_4799 queue=prod64 ctime=1542001608 qtime=1542001608 etime=1542001608 start=1542001614 owner=trottar@farmpbs14 exec_host=farm180247/10+farm180247/11 Resource_List.arch=centos7 Resource_List.file=2929687kb Resource_List.mem=1250mb Resource_List.neednodes=1:ppn=2 Resource_List.nodect=1 Resource_List.nodes=1:ppn=2 Resource_List.vmem=2500mb Resource_List.walltime=24:00:00 
11/12/2018 01:25:31  S    Exit_status=0 resources_used.cput=00:38:10 resources_used.mem=530044kb resources_used.vmem=1252736kb resources_used.walltime=00:38:37
11/12/2018 01:25:31  S    on_job_exit valid pjob: 45685014.farmpbs14 (substate=50)
11/12/2018 01:25:31  A    user=trottar group=enp account=hallc jobname=elastics_4799 queue=prod64 ctime=1542001608 qtime=1542001608 etime=1542001608 start=1542001614 owner=trottar@farmpbs14 exec_host=farm180247/10+farm180247/11 Resource_List.arch=centos7 Resource_List.file=2929687kb Resource_List.mem=1250mb Resource_List.neednodes=1:ppn=2 Resource_List.nodect=1 Resource_List.nodes=1:ppn=2 Resource_List.vmem=2500mb Resource_List.walltime=24:00:00 session=81643 end=1542003931 Exit_status=0 resources_used.cput=00:38:10 resources_used.mem=530044kb resources_used.vmem=1252736kb resources_used.walltime=00:38:37
11/12/2018 01:25:32  S    dequeuing from prod64, state COMPLETE

~~~~~~~~~~~~~~~~~~~~~~~~~~~~~~~~~~~~~~~~~~~~~~~~~~~~~~~~~~~~~~~~~~~~~~~~~~~~~~~~~~~~~~~~~~~~~~~~~~~~~~~~~~~~~
~~~~~~~~~~~~~~~~~~~~~~~~~~~~~~~~~~~~~~~~~~~~~~~~~~~~~~~~~~~~~~~~~~~~~~~~~~~~~~~~~~~~~~~~~~~~~~~~~~~~~~~~~~~~~
