~~~~~~~~~~~~~~~~~~~~~~~~~~~~~~~~~~~~~~~~~~~~~~~~~~~~~~~~~~~~~~~~~~~~~~~~~~~~~~~~~~~~~~~~~~~~~~~~~~~~~~~~~~~~~
~~~~~~~~~~~~~~~~~~~~~~~~~~~~~~~~~~~~~~~~~~~~~~~~~~~~~~~~~~~~~~~~~~~~~~~~~~~~~~~~~~~~~~~~~~~~~~~~~~~~~~~~~~~~~
Errors...
 
Error in <THaFormula::Compile>:  Bad numerical expression : ":SHMSaerogelgainfatorsfromLH2production4965"
Error in <THaFormula::Compile>:  Bad numerical expression : ":SHMSaerogelgainfatorsfromLH2production4965"
cat: /usr/local/etc/motd: No such file or directory
stty: standard input: Inappropriate ioctl for device
=>> PBS: job killed: vmem 2622947328 exceeded limit 2621440000
~~~~~~~~~~~~~~~~~~~~~~~~~~~~~~~~~~~~~~~~~~~~~~~~~~~~~~~~~~~~~~~~~~~~~~~~~~~~~~~~~~~~~~~~~~~~~~~~~~~~~~~~~~~~~
Job info...
 

Auger JobId: 59888013 [PBS JobId: 45685009]

11/12/2018 00:45:53  A     Name=elastics_4791;User=trottar;queue=prod64
11/12/2018 00:46:53  A     Stagin started
11/12/2018 00:46:54  A     Job started
11/13/2018 00:07:08  A     Job started
11/13/2018 00:07:08  A     Job completed

Job: 45685009.farmpbs14

11/12/2018 00:46:48  S    enqueuing into prod64, state 2 hop 1
11/12/2018 00:46:48  S    Holds u released at request of trottar@farmpbs14
11/12/2018 00:46:48  A    queue=prod64
11/12/2018 00:46:51  S    Job Run at request of root@farmpbs14
11/12/2018 00:46:51  A    user=trottar group=enp account=hallc jobname=elastics_4791 queue=prod64 ctime=1542001608 qtime=1542001608 etime=1542001608 start=1542001611 owner=trottar@farmpbs14 exec_host=farm180301/4+farm180301/5 Resource_List.arch=centos7 Resource_List.file=2929687kb Resource_List.mem=1250mb Resource_List.neednodes=1:ppn=2 Resource_List.nodect=1 Resource_List.nodes=1:ppn=2 Resource_List.vmem=2500mb Resource_List.walltime=24:00:00 
11/13/2018 00:07:08  S    Exit_status=-10 resources_used.cput=19:39:33 resources_used.mem=1587940kb resources_used.vmem=2561472kb resources_used.walltime=23:20:17
11/13/2018 00:07:08  S    on_job_exit valid pjob: 45685009.farmpbs14 (substate=50)
11/13/2018 00:07:08  S    dequeuing from prod64, state COMPLETE
11/13/2018 00:07:08  A    user=trottar group=enp account=hallc jobname=elastics_4791 queue=prod64 ctime=1542001608 qtime=1542001608 etime=1542001608 start=1542001611 owner=trottar@farmpbs14 exec_host=farm180301/4+farm180301/5 Resource_List.arch=centos7 Resource_List.file=2929687kb Resource_List.mem=1250mb Resource_List.neednodes=1:ppn=2 Resource_List.nodect=1 Resource_List.nodes=1:ppn=2 Resource_List.vmem=2500mb Resource_List.walltime=24:00:00 session=14709 end=1542085628 Exit_status=-10 resources_used.cput=19:39:33 resources_used.mem=1587940kb resources_used.vmem=2561472kb resources_used.walltime=23:20:17

~~~~~~~~~~~~~~~~~~~~~~~~~~~~~~~~~~~~~~~~~~~~~~~~~~~~~~~~~~~~~~~~~~~~~~~~~~~~~~~~~~~~~~~~~~~~~~~~~~~~~~~~~~~~~
~~~~~~~~~~~~~~~~~~~~~~~~~~~~~~~~~~~~~~~~~~~~~~~~~~~~~~~~~~~~~~~~~~~~~~~~~~~~~~~~~~~~~~~~~~~~~~~~~~~~~~~~~~~~~
