~~~~~~~~~~~~~~~~~~~~~~~~~~~~~~~~~~~~~~~~~~~~~~~~~~~~~~~~~~~~~~~~~~~~~~~~~~~~~~~~~~~~~~~~~~~~~~~~~~~~~~~~~~~~~
Run number read from file: 5154

Job 1/20
Running trotta_lumiscanJob.txt for 5154
Submitting batch
Parsing script ... (it may take while)
<jsub><request><index>30284582</index><jobIndex>63241637</jobIndex></request></jsub>
 
5154 has an AugerID of 63241637
~~~~~~~~~~~~~~~~~~~~~~~~~~~~~~~~~~~~~~~~~~~~~~~~~~~~~~~~~~~~~~~~~~~~~~~~~~~~~~~~~~~~~~~~~~~~~~~~~~~~~~~~~~~~~
Run number read from file: 5155

Job 2/20
Running trotta_lumiscanJob.txt for 5155
Submitting batch
Parsing script ... (it may take while)
<jsub><request><index>30284589</index><jobIndex>63241644</jobIndex></request></jsub>
 
5155 has an AugerID of 63241644
~~~~~~~~~~~~~~~~~~~~~~~~~~~~~~~~~~~~~~~~~~~~~~~~~~~~~~~~~~~~~~~~~~~~~~~~~~~~~~~~~~~~~~~~~~~~~~~~~~~~~~~~~~~~~
Run number read from file: 5156

Job 3/20
Running trotta_lumiscanJob.txt for 5156
Submitting batch
Parsing script ... (it may take while)
<jsub><request><index>30284604</index><jobIndex>63241659</jobIndex></request></jsub>
 
5156 has an AugerID of 63241659
~~~~~~~~~~~~~~~~~~~~~~~~~~~~~~~~~~~~~~~~~~~~~~~~~~~~~~~~~~~~~~~~~~~~~~~~~~~~~~~~~~~~~~~~~~~~~~~~~~~~~~~~~~~~~
Run number read from file: 5157

Job 4/20
Running trotta_lumiscanJob.txt for 5157
Submitting batch
Parsing script ... (it may take while)
<jsub><request><index>30284619</index><jobIndex>63241674</jobIndex></request></jsub>
 
5157 has an AugerID of 63241674
~~~~~~~~~~~~~~~~~~~~~~~~~~~~~~~~~~~~~~~~~~~~~~~~~~~~~~~~~~~~~~~~~~~~~~~~~~~~~~~~~~~~~~~~~~~~~~~~~~~~~~~~~~~~~
Run number read from file: 5158

Job 5/20
Running trotta_lumiscanJob.txt for 5158
Submitting batch
Parsing script ... (it may take while)
<jsub><request><index>30284633</index><jobIndex>63241688</jobIndex></request></jsub>
 
5158 has an AugerID of 63241688
~~~~~~~~~~~~~~~~~~~~~~~~~~~~~~~~~~~~~~~~~~~~~~~~~~~~~~~~~~~~~~~~~~~~~~~~~~~~~~~~~~~~~~~~~~~~~~~~~~~~~~~~~~~~~
Run number read from file: 5160

Job 6/20
Running trotta_lumiscanJob.txt for 5160
Submitting batch
Parsing script ... (it may take while)
<jsub><request><index>30284647</index><jobIndex>63241702</jobIndex></request></jsub>
 
5160 has an AugerID of 63241702
~~~~~~~~~~~~~~~~~~~~~~~~~~~~~~~~~~~~~~~~~~~~~~~~~~~~~~~~~~~~~~~~~~~~~~~~~~~~~~~~~~~~~~~~~~~~~~~~~~~~~~~~~~~~~
Run number read from file: 5161

Job 7/20
Running trotta_lumiscanJob.txt for 5161
Submitting batch
Parsing script ... (it may take while)
<jsub><request><index>30284663</index><jobIndex>63241718</jobIndex></request></jsub>
 
5161 has an AugerID of 63241718
~~~~~~~~~~~~~~~~~~~~~~~~~~~~~~~~~~~~~~~~~~~~~~~~~~~~~~~~~~~~~~~~~~~~~~~~~~~~~~~~~~~~~~~~~~~~~~~~~~~~~~~~~~~~~
Run number read from file: 5162

Job 8/20
Running trotta_lumiscanJob.txt for 5162
Submitting batch
Parsing script ... (it may take while)
<jsub><request><index>30284678</index><jobIndex>63241733</jobIndex></request></jsub>
 
5162 has an AugerID of 63241733
~~~~~~~~~~~~~~~~~~~~~~~~~~~~~~~~~~~~~~~~~~~~~~~~~~~~~~~~~~~~~~~~~~~~~~~~~~~~~~~~~~~~~~~~~~~~~~~~~~~~~~~~~~~~~
Run number read from file: 5163

Job 9/20
Running trotta_lumiscanJob.txt for 5163
Submitting batch
Parsing script ... (it may take while)
<jsub><request><index>30284690</index><jobIndex>63241745</jobIndex></request></jsub>
 
5163 has an AugerID of 63241745
~~~~~~~~~~~~~~~~~~~~~~~~~~~~~~~~~~~~~~~~~~~~~~~~~~~~~~~~~~~~~~~~~~~~~~~~~~~~~~~~~~~~~~~~~~~~~~~~~~~~~~~~~~~~~
Run number read from file: 5166

Job 10/20
Running trotta_lumiscanJob.txt for 5166
Submitting batch
Parsing script ... (it may take while)
<jsub><request><index>30284691</index><jobIndex>63241746</jobIndex></request></jsub>
 
5166 has an AugerID of 63241746
~~~~~~~~~~~~~~~~~~~~~~~~~~~~~~~~~~~~~~~~~~~~~~~~~~~~~~~~~~~~~~~~~~~~~~~~~~~~~~~~~~~~~~~~~~~~~~~~~~~~~~~~~~~~~
Run number read from file: 5167

Job 11/20
Running trotta_lumiscanJob.txt for 5167
Submitting batch
Parsing script ... (it may take while)
<jsub><request><index>30284692</index><jobIndex>63241747</jobIndex></request></jsub>
 
5167 has an AugerID of 63241747
~~~~~~~~~~~~~~~~~~~~~~~~~~~~~~~~~~~~~~~~~~~~~~~~~~~~~~~~~~~~~~~~~~~~~~~~~~~~~~~~~~~~~~~~~~~~~~~~~~~~~~~~~~~~~
Run number read from file: 5168

Job 12/20
Running trotta_lumiscanJob.txt for 5168
Submitting batch
Parsing script ... (it may take while)
<jsub><request><index>30284693</index><jobIndex>63241748</jobIndex></request></jsub>
 
5168 has an AugerID of 63241748
~~~~~~~~~~~~~~~~~~~~~~~~~~~~~~~~~~~~~~~~~~~~~~~~~~~~~~~~~~~~~~~~~~~~~~~~~~~~~~~~~~~~~~~~~~~~~~~~~~~~~~~~~~~~~
Run number read from file: 5169

Job 13/20
Running trotta_lumiscanJob.txt for 5169
Submitting batch
Parsing script ... (it may take while)
<jsub><request><index>30284694</index><jobIndex>63241749</jobIndex></request></jsub>
 
5169 has an AugerID of 63241749
~~~~~~~~~~~~~~~~~~~~~~~~~~~~~~~~~~~~~~~~~~~~~~~~~~~~~~~~~~~~~~~~~~~~~~~~~~~~~~~~~~~~~~~~~~~~~~~~~~~~~~~~~~~~~
Run number read from file: 5170

Job 14/20
Running trotta_lumiscanJob.txt for 5170
Submitting batch
Parsing script ... (it may take while)
<jsub><request><index>30284695</index><jobIndex>63241750</jobIndex></request></jsub>
 
5170 has an AugerID of 63241750
~~~~~~~~~~~~~~~~~~~~~~~~~~~~~~~~~~~~~~~~~~~~~~~~~~~~~~~~~~~~~~~~~~~~~~~~~~~~~~~~~~~~~~~~~~~~~~~~~~~~~~~~~~~~~
Run number read from file: 5171

Job 15/20
Running trotta_lumiscanJob.txt for 5171
Submitting batch
Parsing script ... (it may take while)
<jsub><request><index>30284697</index><jobIndex>63241932</jobIndex></request></jsub>
 
5171 has an AugerID of 63241932
~~~~~~~~~~~~~~~~~~~~~~~~~~~~~~~~~~~~~~~~~~~~~~~~~~~~~~~~~~~~~~~~~~~~~~~~~~~~~~~~~~~~~~~~~~~~~~~~~~~~~~~~~~~~~
Run number read from file: 5175

Job 16/20
Running trotta_lumiscanJob.txt for 5175
Submitting batch
Parsing script ... (it may take while)
<jsub><request><index>30284698</index><jobIndex>63242463</jobIndex></request></jsub>
 
5175 has an AugerID of 63242463
~~~~~~~~~~~~~~~~~~~~~~~~~~~~~~~~~~~~~~~~~~~~~~~~~~~~~~~~~~~~~~~~~~~~~~~~~~~~~~~~~~~~~~~~~~~~~~~~~~~~~~~~~~~~~
Run number read from file: 5176

Job 17/20
Running trotta_lumiscanJob.txt for 5176
Submitting batch
Parsing script ... (it may take while)
<jsub><request><index>30284699</index><jobIndex>63242964</jobIndex></request></jsub>
 
5176 has an AugerID of 63242964
~~~~~~~~~~~~~~~~~~~~~~~~~~~~~~~~~~~~~~~~~~~~~~~~~~~~~~~~~~~~~~~~~~~~~~~~~~~~~~~~~~~~~~~~~~~~~~~~~~~~~~~~~~~~~
Run number read from file: 5178

Job 18/20
Running trotta_lumiscanJob.txt for 5178
Submitting batch
Parsing script ... (it may take while)
<jsub><request><index>30284701</index><jobIndex>63243514</jobIndex></request></jsub>
 
5178 has an AugerID of 63243514
~~~~~~~~~~~~~~~~~~~~~~~~~~~~~~~~~~~~~~~~~~~~~~~~~~~~~~~~~~~~~~~~~~~~~~~~~~~~~~~~~~~~~~~~~~~~~~~~~~~~~~~~~~~~~
Run number read from file: 5179

Job 19/20
Running trotta_lumiscanJob.txt for 5179
Submitting batch
Parsing script ... (it may take while)
<jsub><request><index>30284703</index><jobIndex>63243918</jobIndex></request></jsub>
 
5179 has an AugerID of 63243918
~~~~~~~~~~~~~~~~~~~~~~~~~~~~~~~~~~~~~~~~~~~~~~~~~~~~~~~~~~~~~~~~~~~~~~~~~~~~~~~~~~~~~~~~~~~~~~~~~~~~~~~~~~~~~
Run number read from file: 5181

Job 20/20
Running trotta_lumiscanJob.txt for 5181
Submitting batch
Parsing script ... (it may take while)
<jsub><request><index>30284704</index><jobIndex>63244278</jobIndex></request></jsub>
 
5181 has an AugerID of 63244278
~~~~~~~~~~~~~~~~~~~~~~~~~~~~~~~~~~~~~~~~~~~~~~~~~~~~~~~~~~~~~~~~~~~~~~~~~~~~~~~~~~~~~~~~~~~~~~~~~~~~~~~~~~~~~
 
###############################################################################################################
############################################ END OF JOB SUBMISSIONS ###########################################
###############################################################################################################
 
5154 has an AugerID of 63241637
5155 has an AugerID of 63241644
5156 has an AugerID of 63241659
5157 has an AugerID of 63241674
5158 has an AugerID of 63241688
5160 has an AugerID of 63241702
5161 has an AugerID of 63241718
5162 has an AugerID of 63241733
5163 has an AugerID of 63241745
5166 has an AugerID of 63241746
5167 has an AugerID of 63241747
5168 has an AugerID of 63241748
5169 has an AugerID of 63241749
5170 has an AugerID of 63241750
5171 has an AugerID of 63241932
5175 has an AugerID of 63242463
5176 has an AugerID of 63242964
5178 has an AugerID of 63243514
5179 has an AugerID of 63243918
5181 has an AugerID of 63244278
~~~~~~~~~~~~~~~~~~~~~~~~~~~~~~~~~~~~~~~~~~~~~~~~~~~~~~~~~~~~~~~~~~~~~~~~~~~~~~~~~~~~~~~~~~~~~~~~~~~~~~~~~~~~~
JOB_ID    USER      STAT    QUEUE      EXEC_HOST   JOB_NAME         SUBMIT_TIME   CPU_TIME  WALLTIME  ACCOUNT    
63242964  trottar     A    priority    --         ...umiscan_5176   Feb 05 18:48  --         --         hallc     
63243514  trottar     A    priority    --         ...umiscan_5178   Feb 05 18:49  --         --         hallc     
63243918  trottar     A    priority    --         ...umiscan_5179   Feb 05 18:50  --         --         hallc     
63244278  trottar     A    priority    --         ...umiscan_5181   Feb 05 18:50  --         --         hallc     
 
There are 4 jobs remaining
~~~~~~~~~~~~~~~~~~~~~~~~~~~~~~~~~~~~~~~~~~~~~~~~~~~~~~~~~~~~~~~~~~~~~~~~~~~~~~~~~~~~~~~~~~~~~~~~~~~~~~~~~~~~~
JOB_ID    USER      STAT    QUEUE      EXEC_HOST   JOB_NAME         SUBMIT_TIME   CPU_TIME  WALLTIME  ACCOUNT    
63242964  trottar     R    priority    farm180243 ...umiscan_5176   Feb 05 18:53  --         --         hallc     
63243514  trottar     R    priority    farm180243 ...umiscan_5178   Feb 05 18:53  --         --         hallc     
63243918  trottar     R    priority    farm180243 ...umiscan_5179   Feb 05 18:53  --         --         hallc     
63244278  trottar     R    priority    farm180243 ...umiscan_5181   Feb 05 18:53  --         --         hallc     
 
There are 0 jobs remaining
~~~~~~~~~~~~~~~~~~~~~~~~~~~~~~~~~~~~~~~~~~~~~~~~~~~~~~~~~~~~~~~~~~~~~~~~~~~~~~~~~~~~~~~~~~~~~~~~~~~~~~~~~~~~~
_
|ID-63241637 (run 5154) has printed batch job information to file
|Amount of allocated memory used: 0kb/2500mb
_
|ID-63241644 (run 5155) has printed batch job information to file
|Amount of allocated memory used: 608784kb/2500mb
_
|ID-63241659 (run 5156) has printed batch job information to file
|Amount of allocated memory used: 0kb/2500mb
_
|ID-63241674 (run 5157) has printed batch job information to file
|Amount of allocated memory used: 608952kb/2500mb
_
|ID-63241688 (run 5158) has printed batch job information to file
|Amount of allocated memory used: 802976kb/2500mb
_
|ID-63241702 (run 5160) has printed batch job information to file
|Amount of allocated memory used: 664144kb/2500mb
_
|ID-63241718 (run 5161) has printed batch job information to file
|Amount of allocated memory used: 631452kb/2500mb
_
|ID-63241733 (run 5162) has printed batch job information to file
|Amount of allocated memory used: 668464kb/2500mb
_
|ID-63241745 (run 5163) has printed batch job information to file
|Amount of allocated memory used: 664636kb/2500mb
_
|ID-63241746 (run 5166) has printed batch job information to file
|Amount of allocated memory used: 115188kb/2500mb
_
|ID-63241747 (run 5167) has printed batch job information to file
|Amount of allocated memory used: 0kb/2500mb
_
|ID-63241748 (run 5168) has printed batch job information to file
|Amount of allocated memory used: 608952kb/2500mb
_
|ID-63241749 (run 5169) has printed batch job information to file
|Amount of allocated memory used: 612284kb/2500mb
_
|ID-63241750 (run 5170) has printed batch job information to file
|Amount of allocated memory used: 612288kb/2500mb
_
|ID-63241932 (run 5171) has printed batch job information to file
|Amount of allocated memory used: 612284kb/2500mb
_
|ID-63242463 (run 5175) has printed batch job information to file
|Amount of allocated memory used: 612276kb/2500mb
_
|ID-63242964 (run 5176) has printed batch job information to file
|Amount of allocated memory used: 1842028kb/2500mb
_
|ID-63243514 (run 5178) has printed batch job information to file
|Amount of allocated memory used: 1842016kb/2500mb
_
|ID-63243918 (run 5179) has printed batch job information to file
|Amount of allocated memory used: 0kb/2500mb
_
|ID-63244278 (run 5181) has printed batch job information to file
|Amount of allocated memory used: 663160kb/2500mb
