~~~~~~~~~~~~~~~~~~~~~~~~~~~~~~~~~~~~~~~~~~~~~~~~~~~~~~~~~~~~~~~~~~~~~~~~~~~~~~~~~~~~~~~~~~~~~~~~~~
Run number read from file: 4788

Job 0/30
Running trotta_elasticsJob.txt for 4788
Submitting batch
Parsing script ... (it may take while)
<jsub><request><index>29179977</index><jobIndex>59734898</jobIndex></request></jsub>
 
4788 has an AugerID of 59734898
~~~~~~~~~~~~~~~~~~~~~~~~~~~~~~~~~~~~~~~~~~~~~~~~~~~~~~~~~~~~~~~~~~~~~~~~~~~~~~~~~~~~~~~~~~~~~~~~~~
Run number read from file: 4789

Job 1/30
Running trotta_elasticsJob.txt for 4789
Submitting batch
Parsing script ... (it may take while)
<jsub><request><index>29179980</index><jobIndex>59734901</jobIndex></request></jsub>
 
4789 has an AugerID of 59734901
~~~~~~~~~~~~~~~~~~~~~~~~~~~~~~~~~~~~~~~~~~~~~~~~~~~~~~~~~~~~~~~~~~~~~~~~~~~~~~~~~~~~~~~~~~~~~~~~~~
Run number read from file: 4791

Job 2/30
Running trotta_elasticsJob.txt for 4791
Submitting batch
Parsing script ... (it may take while)
<jsub><request><index>29179984</index><jobIndex>59734905</jobIndex></request></jsub>
 
4791 has an AugerID of 59734905
~~~~~~~~~~~~~~~~~~~~~~~~~~~~~~~~~~~~~~~~~~~~~~~~~~~~~~~~~~~~~~~~~~~~~~~~~~~~~~~~~~~~~~~~~~~~~~~~~~
Run number read from file: 4793

Job 3/30
Running trotta_elasticsJob.txt for 4793
Submitting batch
Parsing script ... (it may take while)
<jsub><request><index>29179988</index><jobIndex>59734913</jobIndex></request></jsub>
 
4793 has an AugerID of 59734913
~~~~~~~~~~~~~~~~~~~~~~~~~~~~~~~~~~~~~~~~~~~~~~~~~~~~~~~~~~~~~~~~~~~~~~~~~~~~~~~~~~~~~~~~~~~~~~~~~~
Run number read from file: 4796

Job 4/30
Running trotta_elasticsJob.txt for 4796
Submitting batch
Parsing script ... (it may take while)
<jsub><request><index>29179992</index><jobIndex>59734917</jobIndex></request></jsub>
 
4796 has an AugerID of 59734917
~~~~~~~~~~~~~~~~~~~~~~~~~~~~~~~~~~~~~~~~~~~~~~~~~~~~~~~~~~~~~~~~~~~~~~~~~~~~~~~~~~~~~~~~~~~~~~~~~~
Run number read from file: 4797

Job 5/30
Running trotta_elasticsJob.txt for 4797
Submitting batch
Parsing script ... (it may take while)
<jsub><request><index>29179996</index><jobIndex>59734921</jobIndex></request></jsub>
 
4797 has an AugerID of 59734921
~~~~~~~~~~~~~~~~~~~~~~~~~~~~~~~~~~~~~~~~~~~~~~~~~~~~~~~~~~~~~~~~~~~~~~~~~~~~~~~~~~~~~~~~~~~~~~~~~~
Run number read from file: 4798

Job 6/30
Running trotta_elasticsJob.txt for 4798
Submitting batch
Parsing script ... (it may take while)
<jsub><request><index>29180000</index><jobIndex>59734925</jobIndex></request></jsub>
 
4798 has an AugerID of 59734925
~~~~~~~~~~~~~~~~~~~~~~~~~~~~~~~~~~~~~~~~~~~~~~~~~~~~~~~~~~~~~~~~~~~~~~~~~~~~~~~~~~~~~~~~~~~~~~~~~~
Run number read from file: 4799

Job 7/30
Running trotta_elasticsJob.txt for 4799
Submitting batch
Parsing script ... (it may take while)
<jsub><request><index>29180004</index><jobIndex>59734929</jobIndex></request></jsub>
 
4799 has an AugerID of 59734929
~~~~~~~~~~~~~~~~~~~~~~~~~~~~~~~~~~~~~~~~~~~~~~~~~~~~~~~~~~~~~~~~~~~~~~~~~~~~~~~~~~~~~~~~~~~~~~~~~~
Run number read from file: 4785

Job 8/30
Running trotta_elasticsJob.txt for 4785
Submitting batch
Parsing script ... (it may take while)
<jsub><request><index>29180007</index><jobIndex>59734933</jobIndex></request></jsub>
 
4785 has an AugerID of 59734933
~~~~~~~~~~~~~~~~~~~~~~~~~~~~~~~~~~~~~~~~~~~~~~~~~~~~~~~~~~~~~~~~~~~~~~~~~~~~~~~~~~~~~~~~~~~~~~~~~~
Run number read from file: 4787

Job 9/30
Running trotta_elasticsJob.txt for 4787
Submitting batch
Parsing script ... (it may take while)
<jsub><request><index>29180011</index><jobIndex>59734936</jobIndex></request></jsub>
 
4787 has an AugerID of 59734936
~~~~~~~~~~~~~~~~~~~~~~~~~~~~~~~~~~~~~~~~~~~~~~~~~~~~~~~~~~~~~~~~~~~~~~~~~~~~~~~~~~~~~~~~~~~~~~~~~~
Run number read from file: 4804

Job 10/30
Running trotta_elasticsJob.txt for 4804
Submitting batch
Parsing script ... (it may take while)
<jsub><request><index>29180015</index><jobIndex>59734940</jobIndex></request></jsub>
 
4804 has an AugerID of 59734940
~~~~~~~~~~~~~~~~~~~~~~~~~~~~~~~~~~~~~~~~~~~~~~~~~~~~~~~~~~~~~~~~~~~~~~~~~~~~~~~~~~~~~~~~~~~~~~~~~~
Run number read from file: 4805

Job 11/30
Running trotta_elasticsJob.txt for 4805
Submitting batch
Parsing script ... (it may take while)
<jsub><request><index>29180019</index><jobIndex>59734944</jobIndex></request></jsub>
 
4805 has an AugerID of 59734944
~~~~~~~~~~~~~~~~~~~~~~~~~~~~~~~~~~~~~~~~~~~~~~~~~~~~~~~~~~~~~~~~~~~~~~~~~~~~~~~~~~~~~~~~~~~~~~~~~~
Run number read from file: 4806

Job 12/30
Running trotta_elasticsJob.txt for 4806
Submitting batch
Parsing script ... (it may take while)
<jsub><request><index>29180023</index><jobIndex>59734948</jobIndex></request></jsub>
 
4806 has an AugerID of 59734948
~~~~~~~~~~~~~~~~~~~~~~~~~~~~~~~~~~~~~~~~~~~~~~~~~~~~~~~~~~~~~~~~~~~~~~~~~~~~~~~~~~~~~~~~~~~~~~~~~~
Run number read from file: 4808

Job 13/30
Running trotta_elasticsJob.txt for 4808
Submitting batch
Parsing script ... (it may take while)
<jsub><request><index>29180027</index><jobIndex>59734952</jobIndex></request></jsub>
 
4808 has an AugerID of 59734952
~~~~~~~~~~~~~~~~~~~~~~~~~~~~~~~~~~~~~~~~~~~~~~~~~~~~~~~~~~~~~~~~~~~~~~~~~~~~~~~~~~~~~~~~~~~~~~~~~~
Run number read from file: 4809

Job 14/30
Running trotta_elasticsJob.txt for 4809
Submitting batch
Parsing script ... (it may take while)
<jsub><request><index>29180030</index><jobIndex>59734955</jobIndex></request></jsub>
 
4809 has an AugerID of 59734955
~~~~~~~~~~~~~~~~~~~~~~~~~~~~~~~~~~~~~~~~~~~~~~~~~~~~~~~~~~~~~~~~~~~~~~~~~~~~~~~~~~~~~~~~~~~~~~~~~~
Run number read from file: 4810

Job 15/30
Running trotta_elasticsJob.txt for 4810
Submitting batch
Parsing script ... (it may take while)
<jsub><request><index>29180034</index><jobIndex>59734959</jobIndex></request></jsub>
 
4810 has an AugerID of 59734959
~~~~~~~~~~~~~~~~~~~~~~~~~~~~~~~~~~~~~~~~~~~~~~~~~~~~~~~~~~~~~~~~~~~~~~~~~~~~~~~~~~~~~~~~~~~~~~~~~~
Run number read from file: 4811

Job 16/30
Running trotta_elasticsJob.txt for 4811
Submitting batch
Parsing script ... (it may take while)
<jsub><request><index>29180036</index><jobIndex>59734961</jobIndex></request></jsub>
 
4811 has an AugerID of 59734961
~~~~~~~~~~~~~~~~~~~~~~~~~~~~~~~~~~~~~~~~~~~~~~~~~~~~~~~~~~~~~~~~~~~~~~~~~~~~~~~~~~~~~~~~~~~~~~~~~~
Run number read from file: 4817

Job 17/30
Running trotta_elasticsJob.txt for 4817
Submitting batch
Parsing script ... (it may take while)
<jsub><request><index>29180037</index><jobIndex>59734962</jobIndex></request></jsub>
 
4817 has an AugerID of 59734962
~~~~~~~~~~~~~~~~~~~~~~~~~~~~~~~~~~~~~~~~~~~~~~~~~~~~~~~~~~~~~~~~~~~~~~~~~~~~~~~~~~~~~~~~~~~~~~~~~~
Run number read from file: 4816

Job 18/30
Running trotta_elasticsJob.txt for 4816
Submitting batch
Parsing script ... (it may take while)
<jsub><request><index>29180038</index><jobIndex>59734963</jobIndex></request></jsub>
 
4816 has an AugerID of 59734963
~~~~~~~~~~~~~~~~~~~~~~~~~~~~~~~~~~~~~~~~~~~~~~~~~~~~~~~~~~~~~~~~~~~~~~~~~~~~~~~~~~~~~~~~~~~~~~~~~~
Run number read from file: 4821

Job 19/30
Running trotta_elasticsJob.txt for 4821
Submitting batch
Parsing script ... (it may take while)
<jsub><request><index>29180039</index><jobIndex>59734964</jobIndex></request></jsub>
 
4821 has an AugerID of 59734964
~~~~~~~~~~~~~~~~~~~~~~~~~~~~~~~~~~~~~~~~~~~~~~~~~~~~~~~~~~~~~~~~~~~~~~~~~~~~~~~~~~~~~~~~~~~~~~~~~~
Run number read from file: 4790

Job 20/30
Running trotta_elasticsJob.txt for 4790
Submitting batch
Parsing script ... (it may take while)
<jsub><request><index>29180040</index><jobIndex>59734965</jobIndex></request></jsub>
 
4790 has an AugerID of 59734965
~~~~~~~~~~~~~~~~~~~~~~~~~~~~~~~~~~~~~~~~~~~~~~~~~~~~~~~~~~~~~~~~~~~~~~~~~~~~~~~~~~~~~~~~~~~~~~~~~~
Run number read from file: 4792

Job 21/30
Running trotta_elasticsJob.txt for 4792
Submitting batch
Parsing script ... (it may take while)
<jsub><request><index>29180041</index><jobIndex>59734966</jobIndex></request></jsub>
 
4792 has an AugerID of 59734966
~~~~~~~~~~~~~~~~~~~~~~~~~~~~~~~~~~~~~~~~~~~~~~~~~~~~~~~~~~~~~~~~~~~~~~~~~~~~~~~~~~~~~~~~~~~~~~~~~~
Run number read from file: 4794

Job 22/30
Running trotta_elasticsJob.txt for 4794
Submitting batch
Parsing script ... (it may take while)
<jsub><request><index>29180042</index><jobIndex>59734967</jobIndex></request></jsub>
 
4794 has an AugerID of 59734967
~~~~~~~~~~~~~~~~~~~~~~~~~~~~~~~~~~~~~~~~~~~~~~~~~~~~~~~~~~~~~~~~~~~~~~~~~~~~~~~~~~~~~~~~~~~~~~~~~~
Run number read from file: 4800

Job 23/30
Running trotta_elasticsJob.txt for 4800
Submitting batch
Parsing script ... (it may take while)
<jsub><request><index>29180043</index><jobIndex>59734968</jobIndex></request></jsub>
 
4800 has an AugerID of 59734968
~~~~~~~~~~~~~~~~~~~~~~~~~~~~~~~~~~~~~~~~~~~~~~~~~~~~~~~~~~~~~~~~~~~~~~~~~~~~~~~~~~~~~~~~~~~~~~~~~~
Run number read from file: 4801

Job 24/30
Running trotta_elasticsJob.txt for 4801
Submitting batch
Parsing script ... (it may take while)
<jsub><request><index>29180044</index><jobIndex>59734969</jobIndex></request></jsub>
 
4801 has an AugerID of 59734969
~~~~~~~~~~~~~~~~~~~~~~~~~~~~~~~~~~~~~~~~~~~~~~~~~~~~~~~~~~~~~~~~~~~~~~~~~~~~~~~~~~~~~~~~~~~~~~~~~~
Run number read from file: 4786

Job 25/30
Running trotta_elasticsJob.txt for 4786
Submitting batch
Parsing script ... (it may take while)
<jsub><request><index>29180045</index><jobIndex>59734970</jobIndex></request></jsub>
 
4786 has an AugerID of 59734970
~~~~~~~~~~~~~~~~~~~~~~~~~~~~~~~~~~~~~~~~~~~~~~~~~~~~~~~~~~~~~~~~~~~~~~~~~~~~~~~~~~~~~~~~~~~~~~~~~~
Run number read from file: 4813

Job 26/30
Running trotta_elasticsJob.txt for 4813
Submitting batch
Parsing script ... (it may take while)
<jsub><request><index>29180046</index><jobIndex>59734971</jobIndex></request></jsub>
 
4813 has an AugerID of 59734971
~~~~~~~~~~~~~~~~~~~~~~~~~~~~~~~~~~~~~~~~~~~~~~~~~~~~~~~~~~~~~~~~~~~~~~~~~~~~~~~~~~~~~~~~~~~~~~~~~~
Run number read from file: 4812

Job 27/30
Running trotta_elasticsJob.txt for 4812
Submitting batch
Parsing script ... (it may take while)
<jsub><request><index>29180047</index><jobIndex>59734972</jobIndex></request></jsub>
 
4812 has an AugerID of 59734972
~~~~~~~~~~~~~~~~~~~~~~~~~~~~~~~~~~~~~~~~~~~~~~~~~~~~~~~~~~~~~~~~~~~~~~~~~~~~~~~~~~~~~~~~~~~~~~~~~~
Run number read from file: 4814

Job 28/30
Running trotta_elasticsJob.txt for 4814
Submitting batch
Parsing script ... (it may take while)
<jsub><request><index>29180048</index><jobIndex>59734973</jobIndex></request></jsub>
 
4814 has an AugerID of 59734973
~~~~~~~~~~~~~~~~~~~~~~~~~~~~~~~~~~~~~~~~~~~~~~~~~~~~~~~~~~~~~~~~~~~~~~~~~~~~~~~~~~~~~~~~~~~~~~~~~~
Run number read from file: 4815

Job 29/30
Running trotta_elasticsJob.txt for 4815
Submitting batch
Parsing script ... (it may take while)
<jsub><request><index>29180049</index><jobIndex>59734974</jobIndex></request></jsub>
 
4815 has an AugerID of 59734974
~~~~~~~~~~~~~~~~~~~~~~~~~~~~~~~~~~~~~~~~~~~~~~~~~~~~~~~~~~~~~~~~~~~~~~~~~~~~~~~~~~~~~~~~~~~~~~~~~~
Run number read from file: 4822

Job 30/30
Running trotta_elasticsJob.txt for 4822
Submitting batch
Parsing script ... (it may take while)
<jsub><request><index>29180050</index><jobIndex>59734975</jobIndex></request></jsub>
 
4822 has an AugerID of 59734975
###############################################################################################################
############################################ END OF JOB SUBMISSIONS ###########################################
###############################################################################################################
 
4788 has an AugerID of 59734898
4789 has an AugerID of 59734901
4791 has an AugerID of 59734905
4793 has an AugerID of 59734913
4796 has an AugerID of 59734917
4797 has an AugerID of 59734921
4798 has an AugerID of 59734925
4799 has an AugerID of 59734929
4785 has an AugerID of 59734933
4787 has an AugerID of 59734936
4804 has an AugerID of 59734940
4805 has an AugerID of 59734944
4806 has an AugerID of 59734948
4808 has an AugerID of 59734952
4809 has an AugerID of 59734955
4810 has an AugerID of 59734959
4811 has an AugerID of 59734961
4817 has an AugerID of 59734962
4816 has an AugerID of 59734963
4821 has an AugerID of 59734964
4790 has an AugerID of 59734965
4792 has an AugerID of 59734966
4794 has an AugerID of 59734967
4800 has an AugerID of 59734968
4801 has an AugerID of 59734969
4786 has an AugerID of 59734970
4813 has an AugerID of 59734971
4812 has an AugerID of 59734972
4814 has an AugerID of 59734973
4815 has an AugerID of 59734974
4822 has an AugerID of 59734975
~~~~~~~~~~~~~~~~~~~~~~~~~~~~~~~~~~~~~~~~~~~~~~~~~~~~~~~~~~~~~~~~~~~~~~~~~~~~~~~~~~~~~~~~~~~~~~~~~~
JOB_ID    USER      STAT    QUEUE      EXEC_HOST   JOB_NAME         SUBMIT_TIME   CPU_TIME  WALLTIME  ACCOUNT    
59734933  trottar     A    priority    --         ...lastics_4785   Nov 06 21:18  --         --         hallc     
59734936  trottar     A    priority    --         ...lastics_4787   Nov 06 21:18  --         --         hallc     
59734940  trottar     A    priority    --         ...lastics_4804   Nov 06 21:19  --         --         hallc     
59734944  trottar     A    priority    --         ...lastics_4805   Nov 06 21:19  --         --         hallc     
59734948  trottar     A    priority    --         ...lastics_4806   Nov 06 21:19  --         --         hallc     
59734952  trottar     A    priority    --         ...lastics_4808   Nov 06 21:19  --         --         hallc     
59734955  trottar     A    priority    --         ...lastics_4809   Nov 06 21:19  --         --         hallc     
59734959  trottar     A    priority    --         ...lastics_4810   Nov 06 21:19  --         --         hallc     
59734961  trottar     A    priority    --         ...lastics_4811   Nov 06 21:19  --         --         hallc     
59734962  trottar     A    priority    --         ...lastics_4817   Nov 06 21:19  --         --         hallc     
59734963  trottar     A    priority    --         ...lastics_4816   Nov 06 21:19  --         --         hallc     
59734964  trottar     A    priority    --         ...lastics_4821   Nov 06 21:20  --         --         hallc     
59734965  trottar     A    priority    --         ...lastics_4790   Nov 06 21:20  --         --         hallc     
59734966  trottar     A    priority    --         ...lastics_4792   Nov 06 21:20  --         --         hallc     
59734967  trottar     A    priority    --         ...lastics_4794   Nov 06 21:20  --         --         hallc     
59734968  trottar     A    priority    --         ...lastics_4800   Nov 06 21:20  --         --         hallc     
59734969  trottar     A    priority    --         ...lastics_4801   Nov 06 21:20  --         --         hallc     
59734970  trottar     A    priority    --         ...lastics_4786   Nov 06 21:20  --         --         hallc     
59734971  trottar     A    priority    --         ...lastics_4813   Nov 06 21:20  --         --         hallc     
59734972  trottar     A    priority    --         ...lastics_4812   Nov 06 21:20  --         --         hallc     
59734973  trottar     A    priority    --         ...lastics_4814   Nov 06 21:21  --         --         hallc     
59734974  trottar     A    priority    --         ...lastics_4815   Nov 06 21:21  --         --         hallc     
59734975  trottar     A    priority    --         ...lastics_4822   Nov 06 21:21  --         --         hallc     
 
There are 23 jobs remaining
~~~~~~~~~~~~~~~~~~~~~~~~~~~~~~~~~~~~~~~~~~~~~~~~~~~~~~~~~~~~~~~~~~~~~~~~~~~~~~~~~~~~~~~~~~~~~~~~~~
JOB_ID    USER      STAT    QUEUE      EXEC_HOST   JOB_NAME         SUBMIT_TIME   CPU_TIME  WALLTIME  ACCOUNT    
59734933  trottar     R    priority    farm180248 ...lastics_4785   Nov 06 21:21  --         --         hallc     
59734936  trottar     R    priority    farm180248 ...lastics_4787   Nov 06 21:21  --         --         hallc     
59734940  trottar     R    priority    farm180248 ...lastics_4804   Nov 06 21:21  --         --         hallc     
59734944  trottar     R    priority    farm180248 ...lastics_4805   Nov 06 21:21  --         --         hallc     
59734948  trottar     R    priority    farm180226 ...lastics_4806   Nov 06 21:21  --         --         hallc     
59734952  trottar     R    priority    farm180226 ...lastics_4808   Nov 06 21:21  --         --         hallc     
59734955  trottar     R    priority    farm180226 ...lastics_4809   Nov 06 21:21  --         --         hallc     
59734959  trottar     R    priority    farm180213 ...lastics_4810   Nov 06 21:21  --         --         hallc     
59734961  trottar     A    priority    --         ...lastics_4811   Nov 06 21:19  --         --         hallc     
59734962  trottar     A    priority    --         ...lastics_4817   Nov 06 21:19  --         --         hallc     
59734963  trottar     A    priority    --         ...lastics_4816   Nov 06 21:19  --         --         hallc     
59734964  trottar     A    priority    --         ...lastics_4821   Nov 06 21:20  --         --         hallc     
59734965  trottar     A    priority    --         ...lastics_4790   Nov 06 21:20  --         --         hallc     
59734966  trottar     A    priority    --         ...lastics_4792   Nov 06 21:20  --         --         hallc     
59734967  trottar     A    priority    --         ...lastics_4794   Nov 06 21:20  --         --         hallc     
59734968  trottar     A    priority    --         ...lastics_4800   Nov 06 21:20  --         --         hallc     
59734969  trottar     A    priority    --         ...lastics_4801   Nov 06 21:20  --         --         hallc     
59734970  trottar     A    priority    --         ...lastics_4786   Nov 06 21:20  --         --         hallc     
59734971  trottar     A    priority    --         ...lastics_4813   Nov 06 21:20  --         --         hallc     
59734972  trottar     A    priority    --         ...lastics_4812   Nov 06 21:20  --         --         hallc     
59734973  trottar     A    priority    --         ...lastics_4814   Nov 06 21:21  --         --         hallc     
59734974  trottar     A    priority    --         ...lastics_4815   Nov 06 21:21  --         --         hallc     
59734975  trottar     A    priority    --         ...lastics_4822   Nov 06 21:21  --         --         hallc     
 
There are 23 jobs remaining
~~~~~~~~~~~~~~~~~~~~~~~~~~~~~~~~~~~~~~~~~~~~~~~~~~~~~~~~~~~~~~~~~~~~~~~~~~~~~~~~~~~~~~~~~~~~~~~~~~
JOB_ID    USER      STAT    QUEUE      EXEC_HOST   JOB_NAME         SUBMIT_TIME   CPU_TIME  WALLTIME  ACCOUNT    
59734933  trottar     R    priority    farm180248 ...lastics_4785   Nov 06 21:21  --         --         hallc     
59734940  trottar     R    priority    farm180248 ...lastics_4804   Nov 06 21:21  --         --         hallc     
59734948  trottar     R    priority    farm180226 ...lastics_4806   Nov 06 21:21  --         --         hallc     
59734955  trottar     R    priority    farm180226 ...lastics_4809   Nov 06 21:21  --         --         hallc     
59734959  trottar     R    priority    farm180213 ...lastics_4810   Nov 06 21:21  --         --         hallc     
59734961  trottar     A    priority    --         ...lastics_4811   Nov 06 21:19  --         --         hallc     
59734962  trottar     A    priority    --         ...lastics_4817   Nov 06 21:19  --         --         hallc     
59734963  trottar     A    priority    --         ...lastics_4816   Nov 06 21:19  --         --         hallc     
59734964  trottar     A    priority    --         ...lastics_4821   Nov 06 21:20  --         --         hallc     
59734965  trottar     A    priority    --         ...lastics_4790   Nov 06 21:20  --         --         hallc     
59734966  trottar     A    priority    --         ...lastics_4792   Nov 06 21:20  --         --         hallc     
59734967  trottar     A    priority    --         ...lastics_4794   Nov 06 21:20  --         --         hallc     
59734968  trottar     A    priority    --         ...lastics_4800   Nov 06 21:20  --         --         hallc     
59734969  trottar     A    priority    --         ...lastics_4801   Nov 06 21:20  --         --         hallc     
59734970  trottar     A    priority    --         ...lastics_4786   Nov 06 21:20  --         --         hallc     
59734971  trottar     A    priority    --         ...lastics_4813   Nov 06 21:20  --         --         hallc     
59734972  trottar     A    priority    --         ...lastics_4812   Nov 06 21:20  --         --         hallc     
59734973  trottar     A    priority    --         ...lastics_4814   Nov 06 21:21  --         --         hallc     
59734974  trottar     A    priority    --         ...lastics_4815   Nov 06 21:21  --         --         hallc     
59734975  trottar     A    priority    --         ...lastics_4822   Nov 06 21:21  --         --         hallc     
 
There are 20 jobs remaining
~~~~~~~~~~~~~~~~~~~~~~~~~~~~~~~~~~~~~~~~~~~~~~~~~~~~~~~~~~~~~~~~~~~~~~~~~~~~~~~~~~~~~~~~~~~~~~~~~~
JOB_ID    USER      STAT    QUEUE      EXEC_HOST   JOB_NAME         SUBMIT_TIME   CPU_TIME  WALLTIME  ACCOUNT    
59734959  trottar     R    priority    farm180213 ...lastics_4810   Nov 06 21:21  --         --         hallc     
59734961  trottar     A    priority    --         ...lastics_4811   Nov 06 21:19  --         --         hallc     
59734962  trottar     A    priority    --         ...lastics_4817   Nov 06 21:19  --         --         hallc     
59734963  trottar     A    priority    --         ...lastics_4816   Nov 06 21:19  --         --         hallc     
59734964  trottar     A    priority    --         ...lastics_4821   Nov 06 21:20  --         --         hallc     
59734965  trottar     A    priority    --         ...lastics_4790   Nov 06 21:20  --         --         hallc     
59734966  trottar     A    priority    --         ...lastics_4792   Nov 06 21:20  --         --         hallc     
59734967  trottar     A    priority    --         ...lastics_4794   Nov 06 21:20  --         --         hallc     
59734968  trottar     A    priority    --         ...lastics_4800   Nov 06 21:20  --         --         hallc     
59734969  trottar     A    priority    --         ...lastics_4801   Nov 06 21:20  --         --         hallc     
59734970  trottar     A    priority    --         ...lastics_4786   Nov 06 21:20  --         --         hallc     
59734971  trottar     A    priority    --         ...lastics_4813   Nov 06 21:20  --         --         hallc     
59734972  trottar     A    priority    --         ...lastics_4812   Nov 06 21:20  --         --         hallc     
59734973  trottar     A    priority    --         ...lastics_4814   Nov 06 21:21  --         --         hallc     
59734974  trottar     A    priority    --         ...lastics_4815   Nov 06 21:21  --         --         hallc     
59734975  trottar     A    priority    --         ...lastics_4822   Nov 06 21:21  --         --         hallc     
 
There are 15 jobs remaining
~~~~~~~~~~~~~~~~~~~~~~~~~~~~~~~~~~~~~~~~~~~~~~~~~~~~~~~~~~~~~~~~~~~~~~~~~~~~~~~~~~~~~~~~~~~~~~~~~~
JOB_ID    USER      STAT    QUEUE      EXEC_HOST   JOB_NAME         SUBMIT_TIME   CPU_TIME  WALLTIME  ACCOUNT    
59734961  trottar     A    priority    --         ...lastics_4811   Nov 06 21:19  --         --         hallc     
59734962  trottar     A    priority    --         ...lastics_4817   Nov 06 21:19  --         --         hallc     
59734963  trottar     A    priority    --         ...lastics_4816   Nov 06 21:19  --         --         hallc     
59734964  trottar     A    priority    --         ...lastics_4821   Nov 06 21:20  --         --         hallc     
59734965  trottar     A    priority    --         ...lastics_4790   Nov 06 21:20  --         --         hallc     
59734966  trottar     A    priority    --         ...lastics_4792   Nov 06 21:20  --         --         hallc     
59734967  trottar     A    priority    --         ...lastics_4794   Nov 06 21:20  --         --         hallc     
59734968  trottar     A    priority    --         ...lastics_4800   Nov 06 21:20  --         --         hallc     
59734969  trottar     A    priority    --         ...lastics_4801   Nov 06 21:20  --         --         hallc     
59734970  trottar     A    priority    --         ...lastics_4786   Nov 06 21:20  --         --         hallc     
59734971  trottar     A    priority    --         ...lastics_4813   Nov 06 21:20  --         --         hallc     
59734972  trottar     A    priority    --         ...lastics_4812   Nov 06 21:20  --         --         hallc     
59734973  trottar     A    priority    --         ...lastics_4814   Nov 06 21:21  --         --         hallc     
59734974  trottar     A    priority    --         ...lastics_4815   Nov 06 21:21  --         --         hallc     
59734975  trottar     A    priority    --         ...lastics_4822   Nov 06 21:21  --         --         hallc     
 
There are 15 jobs remaining
~~~~~~~~~~~~~~~~~~~~~~~~~~~~~~~~~~~~~~~~~~~~~~~~~~~~~~~~~~~~~~~~~~~~~~~~~~~~~~~~~~~~~~~~~~~~~~~~~~
JOB_ID    USER      STAT    QUEUE      EXEC_HOST   JOB_NAME         SUBMIT_TIME   CPU_TIME  WALLTIME  ACCOUNT    
59734961  trottar     A    priority    --         ...lastics_4811   Nov 06 21:19  --         --         hallc     
59734962  trottar     A    priority    --         ...lastics_4817   Nov 06 21:19  --         --         hallc     
59734963  trottar     A    priority    --         ...lastics_4816   Nov 06 21:19  --         --         hallc     
59734964  trottar     A    priority    --         ...lastics_4821   Nov 06 21:20  --         --         hallc     
59734965  trottar     A    priority    --         ...lastics_4790   Nov 06 21:20  --         --         hallc     
59734966  trottar     A    priority    --         ...lastics_4792   Nov 06 21:20  --         --         hallc     
59734967  trottar     A    priority    --         ...lastics_4794   Nov 06 21:20  --         --         hallc     
59734968  trottar     A    priority    --         ...lastics_4800   Nov 06 21:20  --         --         hallc     
59734969  trottar     A    priority    --         ...lastics_4801   Nov 06 21:20  --         --         hallc     
59734970  trottar     A    priority    --         ...lastics_4786   Nov 06 21:20  --         --         hallc     
59734971  trottar     A    priority    --         ...lastics_4813   Nov 06 21:20  --         --         hallc     
59734972  trottar     A    priority    --         ...lastics_4812   Nov 06 21:20  --         --         hallc     
59734973  trottar     A    priority    --         ...lastics_4814   Nov 06 21:21  --         --         hallc     
59734974  trottar     A    priority    --         ...lastics_4815   Nov 06 21:21  --         --         hallc     
59734975  trottar     A    priority    --         ...lastics_4822   Nov 06 21:21  --         --         hallc     
 
There are 15 jobs remaining
~~~~~~~~~~~~~~~~~~~~~~~~~~~~~~~~~~~~~~~~~~~~~~~~~~~~~~~~~~~~~~~~~~~~~~~~~~~~~~~~~~~~~~~~~~~~~~~~~~
JOB_ID    USER      STAT    QUEUE      EXEC_HOST   JOB_NAME         SUBMIT_TIME   CPU_TIME  WALLTIME  ACCOUNT    
59734961  trottar     A    priority    --         ...lastics_4811   Nov 06 21:19  --         --         hallc     
59734962  trottar     A    priority    --         ...lastics_4817   Nov 06 21:19  --         --         hallc     
59734963  trottar     A    priority    --         ...lastics_4816   Nov 06 21:19  --         --         hallc     
59734964  trottar     A    priority    --         ...lastics_4821   Nov 06 21:20  --         --         hallc     
59734965  trottar     A    priority    --         ...lastics_4790   Nov 06 21:20  --         --         hallc     
59734966  trottar     A    priority    --         ...lastics_4792   Nov 06 21:20  --         --         hallc     
59734967  trottar     A    priority    --         ...lastics_4794   Nov 06 21:20  --         --         hallc     
59734968  trottar     A    priority    --         ...lastics_4800   Nov 06 21:20  --         --         hallc     
59734969  trottar     A    priority    --         ...lastics_4801   Nov 06 21:20  --         --         hallc     
59734970  trottar     A    priority    --         ...lastics_4786   Nov 06 21:20  --         --         hallc     
59734971  trottar     A    priority    --         ...lastics_4813   Nov 06 21:20  --         --         hallc     
59734972  trottar     A    priority    --         ...lastics_4812   Nov 06 21:20  --         --         hallc     
59734973  trottar     A    priority    --         ...lastics_4814   Nov 06 21:21  --         --         hallc     
59734974  trottar     A    priority    --         ...lastics_4815   Nov 06 21:21  --         --         hallc     
59734975  trottar     A    priority    --         ...lastics_4822   Nov 06 21:21  --         --         hallc     
 
There are 15 jobs remaining
~~~~~~~~~~~~~~~~~~~~~~~~~~~~~~~~~~~~~~~~~~~~~~~~~~~~~~~~~~~~~~~~~~~~~~~~~~~~~~~~~~~~~~~~~~~~~~~~~~
JOB_ID    USER      STAT    QUEUE      EXEC_HOST   JOB_NAME         SUBMIT_TIME   CPU_TIME  WALLTIME  ACCOUNT    
59734961  trottar     A    priority    --         ...lastics_4811   Nov 06 21:19  --         --         hallc     
59734962  trottar     A    priority    --         ...lastics_4817   Nov 06 21:19  --         --         hallc     
59734963  trottar     A    priority    --         ...lastics_4816   Nov 06 21:19  --         --         hallc     
59734964  trottar     A    priority    --         ...lastics_4821   Nov 06 21:20  --         --         hallc     
59734965  trottar     A    priority    --         ...lastics_4790   Nov 06 21:20  --         --         hallc     
59734966  trottar     A    priority    --         ...lastics_4792   Nov 06 21:20  --         --         hallc     
59734967  trottar     A    priority    --         ...lastics_4794   Nov 06 21:20  --         --         hallc     
59734968  trottar     A    priority    --         ...lastics_4800   Nov 06 21:20  --         --         hallc     
59734969  trottar     A    priority    --         ...lastics_4801   Nov 06 21:20  --         --         hallc     
59734970  trottar     A    priority    --         ...lastics_4786   Nov 06 21:20  --         --         hallc     
59734971  trottar     A    priority    --         ...lastics_4813   Nov 06 21:20  --         --         hallc     
59734972  trottar     A    priority    --         ...lastics_4812   Nov 06 21:20  --         --         hallc     
59734973  trottar     A    priority    --         ...lastics_4814   Nov 06 21:21  --         --         hallc     
59734974  trottar     A    priority    --         ...lastics_4815   Nov 06 21:21  --         --         hallc     
59734975  trottar     A    priority    --         ...lastics_4822   Nov 06 21:21  --         --         hallc     
 
There are 15 jobs remaining
~~~~~~~~~~~~~~~~~~~~~~~~~~~~~~~~~~~~~~~~~~~~~~~~~~~~~~~~~~~~~~~~~~~~~~~~~~~~~~~~~~~~~~~~~~~~~~~~~~
JOB_ID    USER      STAT    QUEUE      EXEC_HOST   JOB_NAME         SUBMIT_TIME   CPU_TIME  WALLTIME  ACCOUNT    
59734961  trottar     A    priority    --         ...lastics_4811   Nov 06 21:19  --         --         hallc     
59734962  trottar     A    priority    --         ...lastics_4817   Nov 06 21:19  --         --         hallc     
59734963  trottar     A    priority    --         ...lastics_4816   Nov 06 21:19  --         --         hallc     
59734964  trottar     A    priority    --         ...lastics_4821   Nov 06 21:20  --         --         hallc     
59734965  trottar     A    priority    --         ...lastics_4790   Nov 06 21:20  --         --         hallc     
59734966  trottar     A    priority    --         ...lastics_4792   Nov 06 21:20  --         --         hallc     
59734967  trottar     A    priority    --         ...lastics_4794   Nov 06 21:20  --         --         hallc     
59734968  trottar     A    priority    --         ...lastics_4800   Nov 06 21:20  --         --         hallc     
59734969  trottar     A    priority    --         ...lastics_4801   Nov 06 21:20  --         --         hallc     
59734970  trottar     A    priority    --         ...lastics_4786   Nov 06 21:20  --         --         hallc     
59734971  trottar     A    priority    --         ...lastics_4813   Nov 06 21:20  --         --         hallc     
59734972  trottar     A    priority    --         ...lastics_4812   Nov 06 21:20  --         --         hallc     
59734973  trottar     A    priority    --         ...lastics_4814   Nov 06 21:21  --         --         hallc     
59734974  trottar     A    priority    --         ...lastics_4815   Nov 06 21:21  --         --         hallc     
59734975  trottar     A    priority    --         ...lastics_4822   Nov 06 21:21  --         --         hallc     
 
There are 9 jobs remaining
~~~~~~~~~~~~~~~~~~~~~~~~~~~~~~~~~~~~~~~~~~~~~~~~~~~~~~~~~~~~~~~~~~~~~~~~~~~~~~~~~~~~~~~~~~~~~~~~~~
JOB_ID    USER      STAT    QUEUE      EXEC_HOST   JOB_NAME         SUBMIT_TIME   CPU_TIME  WALLTIME  ACCOUNT    
59734961  trottar     R    priority    farm180248 ...lastics_4811   Nov 06 21:24  --         --         hallc     
59734962  trottar     R    priority    farm180248 ...lastics_4817   Nov 06 21:24  --         --         hallc     
59734963  trottar     R    priority    farm180248 ...lastics_4816   Nov 06 21:24  --         --         hallc     
59734964  trottar     R    priority    farm180248 ...lastics_4821   Nov 06 21:24  --         --         hallc     
59734965  trottar     R    priority    farm180226 ...lastics_4790   Nov 06 21:24  --         --         hallc     
59734966  trottar     R    priority    farm180226 ...lastics_4792   Nov 06 21:24  --         --         hallc     
59734967  trottar     R    priority    farm180226 ...lastics_4794   Nov 06 21:24  --         --         hallc     
59734968  trottar     R    priority    farm180213 ...lastics_4800   Nov 06 21:24  --         --         hallc     
59734969  trottar     A    priority    --         ...lastics_4801   Nov 06 21:20  --         --         hallc     
59734970  trottar     A    priority    --         ...lastics_4786   Nov 06 21:20  --         --         hallc     
59734971  trottar     A    priority    --         ...lastics_4813   Nov 06 21:20  --         --         hallc     
59734972  trottar     A    priority    --         ...lastics_4812   Nov 06 21:20  --         --         hallc     
59734973  trottar     A    priority    --         ...lastics_4814   Nov 06 21:21  --         --         hallc     
59734974  trottar     A    priority    --         ...lastics_4815   Nov 06 21:21  --         --         hallc     
59734975  trottar     A    priority    --         ...lastics_4822   Nov 06 21:21  --         --         hallc     
 
There are 15 jobs remaining
~~~~~~~~~~~~~~~~~~~~~~~~~~~~~~~~~~~~~~~~~~~~~~~~~~~~~~~~~~~~~~~~~~~~~~~~~~~~~~~~~~~~~~~~~~~~~~~~~~
JOB_ID    USER      STAT    QUEUE      EXEC_HOST   JOB_NAME         SUBMIT_TIME   CPU_TIME  WALLTIME  ACCOUNT    
59734967  trottar     E    priority    farm180226 ...lastics_4794   Nov 06 21:24  00:00:19   00:00:25   hallc     
59734969  trottar     A    priority    --         ...lastics_4801   Nov 06 21:20  --         --         hallc     
59734970  trottar     A    priority    --         ...lastics_4786   Nov 06 21:20  --         --         hallc     
59734971  trottar     A    priority    --         ...lastics_4813   Nov 06 21:20  --         --         hallc     
59734972  trottar     A    priority    --         ...lastics_4812   Nov 06 21:20  --         --         hallc     
59734973  trottar     A    priority    --         ...lastics_4814   Nov 06 21:21  --         --         hallc     
59734974  trottar     A    priority    --         ...lastics_4815   Nov 06 21:21  --         --         hallc     
59734975  trottar     A    priority    --         ...lastics_4822   Nov 06 21:21  --         --         hallc     
 
There are 7 jobs remaining
~~~~~~~~~~~~~~~~~~~~~~~~~~~~~~~~~~~~~~~~~~~~~~~~~~~~~~~~~~~~~~~~~~~~~~~~~~~~~~~~~~~~~~~~~~~~~~~~~~
JOB_ID    USER      STAT    QUEUE      EXEC_HOST   JOB_NAME         SUBMIT_TIME   CPU_TIME  WALLTIME  ACCOUNT    
59734969  trottar     A    priority    --         ...lastics_4801   Nov 06 21:20  --         --         hallc     
59734970  trottar     A    priority    --         ...lastics_4786   Nov 06 21:20  --         --         hallc     
59734971  trottar     A    priority    --         ...lastics_4813   Nov 06 21:20  --         --         hallc     
59734972  trottar     A    priority    --         ...lastics_4812   Nov 06 21:20  --         --         hallc     
59734973  trottar     A    priority    --         ...lastics_4814   Nov 06 21:21  --         --         hallc     
59734974  trottar     A    priority    --         ...lastics_4815   Nov 06 21:21  --         --         hallc     
59734975  trottar     A    priority    --         ...lastics_4822   Nov 06 21:21  --         --         hallc     
 
There are 7 jobs remaining
~~~~~~~~~~~~~~~~~~~~~~~~~~~~~~~~~~~~~~~~~~~~~~~~~~~~~~~~~~~~~~~~~~~~~~~~~~~~~~~~~~~~~~~~~~~~~~~~~~
JOB_ID    USER      STAT    QUEUE      EXEC_HOST   JOB_NAME         SUBMIT_TIME   CPU_TIME  WALLTIME  ACCOUNT    
59734969  trottar     A    priority    --         ...lastics_4801   Nov 06 21:20  --         --         hallc     
59734970  trottar     A    priority    --         ...lastics_4786   Nov 06 21:20  --         --         hallc     
59734971  trottar     A    priority    --         ...lastics_4813   Nov 06 21:20  --         --         hallc     
59734972  trottar     A    priority    --         ...lastics_4812   Nov 06 21:20  --         --         hallc     
59734973  trottar     A    priority    --         ...lastics_4814   Nov 06 21:21  --         --         hallc     
59734974  trottar     A    priority    --         ...lastics_4815   Nov 06 21:21  --         --         hallc     
59734975  trottar     A    priority    --         ...lastics_4822   Nov 06 21:21  --         --         hallc     
 
There are 7 jobs remaining
~~~~~~~~~~~~~~~~~~~~~~~~~~~~~~~~~~~~~~~~~~~~~~~~~~~~~~~~~~~~~~~~~~~~~~~~~~~~~~~~~~~~~~~~~~~~~~~~~~
JOB_ID    USER      STAT    QUEUE      EXEC_HOST   JOB_NAME         SUBMIT_TIME   CPU_TIME  WALLTIME  ACCOUNT    
59734969  trottar     A    priority    --         ...lastics_4801   Nov 06 21:20  --         --         hallc     
59734970  trottar     A    priority    --         ...lastics_4786   Nov 06 21:20  --         --         hallc     
59734971  trottar     A    priority    --         ...lastics_4813   Nov 06 21:20  --         --         hallc     
59734972  trottar     A    priority    --         ...lastics_4812   Nov 06 21:20  --         --         hallc     
59734973  trottar     A    priority    --         ...lastics_4814   Nov 06 21:21  --         --         hallc     
59734974  trottar     A    priority    --         ...lastics_4815   Nov 06 21:21  --         --         hallc     
59734975  trottar     A    priority    --         ...lastics_4822   Nov 06 21:21  --         --         hallc     
 
There are 7 jobs remaining
~~~~~~~~~~~~~~~~~~~~~~~~~~~~~~~~~~~~~~~~~~~~~~~~~~~~~~~~~~~~~~~~~~~~~~~~~~~~~~~~~~~~~~~~~~~~~~~~~~
JOB_ID    USER      STAT    QUEUE      EXEC_HOST   JOB_NAME         SUBMIT_TIME   CPU_TIME  WALLTIME  ACCOUNT    
59734969  trottar     A    priority    --         ...lastics_4801   Nov 06 21:20  --         --         hallc     
59734970  trottar     A    priority    --         ...lastics_4786   Nov 06 21:20  --         --         hallc     
59734971  trottar     A    priority    --         ...lastics_4813   Nov 06 21:20  --         --         hallc     
59734972  trottar     A    priority    --         ...lastics_4812   Nov 06 21:20  --         --         hallc     
59734973  trottar     A    priority    --         ...lastics_4814   Nov 06 21:21  --         --         hallc     
59734974  trottar     A    priority    --         ...lastics_4815   Nov 06 21:21  --         --         hallc     
59734975  trottar     A    priority    --         ...lastics_4822   Nov 06 21:21  --         --         hallc     
 
There are 7 jobs remaining
~~~~~~~~~~~~~~~~~~~~~~~~~~~~~~~~~~~~~~~~~~~~~~~~~~~~~~~~~~~~~~~~~~~~~~~~~~~~~~~~~~~~~~~~~~~~~~~~~~
JOB_ID    USER      STAT    QUEUE      EXEC_HOST   JOB_NAME         SUBMIT_TIME   CPU_TIME  WALLTIME  ACCOUNT    
59734969  trottar     A    priority    --         ...lastics_4801   Nov 06 21:20  --         --         hallc     
59734970  trottar     A    priority    --         ...lastics_4786   Nov 06 21:20  --         --         hallc     
59734971  trottar     A    priority    --         ...lastics_4813   Nov 06 21:20  --         --         hallc     
59734972  trottar     A    priority    --         ...lastics_4812   Nov 06 21:20  --         --         hallc     
59734973  trottar     A    priority    --         ...lastics_4814   Nov 06 21:21  --         --         hallc     
59734974  trottar     A    priority    --         ...lastics_4815   Nov 06 21:21  --         --         hallc     
59734975  trottar     A    priority    --         ...lastics_4822   Nov 06 21:21  --         --         hallc     
 
There are 7 jobs remaining
~~~~~~~~~~~~~~~~~~~~~~~~~~~~~~~~~~~~~~~~~~~~~~~~~~~~~~~~~~~~~~~~~~~~~~~~~~~~~~~~~~~~~~~~~~~~~~~~~~
JOB_ID    USER      STAT    QUEUE      EXEC_HOST   JOB_NAME         SUBMIT_TIME   CPU_TIME  WALLTIME  ACCOUNT    
59734969  trottar     R    priority    farm180248 ...lastics_4801   Nov 06 21:26  --         --         hallc     
59734970  trottar     R    priority    farm180248 ...lastics_4786   Nov 06 21:26  --         --         hallc     
59734971  trottar     R    priority    farm180248 ...lastics_4813   Nov 06 21:26  --         --         hallc     
59734972  trottar     R    priority    farm180248 ...lastics_4812   Nov 06 21:26  --         --         hallc     
59734973  trottar     R    priority    farm180226 ...lastics_4814   Nov 06 21:26  --         --         hallc     
59734974  trottar     R    priority    farm180226 ...lastics_4815   Nov 06 21:26  --         --         hallc     
59734975  trottar     R    priority    farm180226 ...lastics_4822   Nov 06 21:26  --         --         hallc     
 
There are 7 jobs remaining
~~~~~~~~~~~~~~~~~~~~~~~~~~~~~~~~~~~~~~~~~~~~~~~~~~~~~~~~~~~~~~~~~~~~~~~~~~~~~~~~~~~~~~~~~~~~~~~~~~
JOB_ID    USER      STAT    QUEUE      EXEC_HOST   JOB_NAME         SUBMIT_TIME   CPU_TIME  WALLTIME  ACCOUNT    
59734974  trottar     R    priority    farm180226 ...lastics_4815   Nov 06 21:26  --         --         hallc     
59734975  trottar     E    priority    farm180226 ...lastics_4822   Nov 06 21:26  00:00:21   00:00:22   hallc     
 
There are 2 jobs remaining
~~~~~~~~~~~~~~~~~~~~~~~~~~~~~~~~~~~~~~~~~~~~~~~~~~~~~~~~~~~~~~~~~~~~~~~~~~~~~~~~~~~~~~~~~~~~~~~~~~
JOB_ID    USER      STAT    QUEUE      EXEC_HOST   JOB_NAME         SUBMIT_TIME   CPU_TIME  WALLTIME  ACCOUNT    
59734974  trottar     R    priority    farm180226 ...lastics_4815   Nov 06 21:26  --         --         hallc     
 
There are 1 jobs remaining
~~~~~~~~~~~~~~~~~~~~~~~~~~~~~~~~~~~~~~~~~~~~~~~~~~~~~~~~~~~~~~~~~~~~~~~~~~~~~~~~~~~~~~~~~~~~~~~~~~
JOB_ID    USER      STAT    QUEUE      EXEC_HOST   JOB_NAME         SUBMIT_TIME   CPU_TIME  WALLTIME  ACCOUNT    
59734974  trottar     R    priority    farm180226 ...lastics_4815   Nov 06 21:26  --         --         hallc     
 
There are 1 jobs remaining
~~~~~~~~~~~~~~~~~~~~~~~~~~~~~~~~~~~~~~~~~~~~~~~~~~~~~~~~~~~~~~~~~~~~~~~~~~~~~~~~~~~~~~~~~~~~~~~~~~
JOB_ID    USER      STAT    QUEUE      EXEC_HOST   JOB_NAME         SUBMIT_TIME   CPU_TIME  WALLTIME  ACCOUNT    
 
There are 0 jobs remaining
~~~~~~~~~~~~~~~~~~~~~~~~~~~~~~~~~~~~~~~~~~~~~~~~~~~~~~~~~~~~~~~~~~~~~~~~~~~~~~~~~~~~~~~~~~~~~~~~~~
ID-59734898 (run 4788) is ready to print to file
ID-59734901 (run 4789) is ready to print to file
ID-59734905 (run 4791) is ready to print to file
ID-59734913 (run 4793) is ready to print to file
ID-59734917 (run 4796) is ready to print to file
ID-59734921 (run 4797) is ready to print to file
ID-59734925 (run 4798) is ready to print to file
ID-59734929 (run 4799) is ready to print to file
ID-59734933 (run 4785) is ready to print to file
ID-59734936 (run 4787) is ready to print to file
ID-59734940 (run 4804) is ready to print to file
ID-59734944 (run 4805) is ready to print to file
ID-59734948 (run 4806) is ready to print to file
ID-59734952 (run 4808) is ready to print to file
ID-59734955 (run 4809) is ready to print to file
ID-59734959 (run 4810) is ready to print to file
ID-59734961 (run 4811) is ready to print to file
ID-59734962 (run 4817) is ready to print to file
ID-59734963 (run 4816) is ready to print to file
ID-59734964 (run 4821) is ready to print to file
ID-59734965 (run 4790) is ready to print to file
ID-59734966 (run 4792) is ready to print to file
ID-59734967 (run 4794) is ready to print to file
ID-59734968 (run 4800) is ready to print to file
ID-59734969 (run 4801) is ready to print to file
ID-59734970 (run 4786) is ready to print to file
ID-59734971 (run 4813) is ready to print to file
ID-59734972 (run 4812) is ready to print to file
ID-59734973 (run 4814) is ready to print to file
ID-59734974 (run 4815) is ready to print to file
ID-59734975 (run 4822) is ready to print to file
