~~~~~~~~~~~~~~~~~~~~~~~~~~~~~~~~~~~~~~~~~~~~~~~~~~~~~~~~~~~~~~~~~~~~~~~~~~~~~~~~~~~~~~~~~~~~~~~~~~~~~~~~~~~~~
Run number read from file: 5158

Job 1/1
Running trotta_lumiscanJob.txt for 5158
Submitting batch
Parsing script ... (it may take while)
<jsub><request><index>30310802</index><jobIndex>63307790</jobIndex></request></jsub>
 
5158 has an AugerID of 63307790
~~~~~~~~~~~~~~~~~~~~~~~~~~~~~~~~~~~~~~~~~~~~~~~~~~~~~~~~~~~~~~~~~~~~~~~~~~~~~~~~~~~~~~~~~~~~~~~~~~~~~~~~~~~~~
 
###############################################################################################################
############################################ END OF JOB SUBMISSIONS ###########################################
###############################################################################################################
 
5158 has an AugerID of 63307790
~~~~~~~~~~~~~~~~~~~~~~~~~~~~~~~~~~~~~~~~~~~~~~~~~~~~~~~~~~~~~~~~~~~~~~~~~~~~~~~~~~~~~~~~~~~~~~~~~~~~~~~~~~~~~
JOB_ID    USER      STAT    QUEUE      EXEC_HOST   JOB_NAME         SUBMIT_TIME   CPU_TIME  WALLTIME  ACCOUNT    
 
There is 1 job remaining
~~~~~~~~~~~~~~~~~~~~~~~~~~~~~~~~~~~~~~~~~~~~~~~~~~~~~~~~~~~~~~~~~~~~~~~~~~~~~~~~~~~~~~~~~~~~~~~~~~~~~~~~~~~~~
JOB_ID    USER      STAT    QUEUE      EXEC_HOST   JOB_NAME         SUBMIT_TIME   CPU_TIME  WALLTIME  ACCOUNT    
63307790  trottar     R    priority    farm180214 ...umiscan_5158   Feb 07 12:47  --         --         hallc     
 
There is 1 job remaining
~~~~~~~~~~~~~~~~~~~~~~~~~~~~~~~~~~~~~~~~~~~~~~~~~~~~~~~~~~~~~~~~~~~~~~~~~~~~~~~~~~~~~~~~~~~~~~~~~~~~~~~~~~~~~
JOB_ID    USER      STAT    QUEUE      EXEC_HOST   JOB_NAME         SUBMIT_TIME   CPU_TIME  WALLTIME  ACCOUNT    
63307790  trottar     R    priority    farm180214 ...umiscan_5158   Feb 07 12:47  00:00:05   00:01:50   hallc     
 
There is 1 job remaining
~~~~~~~~~~~~~~~~~~~~~~~~~~~~~~~~~~~~~~~~~~~~~~~~~~~~~~~~~~~~~~~~~~~~~~~~~~~~~~~~~~~~~~~~~~~~~~~~~~~~~~~~~~~~~
JOB_ID    USER      STAT    QUEUE      EXEC_HOST   JOB_NAME         SUBMIT_TIME   CPU_TIME  WALLTIME  ACCOUNT    
63307790  trottar     R    priority    farm180214 ...umiscan_5158   Feb 07 12:47  00:00:05   00:01:50   hallc     
 
There is 1 job remaining
~~~~~~~~~~~~~~~~~~~~~~~~~~~~~~~~~~~~~~~~~~~~~~~~~~~~~~~~~~~~~~~~~~~~~~~~~~~~~~~~~~~~~~~~~~~~~~~~~~~~~~~~~~~~~
JOB_ID    USER      STAT    QUEUE      EXEC_HOST   JOB_NAME         SUBMIT_TIME   CPU_TIME  WALLTIME  ACCOUNT    
63307790  trottar     R    priority    farm180214 ...umiscan_5158   Feb 07 12:47  00:02:00   00:05:35   hallc     
 
There is 1 job remaining
~~~~~~~~~~~~~~~~~~~~~~~~~~~~~~~~~~~~~~~~~~~~~~~~~~~~~~~~~~~~~~~~~~~~~~~~~~~~~~~~~~~~~~~~~~~~~~~~~~~~~~~~~~~~~
JOB_ID    USER      STAT    QUEUE      EXEC_HOST   JOB_NAME         SUBMIT_TIME   CPU_TIME  WALLTIME  ACCOUNT    
63307790  trottar     R    priority    farm180214 ...umiscan_5158   Feb 07 12:47  00:04:16   00:07:50   hallc     
 
There is 1 job remaining
~~~~~~~~~~~~~~~~~~~~~~~~~~~~~~~~~~~~~~~~~~~~~~~~~~~~~~~~~~~~~~~~~~~~~~~~~~~~~~~~~~~~~~~~~~~~~~~~~~~~~~~~~~~~~
JOB_ID    USER      STAT    QUEUE      EXEC_HOST   JOB_NAME         SUBMIT_TIME   CPU_TIME  WALLTIME  ACCOUNT    
63307790  trottar     R    priority    farm180214 ...umiscan_5158   Feb 07 12:47  00:06:31   00:10:05   hallc     
 
There is 1 job remaining
~~~~~~~~~~~~~~~~~~~~~~~~~~~~~~~~~~~~~~~~~~~~~~~~~~~~~~~~~~~~~~~~~~~~~~~~~~~~~~~~~~~~~~~~~~~~~~~~~~~~~~~~~~~~~
JOB_ID    USER      STAT    QUEUE      EXEC_HOST   JOB_NAME         SUBMIT_TIME   CPU_TIME  WALLTIME  ACCOUNT    
63307790  trottar     R    priority    farm180214 ...umiscan_5158   Feb 07 12:47  00:08:45   00:12:19   hallc     
 
There is 1 job remaining
~~~~~~~~~~~~~~~~~~~~~~~~~~~~~~~~~~~~~~~~~~~~~~~~~~~~~~~~~~~~~~~~~~~~~~~~~~~~~~~~~~~~~~~~~~~~~~~~~~~~~~~~~~~~~
JOB_ID    USER      STAT    QUEUE      EXEC_HOST   JOB_NAME         SUBMIT_TIME   CPU_TIME  WALLTIME  ACCOUNT    
63307790  trottar     R    priority    farm180214 ...umiscan_5158   Feb 07 12:47  00:10:16   00:13:50   hallc     
 
There is 1 job remaining
~~~~~~~~~~~~~~~~~~~~~~~~~~~~~~~~~~~~~~~~~~~~~~~~~~~~~~~~~~~~~~~~~~~~~~~~~~~~~~~~~~~~~~~~~~~~~~~~~~~~~~~~~~~~~
JOB_ID    USER      STAT    QUEUE      EXEC_HOST   JOB_NAME         SUBMIT_TIME   CPU_TIME  WALLTIME  ACCOUNT    
63307790  trottar     R    priority    farm180214 ...umiscan_5158   Feb 07 12:47  00:10:16   00:13:50   hallc     
 
There is 1 job remaining
~~~~~~~~~~~~~~~~~~~~~~~~~~~~~~~~~~~~~~~~~~~~~~~~~~~~~~~~~~~~~~~~~~~~~~~~~~~~~~~~~~~~~~~~~~~~~~~~~~~~~~~~~~~~~
JOB_ID    USER      STAT    QUEUE      EXEC_HOST   JOB_NAME         SUBMIT_TIME   CPU_TIME  WALLTIME  ACCOUNT    
63307790  trottar     R    priority    farm180214 ...umiscan_5158   Feb 07 12:47  00:10:16   00:13:50   hallc     
 
There is 1 job remaining
~~~~~~~~~~~~~~~~~~~~~~~~~~~~~~~~~~~~~~~~~~~~~~~~~~~~~~~~~~~~~~~~~~~~~~~~~~~~~~~~~~~~~~~~~~~~~~~~~~~~~~~~~~~~~
JOB_ID    USER      STAT    QUEUE      EXEC_HOST   JOB_NAME         SUBMIT_TIME   CPU_TIME  WALLTIME  ACCOUNT    
63307790  trottar     R    priority    farm180214 ...umiscan_5158   Feb 07 12:47  00:14:46   00:18:20   hallc     
 
There is 1 job remaining
~~~~~~~~~~~~~~~~~~~~~~~~~~~~~~~~~~~~~~~~~~~~~~~~~~~~~~~~~~~~~~~~~~~~~~~~~~~~~~~~~~~~~~~~~~~~~~~~~~~~~~~~~~~~~
JOB_ID    USER      STAT    QUEUE      EXEC_HOST   JOB_NAME         SUBMIT_TIME   CPU_TIME  WALLTIME  ACCOUNT    
63307790  trottar     R    priority    farm180214 ...umiscan_5158   Feb 07 12:47  00:14:46   00:18:20   hallc     
 
There is 1 job remaining
~~~~~~~~~~~~~~~~~~~~~~~~~~~~~~~~~~~~~~~~~~~~~~~~~~~~~~~~~~~~~~~~~~~~~~~~~~~~~~~~~~~~~~~~~~~~~~~~~~~~~~~~~~~~~
JOB_ID    USER      STAT    QUEUE      EXEC_HOST   JOB_NAME         SUBMIT_TIME   CPU_TIME  WALLTIME  ACCOUNT    
63307790  trottar     R    priority    farm180214 ...umiscan_5158   Feb 07 12:47  00:14:46   00:18:20   hallc     
 
There is 1 job remaining
~~~~~~~~~~~~~~~~~~~~~~~~~~~~~~~~~~~~~~~~~~~~~~~~~~~~~~~~~~~~~~~~~~~~~~~~~~~~~~~~~~~~~~~~~~~~~~~~~~~~~~~~~~~~~
JOB_ID    USER      STAT    QUEUE      EXEC_HOST   JOB_NAME         SUBMIT_TIME   CPU_TIME  WALLTIME  ACCOUNT    
63307790  trottar     R    priority    farm180214 ...umiscan_5158   Feb 07 12:47  00:14:46   00:18:20   hallc     
 
There is 1 job remaining
~~~~~~~~~~~~~~~~~~~~~~~~~~~~~~~~~~~~~~~~~~~~~~~~~~~~~~~~~~~~~~~~~~~~~~~~~~~~~~~~~~~~~~~~~~~~~~~~~~~~~~~~~~~~~
JOB_ID    USER      STAT    QUEUE      EXEC_HOST   JOB_NAME         SUBMIT_TIME   CPU_TIME  WALLTIME  ACCOUNT    
63307790  trottar     R    priority    farm180214 ...umiscan_5158   Feb 07 12:47  00:22:17   00:25:50   hallc     
 
There is 1 job remaining
~~~~~~~~~~~~~~~~~~~~~~~~~~~~~~~~~~~~~~~~~~~~~~~~~~~~~~~~~~~~~~~~~~~~~~~~~~~~~~~~~~~~~~~~~~~~~~~~~~~~~~~~~~~~~
JOB_ID    USER      STAT    QUEUE      EXEC_HOST   JOB_NAME         SUBMIT_TIME   CPU_TIME  WALLTIME  ACCOUNT    
63307790  trottar     R    priority    farm180214 ...umiscan_5158   Feb 07 12:47  00:22:17   00:25:50   hallc     
 
There is 1 job remaining
~~~~~~~~~~~~~~~~~~~~~~~~~~~~~~~~~~~~~~~~~~~~~~~~~~~~~~~~~~~~~~~~~~~~~~~~~~~~~~~~~~~~~~~~~~~~~~~~~~~~~~~~~~~~~
JOB_ID    USER      STAT    QUEUE      EXEC_HOST   JOB_NAME         SUBMIT_TIME   CPU_TIME  WALLTIME  ACCOUNT    
63307790  trottar     R    priority    farm180214 ...umiscan_5158   Feb 07 12:47  00:26:47   00:30:20   hallc     
 
There is 1 job remaining
~~~~~~~~~~~~~~~~~~~~~~~~~~~~~~~~~~~~~~~~~~~~~~~~~~~~~~~~~~~~~~~~~~~~~~~~~~~~~~~~~~~~~~~~~~~~~~~~~~~~~~~~~~~~~
JOB_ID    USER      STAT    QUEUE      EXEC_HOST   JOB_NAME         SUBMIT_TIME   CPU_TIME  WALLTIME  ACCOUNT    
63307790  trottar     R    priority    farm180214 ...umiscan_5158   Feb 07 12:47  00:28:17   00:31:50   hallc     
 
There is 1 job remaining
~~~~~~~~~~~~~~~~~~~~~~~~~~~~~~~~~~~~~~~~~~~~~~~~~~~~~~~~~~~~~~~~~~~~~~~~~~~~~~~~~~~~~~~~~~~~~~~~~~~~~~~~~~~~~
JOB_ID    USER      STAT    QUEUE      EXEC_HOST   JOB_NAME         SUBMIT_TIME   CPU_TIME  WALLTIME  ACCOUNT    
63307790  trottar     R    priority    farm180214 ...umiscan_5158   Feb 07 12:47  00:30:32   00:34:05   hallc     
 
There is 1 job remaining
~~~~~~~~~~~~~~~~~~~~~~~~~~~~~~~~~~~~~~~~~~~~~~~~~~~~~~~~~~~~~~~~~~~~~~~~~~~~~~~~~~~~~~~~~~~~~~~~~~~~~~~~~~~~~
JOB_ID    USER      STAT    QUEUE      EXEC_HOST   JOB_NAME         SUBMIT_TIME   CPU_TIME  WALLTIME  ACCOUNT    
63307790  trottar     R    priority    farm180214 ...umiscan_5158   Feb 07 12:47  00:32:47   00:36:20   hallc     
 
There is 1 job remaining
~~~~~~~~~~~~~~~~~~~~~~~~~~~~~~~~~~~~~~~~~~~~~~~~~~~~~~~~~~~~~~~~~~~~~~~~~~~~~~~~~~~~~~~~~~~~~~~~~~~~~~~~~~~~~
JOB_ID    USER      STAT    QUEUE      EXEC_HOST   JOB_NAME         SUBMIT_TIME   CPU_TIME  WALLTIME  ACCOUNT    
63307790  trottar     R    priority    farm180214 ...umiscan_5158   Feb 07 12:47  00:35:02   00:38:35   hallc     
 
There is 1 job remaining
~~~~~~~~~~~~~~~~~~~~~~~~~~~~~~~~~~~~~~~~~~~~~~~~~~~~~~~~~~~~~~~~~~~~~~~~~~~~~~~~~~~~~~~~~~~~~~~~~~~~~~~~~~~~~
JOB_ID    USER      STAT    QUEUE      EXEC_HOST   JOB_NAME         SUBMIT_TIME   CPU_TIME  WALLTIME  ACCOUNT    
63307790  trottar     R    priority    farm180214 ...umiscan_5158   Feb 07 12:47  00:35:02   00:38:35   hallc     
 
There is 1 job remaining
~~~~~~~~~~~~~~~~~~~~~~~~~~~~~~~~~~~~~~~~~~~~~~~~~~~~~~~~~~~~~~~~~~~~~~~~~~~~~~~~~~~~~~~~~~~~~~~~~~~~~~~~~~~~~
JOB_ID    USER      STAT    QUEUE      EXEC_HOST   JOB_NAME         SUBMIT_TIME   CPU_TIME  WALLTIME  ACCOUNT    
63307790  trottar     R    priority    farm180214 ...umiscan_5158   Feb 07 12:47  00:38:47   00:42:20   hallc     
 
There are 0 jobs remaining
~~~~~~~~~~~~~~~~~~~~~~~~~~~~~~~~~~~~~~~~~~~~~~~~~~~~~~~~~~~~~~~~~~~~~~~~~~~~~~~~~~~~~~~~~~~~~~~~~~~~~~~~~~~~~
_
|ID-63307790 (run 5158) has printed batch job information to file
|Amount of allocated memory used: 1567080kb/2500mb
