~~~~~~~~~~~~~~~~~~~~~~~~~~~~~~~~~~~~~~~~~~~~~~~~~~~~~~~~~~~~~~~~~~~~~~~~~~~~~~~~~~~~~~~~~~~~~~~~~~~~~~~~~~~~~
Run number read from file: 4788

Job 1/31
Running trotta_elasticsJob.txt for 4788
Submitting batch
Parsing script ... (it may take while)
<jsub><request><index>29197614</index><jobIndex>59767612</jobIndex></request></jsub>
 
4788 has an AugerID of 59767612
~~~~~~~~~~~~~~~~~~~~~~~~~~~~~~~~~~~~~~~~~~~~~~~~~~~~~~~~~~~~~~~~~~~~~~~~~~~~~~~~~~~~~~~~~~~~~~~~~~~~~~~~~~~~~
Run number read from file: 4789

Job 2/31
Running trotta_elasticsJob.txt for 4789
Submitting batch
Parsing script ... (it may take while)
<jsub><request><index>29197615</index><jobIndex>59767613</jobIndex></request></jsub>
 
4789 has an AugerID of 59767613
~~~~~~~~~~~~~~~~~~~~~~~~~~~~~~~~~~~~~~~~~~~~~~~~~~~~~~~~~~~~~~~~~~~~~~~~~~~~~~~~~~~~~~~~~~~~~~~~~~~~~~~~~~~~~
Run number read from file: 4791

Job 3/31
Running trotta_elasticsJob.txt for 4791
Submitting batch
Parsing script ... (it may take while)
<jsub><request><index>29197616</index><jobIndex>59767614</jobIndex></request></jsub>
 
4791 has an AugerID of 59767614
~~~~~~~~~~~~~~~~~~~~~~~~~~~~~~~~~~~~~~~~~~~~~~~~~~~~~~~~~~~~~~~~~~~~~~~~~~~~~~~~~~~~~~~~~~~~~~~~~~~~~~~~~~~~~
Run number read from file: 4793

Job 4/31
Running trotta_elasticsJob.txt for 4793
Submitting batch
Parsing script ... (it may take while)
<jsub><request><index>29197617</index><jobIndex>59767615</jobIndex></request></jsub>
 
4793 has an AugerID of 59767615
~~~~~~~~~~~~~~~~~~~~~~~~~~~~~~~~~~~~~~~~~~~~~~~~~~~~~~~~~~~~~~~~~~~~~~~~~~~~~~~~~~~~~~~~~~~~~~~~~~~~~~~~~~~~~
Run number read from file: 4796

Job 5/31
Running trotta_elasticsJob.txt for 4796
Submitting batch
Parsing script ... (it may take while)
<jsub><request><index>29197618</index><jobIndex>59767616</jobIndex></request></jsub>
 
4796 has an AugerID of 59767616
~~~~~~~~~~~~~~~~~~~~~~~~~~~~~~~~~~~~~~~~~~~~~~~~~~~~~~~~~~~~~~~~~~~~~~~~~~~~~~~~~~~~~~~~~~~~~~~~~~~~~~~~~~~~~
Run number read from file: 4797

Job 6/31
Running trotta_elasticsJob.txt for 4797
Submitting batch
Parsing script ... (it may take while)
<jsub><request><index>29197619</index><jobIndex>59767617</jobIndex></request></jsub>
 
4797 has an AugerID of 59767617
~~~~~~~~~~~~~~~~~~~~~~~~~~~~~~~~~~~~~~~~~~~~~~~~~~~~~~~~~~~~~~~~~~~~~~~~~~~~~~~~~~~~~~~~~~~~~~~~~~~~~~~~~~~~~
Run number read from file: 4798

Job 7/31
Running trotta_elasticsJob.txt for 4798
Submitting batch
Parsing script ... (it may take while)
<jsub><request><index>29197620</index><jobIndex>59767618</jobIndex></request></jsub>
 
4798 has an AugerID of 59767618
~~~~~~~~~~~~~~~~~~~~~~~~~~~~~~~~~~~~~~~~~~~~~~~~~~~~~~~~~~~~~~~~~~~~~~~~~~~~~~~~~~~~~~~~~~~~~~~~~~~~~~~~~~~~~
Run number read from file: 4799

Job 8/31
Running trotta_elasticsJob.txt for 4799
Submitting batch
Parsing script ... (it may take while)
<jsub><request><index>29197621</index><jobIndex>59767619</jobIndex></request></jsub>
 
4799 has an AugerID of 59767619
~~~~~~~~~~~~~~~~~~~~~~~~~~~~~~~~~~~~~~~~~~~~~~~~~~~~~~~~~~~~~~~~~~~~~~~~~~~~~~~~~~~~~~~~~~~~~~~~~~~~~~~~~~~~~
Run number read from file: 4785

Job 9/31
Running trotta_elasticsJob.txt for 4785
Submitting batch
Parsing script ... (it may take while)
<jsub><request><index>29197622</index><jobIndex>59767620</jobIndex></request></jsub>
 
4785 has an AugerID of 59767620
~~~~~~~~~~~~~~~~~~~~~~~~~~~~~~~~~~~~~~~~~~~~~~~~~~~~~~~~~~~~~~~~~~~~~~~~~~~~~~~~~~~~~~~~~~~~~~~~~~~~~~~~~~~~~
Run number read from file: 4787

Job 10/31
Running trotta_elasticsJob.txt for 4787
Submitting batch
Parsing script ... (it may take while)
<jsub><request><index>29197623</index><jobIndex>59767621</jobIndex></request></jsub>
 
4787 has an AugerID of 59767621
~~~~~~~~~~~~~~~~~~~~~~~~~~~~~~~~~~~~~~~~~~~~~~~~~~~~~~~~~~~~~~~~~~~~~~~~~~~~~~~~~~~~~~~~~~~~~~~~~~~~~~~~~~~~~
Run number read from file: 4804

Job 11/31
Running trotta_elasticsJob.txt for 4804
Submitting batch
Parsing script ... (it may take while)
<jsub><request><index>29197624</index><jobIndex>59767622</jobIndex></request></jsub>
 
4804 has an AugerID of 59767622
~~~~~~~~~~~~~~~~~~~~~~~~~~~~~~~~~~~~~~~~~~~~~~~~~~~~~~~~~~~~~~~~~~~~~~~~~~~~~~~~~~~~~~~~~~~~~~~~~~~~~~~~~~~~~
Run number read from file: 4805

Job 12/31
Running trotta_elasticsJob.txt for 4805
Submitting batch
Parsing script ... (it may take while)
<jsub><request><index>29197625</index><jobIndex>59767623</jobIndex></request></jsub>
 
4805 has an AugerID of 59767623
~~~~~~~~~~~~~~~~~~~~~~~~~~~~~~~~~~~~~~~~~~~~~~~~~~~~~~~~~~~~~~~~~~~~~~~~~~~~~~~~~~~~~~~~~~~~~~~~~~~~~~~~~~~~~
Run number read from file: 4806

Job 13/31
Running trotta_elasticsJob.txt for 4806
Submitting batch
Parsing script ... (it may take while)
<jsub><request><index>29197626</index><jobIndex>59767624</jobIndex></request></jsub>
 
4806 has an AugerID of 59767624
~~~~~~~~~~~~~~~~~~~~~~~~~~~~~~~~~~~~~~~~~~~~~~~~~~~~~~~~~~~~~~~~~~~~~~~~~~~~~~~~~~~~~~~~~~~~~~~~~~~~~~~~~~~~~
Run number read from file: 4808

Job 14/31
Running trotta_elasticsJob.txt for 4808
Submitting batch
Parsing script ... (it may take while)
<jsub><request><index>29197627</index><jobIndex>59767625</jobIndex></request></jsub>
 
4808 has an AugerID of 59767625
~~~~~~~~~~~~~~~~~~~~~~~~~~~~~~~~~~~~~~~~~~~~~~~~~~~~~~~~~~~~~~~~~~~~~~~~~~~~~~~~~~~~~~~~~~~~~~~~~~~~~~~~~~~~~
Run number read from file: 4809

Job 15/31
Running trotta_elasticsJob.txt for 4809
Submitting batch
Parsing script ... (it may take while)
<jsub><request><index>29197628</index><jobIndex>59767626</jobIndex></request></jsub>
 
4809 has an AugerID of 59767626
~~~~~~~~~~~~~~~~~~~~~~~~~~~~~~~~~~~~~~~~~~~~~~~~~~~~~~~~~~~~~~~~~~~~~~~~~~~~~~~~~~~~~~~~~~~~~~~~~~~~~~~~~~~~~
Run number read from file: 4810

Job 16/31
Running trotta_elasticsJob.txt for 4810
Submitting batch
Parsing script ... (it may take while)
<jsub><request><index>29197629</index><jobIndex>59767627</jobIndex></request></jsub>
 
4810 has an AugerID of 59767627
~~~~~~~~~~~~~~~~~~~~~~~~~~~~~~~~~~~~~~~~~~~~~~~~~~~~~~~~~~~~~~~~~~~~~~~~~~~~~~~~~~~~~~~~~~~~~~~~~~~~~~~~~~~~~
Run number read from file: 4811

Job 17/31
Running trotta_elasticsJob.txt for 4811
Submitting batch
Parsing script ... (it may take while)
<jsub><request><index>29197630</index><jobIndex>59767628</jobIndex></request></jsub>
 
4811 has an AugerID of 59767628
~~~~~~~~~~~~~~~~~~~~~~~~~~~~~~~~~~~~~~~~~~~~~~~~~~~~~~~~~~~~~~~~~~~~~~~~~~~~~~~~~~~~~~~~~~~~~~~~~~~~~~~~~~~~~
Run number read from file: 4817

Job 18/31
Running trotta_elasticsJob.txt for 4817
Submitting batch
Parsing script ... (it may take while)
<jsub><request><index>29197631</index><jobIndex>59767629</jobIndex></request></jsub>
 
4817 has an AugerID of 59767629
~~~~~~~~~~~~~~~~~~~~~~~~~~~~~~~~~~~~~~~~~~~~~~~~~~~~~~~~~~~~~~~~~~~~~~~~~~~~~~~~~~~~~~~~~~~~~~~~~~~~~~~~~~~~~
Run number read from file: 4816

Job 19/31
Running trotta_elasticsJob.txt for 4816
Submitting batch
Parsing script ... (it may take while)
<jsub><request><index>29197632</index><jobIndex>59767630</jobIndex></request></jsub>
 
4816 has an AugerID of 59767630
~~~~~~~~~~~~~~~~~~~~~~~~~~~~~~~~~~~~~~~~~~~~~~~~~~~~~~~~~~~~~~~~~~~~~~~~~~~~~~~~~~~~~~~~~~~~~~~~~~~~~~~~~~~~~
Run number read from file: 4821

Job 20/31
Running trotta_elasticsJob.txt for 4821
Submitting batch
Parsing script ... (it may take while)
<jsub><request><index>29197633</index><jobIndex>59767631</jobIndex></request></jsub>
 
4821 has an AugerID of 59767631
~~~~~~~~~~~~~~~~~~~~~~~~~~~~~~~~~~~~~~~~~~~~~~~~~~~~~~~~~~~~~~~~~~~~~~~~~~~~~~~~~~~~~~~~~~~~~~~~~~~~~~~~~~~~~
Run number read from file: 4790

Job 21/31
Running trotta_elasticsJob.txt for 4790
Submitting batch
Parsing script ... (it may take while)
<jsub><request><index>29197634</index><jobIndex>59767632</jobIndex></request></jsub>
 
4790 has an AugerID of 59767632
~~~~~~~~~~~~~~~~~~~~~~~~~~~~~~~~~~~~~~~~~~~~~~~~~~~~~~~~~~~~~~~~~~~~~~~~~~~~~~~~~~~~~~~~~~~~~~~~~~~~~~~~~~~~~
Run number read from file: 4792

Job 22/31
Running trotta_elasticsJob.txt for 4792
Submitting batch
Parsing script ... (it may take while)
<jsub><request><index>29197635</index><jobIndex>59767633</jobIndex></request></jsub>
 
4792 has an AugerID of 59767633
~~~~~~~~~~~~~~~~~~~~~~~~~~~~~~~~~~~~~~~~~~~~~~~~~~~~~~~~~~~~~~~~~~~~~~~~~~~~~~~~~~~~~~~~~~~~~~~~~~~~~~~~~~~~~
Run number read from file: 4794

Job 23/31
Running trotta_elasticsJob.txt for 4794
Submitting batch
Parsing script ... (it may take while)
<jsub><request><index>29197636</index><jobIndex>59767634</jobIndex></request></jsub>
 
4794 has an AugerID of 59767634
~~~~~~~~~~~~~~~~~~~~~~~~~~~~~~~~~~~~~~~~~~~~~~~~~~~~~~~~~~~~~~~~~~~~~~~~~~~~~~~~~~~~~~~~~~~~~~~~~~~~~~~~~~~~~
Run number read from file: 4800

Job 24/31
Running trotta_elasticsJob.txt for 4800
Submitting batch
Parsing script ... (it may take while)
<jsub><request><index>29197637</index><jobIndex>59767635</jobIndex></request></jsub>
 
4800 has an AugerID of 59767635
~~~~~~~~~~~~~~~~~~~~~~~~~~~~~~~~~~~~~~~~~~~~~~~~~~~~~~~~~~~~~~~~~~~~~~~~~~~~~~~~~~~~~~~~~~~~~~~~~~~~~~~~~~~~~
Run number read from file: 4801

Job 25/31
Running trotta_elasticsJob.txt for 4801
Submitting batch
Parsing script ... (it may take while)
<jsub><request><index>29197638</index><jobIndex>59767636</jobIndex></request></jsub>
 
4801 has an AugerID of 59767636
~~~~~~~~~~~~~~~~~~~~~~~~~~~~~~~~~~~~~~~~~~~~~~~~~~~~~~~~~~~~~~~~~~~~~~~~~~~~~~~~~~~~~~~~~~~~~~~~~~~~~~~~~~~~~
Run number read from file: 4786

Job 26/31
Running trotta_elasticsJob.txt for 4786
Submitting batch
Parsing script ... (it may take while)
<jsub><request><index>29197639</index><jobIndex>59767637</jobIndex></request></jsub>
 
4786 has an AugerID of 59767637
~~~~~~~~~~~~~~~~~~~~~~~~~~~~~~~~~~~~~~~~~~~~~~~~~~~~~~~~~~~~~~~~~~~~~~~~~~~~~~~~~~~~~~~~~~~~~~~~~~~~~~~~~~~~~
Run number read from file: 4813

Job 27/31
Running trotta_elasticsJob.txt for 4813
Submitting batch
Parsing script ... (it may take while)
<jsub><request><index>29197640</index><jobIndex>59767638</jobIndex></request></jsub>
 
4813 has an AugerID of 59767638
~~~~~~~~~~~~~~~~~~~~~~~~~~~~~~~~~~~~~~~~~~~~~~~~~~~~~~~~~~~~~~~~~~~~~~~~~~~~~~~~~~~~~~~~~~~~~~~~~~~~~~~~~~~~~
Run number read from file: 4812

Job 28/31
Running trotta_elasticsJob.txt for 4812
Submitting batch
Parsing script ... (it may take while)
<jsub><request><index>29197641</index><jobIndex>59767639</jobIndex></request></jsub>
 
4812 has an AugerID of 59767639
~~~~~~~~~~~~~~~~~~~~~~~~~~~~~~~~~~~~~~~~~~~~~~~~~~~~~~~~~~~~~~~~~~~~~~~~~~~~~~~~~~~~~~~~~~~~~~~~~~~~~~~~~~~~~
Run number read from file: 4814

Job 29/31
Running trotta_elasticsJob.txt for 4814
Submitting batch
Parsing script ... (it may take while)
<jsub><request><index>29197642</index><jobIndex>59767640</jobIndex></request></jsub>
 
4814 has an AugerID of 59767640
~~~~~~~~~~~~~~~~~~~~~~~~~~~~~~~~~~~~~~~~~~~~~~~~~~~~~~~~~~~~~~~~~~~~~~~~~~~~~~~~~~~~~~~~~~~~~~~~~~~~~~~~~~~~~
Run number read from file: 4815

Job 30/31
Running trotta_elasticsJob.txt for 4815
Submitting batch
Parsing script ... (it may take while)
<jsub><request><index>29197643</index><jobIndex>59767641</jobIndex></request></jsub>
 
4815 has an AugerID of 59767641
~~~~~~~~~~~~~~~~~~~~~~~~~~~~~~~~~~~~~~~~~~~~~~~~~~~~~~~~~~~~~~~~~~~~~~~~~~~~~~~~~~~~~~~~~~~~~~~~~~~~~~~~~~~~~
Run number read from file: 4822

Job 31/31
Running trotta_elasticsJob.txt for 4822
Submitting batch
Parsing script ... (it may take while)
<jsub><request><index>29197644</index><jobIndex>59767642</jobIndex></request></jsub>
 
4822 has an AugerID of 59767642
~~~~~~~~~~~~~~~~~~~~~~~~~~~~~~~~~~~~~~~~~~~~~~~~~~~~~~~~~~~~~~~~~~~~~~~~~~~~~~~~~~~~~~~~~~~~~~~~~~~~~~~~~~~~~
 
###############################################################################################################
############################################ END OF JOB SUBMISSIONS ###########################################
###############################################################################################################
 
4788 has an AugerID of 59767612
4789 has an AugerID of 59767613
4791 has an AugerID of 59767614
4793 has an AugerID of 59767615
4796 has an AugerID of 59767616
4797 has an AugerID of 59767617
4798 has an AugerID of 59767618
4799 has an AugerID of 59767619
4785 has an AugerID of 59767620
4787 has an AugerID of 59767621
4804 has an AugerID of 59767622
4805 has an AugerID of 59767623
4806 has an AugerID of 59767624
4808 has an AugerID of 59767625
4809 has an AugerID of 59767626
4810 has an AugerID of 59767627
4811 has an AugerID of 59767628
4817 has an AugerID of 59767629
4816 has an AugerID of 59767630
4821 has an AugerID of 59767631
4790 has an AugerID of 59767632
4792 has an AugerID of 59767633
4794 has an AugerID of 59767634
4800 has an AugerID of 59767635
4801 has an AugerID of 59767636
4786 has an AugerID of 59767637
4813 has an AugerID of 59767638
4812 has an AugerID of 59767639
4814 has an AugerID of 59767640
4815 has an AugerID of 59767641
4822 has an AugerID of 59767642
~~~~~~~~~~~~~~~~~~~~~~~~~~~~~~~~~~~~~~~~~~~~~~~~~~~~~~~~~~~~~~~~~~~~~~~~~~~~~~~~~~~~~~~~~~~~~~~~~~~~~~~~~~~~~
JOB_ID    USER      STAT    QUEUE      EXEC_HOST   JOB_NAME         SUBMIT_TIME   CPU_TIME  WALLTIME  ACCOUNT    
59767626  trottar     A    priority    --         ...lastics_4809   Nov 08 08:39  --         --         hallc     
59767627  trottar     A    priority    --         ...lastics_4810   Nov 08 08:39  --         --         hallc     
59767628  trottar     A    priority    --         ...lastics_4811   Nov 08 08:39  --         --         hallc     
59767629  trottar     A    priority    --         ...lastics_4817   Nov 08 08:39  --         --         hallc     
59767630  trottar     A    priority    --         ...lastics_4816   Nov 08 08:39  --         --         hallc     
59767631  trottar     A    priority    --         ...lastics_4821   Nov 08 08:39  --         --         hallc     
59767632  trottar     A    priority    --         ...lastics_4790   Nov 08 08:40  --         --         hallc     
59767633  trottar     A    priority    --         ...lastics_4792   Nov 08 08:40  --         --         hallc     
59767634  trottar     A    priority    --         ...lastics_4794   Nov 08 08:40  --         --         hallc     
59767635  trottar     A    priority    --         ...lastics_4800   Nov 08 08:40  --         --         hallc     
59767636  trottar     A    priority    --         ...lastics_4801   Nov 08 08:40  --         --         hallc     
59767637  trottar     A    priority    --         ...lastics_4786   Nov 08 08:40  --         --         hallc     
59767638  trottar     A    priority    --         ...lastics_4813   Nov 08 08:40  --         --         hallc     
59767639  trottar     A    priority    --         ...lastics_4812   Nov 08 08:40  --         --         hallc     
59767640  trottar     A    priority    --         ...lastics_4814   Nov 08 08:41  --         --         hallc     
59767641  trottar     A    priority    --         ...lastics_4815   Nov 08 08:41  --         --         hallc     
59767642  trottar     A    priority    --         ...lastics_4822   Nov 08 08:41  --         --         hallc     
 
There are 17 jobs remaining
~~~~~~~~~~~~~~~~~~~~~~~~~~~~~~~~~~~~~~~~~~~~~~~~~~~~~~~~~~~~~~~~~~~~~~~~~~~~~~~~~~~~~~~~~~~~~~~~~~~~~~~~~~~~~
JOB_ID    USER      STAT    QUEUE      EXEC_HOST   JOB_NAME         SUBMIT_TIME   CPU_TIME  WALLTIME  ACCOUNT    
59767626  trottar     A    priority    --         ...lastics_4809   Nov 08 08:39  --         --         hallc     
59767627  trottar     A    priority    --         ...lastics_4810   Nov 08 08:39  --         --         hallc     
59767628  trottar     A    priority    --         ...lastics_4811   Nov 08 08:39  --         --         hallc     
59767629  trottar     A    priority    --         ...lastics_4817   Nov 08 08:39  --         --         hallc     
59767630  trottar     A    priority    --         ...lastics_4816   Nov 08 08:39  --         --         hallc     
59767631  trottar     A    priority    --         ...lastics_4821   Nov 08 08:39  --         --         hallc     
59767632  trottar     A    priority    --         ...lastics_4790   Nov 08 08:40  --         --         hallc     
59767633  trottar     A    priority    --         ...lastics_4792   Nov 08 08:40  --         --         hallc     
59767634  trottar     A    priority    --         ...lastics_4794   Nov 08 08:40  --         --         hallc     
59767635  trottar     A    priority    --         ...lastics_4800   Nov 08 08:40  --         --         hallc     
59767636  trottar     A    priority    --         ...lastics_4801   Nov 08 08:40  --         --         hallc     
59767637  trottar     A    priority    --         ...lastics_4786   Nov 08 08:40  --         --         hallc     
59767638  trottar     A    priority    --         ...lastics_4813   Nov 08 08:40  --         --         hallc     
59767639  trottar     A    priority    --         ...lastics_4812   Nov 08 08:40  --         --         hallc     
59767640  trottar     A    priority    --         ...lastics_4814   Nov 08 08:41  --         --         hallc     
59767641  trottar     A    priority    --         ...lastics_4815   Nov 08 08:41  --         --         hallc     
59767642  trottar     A    priority    --         ...lastics_4822   Nov 08 08:41  --         --         hallc     
 
There are 17 jobs remaining
~~~~~~~~~~~~~~~~~~~~~~~~~~~~~~~~~~~~~~~~~~~~~~~~~~~~~~~~~~~~~~~~~~~~~~~~~~~~~~~~~~~~~~~~~~~~~~~~~~~~~~~~~~~~~
JOB_ID    USER      STAT    QUEUE      EXEC_HOST   JOB_NAME         SUBMIT_TIME   CPU_TIME  WALLTIME  ACCOUNT    
59767626  trottar     A    priority    --         ...lastics_4809   Nov 08 08:39  --         --         hallc     
59767627  trottar     A    priority    --         ...lastics_4810   Nov 08 08:39  --         --         hallc     
59767628  trottar     A    priority    --         ...lastics_4811   Nov 08 08:39  --         --         hallc     
59767629  trottar     A    priority    --         ...lastics_4817   Nov 08 08:39  --         --         hallc     
59767630  trottar     A    priority    --         ...lastics_4816   Nov 08 08:39  --         --         hallc     
59767631  trottar     A    priority    --         ...lastics_4821   Nov 08 08:39  --         --         hallc     
59767632  trottar     A    priority    --         ...lastics_4790   Nov 08 08:40  --         --         hallc     
59767633  trottar     A    priority    --         ...lastics_4792   Nov 08 08:40  --         --         hallc     
59767634  trottar     A    priority    --         ...lastics_4794   Nov 08 08:40  --         --         hallc     
59767635  trottar     A    priority    --         ...lastics_4800   Nov 08 08:40  --         --         hallc     
59767636  trottar     A    priority    --         ...lastics_4801   Nov 08 08:40  --         --         hallc     
59767637  trottar     A    priority    --         ...lastics_4786   Nov 08 08:40  --         --         hallc     
59767638  trottar     A    priority    --         ...lastics_4813   Nov 08 08:40  --         --         hallc     
59767639  trottar     A    priority    --         ...lastics_4812   Nov 08 08:40  --         --         hallc     
59767640  trottar     A    priority    --         ...lastics_4814   Nov 08 08:41  --         --         hallc     
59767641  trottar     A    priority    --         ...lastics_4815   Nov 08 08:41  --         --         hallc     
59767642  trottar     A    priority    --         ...lastics_4822   Nov 08 08:41  --         --         hallc     
 
There are 17 jobs remaining
~~~~~~~~~~~~~~~~~~~~~~~~~~~~~~~~~~~~~~~~~~~~~~~~~~~~~~~~~~~~~~~~~~~~~~~~~~~~~~~~~~~~~~~~~~~~~~~~~~~~~~~~~~~~~
JOB_ID    USER      STAT    QUEUE      EXEC_HOST   JOB_NAME         SUBMIT_TIME   CPU_TIME  WALLTIME  ACCOUNT    
59767626  trottar     A    priority    --         ...lastics_4809   Nov 08 08:39  --         --         hallc     
59767627  trottar     A    priority    --         ...lastics_4810   Nov 08 08:39  --         --         hallc     
59767628  trottar     A    priority    --         ...lastics_4811   Nov 08 08:39  --         --         hallc     
59767629  trottar     A    priority    --         ...lastics_4817   Nov 08 08:39  --         --         hallc     
59767630  trottar     A    priority    --         ...lastics_4816   Nov 08 08:39  --         --         hallc     
59767631  trottar     A    priority    --         ...lastics_4821   Nov 08 08:39  --         --         hallc     
59767632  trottar     A    priority    --         ...lastics_4790   Nov 08 08:40  --         --         hallc     
59767633  trottar     A    priority    --         ...lastics_4792   Nov 08 08:40  --         --         hallc     
59767634  trottar     A    priority    --         ...lastics_4794   Nov 08 08:40  --         --         hallc     
59767635  trottar     A    priority    --         ...lastics_4800   Nov 08 08:40  --         --         hallc     
59767636  trottar     A    priority    --         ...lastics_4801   Nov 08 08:40  --         --         hallc     
59767637  trottar     A    priority    --         ...lastics_4786   Nov 08 08:40  --         --         hallc     
59767638  trottar     A    priority    --         ...lastics_4813   Nov 08 08:40  --         --         hallc     
59767639  trottar     A    priority    --         ...lastics_4812   Nov 08 08:40  --         --         hallc     
59767640  trottar     A    priority    --         ...lastics_4814   Nov 08 08:41  --         --         hallc     
59767641  trottar     A    priority    --         ...lastics_4815   Nov 08 08:41  --         --         hallc     
59767642  trottar     A    priority    --         ...lastics_4822   Nov 08 08:41  --         --         hallc     
 
There are 17 jobs remaining
~~~~~~~~~~~~~~~~~~~~~~~~~~~~~~~~~~~~~~~~~~~~~~~~~~~~~~~~~~~~~~~~~~~~~~~~~~~~~~~~~~~~~~~~~~~~~~~~~~~~~~~~~~~~~
JOB_ID    USER      STAT    QUEUE      EXEC_HOST   JOB_NAME         SUBMIT_TIME   CPU_TIME  WALLTIME  ACCOUNT    
59767626  trottar     Q    priority    --         ...lastics_4809   Nov 08 08:42  --         --         hallc     
59767627  trottar     Q    priority    --         ...lastics_4810   Nov 08 08:42  --         --         hallc     
59767628  trottar     Q    priority    --         ...lastics_4811   Nov 08 08:42  --         --         hallc     
59767629  trottar     Q    priority    --         ...lastics_4817   Nov 08 08:42  --         --         hallc     
59767630  trottar     Q    priority    --         ...lastics_4816   Nov 08 08:42  --         --         hallc     
59767631  trottar     Q    priority    --         ...lastics_4821   Nov 08 08:42  --         --         hallc     
59767632  trottar     Q    priority    --         ...lastics_4790   Nov 08 08:42  --         --         hallc     
59767633  trottar     Q    priority    --         ...lastics_4792   Nov 08 08:42  --         --         hallc     
59767634  trottar     A    priority    --         ...lastics_4794   Nov 08 08:40  --         --         hallc     
59767635  trottar     A    priority    --         ...lastics_4800   Nov 08 08:40  --         --         hallc     
59767636  trottar     A    priority    --         ...lastics_4801   Nov 08 08:40  --         --         hallc     
59767637  trottar     A    priority    --         ...lastics_4786   Nov 08 08:40  --         --         hallc     
59767638  trottar     A    priority    --         ...lastics_4813   Nov 08 08:40  --         --         hallc     
59767639  trottar     A    priority    --         ...lastics_4812   Nov 08 08:40  --         --         hallc     
59767640  trottar     A    priority    --         ...lastics_4814   Nov 08 08:41  --         --         hallc     
59767641  trottar     A    priority    --         ...lastics_4815   Nov 08 08:41  --         --         hallc     
59767642  trottar     A    priority    --         ...lastics_4822   Nov 08 08:41  --         --         hallc     
 
There are 17 jobs remaining
~~~~~~~~~~~~~~~~~~~~~~~~~~~~~~~~~~~~~~~~~~~~~~~~~~~~~~~~~~~~~~~~~~~~~~~~~~~~~~~~~~~~~~~~~~~~~~~~~~~~~~~~~~~~~
JOB_ID    USER      STAT    QUEUE      EXEC_HOST   JOB_NAME         SUBMIT_TIME   CPU_TIME  WALLTIME  ACCOUNT    
59767626  trottar     R    priority    farm180244 ...lastics_4809   Nov 08 08:42  --         --         hallc     
59767627  trottar     R    priority    farm180244 ...lastics_4810   Nov 08 08:42  --         --         hallc     
59767628  trottar     R    priority    farm180244 ...lastics_4811   Nov 08 08:42  --         --         hallc     
59767629  trottar     R    priority    farm180244 ...lastics_4817   Nov 08 08:42  --         --         hallc     
59767630  trottar     R    priority    farm180244 ...lastics_4816   Nov 08 08:42  --         --         hallc     
59767631  trottar     R    priority    farm180244 ...lastics_4821   Nov 08 08:42  --         --         hallc     
59767632  trottar     R    priority    farm180244 ...lastics_4790   Nov 08 08:42  --         --         hallc     
59767633  trottar     R    priority    farm180226 ...lastics_4792   Nov 08 08:42  --         --         hallc     
59767634  trottar     A    priority    --         ...lastics_4794   Nov 08 08:40  --         --         hallc     
59767635  trottar     A    priority    --         ...lastics_4800   Nov 08 08:40  --         --         hallc     
59767636  trottar     A    priority    --         ...lastics_4801   Nov 08 08:40  --         --         hallc     
59767637  trottar     A    priority    --         ...lastics_4786   Nov 08 08:40  --         --         hallc     
59767638  trottar     A    priority    --         ...lastics_4813   Nov 08 08:40  --         --         hallc     
59767639  trottar     A    priority    --         ...lastics_4812   Nov 08 08:40  --         --         hallc     
59767640  trottar     A    priority    --         ...lastics_4814   Nov 08 08:41  --         --         hallc     
59767641  trottar     A    priority    --         ...lastics_4815   Nov 08 08:41  --         --         hallc     
59767642  trottar     A    priority    --         ...lastics_4822   Nov 08 08:41  --         --         hallc     
 
There are 17 jobs remaining
~~~~~~~~~~~~~~~~~~~~~~~~~~~~~~~~~~~~~~~~~~~~~~~~~~~~~~~~~~~~~~~~~~~~~~~~~~~~~~~~~~~~~~~~~~~~~~~~~~~~~~~~~~~~~
JOB_ID    USER      STAT    QUEUE      EXEC_HOST   JOB_NAME         SUBMIT_TIME   CPU_TIME  WALLTIME  ACCOUNT    
59767634  trottar     A    priority    --         ...lastics_4794   Nov 08 08:40  --         --         hallc     
59767635  trottar     A    priority    --         ...lastics_4800   Nov 08 08:40  --         --         hallc     
59767636  trottar     A    priority    --         ...lastics_4801   Nov 08 08:40  --         --         hallc     
59767637  trottar     A    priority    --         ...lastics_4786   Nov 08 08:40  --         --         hallc     
59767638  trottar     A    priority    --         ...lastics_4813   Nov 08 08:40  --         --         hallc     
59767639  trottar     A    priority    --         ...lastics_4812   Nov 08 08:40  --         --         hallc     
59767640  trottar     A    priority    --         ...lastics_4814   Nov 08 08:41  --         --         hallc     
59767641  trottar     A    priority    --         ...lastics_4815   Nov 08 08:41  --         --         hallc     
59767642  trottar     A    priority    --         ...lastics_4822   Nov 08 08:41  --         --         hallc     
 
There are 9 jobs remaining
~~~~~~~~~~~~~~~~~~~~~~~~~~~~~~~~~~~~~~~~~~~~~~~~~~~~~~~~~~~~~~~~~~~~~~~~~~~~~~~~~~~~~~~~~~~~~~~~~~~~~~~~~~~~~
JOB_ID    USER      STAT    QUEUE      EXEC_HOST   JOB_NAME         SUBMIT_TIME   CPU_TIME  WALLTIME  ACCOUNT    
59767634  trottar     A    priority    --         ...lastics_4794   Nov 08 08:40  --         --         hallc     
59767635  trottar     A    priority    --         ...lastics_4800   Nov 08 08:40  --         --         hallc     
59767636  trottar     A    priority    --         ...lastics_4801   Nov 08 08:40  --         --         hallc     
59767637  trottar     A    priority    --         ...lastics_4786   Nov 08 08:40  --         --         hallc     
59767638  trottar     A    priority    --         ...lastics_4813   Nov 08 08:40  --         --         hallc     
59767639  trottar     A    priority    --         ...lastics_4812   Nov 08 08:40  --         --         hallc     
59767640  trottar     A    priority    --         ...lastics_4814   Nov 08 08:41  --         --         hallc     
59767641  trottar     A    priority    --         ...lastics_4815   Nov 08 08:41  --         --         hallc     
59767642  trottar     A    priority    --         ...lastics_4822   Nov 08 08:41  --         --         hallc     
 
There are 9 jobs remaining
~~~~~~~~~~~~~~~~~~~~~~~~~~~~~~~~~~~~~~~~~~~~~~~~~~~~~~~~~~~~~~~~~~~~~~~~~~~~~~~~~~~~~~~~~~~~~~~~~~~~~~~~~~~~~
JOB_ID    USER      STAT    QUEUE      EXEC_HOST   JOB_NAME         SUBMIT_TIME   CPU_TIME  WALLTIME  ACCOUNT    
59767634  trottar     A    priority    --         ...lastics_4794   Nov 08 08:40  --         --         hallc     
59767635  trottar     A    priority    --         ...lastics_4800   Nov 08 08:40  --         --         hallc     
59767636  trottar     A    priority    --         ...lastics_4801   Nov 08 08:40  --         --         hallc     
59767637  trottar     A    priority    --         ...lastics_4786   Nov 08 08:40  --         --         hallc     
59767638  trottar     A    priority    --         ...lastics_4813   Nov 08 08:40  --         --         hallc     
59767639  trottar     A    priority    --         ...lastics_4812   Nov 08 08:40  --         --         hallc     
59767640  trottar     A    priority    --         ...lastics_4814   Nov 08 08:41  --         --         hallc     
59767641  trottar     A    priority    --         ...lastics_4815   Nov 08 08:41  --         --         hallc     
59767642  trottar     A    priority    --         ...lastics_4822   Nov 08 08:41  --         --         hallc     
 
There are 9 jobs remaining
~~~~~~~~~~~~~~~~~~~~~~~~~~~~~~~~~~~~~~~~~~~~~~~~~~~~~~~~~~~~~~~~~~~~~~~~~~~~~~~~~~~~~~~~~~~~~~~~~~~~~~~~~~~~~
JOB_ID    USER      STAT    QUEUE      EXEC_HOST   JOB_NAME         SUBMIT_TIME   CPU_TIME  WALLTIME  ACCOUNT    
59767634  trottar     A    priority    --         ...lastics_4794   Nov 08 08:40  --         --         hallc     
59767635  trottar     A    priority    --         ...lastics_4800   Nov 08 08:40  --         --         hallc     
59767636  trottar     A    priority    --         ...lastics_4801   Nov 08 08:40  --         --         hallc     
59767637  trottar     A    priority    --         ...lastics_4786   Nov 08 08:40  --         --         hallc     
59767638  trottar     A    priority    --         ...lastics_4813   Nov 08 08:40  --         --         hallc     
59767639  trottar     A    priority    --         ...lastics_4812   Nov 08 08:40  --         --         hallc     
59767640  trottar     A    priority    --         ...lastics_4814   Nov 08 08:41  --         --         hallc     
59767641  trottar     A    priority    --         ...lastics_4815   Nov 08 08:41  --         --         hallc     
59767642  trottar     A    priority    --         ...lastics_4822   Nov 08 08:41  --         --         hallc     
 
There are 9 jobs remaining
~~~~~~~~~~~~~~~~~~~~~~~~~~~~~~~~~~~~~~~~~~~~~~~~~~~~~~~~~~~~~~~~~~~~~~~~~~~~~~~~~~~~~~~~~~~~~~~~~~~~~~~~~~~~~
JOB_ID    USER      STAT    QUEUE      EXEC_HOST   JOB_NAME         SUBMIT_TIME   CPU_TIME  WALLTIME  ACCOUNT    
59767642  trottar     A    priority    --         ...lastics_4822   Nov 08 08:41  --         --         hallc     
 
There are 9 jobs remaining
~~~~~~~~~~~~~~~~~~~~~~~~~~~~~~~~~~~~~~~~~~~~~~~~~~~~~~~~~~~~~~~~~~~~~~~~~~~~~~~~~~~~~~~~~~~~~~~~~~~~~~~~~~~~~
JOB_ID    USER      STAT    QUEUE      EXEC_HOST   JOB_NAME         SUBMIT_TIME   CPU_TIME  WALLTIME  ACCOUNT    
59767634  trottar     R    priority    farm180244 ...lastics_4794   Nov 08 08:44  --         --         hallc     
59767635  trottar     R    priority    farm180244 ...lastics_4800   Nov 08 08:44  --         --         hallc     
59767636  trottar     R    priority    farm180244 ...lastics_4801   Nov 08 08:44  --         --         hallc     
59767637  trottar     R    priority    farm180244 ...lastics_4786   Nov 08 08:44  --         --         hallc     
59767638  trottar     R    priority    farm180244 ...lastics_4813   Nov 08 08:44  --         --         hallc     
59767639  trottar     R    priority    farm180244 ...lastics_4812   Nov 08 08:44  --         --         hallc     
59767640  trottar     R    priority    farm180244 ...lastics_4814   Nov 08 08:44  --         --         hallc     
59767641  trottar     R    priority    farm180226 ...lastics_4815   Nov 08 08:44  --         --         hallc     
59767642  trottar     A    priority    --         ...lastics_4822   Nov 08 08:41  --         --         hallc     
 
There are 9 jobs remaining
~~~~~~~~~~~~~~~~~~~~~~~~~~~~~~~~~~~~~~~~~~~~~~~~~~~~~~~~~~~~~~~~~~~~~~~~~~~~~~~~~~~~~~~~~~~~~~~~~~~~~~~~~~~~~
JOB_ID    USER      STAT    QUEUE      EXEC_HOST   JOB_NAME         SUBMIT_TIME   CPU_TIME  WALLTIME  ACCOUNT    
59767640  trottar     E    priority    farm180244 ...lastics_4814   Nov 08 08:44  00:00:19   00:00:27   hallc     
59767642  trottar     A    priority    --         ...lastics_4822   Nov 08 08:41  --         --         hallc     
 
There is 1 job remaining
~~~~~~~~~~~~~~~~~~~~~~~~~~~~~~~~~~~~~~~~~~~~~~~~~~~~~~~~~~~~~~~~~~~~~~~~~~~~~~~~~~~~~~~~~~~~~~~~~~~~~~~~~~~~~
JOB_ID    USER      STAT    QUEUE      EXEC_HOST   JOB_NAME         SUBMIT_TIME   CPU_TIME  WALLTIME  ACCOUNT    
59767642  trottar     A    priority    --         ...lastics_4822   Nov 08 08:41  --         --         hallc     
 
There is 1 job remaining
~~~~~~~~~~~~~~~~~~~~~~~~~~~~~~~~~~~~~~~~~~~~~~~~~~~~~~~~~~~~~~~~~~~~~~~~~~~~~~~~~~~~~~~~~~~~~~~~~~~~~~~~~~~~~
JOB_ID    USER      STAT    QUEUE      EXEC_HOST   JOB_NAME         SUBMIT_TIME   CPU_TIME  WALLTIME  ACCOUNT    
59767642  trottar     A    priority    --         ...lastics_4822   Nov 08 08:41  --         --         hallc     
 
There is 1 job remaining
~~~~~~~~~~~~~~~~~~~~~~~~~~~~~~~~~~~~~~~~~~~~~~~~~~~~~~~~~~~~~~~~~~~~~~~~~~~~~~~~~~~~~~~~~~~~~~~~~~~~~~~~~~~~~
JOB_ID    USER      STAT    QUEUE      EXEC_HOST   JOB_NAME         SUBMIT_TIME   CPU_TIME  WALLTIME  ACCOUNT    
59767642  trottar     A    priority    --         ...lastics_4822   Nov 08 08:41  --         --         hallc     
 
There is 1 job remaining
~~~~~~~~~~~~~~~~~~~~~~~~~~~~~~~~~~~~~~~~~~~~~~~~~~~~~~~~~~~~~~~~~~~~~~~~~~~~~~~~~~~~~~~~~~~~~~~~~~~~~~~~~~~~~
JOB_ID    USER      STAT    QUEUE      EXEC_HOST   JOB_NAME         SUBMIT_TIME   CPU_TIME  WALLTIME  ACCOUNT    
59767642  trottar     A    priority    --         ...lastics_4822   Nov 08 08:41  --         --         hallc     
 
There are 0 jobs remaining
~~~~~~~~~~~~~~~~~~~~~~~~~~~~~~~~~~~~~~~~~~~~~~~~~~~~~~~~~~~~~~~~~~~~~~~~~~~~~~~~~~~~~~~~~~~~~~~~~~~~~~~~~~~~~
_
|ID-59767612 (run 4788) has printed batch job information to file
|Amount of allocated memory used: 967008kb/2000mb
_
|ID-59767613 (run 4789) has printed batch job information to file
|Amount of allocated memory used: 966996kb/2000mb
_
|ID-59767614 (run 4791) has printed batch job information to file
|Amount of allocated memory used: 967016kb/2000mb
_
|ID-59767615 (run 4793) has printed batch job information to file
|Amount of allocated memory used: 664968kb/2000mb
_
|ID-59767616 (run 4796) has printed batch job information to file
|Amount of allocated memory used: 967000kb/2000mb
_
|ID-59767617 (run 4797) has printed batch job information to file
|Amount of allocated memory used: 0kb/2000mb
_
|ID-59767618 (run 4798) has printed batch job information to file
|Amount of allocated memory used: 967020kb/2000mb
_
|ID-59767619 (run 4799) has printed batch job information to file
|Amount of allocated memory used: 938668kb/2000mb
_
|ID-59767620 (run 4785) has printed batch job information to file
|Amount of allocated memory used: 941704kb/2000mb
_
|ID-59767621 (run 4787) has printed batch job information to file
|Amount of allocated memory used: 940232kb/2000mb
_
|ID-59767622 (run 4804) has printed batch job information to file
|Amount of allocated memory used: 966952kb/2000mb
_
|ID-59767623 (run 4805) has printed batch job information to file
|Amount of allocated memory used: 671536kb/2000mb
_
|ID-59767624 (run 4806) has printed batch job information to file
|Amount of allocated memory used: 660352kb/2000mb
_
|ID-59767625 (run 4808) has printed batch job information to file
|Amount of allocated memory used: 0kb/2000mb
_
|ID-59767626 (run 4809) has printed batch job information to file
|Amount of allocated memory used: 940580kb/2000mb
_
|ID-59767627 (run 4810) has printed batch job information to file
|Amount of allocated memory used: 967004kb/2000mb
_
|ID-59767628 (run 4811) has printed batch job information to file
|Amount of allocated memory used: 912052kb/2000mb
_
|ID-59767629 (run 4817) has printed batch job information to file
|Amount of allocated memory used: 967000kb/2000mb
_
|ID-59767630 (run 4816) has printed batch job information to file
|Amount of allocated memory used: 967000kb/2000mb
_
|ID-59767631 (run 4821) has printed batch job information to file
|Amount of allocated memory used: 917220kb/2000mb
_
|ID-59767632 (run 4790) has printed batch job information to file
|Amount of allocated memory used: 912056kb/2000mb
_
|ID-59767633 (run 4792) has printed batch job information to file
|Amount of allocated memory used: 0kb/2000mb
_
|ID-59767634 (run 4794) has printed batch job information to file
|Amount of allocated memory used: 938660kb/2000mb
_
|ID-59767635 (run 4800) has printed batch job information to file
|Amount of allocated memory used: 967012kb/2000mb
_
|ID-59767636 (run 4801) has printed batch job information to file
|Amount of allocated memory used: 964788kb/2000mb
_
|ID-59767637 (run 4786) has printed batch job information to file
|Amount of allocated memory used: 967008kb/2000mb
_
|ID-59767638 (run 4813) has printed batch job information to file
|Amount of allocated memory used: 967008kb/2000mb
_
|ID-59767639 (run 4812) has printed batch job information to file
|Amount of allocated memory used: 941696kb/2000mb
_
|ID-59767640 (run 4814) has printed batch job information to file
|Amount of allocated memory used: 940584kb/2000mb
_
|ID-59767641 (run 4815) has printed batch job information to file
|Amount of allocated memory used: 910828kb/2000mb
_
|ID-59767642 (run 4822) has printed batch job information to file
|Amount of allocated memory used: 0kb/2000mb
