~~~~~~~~~~~~~~~~~~~~~~~~~~~~~~~~~~~~~~~~~~~~~~~~~~~~~~~~~~~~~~~~~~~~~~~~~~~~~~~~~~~~~~~~~~~~~~~~~~~~~~~~~~~~~
Run number read from file: 5154

Job 1/20
Running trotta_lumiscanJob.txt for 5154
Submitting batch
Parsing script ... (it may take while)
<jsub><request><index>29573562</index><jobIndex>61187558</jobIndex></request></jsub>
 
5154 has an AugerID of 61187558
~~~~~~~~~~~~~~~~~~~~~~~~~~~~~~~~~~~~~~~~~~~~~~~~~~~~~~~~~~~~~~~~~~~~~~~~~~~~~~~~~~~~~~~~~~~~~~~~~~~~~~~~~~~~~
Run number read from file: 5155

Job 2/20
Running trotta_lumiscanJob.txt for 5155
Submitting batch
Parsing script ... (it may take while)
<jsub><request><index>29573576</index><jobIndex>61187572</jobIndex></request></jsub>
 
5155 has an AugerID of 61187572
~~~~~~~~~~~~~~~~~~~~~~~~~~~~~~~~~~~~~~~~~~~~~~~~~~~~~~~~~~~~~~~~~~~~~~~~~~~~~~~~~~~~~~~~~~~~~~~~~~~~~~~~~~~~~
Run number read from file: 5156

Job 3/20
Running trotta_lumiscanJob.txt for 5156
Submitting batch
Parsing script ... (it may take while)
<jsub><request><index>29573589</index><jobIndex>61187585</jobIndex></request></jsub>
 
5156 has an AugerID of 61187585
~~~~~~~~~~~~~~~~~~~~~~~~~~~~~~~~~~~~~~~~~~~~~~~~~~~~~~~~~~~~~~~~~~~~~~~~~~~~~~~~~~~~~~~~~~~~~~~~~~~~~~~~~~~~~
Run number read from file: 5157

Job 4/20
Running trotta_lumiscanJob.txt for 5157
Submitting batch
Parsing script ... (it may take while)
<jsub><request><index>29573603</index><jobIndex>61187599</jobIndex></request></jsub>
 
5157 has an AugerID of 61187599
~~~~~~~~~~~~~~~~~~~~~~~~~~~~~~~~~~~~~~~~~~~~~~~~~~~~~~~~~~~~~~~~~~~~~~~~~~~~~~~~~~~~~~~~~~~~~~~~~~~~~~~~~~~~~
Run number read from file: 5158

Job 5/20
Running trotta_lumiscanJob.txt for 5158
Submitting batch
Parsing script ... (it may take while)
<jsub><request><index>29573616</index><jobIndex>61187612</jobIndex></request></jsub>
 
5158 has an AugerID of 61187612
~~~~~~~~~~~~~~~~~~~~~~~~~~~~~~~~~~~~~~~~~~~~~~~~~~~~~~~~~~~~~~~~~~~~~~~~~~~~~~~~~~~~~~~~~~~~~~~~~~~~~~~~~~~~~
Run number read from file: 5160

Job 6/20
Running trotta_lumiscanJob.txt for 5160
Submitting batch
Parsing script ... (it may take while)
<jsub><request><index>29573630</index><jobIndex>61187626</jobIndex></request></jsub>
 
5160 has an AugerID of 61187626
~~~~~~~~~~~~~~~~~~~~~~~~~~~~~~~~~~~~~~~~~~~~~~~~~~~~~~~~~~~~~~~~~~~~~~~~~~~~~~~~~~~~~~~~~~~~~~~~~~~~~~~~~~~~~
Run number read from file: 5161

Job 7/20
Running trotta_lumiscanJob.txt for 5161
Submitting batch
Parsing script ... (it may take while)
<jsub><request><index>29573644</index><jobIndex>61187640</jobIndex></request></jsub>
 
5161 has an AugerID of 61187640
~~~~~~~~~~~~~~~~~~~~~~~~~~~~~~~~~~~~~~~~~~~~~~~~~~~~~~~~~~~~~~~~~~~~~~~~~~~~~~~~~~~~~~~~~~~~~~~~~~~~~~~~~~~~~
Run number read from file: 5162

Job 8/20
Running trotta_lumiscanJob.txt for 5162
Submitting batch
Parsing script ... (it may take while)
<jsub><request><index>29573657</index><jobIndex>61187653</jobIndex></request></jsub>
 
5162 has an AugerID of 61187653
~~~~~~~~~~~~~~~~~~~~~~~~~~~~~~~~~~~~~~~~~~~~~~~~~~~~~~~~~~~~~~~~~~~~~~~~~~~~~~~~~~~~~~~~~~~~~~~~~~~~~~~~~~~~~
Run number read from file: 5163

Job 9/20
Running trotta_lumiscanJob.txt for 5163
Submitting batch
Parsing script ... (it may take while)
<jsub><request><index>29573669</index><jobIndex>61187672</jobIndex></request></jsub>
 
5163 has an AugerID of 61187672
~~~~~~~~~~~~~~~~~~~~~~~~~~~~~~~~~~~~~~~~~~~~~~~~~~~~~~~~~~~~~~~~~~~~~~~~~~~~~~~~~~~~~~~~~~~~~~~~~~~~~~~~~~~~~
Run number read from file: 5166

Job 10/20
Running trotta_lumiscanJob.txt for 5166
Submitting batch
Parsing script ... (it may take while)
<jsub><request><index>29573681</index><jobIndex>61187684</jobIndex></request></jsub>
 
5166 has an AugerID of 61187684
~~~~~~~~~~~~~~~~~~~~~~~~~~~~~~~~~~~~~~~~~~~~~~~~~~~~~~~~~~~~~~~~~~~~~~~~~~~~~~~~~~~~~~~~~~~~~~~~~~~~~~~~~~~~~
Run number read from file: 5167

Job 11/20
Running trotta_lumiscanJob.txt for 5167
Submitting batch
Parsing script ... (it may take while)
<jsub><request><index>29573695</index><jobIndex>61187698</jobIndex></request></jsub>
 
5167 has an AugerID of 61187698
~~~~~~~~~~~~~~~~~~~~~~~~~~~~~~~~~~~~~~~~~~~~~~~~~~~~~~~~~~~~~~~~~~~~~~~~~~~~~~~~~~~~~~~~~~~~~~~~~~~~~~~~~~~~~
Run number read from file: 5168

Job 12/20
Running trotta_lumiscanJob.txt for 5168
Submitting batch
Parsing script ... (it may take while)
<jsub><request><index>29573707</index><jobIndex>61187710</jobIndex></request></jsub>
 
5168 has an AugerID of 61187710
~~~~~~~~~~~~~~~~~~~~~~~~~~~~~~~~~~~~~~~~~~~~~~~~~~~~~~~~~~~~~~~~~~~~~~~~~~~~~~~~~~~~~~~~~~~~~~~~~~~~~~~~~~~~~
Run number read from file: 5169

Job 13/20
Running trotta_lumiscanJob.txt for 5169
Submitting batch
Parsing script ... (it may take while)
<jsub><request><index>29573718</index><jobIndex>61187721</jobIndex></request></jsub>
 
5169 has an AugerID of 61187721
~~~~~~~~~~~~~~~~~~~~~~~~~~~~~~~~~~~~~~~~~~~~~~~~~~~~~~~~~~~~~~~~~~~~~~~~~~~~~~~~~~~~~~~~~~~~~~~~~~~~~~~~~~~~~
Run number read from file: 5170

Job 14/20
Running trotta_lumiscanJob.txt for 5170
Submitting batch
Parsing script ... (it may take while)
<jsub><request><index>29573729</index><jobIndex>61187732</jobIndex></request></jsub>
 
5170 has an AugerID of 61187732
~~~~~~~~~~~~~~~~~~~~~~~~~~~~~~~~~~~~~~~~~~~~~~~~~~~~~~~~~~~~~~~~~~~~~~~~~~~~~~~~~~~~~~~~~~~~~~~~~~~~~~~~~~~~~
Run number read from file: 5171

Job 15/20
Running trotta_lumiscanJob.txt for 5171
Submitting batch
Parsing script ... (it may take while)
<jsub><request><index>29573743</index><jobIndex>61187746</jobIndex></request></jsub>
 
5171 has an AugerID of 61187746
~~~~~~~~~~~~~~~~~~~~~~~~~~~~~~~~~~~~~~~~~~~~~~~~~~~~~~~~~~~~~~~~~~~~~~~~~~~~~~~~~~~~~~~~~~~~~~~~~~~~~~~~~~~~~
Run number read from file: 5175

Job 16/20
Running trotta_lumiscanJob.txt for 5175
Submitting batch
Parsing script ... (it may take while)
<jsub><request><index>29573757</index><jobIndex>61187760</jobIndex></request></jsub>
 
5175 has an AugerID of 61187760
~~~~~~~~~~~~~~~~~~~~~~~~~~~~~~~~~~~~~~~~~~~~~~~~~~~~~~~~~~~~~~~~~~~~~~~~~~~~~~~~~~~~~~~~~~~~~~~~~~~~~~~~~~~~~
Run number read from file: 5176

Job 17/20
Running trotta_lumiscanJob.txt for 5176
Submitting batch
Parsing script ... (it may take while)
<jsub><request><index>29573772</index><jobIndex>61187775</jobIndex></request></jsub>
 
5176 has an AugerID of 61187775
~~~~~~~~~~~~~~~~~~~~~~~~~~~~~~~~~~~~~~~~~~~~~~~~~~~~~~~~~~~~~~~~~~~~~~~~~~~~~~~~~~~~~~~~~~~~~~~~~~~~~~~~~~~~~
Run number read from file: 5178

Job 18/20
Running trotta_lumiscanJob.txt for 5178
Submitting batch
Parsing script ... (it may take while)
<jsub><request><index>29573785</index><jobIndex>61187788</jobIndex></request></jsub>
 
5178 has an AugerID of 61187788
~~~~~~~~~~~~~~~~~~~~~~~~~~~~~~~~~~~~~~~~~~~~~~~~~~~~~~~~~~~~~~~~~~~~~~~~~~~~~~~~~~~~~~~~~~~~~~~~~~~~~~~~~~~~~
Run number read from file: 5179

Job 19/20
Running trotta_lumiscanJob.txt for 5179
Submitting batch
Parsing script ... (it may take while)
<jsub><request><index>29573796</index><jobIndex>61187799</jobIndex></request></jsub>
 
5179 has an AugerID of 61187799
~~~~~~~~~~~~~~~~~~~~~~~~~~~~~~~~~~~~~~~~~~~~~~~~~~~~~~~~~~~~~~~~~~~~~~~~~~~~~~~~~~~~~~~~~~~~~~~~~~~~~~~~~~~~~
Run number read from file: 5181

Job 20/20
Running trotta_lumiscanJob.txt for 5181
Submitting batch
Parsing script ... (it may take while)
<jsub><request><index>29573807</index><jobIndex>61187810</jobIndex></request></jsub>
 
5181 has an AugerID of 61187810
~~~~~~~~~~~~~~~~~~~~~~~~~~~~~~~~~~~~~~~~~~~~~~~~~~~~~~~~~~~~~~~~~~~~~~~~~~~~~~~~~~~~~~~~~~~~~~~~~~~~~~~~~~~~~
 
###############################################################################################################
############################################ END OF JOB SUBMISSIONS ###########################################
###############################################################################################################
 
5154 has an AugerID of 61187558
5155 has an AugerID of 61187572
5156 has an AugerID of 61187585
5157 has an AugerID of 61187599
5158 has an AugerID of 61187612
5160 has an AugerID of 61187626
5161 has an AugerID of 61187640
5162 has an AugerID of 61187653
5163 has an AugerID of 61187672
5166 has an AugerID of 61187684
5167 has an AugerID of 61187698
5168 has an AugerID of 61187710
5169 has an AugerID of 61187721
5170 has an AugerID of 61187732
5171 has an AugerID of 61187746
5175 has an AugerID of 61187760
5176 has an AugerID of 61187775
5178 has an AugerID of 61187788
5179 has an AugerID of 61187799
5181 has an AugerID of 61187810
~~~~~~~~~~~~~~~~~~~~~~~~~~~~~~~~~~~~~~~~~~~~~~~~~~~~~~~~~~~~~~~~~~~~~~~~~~~~~~~~~~~~~~~~~~~~~~~~~~~~~~~~~~~~~
JOB_ID    USER      STAT    QUEUE      EXEC_HOST   JOB_NAME         SUBMIT_TIME   CPU_TIME  WALLTIME  ACCOUNT    
61187558  trottar     Q    prod64      --         ...umiscan_5154   Dec 11 16:05  --         --         hallc     
61187572  trottar     Q    prod64      --         ...umiscan_5155   Dec 11 16:09  --         --         hallc     
61187585  trottar     Q    prod64      --         ...umiscan_5156   Dec 11 16:09  --         --         hallc     
61187599  trottar     Q    prod64      --         ...umiscan_5157   Dec 11 16:09  --         --         hallc     
61187612  trottar     Q    prod64      --         ...umiscan_5158   Dec 11 16:09  --         --         hallc     
61187626  trottar     Q    prod64      --         ...umiscan_5160   Dec 11 16:09  --         --         hallc     
61187640  trottar     Q    prod64      --         ...umiscan_5161   Dec 11 16:09  --         --         hallc     
61187653  trottar     Q    prod64      --         ...umiscan_5162   Dec 11 16:09  --         --         hallc     
61187672  trottar     Q    prod64      --         ...umiscan_5163   Dec 11 16:09  --         --         hallc     
61187684  trottar     Q    prod64      --         ...umiscan_5166   Dec 11 16:13  --         --         hallc     
61187698  trottar     Q    prod64      --         ...umiscan_5167   Dec 11 16:13  --         --         hallc     
61187710  trottar     Q    prod64      --         ...umiscan_5168   Dec 11 16:13  --         --         hallc     
61187721  trottar     Q    prod64      --         ...umiscan_5169   Dec 11 16:13  --         --         hallc     
61187732  trottar     Q    prod64      --         ...umiscan_5170   Dec 11 16:13  --         --         hallc     
61187746  trottar     Q    prod64      --         ...umiscan_5171   Dec 11 16:13  --         --         hallc     
61187760  trottar     Q    prod64      --         ...umiscan_5175   Dec 11 16:13  --         --         hallc     
61187775  trottar     Q    prod64      --         ...umiscan_5176   Dec 11 16:13  --         --         hallc     
61187788  trottar     A    prod64      --         ...umiscan_5178   Dec 11 16:14  --         --         hallc     
61187799  trottar     A    prod64      --         ...umiscan_5179   Dec 11 16:14  --         --         hallc     
61187810  trottar     A    prod64      --         ...umiscan_5181   Dec 11 16:15  --         --         hallc     
 
There are 20 jobs remaining
~~~~~~~~~~~~~~~~~~~~~~~~~~~~~~~~~~~~~~~~~~~~~~~~~~~~~~~~~~~~~~~~~~~~~~~~~~~~~~~~~~~~~~~~~~~~~~~~~~~~~~~~~~~~~
JOB_ID    USER      STAT    QUEUE      EXEC_HOST   JOB_NAME         SUBMIT_TIME   CPU_TIME  WALLTIME  ACCOUNT    
61187558  trottar     Q    prod64      --         ...umiscan_5154   Dec 11 16:05  --         --         hallc     
61187572  trottar     Q    prod64      --         ...umiscan_5155   Dec 11 16:09  --         --         hallc     
61187585  trottar     Q    prod64      --         ...umiscan_5156   Dec 11 16:09  --         --         hallc     
61187599  trottar     Q    prod64      --         ...umiscan_5157   Dec 11 16:09  --         --         hallc     
61187612  trottar     Q    prod64      --         ...umiscan_5158   Dec 11 16:09  --         --         hallc     
61187626  trottar     Q    prod64      --         ...umiscan_5160   Dec 11 16:09  --         --         hallc     
61187640  trottar     Q    prod64      --         ...umiscan_5161   Dec 11 16:09  --         --         hallc     
61187653  trottar     Q    prod64      --         ...umiscan_5162   Dec 11 16:09  --         --         hallc     
61187672  trottar     Q    prod64      --         ...umiscan_5163   Dec 11 16:09  --         --         hallc     
61187684  trottar     Q    prod64      --         ...umiscan_5166   Dec 11 16:13  --         --         hallc     
61187698  trottar     Q    prod64      --         ...umiscan_5167   Dec 11 16:13  --         --         hallc     
61187710  trottar     Q    prod64      --         ...umiscan_5168   Dec 11 16:13  --         --         hallc     
61187721  trottar     Q    prod64      --         ...umiscan_5169   Dec 11 16:13  --         --         hallc     
61187732  trottar     Q    prod64      --         ...umiscan_5170   Dec 11 16:13  --         --         hallc     
61187746  trottar     Q    prod64      --         ...umiscan_5171   Dec 11 16:13  --         --         hallc     
61187760  trottar     Q    prod64      --         ...umiscan_5175   Dec 11 16:13  --         --         hallc     
61187775  trottar     Q    prod64      --         ...umiscan_5176   Dec 11 16:13  --         --         hallc     
61187788  trottar     A    prod64      --         ...umiscan_5178   Dec 11 16:14  --         --         hallc     
61187799  trottar     A    prod64      --         ...umiscan_5179   Dec 11 16:14  --         --         hallc     
61187810  trottar     A    prod64      --         ...umiscan_5181   Dec 11 16:15  --         --         hallc     
 
There are 20 jobs remaining
~~~~~~~~~~~~~~~~~~~~~~~~~~~~~~~~~~~~~~~~~~~~~~~~~~~~~~~~~~~~~~~~~~~~~~~~~~~~~~~~~~~~~~~~~~~~~~~~~~~~~~~~~~~~~
JOB_ID    USER      STAT    QUEUE      EXEC_HOST   JOB_NAME         SUBMIT_TIME   CPU_TIME  WALLTIME  ACCOUNT    
61187558  trottar     Q    prod64      --         ...umiscan_5154   Dec 11 16:05  --         --         hallc     
61187572  trottar     Q    prod64      --         ...umiscan_5155   Dec 11 16:09  --         --         hallc     
61187585  trottar     Q    prod64      --         ...umiscan_5156   Dec 11 16:09  --         --         hallc     
61187599  trottar     Q    prod64      --         ...umiscan_5157   Dec 11 16:09  --         --         hallc     
61187612  trottar     Q    prod64      --         ...umiscan_5158   Dec 11 16:09  --         --         hallc     
61187626  trottar     Q    prod64      --         ...umiscan_5160   Dec 11 16:09  --         --         hallc     
61187640  trottar     Q    prod64      --         ...umiscan_5161   Dec 11 16:09  --         --         hallc     
61187653  trottar     Q    prod64      --         ...umiscan_5162   Dec 11 16:09  --         --         hallc     
61187672  trottar     Q    prod64      --         ...umiscan_5163   Dec 11 16:09  --         --         hallc     
61187684  trottar     Q    prod64      --         ...umiscan_5166   Dec 11 16:13  --         --         hallc     
61187698  trottar     Q    prod64      --         ...umiscan_5167   Dec 11 16:13  --         --         hallc     
61187710  trottar     Q    prod64      --         ...umiscan_5168   Dec 11 16:13  --         --         hallc     
61187721  trottar     Q    prod64      --         ...umiscan_5169   Dec 11 16:13  --         --         hallc     
61187732  trottar     Q    prod64      --         ...umiscan_5170   Dec 11 16:13  --         --         hallc     
61187746  trottar     Q    prod64      --         ...umiscan_5171   Dec 11 16:13  --         --         hallc     
61187760  trottar     Q    prod64      --         ...umiscan_5175   Dec 11 16:13  --         --         hallc     
61187775  trottar     Q    prod64      --         ...umiscan_5176   Dec 11 16:13  --         --         hallc     
61187788  trottar     Q    prod64      --         ...umiscan_5178   Dec 11 16:17  --         --         hallc     
61187799  trottar     Q    prod64      --         ...umiscan_5179   Dec 11 16:17  --         --         hallc     
61187810  trottar     Q    prod64      --         ...umiscan_5181   Dec 11 16:17  --         --         hallc     
 
There are 20 jobs remaining
~~~~~~~~~~~~~~~~~~~~~~~~~~~~~~~~~~~~~~~~~~~~~~~~~~~~~~~~~~~~~~~~~~~~~~~~~~~~~~~~~~~~~~~~~~~~~~~~~~~~~~~~~~~~~
JOB_ID    USER      STAT    QUEUE      EXEC_HOST   JOB_NAME         SUBMIT_TIME   CPU_TIME  WALLTIME  ACCOUNT    
61187558  trottar     Q    prod64      --         ...umiscan_5154   Dec 11 16:05  --         --         hallc     
61187572  trottar     Q    prod64      --         ...umiscan_5155   Dec 11 16:09  --         --         hallc     
61187585  trottar     Q    prod64      --         ...umiscan_5156   Dec 11 16:09  --         --         hallc     
61187599  trottar     Q    prod64      --         ...umiscan_5157   Dec 11 16:09  --         --         hallc     
61187612  trottar     Q    prod64      --         ...umiscan_5158   Dec 11 16:09  --         --         hallc     
61187626  trottar     Q    prod64      --         ...umiscan_5160   Dec 11 16:09  --         --         hallc     
61187640  trottar     Q    prod64      --         ...umiscan_5161   Dec 11 16:09  --         --         hallc     
61187653  trottar     Q    prod64      --         ...umiscan_5162   Dec 11 16:09  --         --         hallc     
61187672  trottar     Q    prod64      --         ...umiscan_5163   Dec 11 16:09  --         --         hallc     
61187684  trottar     Q    prod64      --         ...umiscan_5166   Dec 11 16:13  --         --         hallc     
61187698  trottar     Q    prod64      --         ...umiscan_5167   Dec 11 16:13  --         --         hallc     
61187710  trottar     Q    prod64      --         ...umiscan_5168   Dec 11 16:13  --         --         hallc     
61187721  trottar     Q    prod64      --         ...umiscan_5169   Dec 11 16:13  --         --         hallc     
61187732  trottar     Q    prod64      --         ...umiscan_5170   Dec 11 16:13  --         --         hallc     
61187746  trottar     Q    prod64      --         ...umiscan_5171   Dec 11 16:13  --         --         hallc     
61187760  trottar     Q    prod64      --         ...umiscan_5175   Dec 11 16:13  --         --         hallc     
61187775  trottar     Q    prod64      --         ...umiscan_5176   Dec 11 16:13  --         --         hallc     
61187788  trottar     Q    prod64      --         ...umiscan_5178   Dec 11 16:17  --         --         hallc     
61187799  trottar     Q    prod64      --         ...umiscan_5179   Dec 11 16:17  --         --         hallc     
61187810  trottar     Q    prod64      --         ...umiscan_5181   Dec 11 16:17  --         --         hallc     
 
There are 20 jobs remaining
~~~~~~~~~~~~~~~~~~~~~~~~~~~~~~~~~~~~~~~~~~~~~~~~~~~~~~~~~~~~~~~~~~~~~~~~~~~~~~~~~~~~~~~~~~~~~~~~~~~~~~~~~~~~~
JOB_ID    USER      STAT    QUEUE      EXEC_HOST   JOB_NAME         SUBMIT_TIME   CPU_TIME  WALLTIME  ACCOUNT    
61187558  trottar     Q    prod64      --         ...umiscan_5154   Dec 11 16:05  --         --         hallc     
61187572  trottar     Q    prod64      --         ...umiscan_5155   Dec 11 16:09  --         --         hallc     
61187585  trottar     Q    prod64      --         ...umiscan_5156   Dec 11 16:09  --         --         hallc     
61187599  trottar     Q    prod64      --         ...umiscan_5157   Dec 11 16:09  --         --         hallc     
61187612  trottar     Q    prod64      --         ...umiscan_5158   Dec 11 16:09  --         --         hallc     
61187626  trottar     Q    prod64      --         ...umiscan_5160   Dec 11 16:09  --         --         hallc     
61187640  trottar     Q    prod64      --         ...umiscan_5161   Dec 11 16:09  --         --         hallc     
61187653  trottar     Q    prod64      --         ...umiscan_5162   Dec 11 16:09  --         --         hallc     
61187672  trottar     Q    prod64      --         ...umiscan_5163   Dec 11 16:09  --         --         hallc     
61187684  trottar     Q    prod64      --         ...umiscan_5166   Dec 11 16:13  --         --         hallc     
61187698  trottar     Q    prod64      --         ...umiscan_5167   Dec 11 16:13  --         --         hallc     
61187710  trottar     Q    prod64      --         ...umiscan_5168   Dec 11 16:13  --         --         hallc     
61187721  trottar     Q    prod64      --         ...umiscan_5169   Dec 11 16:13  --         --         hallc     
61187732  trottar     Q    prod64      --         ...umiscan_5170   Dec 11 16:13  --         --         hallc     
61187746  trottar     Q    prod64      --         ...umiscan_5171   Dec 11 16:13  --         --         hallc     
61187760  trottar     Q    prod64      --         ...umiscan_5175   Dec 11 16:13  --         --         hallc     
61187775  trottar     Q    prod64      --         ...umiscan_5176   Dec 11 16:13  --         --         hallc     
61187788  trottar     Q    prod64      --         ...umiscan_5178   Dec 11 16:17  --         --         hallc     
61187799  trottar     Q    prod64      --         ...umiscan_5179   Dec 11 16:17  --         --         hallc     
61187810  trottar     Q    prod64      --         ...umiscan_5181   Dec 11 16:17  --         --         hallc     
 
There are 20 jobs remaining
~~~~~~~~~~~~~~~~~~~~~~~~~~~~~~~~~~~~~~~~~~~~~~~~~~~~~~~~~~~~~~~~~~~~~~~~~~~~~~~~~~~~~~~~~~~~~~~~~~~~~~~~~~~~~
JOB_ID    USER      STAT    QUEUE      EXEC_HOST   JOB_NAME         SUBMIT_TIME   CPU_TIME  WALLTIME  ACCOUNT    
61187558  trottar     Q    prod64      --         ...umiscan_5154   Dec 11 16:05  --         --         hallc     
61187572  trottar     Q    prod64      --         ...umiscan_5155   Dec 11 16:09  --         --         hallc     
61187585  trottar     Q    prod64      --         ...umiscan_5156   Dec 11 16:09  --         --         hallc     
61187599  trottar     Q    prod64      --         ...umiscan_5157   Dec 11 16:09  --         --         hallc     
61187612  trottar     Q    prod64      --         ...umiscan_5158   Dec 11 16:09  --         --         hallc     
61187626  trottar     Q    prod64      --         ...umiscan_5160   Dec 11 16:09  --         --         hallc     
61187640  trottar     Q    prod64      --         ...umiscan_5161   Dec 11 16:09  --         --         hallc     
61187653  trottar     Q    prod64      --         ...umiscan_5162   Dec 11 16:09  --         --         hallc     
61187672  trottar     Q    prod64      --         ...umiscan_5163   Dec 11 16:09  --         --         hallc     
61187684  trottar     Q    prod64      --         ...umiscan_5166   Dec 11 16:13  --         --         hallc     
61187698  trottar     Q    prod64      --         ...umiscan_5167   Dec 11 16:13  --         --         hallc     
61187710  trottar     Q    prod64      --         ...umiscan_5168   Dec 11 16:13  --         --         hallc     
61187721  trottar     Q    prod64      --         ...umiscan_5169   Dec 11 16:13  --         --         hallc     
61187732  trottar     Q    prod64      --         ...umiscan_5170   Dec 11 16:13  --         --         hallc     
61187746  trottar     Q    prod64      --         ...umiscan_5171   Dec 11 16:13  --         --         hallc     
61187760  trottar     Q    prod64      --         ...umiscan_5175   Dec 11 16:13  --         --         hallc     
61187775  trottar     Q    prod64      --         ...umiscan_5176   Dec 11 16:13  --         --         hallc     
61187788  trottar     Q    prod64      --         ...umiscan_5178   Dec 11 16:17  --         --         hallc     
61187799  trottar     Q    prod64      --         ...umiscan_5179   Dec 11 16:17  --         --         hallc     
61187810  trottar     Q    prod64      --         ...umiscan_5181   Dec 11 16:17  --         --         hallc     
 
There are 20 jobs remaining
~~~~~~~~~~~~~~~~~~~~~~~~~~~~~~~~~~~~~~~~~~~~~~~~~~~~~~~~~~~~~~~~~~~~~~~~~~~~~~~~~~~~~~~~~~~~~~~~~~~~~~~~~~~~~
JOB_ID    USER      STAT    QUEUE      EXEC_HOST   JOB_NAME         SUBMIT_TIME   CPU_TIME  WALLTIME  ACCOUNT    
61187558  trottar     Q    prod64      --         ...umiscan_5154   Dec 11 16:05  --         --         hallc     
61187572  trottar     Q    prod64      --         ...umiscan_5155   Dec 11 16:09  --         --         hallc     
61187585  trottar     Q    prod64      --         ...umiscan_5156   Dec 11 16:09  --         --         hallc     
61187599  trottar     Q    prod64      --         ...umiscan_5157   Dec 11 16:09  --         --         hallc     
61187612  trottar     Q    prod64      --         ...umiscan_5158   Dec 11 16:09  --         --         hallc     
61187626  trottar     Q    prod64      --         ...umiscan_5160   Dec 11 16:09  --         --         hallc     
61187640  trottar     Q    prod64      --         ...umiscan_5161   Dec 11 16:09  --         --         hallc     
61187653  trottar     Q    prod64      --         ...umiscan_5162   Dec 11 16:09  --         --         hallc     
61187672  trottar     Q    prod64      --         ...umiscan_5163   Dec 11 16:09  --         --         hallc     
61187684  trottar     Q    prod64      --         ...umiscan_5166   Dec 11 16:13  --         --         hallc     
61187698  trottar     Q    prod64      --         ...umiscan_5167   Dec 11 16:13  --         --         hallc     
61187710  trottar     Q    prod64      --         ...umiscan_5168   Dec 11 16:13  --         --         hallc     
61187721  trottar     Q    prod64      --         ...umiscan_5169   Dec 11 16:13  --         --         hallc     
61187732  trottar     Q    prod64      --         ...umiscan_5170   Dec 11 16:13  --         --         hallc     
61187746  trottar     Q    prod64      --         ...umiscan_5171   Dec 11 16:13  --         --         hallc     
61187760  trottar     Q    prod64      --         ...umiscan_5175   Dec 11 16:13  --         --         hallc     
61187775  trottar     Q    prod64      --         ...umiscan_5176   Dec 11 16:13  --         --         hallc     
61187788  trottar     Q    prod64      --         ...umiscan_5178   Dec 11 16:17  --         --         hallc     
61187799  trottar     Q    prod64      --         ...umiscan_5179   Dec 11 16:17  --         --         hallc     
61187810  trottar     Q    prod64      --         ...umiscan_5181   Dec 11 16:17  --         --         hallc     
 
There are 20 jobs remaining
~~~~~~~~~~~~~~~~~~~~~~~~~~~~~~~~~~~~~~~~~~~~~~~~~~~~~~~~~~~~~~~~~~~~~~~~~~~~~~~~~~~~~~~~~~~~~~~~~~~~~~~~~~~~~
JOB_ID    USER      STAT    QUEUE      EXEC_HOST   JOB_NAME         SUBMIT_TIME   CPU_TIME  WALLTIME  ACCOUNT    
61187558  trottar     R    prod64      farm140201 ...umiscan_5154   Dec 11 16:05  --         --         hallc     
61187572  trottar     R    prod64      farm140201 ...umiscan_5155   Dec 11 16:09  --         --         hallc     
61187585  trottar     R    prod64      farm140201 ...umiscan_5156   Dec 11 16:09  --         --         hallc     
61187599  trottar     R    prod64      farm140201 ...umiscan_5157   Dec 11 16:09  --         --         hallc     
61187612  trottar     R    prod64      farm140201 ...umiscan_5158   Dec 11 16:09  --         --         hallc     
61187626  trottar     R    prod64      farm140201 ...umiscan_5160   Dec 11 16:09  --         --         hallc     
61187640  trottar     R    prod64      farm140201 ...umiscan_5161   Dec 11 16:09  --         --         hallc     
61187653  trottar     R    prod64      farm140201 ...umiscan_5162   Dec 11 16:09  --         --         hallc     
61187672  trottar     R    prod64      farm140201 ...umiscan_5163   Dec 11 16:09  --         --         hallc     
61187684  trottar     R    prod64      farm140201 ...umiscan_5166   Dec 11 16:13  --         --         hallc     
61187698  trottar     R    prod64      farm140201 ...umiscan_5167   Dec 11 16:13  --         --         hallc     
61187710  trottar     R    prod64      farm140201 ...umiscan_5168   Dec 11 16:13  --         --         hallc     
61187721  trottar     R    prod64      farm140201 ...umiscan_5169   Dec 11 16:13  --         --         hallc     
61187732  trottar     R    prod64      farm140201 ...umiscan_5170   Dec 11 16:13  --         --         hallc     
61187746  trottar     R    prod64      farm140201 ...umiscan_5171   Dec 11 16:13  --         --         hallc     
61187760  trottar     R    prod64      farm140201 ...umiscan_5175   Dec 11 16:13  --         --         hallc     
61187775  trottar     R    prod64      farm140201 ...umiscan_5176   Dec 11 16:13  --         --         hallc     
61187788  trottar     R    prod64      farm140201 ...umiscan_5178   Dec 11 16:17  --         --         hallc     
61187799  trottar     R    prod64      farm140201 ...umiscan_5179   Dec 11 16:17  --         --         hallc     
61187810  trottar     Q    prod64      --         ...umiscan_5181   Dec 11 16:17  --         --         hallc     
 
There are 20 jobs remaining
~~~~~~~~~~~~~~~~~~~~~~~~~~~~~~~~~~~~~~~~~~~~~~~~~~~~~~~~~~~~~~~~~~~~~~~~~~~~~~~~~~~~~~~~~~~~~~~~~~~~~~~~~~~~~
JOB_ID    USER      STAT    QUEUE      EXEC_HOST   JOB_NAME         SUBMIT_TIME   CPU_TIME  WALLTIME  ACCOUNT    
61187558  trottar     R    prod64      farm140201 ...umiscan_5154   Dec 11 16:05  00:00:04   00:02:09   hallc     
61187572  trottar     R    prod64      farm140201 ...umiscan_5155   Dec 11 16:09  --         --         hallc     
61187585  trottar     R    prod64      farm140201 ...umiscan_5156   Dec 11 16:09  --         --         hallc     
61187599  trottar     R    prod64      farm140201 ...umiscan_5157   Dec 11 16:09  --         --         hallc     
61187612  trottar     R    prod64      farm140201 ...umiscan_5158   Dec 11 16:09  --         --         hallc     
61187626  trottar     R    prod64      farm140201 ...umiscan_5160   Dec 11 16:09  --         --         hallc     
61187640  trottar     R    prod64      farm140201 ...umiscan_5161   Dec 11 16:09  00:00:04   00:02:09   hallc     
61187653  trottar     R    prod64      farm140201 ...umiscan_5162   Dec 11 16:09  --         --         hallc     
61187672  trottar     R    prod64      farm140201 ...umiscan_5163   Dec 11 16:09  --         --         hallc     
61187684  trottar     R    prod64      farm140201 ...umiscan_5166   Dec 11 16:13  00:00:04   00:01:41   hallc     
61187698  trottar     R    prod64      farm140201 ...umiscan_5167   Dec 11 16:13  00:00:03   00:01:41   hallc     
61187710  trottar     R    prod64      farm140201 ...umiscan_5168   Dec 11 16:13  00:00:04   00:01:31   hallc     
61187721  trottar     R    prod64      farm140201 ...umiscan_5169   Dec 11 16:13  00:00:04   00:01:31   hallc     
61187732  trottar     R    prod64      farm140201 ...umiscan_5170   Dec 11 16:13  00:00:04   00:01:31   hallc     
61187746  trottar     R    prod64      farm140201 ...umiscan_5171   Dec 11 16:13  00:00:04   00:01:31   hallc     
61187760  trottar     R    prod64      farm140201 ...umiscan_5175   Dec 11 16:13  00:00:04   00:01:31   hallc     
61187775  trottar     R    prod64      farm140201 ...umiscan_5176   Dec 11 16:13  00:00:04   00:01:31   hallc     
61187788  trottar     R    prod64      farm140201 ...umiscan_5178   Dec 11 16:17  --         --         hallc     
61187799  trottar     R    prod64      farm140201 ...umiscan_5179   Dec 11 16:17  --         --         hallc     
61187810  trottar     R    prod64      farm13008  ...umiscan_5181   Dec 11 16:17  --         --         hallc     
 
There are 20 jobs remaining
~~~~~~~~~~~~~~~~~~~~~~~~~~~~~~~~~~~~~~~~~~~~~~~~~~~~~~~~~~~~~~~~~~~~~~~~~~~~~~~~~~~~~~~~~~~~~~~~~~~~~~~~~~~~~
JOB_ID    USER      STAT    QUEUE      EXEC_HOST   JOB_NAME         SUBMIT_TIME   CPU_TIME  WALLTIME  ACCOUNT    
61187558  trottar     R    prod64      farm140201 ...umiscan_5154   Dec 11 16:05  00:00:04   00:02:09   hallc     
61187572  trottar     R    prod64      farm140201 ...umiscan_5155   Dec 11 16:09  --         --         hallc     
61187585  trottar     R    prod64      farm140201 ...umiscan_5156   Dec 11 16:09  --         --         hallc     
61187599  trottar     R    prod64      farm140201 ...umiscan_5157   Dec 11 16:09  --         --         hallc     
61187612  trottar     R    prod64      farm140201 ...umiscan_5158   Dec 11 16:09  --         --         hallc     
61187626  trottar     R    prod64      farm140201 ...umiscan_5160   Dec 11 16:09  --         --         hallc     
61187640  trottar     R    prod64      farm140201 ...umiscan_5161   Dec 11 16:09  00:00:04   00:02:09   hallc     
61187653  trottar     R    prod64      farm140201 ...umiscan_5162   Dec 11 16:09  --         --         hallc     
61187672  trottar     R    prod64      farm140201 ...umiscan_5163   Dec 11 16:09  --         --         hallc     
61187684  trottar     R    prod64      farm140201 ...umiscan_5166   Dec 11 16:13  00:00:04   00:01:41   hallc     
61187698  trottar     R    prod64      farm140201 ...umiscan_5167   Dec 11 16:13  00:00:03   00:01:41   hallc     
61187710  trottar     R    prod64      farm140201 ...umiscan_5168   Dec 11 16:13  00:00:04   00:01:31   hallc     
61187721  trottar     R    prod64      farm140201 ...umiscan_5169   Dec 11 16:13  00:00:04   00:01:31   hallc     
61187732  trottar     R    prod64      farm140201 ...umiscan_5170   Dec 11 16:13  00:00:04   00:01:31   hallc     
61187746  trottar     R    prod64      farm140201 ...umiscan_5171   Dec 11 16:13  00:00:04   00:01:31   hallc     
61187760  trottar     R    prod64      farm140201 ...umiscan_5175   Dec 11 16:13  00:00:04   00:01:31   hallc     
61187775  trottar     R    prod64      farm140201 ...umiscan_5176   Dec 11 16:13  00:00:04   00:01:31   hallc     
61187788  trottar     R    prod64      farm140201 ...umiscan_5178   Dec 11 16:17  00:00:04   00:01:57   hallc     
61187799  trottar     R    prod64      farm140201 ...umiscan_5179   Dec 11 16:17  00:00:04   00:01:57   hallc     
61187810  trottar     R    prod64      farm13008  ...umiscan_5181   Dec 11 16:17  00:00:04   00:01:51   hallc     
 
There are 20 jobs remaining
~~~~~~~~~~~~~~~~~~~~~~~~~~~~~~~~~~~~~~~~~~~~~~~~~~~~~~~~~~~~~~~~~~~~~~~~~~~~~~~~~~~~~~~~~~~~~~~~~~~~~~~~~~~~~
JOB_ID    USER      STAT    QUEUE      EXEC_HOST   JOB_NAME         SUBMIT_TIME   CPU_TIME  WALLTIME  ACCOUNT    
61187558  trottar     R    prod64      farm140201 ...umiscan_5154   Dec 11 16:05  00:00:04   00:04:22   hallc     
61187572  trottar     R    prod64      farm140201 ...umiscan_5155   Dec 11 16:09  00:00:04   00:04:22   hallc     
61187585  trottar     R    prod64      farm140201 ...umiscan_5156   Dec 11 16:09  00:00:04   00:04:22   hallc     
61187599  trottar     R    prod64      farm140201 ...umiscan_5157   Dec 11 16:09  00:00:04   00:04:22   hallc     
61187612  trottar     R    prod64      farm140201 ...umiscan_5158   Dec 11 16:09  00:00:04   00:04:22   hallc     
61187626  trottar     R    prod64      farm140201 ...umiscan_5160   Dec 11 16:09  00:00:04   00:04:22   hallc     
61187640  trottar     R    prod64      farm140201 ...umiscan_5161   Dec 11 16:09  00:00:04   00:04:22   hallc     
61187653  trottar     R    prod64      farm140201 ...umiscan_5162   Dec 11 16:09  00:00:04   00:04:22   hallc     
61187672  trottar     R    prod64      farm140201 ...umiscan_5163   Dec 11 16:09  00:00:04   00:04:22   hallc     
61187684  trottar     R    prod64      farm140201 ...umiscan_5166   Dec 11 16:13  00:00:04   00:03:54   hallc     
61187698  trottar     R    prod64      farm140201 ...umiscan_5167   Dec 11 16:13  00:00:03   00:01:41   hallc     
61187710  trottar     R    prod64      farm140201 ...umiscan_5168   Dec 11 16:13  00:00:04   00:03:44   hallc     
61187721  trottar     R    prod64      farm140201 ...umiscan_5169   Dec 11 16:13  00:00:04   00:01:31   hallc     
61187732  trottar     R    prod64      farm140201 ...umiscan_5170   Dec 11 16:13  00:00:04   00:01:31   hallc     
61187746  trottar     R    prod64      farm140201 ...umiscan_5171   Dec 11 16:13  00:00:04   00:01:31   hallc     
61187760  trottar     R    prod64      farm140201 ...umiscan_5175   Dec 11 16:13  00:00:04   00:01:31   hallc     
61187775  trottar     R    prod64      farm140201 ...umiscan_5176   Dec 11 16:13  00:00:04   00:03:44   hallc     
61187788  trottar     R    prod64      farm140201 ...umiscan_5178   Dec 11 16:17  00:00:04   00:04:12   hallc     
61187799  trottar     R    prod64      farm140201 ...umiscan_5179   Dec 11 16:17  00:00:04   00:03:26   hallc     
61187810  trottar     R    prod64      farm13008  ...umiscan_5181   Dec 11 16:17  00:00:04   00:01:51   hallc     
 
There are 20 jobs remaining
~~~~~~~~~~~~~~~~~~~~~~~~~~~~~~~~~~~~~~~~~~~~~~~~~~~~~~~~~~~~~~~~~~~~~~~~~~~~~~~~~~~~~~~~~~~~~~~~~~~~~~~~~~~~~
JOB_ID    USER      STAT    QUEUE      EXEC_HOST   JOB_NAME         SUBMIT_TIME   CPU_TIME  WALLTIME  ACCOUNT    
61187558  trottar     R    prod64      farm140201 ...umiscan_5154   Dec 11 16:05  00:00:04   00:05:53   hallc     
61187572  trottar     R    prod64      farm140201 ...umiscan_5155   Dec 11 16:09  00:00:04   00:05:53   hallc     
61187585  trottar     R    prod64      farm140201 ...umiscan_5156   Dec 11 16:09  00:00:04   00:05:53   hallc     
61187599  trottar     R    prod64      farm140201 ...umiscan_5157   Dec 11 16:09  00:00:04   00:05:53   hallc     
61187612  trottar     R    prod64      farm140201 ...umiscan_5158   Dec 11 16:09  00:00:04   00:05:53   hallc     
61187626  trottar     R    prod64      farm140201 ...umiscan_5160   Dec 11 16:09  00:00:04   00:05:53   hallc     
61187640  trottar     R    prod64      farm140201 ...umiscan_5161   Dec 11 16:09  00:00:04   00:05:53   hallc     
61187653  trottar     R    prod64      farm140201 ...umiscan_5162   Dec 11 16:09  00:00:04   00:05:53   hallc     
61187672  trottar     R    prod64      farm140201 ...umiscan_5163   Dec 11 16:09  00:00:04   00:05:53   hallc     
61187684  trottar     R    prod64      farm140201 ...umiscan_5166   Dec 11 16:13  00:00:04   00:03:54   hallc     
61187698  trottar     R    prod64      farm140201 ...umiscan_5167   Dec 11 16:13  00:00:03   00:06:10   hallc     
61187710  trottar     R    prod64      farm140201 ...umiscan_5168   Dec 11 16:13  00:00:04   00:06:00   hallc     
61187721  trottar     R    prod64      farm140201 ...umiscan_5169   Dec 11 16:13  00:00:04   00:06:00   hallc     
61187732  trottar     R    prod64      farm140201 ...umiscan_5170   Dec 11 16:13  00:00:04   00:06:00   hallc     
61187746  trottar     R    prod64      farm140201 ...umiscan_5171   Dec 11 16:13  00:00:04   00:06:00   hallc     
61187760  trottar     R    prod64      farm140201 ...umiscan_5175   Dec 11 16:13  00:00:04   00:01:31   hallc     
61187775  trottar     R    prod64      farm140201 ...umiscan_5176   Dec 11 16:13  00:00:04   00:03:44   hallc     
61187788  trottar     R    prod64      farm140201 ...umiscan_5178   Dec 11 16:17  00:00:04   00:04:12   hallc     
61187799  trottar     R    prod64      farm140201 ...umiscan_5179   Dec 11 16:17  00:00:04   00:05:42   hallc     
61187810  trottar     R    prod64      farm13008  ...umiscan_5181   Dec 11 16:17  00:00:04   00:03:21   hallc     
 
There are 20 jobs remaining
~~~~~~~~~~~~~~~~~~~~~~~~~~~~~~~~~~~~~~~~~~~~~~~~~~~~~~~~~~~~~~~~~~~~~~~~~~~~~~~~~~~~~~~~~~~~~~~~~~~~~~~~~~~~~
JOB_ID    USER      STAT    QUEUE      EXEC_HOST   JOB_NAME         SUBMIT_TIME   CPU_TIME  WALLTIME  ACCOUNT    
61187558  trottar     R    prod64      farm140201 ...umiscan_5154   Dec 11 16:05  00:00:04   00:05:53   hallc     
61187572  trottar     R    prod64      farm140201 ...umiscan_5155   Dec 11 16:09  00:00:04   00:08:09   hallc     
61187585  trottar     R    prod64      farm140201 ...umiscan_5156   Dec 11 16:09  00:00:04   00:08:09   hallc     
61187599  trottar     R    prod64      farm140201 ...umiscan_5157   Dec 11 16:09  00:00:04   00:05:53   hallc     
61187612  trottar     R    prod64      farm140201 ...umiscan_5158   Dec 11 16:09  00:00:04   00:08:09   hallc     
61187626  trottar     R    prod64      farm140201 ...umiscan_5160   Dec 11 16:09  00:00:04   00:08:09   hallc     
61187640  trottar     R    prod64      farm140201 ...umiscan_5161   Dec 11 16:09  00:00:04   00:05:53   hallc     
61187653  trottar     R    prod64      farm140201 ...umiscan_5162   Dec 11 16:09  00:00:04   00:08:09   hallc     
61187672  trottar     R    prod64      farm140201 ...umiscan_5163   Dec 11 16:09  00:00:04   00:08:09   hallc     
61187684  trottar     R    prod64      farm140201 ...umiscan_5166   Dec 11 16:13  00:00:04   00:07:41   hallc     
61187698  trottar     R    prod64      farm140201 ...umiscan_5167   Dec 11 16:13  00:00:03   00:07:41   hallc     
61187710  trottar     R    prod64      farm140201 ...umiscan_5168   Dec 11 16:13  00:00:04   00:06:00   hallc     
61187721  trottar     R    prod64      farm140201 ...umiscan_5169   Dec 11 16:13  00:00:04   00:06:00   hallc     
61187732  trottar     R    prod64      farm140201 ...umiscan_5170   Dec 11 16:13  00:00:04   00:06:00   hallc     
61187746  trottar     R    prod64      farm140201 ...umiscan_5171   Dec 11 16:13  00:00:04   00:06:00   hallc     
61187760  trottar     R    prod64      farm140201 ...umiscan_5175   Dec 11 16:13  00:00:04   00:01:31   hallc     
61187775  trottar     R    prod64      farm140201 ...umiscan_5176   Dec 11 16:13  00:00:04   00:03:44   hallc     
61187788  trottar     R    prod64      farm140201 ...umiscan_5178   Dec 11 16:17  00:00:04   00:05:42   hallc     
61187799  trottar     R    prod64      farm140201 ...umiscan_5179   Dec 11 16:17  00:00:04   00:05:42   hallc     
61187810  trottar     R    prod64      farm13008  ...umiscan_5181   Dec 11 16:17  00:00:04   00:05:36   hallc     
 
There are 20 jobs remaining
~~~~~~~~~~~~~~~~~~~~~~~~~~~~~~~~~~~~~~~~~~~~~~~~~~~~~~~~~~~~~~~~~~~~~~~~~~~~~~~~~~~~~~~~~~~~~~~~~~~~~~~~~~~~~
JOB_ID    USER      STAT    QUEUE      EXEC_HOST   JOB_NAME         SUBMIT_TIME   CPU_TIME  WALLTIME  ACCOUNT    
61187558  trottar     R    prod64      farm140201 ...umiscan_5154   Dec 11 16:05  00:00:04   00:05:53   hallc     
61187572  trottar     R    prod64      farm140201 ...umiscan_5155   Dec 11 16:09  00:00:04   00:08:09   hallc     
61187585  trottar     R    prod64      farm140201 ...umiscan_5156   Dec 11 16:09  00:00:04   00:08:09   hallc     
61187599  trottar     R    prod64      farm140201 ...umiscan_5157   Dec 11 16:09  00:00:04   00:05:53   hallc     
61187612  trottar     R    prod64      farm140201 ...umiscan_5158   Dec 11 16:09  00:00:04   00:08:09   hallc     
61187626  trottar     R    prod64      farm140201 ...umiscan_5160   Dec 11 16:09  00:00:04   00:08:09   hallc     
61187640  trottar     R    prod64      farm140201 ...umiscan_5161   Dec 11 16:09  00:00:04   00:05:53   hallc     
61187653  trottar     R    prod64      farm140201 ...umiscan_5162   Dec 11 16:09  00:00:04   00:08:09   hallc     
61187672  trottar     R    prod64      farm140201 ...umiscan_5163   Dec 11 16:09  00:00:04   00:08:09   hallc     
61187684  trottar     R    prod64      farm140201 ...umiscan_5166   Dec 11 16:13  00:00:04   00:07:41   hallc     
61187698  trottar     R    prod64      farm140201 ...umiscan_5167   Dec 11 16:13  00:00:03   00:07:41   hallc     
61187710  trottar     R    prod64      farm140201 ...umiscan_5168   Dec 11 16:13  00:00:04   00:08:15   hallc     
61187721  trottar     R    prod64      farm140201 ...umiscan_5169   Dec 11 16:13  00:00:04   00:08:15   hallc     
61187732  trottar     R    prod64      farm140201 ...umiscan_5170   Dec 11 16:13  00:00:04   00:08:15   hallc     
61187746  trottar     R    prod64      farm140201 ...umiscan_5171   Dec 11 16:13  00:00:04   00:06:00   hallc     
61187760  trottar     R    prod64      farm140201 ...umiscan_5175   Dec 11 16:13  00:00:04   00:08:15   hallc     
61187775  trottar     R    prod64      farm140201 ...umiscan_5176   Dec 11 16:13  00:00:04   00:03:44   hallc     
61187788  trottar     R    prod64      farm140201 ...umiscan_5178   Dec 11 16:17  00:00:04   00:05:42   hallc     
61187799  trottar     R    prod64      farm140201 ...umiscan_5179   Dec 11 16:17  00:00:04   00:05:42   hallc     
61187810  trottar     R    prod64      farm13008  ...umiscan_5181   Dec 11 16:17  00:00:04   00:05:36   hallc     
 
There are 20 jobs remaining
~~~~~~~~~~~~~~~~~~~~~~~~~~~~~~~~~~~~~~~~~~~~~~~~~~~~~~~~~~~~~~~~~~~~~~~~~~~~~~~~~~~~~~~~~~~~~~~~~~~~~~~~~~~~~
JOB_ID    USER      STAT    QUEUE      EXEC_HOST   JOB_NAME         SUBMIT_TIME   CPU_TIME  WALLTIME  ACCOUNT    
61187558  trottar     R    prod64      farm140201 ...umiscan_5154   Dec 11 16:05  00:00:04   00:10:23   hallc     
61187572  trottar     R    prod64      farm140201 ...umiscan_5155   Dec 11 16:09  00:00:04   00:10:23   hallc     
61187585  trottar     R    prod64      farm140201 ...umiscan_5156   Dec 11 16:09  00:00:04   00:08:09   hallc     
61187599  trottar     R    prod64      farm140201 ...umiscan_5157   Dec 11 16:09  00:00:04   00:05:53   hallc     
61187612  trottar     R    prod64      farm140201 ...umiscan_5158   Dec 11 16:09  00:00:04   00:10:23   hallc     
61187626  trottar     R    prod64      farm140201 ...umiscan_5160   Dec 11 16:09  00:00:04   00:08:09   hallc     
61187640  trottar     R    prod64      farm140201 ...umiscan_5161   Dec 11 16:09  00:00:04   00:10:23   hallc     
61187653  trottar     R    prod64      farm140201 ...umiscan_5162   Dec 11 16:09  00:00:04   00:08:09   hallc     
61187672  trottar     R    prod64      farm140201 ...umiscan_5163   Dec 11 16:09  00:00:04   00:08:09   hallc     
61187684  trottar     R    prod64      farm140201 ...umiscan_5166   Dec 11 16:13  00:00:04   00:07:41   hallc     
61187698  trottar     R    prod64      farm140201 ...umiscan_5167   Dec 11 16:13  00:00:03   00:07:41   hallc     
61187710  trottar     R    prod64      farm140201 ...umiscan_5168   Dec 11 16:13  00:00:04   00:09:45   hallc     
61187721  trottar     R    prod64      farm140201 ...umiscan_5169   Dec 11 16:13  00:00:04   00:08:15   hallc     
61187732  trottar     R    prod64      farm140201 ...umiscan_5170   Dec 11 16:13  00:00:04   00:10:30   hallc     
61187746  trottar     R    prod64      farm140201 ...umiscan_5171   Dec 11 16:13  00:00:04   00:06:00   hallc     
61187760  trottar     R    prod64      farm140201 ...umiscan_5175   Dec 11 16:13  00:00:04   00:08:15   hallc     
61187775  trottar     R    prod64      farm140201 ...umiscan_5176   Dec 11 16:13  00:00:04   00:09:45   hallc     
61187788  trottar     R    prod64      farm140201 ...umiscan_5178   Dec 11 16:17  00:00:04   00:10:12   hallc     
61187799  trottar     R    prod64      farm140201 ...umiscan_5179   Dec 11 16:17  00:00:04   00:05:42   hallc     
 
There are 19 jobs remaining
~~~~~~~~~~~~~~~~~~~~~~~~~~~~~~~~~~~~~~~~~~~~~~~~~~~~~~~~~~~~~~~~~~~~~~~~~~~~~~~~~~~~~~~~~~~~~~~~~~~~~~~~~~~~~
JOB_ID    USER      STAT    QUEUE      EXEC_HOST   JOB_NAME         SUBMIT_TIME   CPU_TIME  WALLTIME  ACCOUNT    
61187558  trottar     R    prod64      farm140201 ...umiscan_5154   Dec 11 16:05  00:00:04   00:10:23   hallc     
61187572  trottar     R    prod64      farm140201 ...umiscan_5155   Dec 11 16:09  00:00:04   00:10:23   hallc     
61187585  trottar     R    prod64      farm140201 ...umiscan_5156   Dec 11 16:09  00:00:04   00:12:37   hallc     
61187599  trottar     R    prod64      farm140201 ...umiscan_5157   Dec 11 16:09  00:00:04   00:11:53   hallc     
61187612  trottar     R    prod64      farm140201 ...umiscan_5158   Dec 11 16:09  00:00:04   00:11:53   hallc     
61187626  trottar     R    prod64      farm140201 ...umiscan_5160   Dec 11 16:09  00:00:04   00:12:37   hallc     
61187640  trottar     R    prod64      farm140201 ...umiscan_5161   Dec 11 16:09  00:00:04   00:11:53   hallc     
61187653  trottar     R    prod64      farm140201 ...umiscan_5162   Dec 11 16:09  00:00:04   00:11:53   hallc     
61187672  trottar     R    prod64      farm140201 ...umiscan_5163   Dec 11 16:09  00:00:04   00:11:53   hallc     
61187684  trottar     R    prod64      farm140201 ...umiscan_5166   Dec 11 16:13  00:00:04   00:07:41   hallc     
61187698  trottar     R    prod64      farm140201 ...umiscan_5167   Dec 11 16:13  00:00:03   00:12:09   hallc     
61187710  trottar     R    prod64      farm140201 ...umiscan_5168   Dec 11 16:13  00:00:04   00:11:59   hallc     
61187721  trottar     R    prod64      farm140201 ...umiscan_5169   Dec 11 16:13  00:00:04   00:08:15   hallc     
61187732  trottar     R    prod64      farm140201 ...umiscan_5170   Dec 11 16:13  00:00:04   00:10:30   hallc     
61187746  trottar     R    prod64      farm140201 ...umiscan_5171   Dec 11 16:13  00:00:04   00:06:00   hallc     
61187760  trottar     R    prod64      farm140201 ...umiscan_5175   Dec 11 16:13  00:00:04   00:11:59   hallc     
61187775  trottar     R    prod64      farm140201 ...umiscan_5176   Dec 11 16:13  00:00:04   00:11:59   hallc     
61187788  trottar     R    prod64      farm140201 ...umiscan_5178   Dec 11 16:17  00:00:04   00:10:12   hallc     
61187799  trottar     R    prod64      farm140201 ...umiscan_5179   Dec 11 16:17  00:00:04   00:05:42   hallc     
 
There are 19 jobs remaining
~~~~~~~~~~~~~~~~~~~~~~~~~~~~~~~~~~~~~~~~~~~~~~~~~~~~~~~~~~~~~~~~~~~~~~~~~~~~~~~~~~~~~~~~~~~~~~~~~~~~~~~~~~~~~
JOB_ID    USER      STAT    QUEUE      EXEC_HOST   JOB_NAME         SUBMIT_TIME   CPU_TIME  WALLTIME  ACCOUNT    
61187558  trottar     R    prod64      farm140201 ...umiscan_5154   Dec 11 16:05  00:00:04   00:10:23   hallc     
61187572  trottar     R    prod64      farm140201 ...umiscan_5155   Dec 11 16:09  00:00:04   00:10:23   hallc     
61187585  trottar     R    prod64      farm140201 ...umiscan_5156   Dec 11 16:09  00:00:04   00:12:37   hallc     
61187599  trottar     R    prod64      farm140201 ...umiscan_5157   Dec 11 16:09  00:00:04   00:11:53   hallc     
61187612  trottar     R    prod64      farm140201 ...umiscan_5158   Dec 11 16:09  00:00:04   00:11:53   hallc     
61187626  trottar     R    prod64      farm140201 ...umiscan_5160   Dec 11 16:09  00:00:04   00:12:37   hallc     
61187640  trottar     R    prod64      farm140201 ...umiscan_5161   Dec 11 16:09  00:00:04   00:11:53   hallc     
61187653  trottar     R    prod64      farm140201 ...umiscan_5162   Dec 11 16:09  00:00:04   00:11:53   hallc     
61187672  trottar     R    prod64      farm140201 ...umiscan_5163   Dec 11 16:09  00:00:04   00:11:53   hallc     
61187684  trottar     R    prod64      farm140201 ...umiscan_5166   Dec 11 16:13  00:00:04   00:07:41   hallc     
61187698  trottar     R    prod64      farm140201 ...umiscan_5167   Dec 11 16:13  00:00:03   00:12:09   hallc     
61187710  trottar     R    prod64      farm140201 ...umiscan_5168   Dec 11 16:13  00:00:04   00:11:59   hallc     
61187721  trottar     R    prod64      farm140201 ...umiscan_5169   Dec 11 16:13  00:00:04   00:11:59   hallc     
61187732  trottar     R    prod64      farm140201 ...umiscan_5170   Dec 11 16:13  00:00:04   00:10:30   hallc     
61187746  trottar     R    prod64      farm140201 ...umiscan_5171   Dec 11 16:13  00:00:04   00:11:59   hallc     
61187760  trottar     R    prod64      farm140201 ...umiscan_5175   Dec 11 16:13  00:00:04   00:11:59   hallc     
61187775  trottar     R    prod64      farm140201 ...umiscan_5176   Dec 11 16:13  00:00:04   00:11:59   hallc     
61187788  trottar     R    prod64      farm140201 ...umiscan_5178   Dec 11 16:17  00:00:04   00:11:41   hallc     
61187799  trottar     R    prod64      farm140201 ...umiscan_5179   Dec 11 16:17  00:00:04   00:05:42   hallc     
 
There are 19 jobs remaining
~~~~~~~~~~~~~~~~~~~~~~~~~~~~~~~~~~~~~~~~~~~~~~~~~~~~~~~~~~~~~~~~~~~~~~~~~~~~~~~~~~~~~~~~~~~~~~~~~~~~~~~~~~~~~
JOB_ID    USER      STAT    QUEUE      EXEC_HOST   JOB_NAME         SUBMIT_TIME   CPU_TIME  WALLTIME  ACCOUNT    
61187558  trottar     R    prod64      farm140201 ...umiscan_5154   Dec 11 16:05  00:00:04   00:10:23   hallc     
61187572  trottar     R    prod64      farm140201 ...umiscan_5155   Dec 11 16:09  00:00:04   00:10:23   hallc     
61187585  trottar     R    prod64      farm140201 ...umiscan_5156   Dec 11 16:09  00:00:04   00:12:37   hallc     
61187599  trottar     R    prod64      farm140201 ...umiscan_5157   Dec 11 16:09  00:00:04   00:14:08   hallc     
61187612  trottar     R    prod64      farm140201 ...umiscan_5158   Dec 11 16:09  00:00:04   00:14:08   hallc     
61187626  trottar     R    prod64      farm140201 ...umiscan_5160   Dec 11 16:09  00:00:04   00:14:08   hallc     
61187640  trottar     R    prod64      farm140201 ...umiscan_5161   Dec 11 16:09  00:00:04   00:14:08   hallc     
61187653  trottar     R    prod64      farm140201 ...umiscan_5162   Dec 11 16:09  00:00:04   00:11:53   hallc     
61187672  trottar     R    prod64      farm140201 ...umiscan_5163   Dec 11 16:09  00:00:04   00:14:08   hallc     
61187684  trottar     R    prod64      farm140201 ...umiscan_5166   Dec 11 16:13  00:00:04   00:13:40   hallc     
61187698  trottar     R    prod64      farm140201 ...umiscan_5167   Dec 11 16:13  00:00:03   00:12:09   hallc     
61187710  trottar     R    prod64      farm140201 ...umiscan_5168   Dec 11 16:13  00:00:04   00:11:59   hallc     
61187721  trottar     R    prod64      farm140201 ...umiscan_5169   Dec 11 16:13  00:00:04   00:14:15   hallc     
61187732  trottar     R    prod64      farm140201 ...umiscan_5170   Dec 11 16:13  00:00:04   00:14:15   hallc     
61187746  trottar     R    prod64      farm140201 ...umiscan_5171   Dec 11 16:13  00:00:04   00:14:15   hallc     
61187760  trottar     R    prod64      farm140201 ...umiscan_5175   Dec 11 16:13  00:00:04   00:11:59   hallc     
61187775  trottar     R    prod64      farm140201 ...umiscan_5176   Dec 11 16:13  00:00:04   00:14:15   hallc     
61187788  trottar     R    prod64      farm140201 ...umiscan_5178   Dec 11 16:17  00:00:04   00:11:41   hallc     
61187799  trottar     R    prod64      farm140201 ...umiscan_5179   Dec 11 16:17  00:00:04   00:13:57   hallc     
 
There are 19 jobs remaining
~~~~~~~~~~~~~~~~~~~~~~~~~~~~~~~~~~~~~~~~~~~~~~~~~~~~~~~~~~~~~~~~~~~~~~~~~~~~~~~~~~~~~~~~~~~~~~~~~~~~~~~~~~~~~
JOB_ID    USER      STAT    QUEUE      EXEC_HOST   JOB_NAME         SUBMIT_TIME   CPU_TIME  WALLTIME  ACCOUNT    
61187558  trottar     R    prod64      farm140201 ...umiscan_5154   Dec 11 16:05  00:00:04   00:16:24   hallc     
61187572  trottar     R    prod64      farm140201 ...umiscan_5155   Dec 11 16:09  00:00:04   00:16:24   hallc     
61187585  trottar     R    prod64      farm140201 ...umiscan_5156   Dec 11 16:09  00:00:04   00:16:24   hallc     
61187599  trottar     R    prod64      farm140201 ...umiscan_5157   Dec 11 16:09  00:00:04   00:16:24   hallc     
61187612  trottar     R    prod64      farm140201 ...umiscan_5158   Dec 11 16:09  00:00:04   00:16:24   hallc     
61187626  trottar     R    prod64      farm140201 ...umiscan_5160   Dec 11 16:09  00:00:04   00:16:24   hallc     
61187640  trottar     R    prod64      farm140201 ...umiscan_5161   Dec 11 16:09  00:00:04   00:16:24   hallc     
61187653  trottar     R    prod64      farm140201 ...umiscan_5162   Dec 11 16:09  00:00:04   00:11:53   hallc     
61187672  trottar     R    prod64      farm140201 ...umiscan_5163   Dec 11 16:09  00:00:04   00:16:24   hallc     
61187684  trottar     R    prod64      farm140201 ...umiscan_5166   Dec 11 16:13  00:00:04   00:15:56   hallc     
61187698  trottar     R    prod64      farm140201 ...umiscan_5167   Dec 11 16:13  00:00:04   00:16:40   hallc     
61187710  trottar     R    prod64      farm140201 ...umiscan_5168   Dec 11 16:13  00:00:04   00:11:59   hallc     
61187721  trottar     R    prod64      farm140201 ...umiscan_5169   Dec 11 16:13  00:00:04   00:14:15   hallc     
61187732  trottar     R    prod64      farm140201 ...umiscan_5170   Dec 11 16:13  00:00:04   00:14:15   hallc     
61187746  trottar     R    prod64      farm140201 ...umiscan_5171   Dec 11 16:13  00:00:05   00:16:30   hallc     
61187760  trottar     R    prod64      farm140201 ...umiscan_5175   Dec 11 16:13  00:00:04   00:11:59   hallc     
61187775  trottar     R    prod64      farm140201 ...umiscan_5176   Dec 11 16:13  00:00:04   00:14:15   hallc     
61187788  trottar     R    prod64      farm140201 ...umiscan_5178   Dec 11 16:17  00:00:05   00:16:12   hallc     
61187799  trottar     R    prod64      farm140201 ...umiscan_5179   Dec 11 16:17  00:00:04   00:13:57   hallc     
 
There are 19 jobs remaining
~~~~~~~~~~~~~~~~~~~~~~~~~~~~~~~~~~~~~~~~~~~~~~~~~~~~~~~~~~~~~~~~~~~~~~~~~~~~~~~~~~~~~~~~~~~~~~~~~~~~~~~~~~~~~
JOB_ID    USER      STAT    QUEUE      EXEC_HOST   JOB_NAME         SUBMIT_TIME   CPU_TIME  WALLTIME  ACCOUNT    
61187558  trottar     R    prod64      farm140201 ...umiscan_5154   Dec 11 16:05  00:00:06   00:18:39   hallc     
61187572  trottar     R    prod64      farm140201 ...umiscan_5155   Dec 11 16:09  00:00:06   00:18:39   hallc     
61187585  trottar     R    prod64      farm140201 ...umiscan_5156   Dec 11 16:09  00:00:06   00:18:39   hallc     
61187599  trottar     R    prod64      farm140201 ...umiscan_5157   Dec 11 16:09  00:00:04   00:16:24   hallc     
61187612  trottar     R    prod64      farm140201 ...umiscan_5158   Dec 11 16:09  00:00:04   00:16:24   hallc     
61187626  trottar     R    prod64      farm140201 ...umiscan_5160   Dec 11 16:09  00:00:04   00:16:24   hallc     
61187640  trottar     R    prod64      farm140201 ...umiscan_5161   Dec 11 16:09  00:00:04   00:16:24   hallc     
61187653  trottar     R    prod64      farm140201 ...umiscan_5162   Dec 11 16:09  00:00:04   00:11:53   hallc     
61187672  trottar     R    prod64      farm140201 ...umiscan_5163   Dec 11 16:09  00:00:06   00:18:39   hallc     
61187684  trottar     R    prod64      farm140201 ...umiscan_5166   Dec 11 16:13  00:00:06   00:18:11   hallc     
61187698  trottar     R    prod64      farm140201 ...umiscan_5167   Dec 11 16:13  00:00:04   00:16:40   hallc     
61187710  trottar     R    prod64      farm140201 ...umiscan_5168   Dec 11 16:13  00:00:06   00:18:01   hallc     
61187721  trottar     R    prod64      farm140201 ...umiscan_5169   Dec 11 16:13  00:00:04   00:14:15   hallc     
61187732  trottar     R    prod64      farm140201 ...umiscan_5170   Dec 11 16:13  00:00:04   00:14:15   hallc     
61187746  trottar     R    prod64      farm140201 ...umiscan_5171   Dec 11 16:13  00:00:05   00:16:30   hallc     
61187760  trottar     R    prod64      farm140201 ...umiscan_5175   Dec 11 16:13  00:00:04   00:11:59   hallc     
61187775  trottar     R    prod64      farm140201 ...umiscan_5176   Dec 11 16:13  00:00:04   00:14:15   hallc     
61187788  trottar     R    prod64      farm140201 ...umiscan_5178   Dec 11 16:17  00:00:05   00:16:12   hallc     
61187799  trottar     R    prod64      farm140201 ...umiscan_5179   Dec 11 16:17  00:00:04   00:13:57   hallc     
 
There are 19 jobs remaining
~~~~~~~~~~~~~~~~~~~~~~~~~~~~~~~~~~~~~~~~~~~~~~~~~~~~~~~~~~~~~~~~~~~~~~~~~~~~~~~~~~~~~~~~~~~~~~~~~~~~~~~~~~~~~
JOB_ID    USER      STAT    QUEUE      EXEC_HOST   JOB_NAME         SUBMIT_TIME   CPU_TIME  WALLTIME  ACCOUNT    
61187558  trottar     R    prod64      farm140201 ...umiscan_5154   Dec 11 16:05  00:00:06   00:18:39   hallc     
61187572  trottar     R    prod64      farm140201 ...umiscan_5155   Dec 11 16:09  00:00:06   00:18:39   hallc     
61187585  trottar     R    prod64      farm140201 ...umiscan_5156   Dec 11 16:09  00:00:06   00:18:39   hallc     
61187599  trottar     R    prod64      farm140201 ...umiscan_5157   Dec 11 16:09  00:00:04   00:16:24   hallc     
61187612  trottar     R    prod64      farm140201 ...umiscan_5158   Dec 11 16:09  00:00:04   00:16:24   hallc     
61187626  trottar     R    prod64      farm140201 ...umiscan_5160   Dec 11 16:09  00:00:04   00:16:24   hallc     
61187640  trottar     R    prod64      farm140201 ...umiscan_5161   Dec 11 16:09  00:00:04   00:16:24   hallc     
61187653  trottar     R    prod64      farm140201 ...umiscan_5162   Dec 11 16:09  00:00:04   00:11:53   hallc     
61187672  trottar     R    prod64      farm140201 ...umiscan_5163   Dec 11 16:09  00:00:06   00:18:39   hallc     
61187684  trottar     R    prod64      farm140201 ...umiscan_5166   Dec 11 16:13  00:00:06   00:18:11   hallc     
61187698  trottar     R    prod64      farm140201 ...umiscan_5167   Dec 11 16:13  00:00:04   00:16:40   hallc     
61187710  trottar     R    prod64      farm140201 ...umiscan_5168   Dec 11 16:13  00:00:06   00:18:01   hallc     
61187721  trottar     R    prod64      farm140201 ...umiscan_5169   Dec 11 16:13  00:00:06   00:18:01   hallc     
61187732  trottar     R    prod64      farm140201 ...umiscan_5170   Dec 11 16:13  00:00:06   00:18:45   hallc     
61187746  trottar     R    prod64      farm140201 ...umiscan_5171   Dec 11 16:13  00:00:05   00:16:30   hallc     
61187760  trottar     R    prod64      farm140201 ...umiscan_5175   Dec 11 16:13  00:00:04   00:11:59   hallc     
61187775  trottar     R    prod64      farm140201 ...umiscan_5176   Dec 11 16:13  00:00:06   00:18:45   hallc     
61187788  trottar     R    prod64      farm140201 ...umiscan_5178   Dec 11 16:17  00:00:05   00:16:12   hallc     
61187799  trottar     R    prod64      farm140201 ...umiscan_5179   Dec 11 16:17  00:00:06   00:18:27   hallc     
 
There are 19 jobs remaining
~~~~~~~~~~~~~~~~~~~~~~~~~~~~~~~~~~~~~~~~~~~~~~~~~~~~~~~~~~~~~~~~~~~~~~~~~~~~~~~~~~~~~~~~~~~~~~~~~~~~~~~~~~~~~
JOB_ID    USER      STAT    QUEUE      EXEC_HOST   JOB_NAME         SUBMIT_TIME   CPU_TIME  WALLTIME  ACCOUNT    
61187558  trottar     R    prod64      farm140201 ...umiscan_5154   Dec 11 16:05  00:00:07   00:20:52   hallc     
61187572  trottar     R    prod64      farm140201 ...umiscan_5155   Dec 11 16:09  00:00:06   00:20:08   hallc     
61187585  trottar     R    prod64      farm140201 ...umiscan_5156   Dec 11 16:09  00:00:07   00:20:52   hallc     
61187599  trottar     R    prod64      farm140201 ...umiscan_5157   Dec 11 16:09  00:00:07   00:20:52   hallc     
61187612  trottar     R    prod64      farm140201 ...umiscan_5158   Dec 11 16:09  00:00:04   00:16:24   hallc     
61187626  trottar     R    prod64      farm140201 ...umiscan_5160   Dec 11 16:09  00:00:04   00:16:24   hallc     
61187640  trottar     R    prod64      farm140201 ...umiscan_5161   Dec 11 16:09  00:00:07   00:20:52   hallc     
61187653  trottar     R    prod64      farm140201 ...umiscan_5162   Dec 11 16:09  00:00:07   00:20:52   hallc     
61187672  trottar     R    prod64      farm140201 ...umiscan_5163   Dec 11 16:09  00:00:07   00:20:52   hallc     
61187684  trottar     R    prod64      farm140201 ...umiscan_5166   Dec 11 16:13  00:00:06   00:18:11   hallc     
61187698  trottar     R    prod64      farm140201 ...umiscan_5167   Dec 11 16:13  00:00:06   00:20:24   hallc     
61187710  trottar     R    prod64      farm140201 ...umiscan_5168   Dec 11 16:13  00:00:07   00:20:14   hallc     
61187721  trottar     R    prod64      farm140201 ...umiscan_5169   Dec 11 16:13  00:00:07   00:20:14   hallc     
61187732  trottar     R    prod64      farm140201 ...umiscan_5170   Dec 11 16:13  00:00:07   00:20:14   hallc     
61187746  trottar     R    prod64      farm140201 ...umiscan_5171   Dec 11 16:13  00:00:07   00:20:14   hallc     
61187760  trottar     R    prod64      farm140201 ...umiscan_5175   Dec 11 16:13  00:00:07   00:20:14   hallc     
61187775  trottar     R    prod64      farm140201 ...umiscan_5176   Dec 11 16:13  00:00:06   00:18:45   hallc     
61187788  trottar     R    prod64      farm140201 ...umiscan_5178   Dec 11 16:17  00:00:07   00:19:56   hallc     
61187799  trottar     R    prod64      farm140201 ...umiscan_5179   Dec 11 16:17  00:00:06   00:18:27   hallc     
 
There are 19 jobs remaining
~~~~~~~~~~~~~~~~~~~~~~~~~~~~~~~~~~~~~~~~~~~~~~~~~~~~~~~~~~~~~~~~~~~~~~~~~~~~~~~~~~~~~~~~~~~~~~~~~~~~~~~~~~~~~
JOB_ID    USER      STAT    QUEUE      EXEC_HOST   JOB_NAME         SUBMIT_TIME   CPU_TIME  WALLTIME  ACCOUNT    
61187558  trottar     R    prod64      farm140201 ...umiscan_5154   Dec 11 16:05  00:00:09   00:22:23   hallc     
61187572  trottar     R    prod64      farm140201 ...umiscan_5155   Dec 11 16:09  00:00:09   00:22:23   hallc     
61187585  trottar     R    prod64      farm140201 ...umiscan_5156   Dec 11 16:09  00:00:09   00:22:23   hallc     
61187599  trottar     R    prod64      farm140201 ...umiscan_5157   Dec 11 16:09  00:00:09   00:22:23   hallc     
61187612  trottar     R    prod64      farm140201 ...umiscan_5158   Dec 11 16:09  00:00:09   00:22:23   hallc     
61187626  trottar     R    prod64      farm140201 ...umiscan_5160   Dec 11 16:09  00:00:04   00:16:24   hallc     
61187640  trottar     R    prod64      farm140201 ...umiscan_5161   Dec 11 16:09  00:00:08   00:22:23   hallc     
61187653  trottar     R    prod64      farm140201 ...umiscan_5162   Dec 11 16:09  00:00:09   00:22:23   hallc     
61187672  trottar     R    prod64      farm140201 ...umiscan_5163   Dec 11 16:09  00:00:09   00:22:23   hallc     
61187684  trottar     R    prod64      farm140201 ...umiscan_5166   Dec 11 16:13  00:00:09   00:21:55   hallc     
61187698  trottar     R    prod64      farm140201 ...umiscan_5167   Dec 11 16:13  00:00:06   00:20:24   hallc     
61187710  trottar     R    prod64      farm140201 ...umiscan_5168   Dec 11 16:13  00:00:09   00:22:30   hallc     
61187721  trottar     R    prod64      farm140201 ...umiscan_5169   Dec 11 16:13  00:00:07   00:20:14   hallc     
61187732  trottar     R    prod64      farm140201 ...umiscan_5170   Dec 11 16:13  00:00:07   00:20:14   hallc     
61187746  trottar     R    prod64      farm140201 ...umiscan_5171   Dec 11 16:13  00:00:07   00:20:14   hallc     
61187760  trottar     R    prod64      farm140201 ...umiscan_5175   Dec 11 16:13  00:00:09   00:22:30   hallc     
61187775  trottar     R    prod64      farm140201 ...umiscan_5176   Dec 11 16:13  00:00:06   00:18:45   hallc     
61187788  trottar     R    prod64      farm140201 ...umiscan_5178   Dec 11 16:17  00:00:07   00:19:56   hallc     
61187799  trottar     R    prod64      farm140201 ...umiscan_5179   Dec 11 16:17  00:00:06   00:18:27   hallc     
 
There are 19 jobs remaining
~~~~~~~~~~~~~~~~~~~~~~~~~~~~~~~~~~~~~~~~~~~~~~~~~~~~~~~~~~~~~~~~~~~~~~~~~~~~~~~~~~~~~~~~~~~~~~~~~~~~~~~~~~~~~
JOB_ID    USER      STAT    QUEUE      EXEC_HOST   JOB_NAME         SUBMIT_TIME   CPU_TIME  WALLTIME  ACCOUNT    
61187558  trottar     R    prod64      farm140201 ...umiscan_5154   Dec 11 16:05  00:00:09   00:22:23   hallc     
61187572  trottar     R    prod64      farm140201 ...umiscan_5155   Dec 11 16:09  00:00:09   00:22:23   hallc     
61187585  trottar     R    prod64      farm140201 ...umiscan_5156   Dec 11 16:09  00:00:09   00:22:23   hallc     
61187599  trottar     R    prod64      farm140201 ...umiscan_5157   Dec 11 16:09  00:00:10   00:24:39   hallc     
61187612  trottar     R    prod64      farm140201 ...umiscan_5158   Dec 11 16:09  00:00:09   00:22:23   hallc     
61187626  trottar     R    prod64      farm140201 ...umiscan_5160   Dec 11 16:09  00:00:04   00:16:24   hallc     
61187640  trottar     R    prod64      farm140201 ...umiscan_5161   Dec 11 16:09  00:00:10   00:24:39   hallc     
61187653  trottar     R    prod64      farm140201 ...umiscan_5162   Dec 11 16:09  00:00:10   00:24:39   hallc     
61187672  trottar     R    prod64      farm140201 ...umiscan_5163   Dec 11 16:09  00:00:09   00:22:23   hallc     
61187684  trottar     R    prod64      farm140201 ...umiscan_5166   Dec 11 16:13  00:00:10   00:24:11   hallc     
61187698  trottar     R    prod64      farm140201 ...umiscan_5167   Dec 11 16:13  00:00:08   00:22:40   hallc     
61187710  trottar     R    prod64      farm140201 ...umiscan_5168   Dec 11 16:13  00:00:09   00:22:30   hallc     
61187721  trottar     R    prod64      farm140201 ...umiscan_5169   Dec 11 16:13  00:00:07   00:20:14   hallc     
61187732  trottar     R    prod64      farm140201 ...umiscan_5170   Dec 11 16:13  00:00:09   00:22:30   hallc     
61187746  trottar     R    prod64      farm140201 ...umiscan_5171   Dec 11 16:13  00:00:07   00:20:14   hallc     
61187760  trottar     R    prod64      farm140201 ...umiscan_5175   Dec 11 16:13  00:00:09   00:22:30   hallc     
61187775  trottar     R    prod64      farm140201 ...umiscan_5176   Dec 11 16:13  00:00:09   00:22:30   hallc     
61187788  trottar     R    prod64      farm140201 ...umiscan_5178   Dec 11 16:17  00:00:09   00:22:12   hallc     
61187799  trottar     R    prod64      farm140201 ...umiscan_5179   Dec 11 16:17  00:00:06   00:18:27   hallc     
 
There are 19 jobs remaining
~~~~~~~~~~~~~~~~~~~~~~~~~~~~~~~~~~~~~~~~~~~~~~~~~~~~~~~~~~~~~~~~~~~~~~~~~~~~~~~~~~~~~~~~~~~~~~~~~~~~~~~~~~~~~
JOB_ID    USER      STAT    QUEUE      EXEC_HOST   JOB_NAME         SUBMIT_TIME   CPU_TIME  WALLTIME  ACCOUNT    
 
There are 0 jobs remaining
~~~~~~~~~~~~~~~~~~~~~~~~~~~~~~~~~~~~~~~~~~~~~~~~~~~~~~~~~~~~~~~~~~~~~~~~~~~~~~~~~~~~~~~~~~~~~~~~~~~~~~~~~~~~~
_
|ID-61187558 (run 5154) has printed batch job information to file
|Amount of allocated memory used: 1839096kb/2500mb
_
|ID-61187572 (run 5155) has printed batch job information to file
|Amount of allocated memory used: 1839100kb/2500mb
_
|ID-61187585 (run 5156) has printed batch job information to file
|Amount of allocated memory used: 1839104kb/2500mb
_
|ID-61187599 (run 5157) has printed batch job information to file
|Amount of allocated memory used: 1839096kb/2500mb
_
|ID-61187612 (run 5158) has printed batch job information to file
|Amount of allocated memory used: 1839096kb/2500mb
_
|ID-61187626 (run 5160) has printed batch job information to file
|Amount of allocated memory used: 1839100kb/2500mb
_
|ID-61187640 (run 5161) has printed batch job information to file
|Amount of allocated memory used: 1839100kb/2500mb
_
|ID-61187653 (run 5162) has printed batch job information to file
|Amount of allocated memory used: 1839096kb/2500mb
_
|ID-61187672 (run 5163) has printed batch job information to file
|Amount of allocated memory used: 1839100kb/2500mb
_
|ID-61187684 (run 5166) has printed batch job information to file
|Amount of allocated memory used: 1839112kb/2500mb
_
|ID-61187698 (run 5167) has printed batch job information to file
|Amount of allocated memory used: 1839108kb/2500mb
_
|ID-61187710 (run 5168) has printed batch job information to file
|Amount of allocated memory used: 1839100kb/2500mb
_
|ID-61187721 (run 5169) has printed batch job information to file
|Amount of allocated memory used: 1839100kb/2500mb
_
|ID-61187732 (run 5170) has printed batch job information to file
|Amount of allocated memory used: 1839108kb/2500mb
_
|ID-61187746 (run 5171) has printed batch job information to file
|Amount of allocated memory used: 1839104kb/2500mb
_
|ID-61187760 (run 5175) has printed batch job information to file
|Amount of allocated memory used: 1839108kb/2500mb
_
|ID-61187775 (run 5176) has printed batch job information to file
|Amount of allocated memory used: 1839108kb/2500mb
_
|ID-61187788 (run 5178) has printed batch job information to file
|Amount of allocated memory used: 1839112kb/2500mb
_
|ID-61187799 (run 5179) has printed batch job information to file
|Amount of allocated memory used: 1839104kb/2500mb
_
|ID-61187810 (run 5181) has printed batch job information to file
|Amount of allocated memory used: 1540656kb/2500mb
