~~~~~~~~~~~~~~~~~~~~~~~~~~~~~~~~~~~~~~~~~~~~~~~~~~~~~~~~~~~~~~~~~~~~~~~~~~~~~~~~~~~~~~~~~~~~~~~~~~~~~~~~~~~~~
Run number read from file: 5154

Job 1/20
Running trotta_lumiscanJob.txt for 5154
Submitting batch
Parsing script ... (it may take while)
<jsub><request><index>30311396</index><jobIndex>63310066</jobIndex></request></jsub>
 
5154 has an AugerID of 63310066
~~~~~~~~~~~~~~~~~~~~~~~~~~~~~~~~~~~~~~~~~~~~~~~~~~~~~~~~~~~~~~~~~~~~~~~~~~~~~~~~~~~~~~~~~~~~~~~~~~~~~~~~~~~~~
Run number read from file: 5155

Job 2/20
Running trotta_lumiscanJob.txt for 5155
Submitting batch
Parsing script ... (it may take while)
<jsub><request><index>30311397</index><jobIndex>63310067</jobIndex></request></jsub>
 
5155 has an AugerID of 63310067
~~~~~~~~~~~~~~~~~~~~~~~~~~~~~~~~~~~~~~~~~~~~~~~~~~~~~~~~~~~~~~~~~~~~~~~~~~~~~~~~~~~~~~~~~~~~~~~~~~~~~~~~~~~~~
Run number read from file: 5156

Job 3/20
Running trotta_lumiscanJob.txt for 5156
Submitting batch
Parsing script ... (it may take while)
<jsub><request><index>30311398</index><jobIndex>63310068</jobIndex></request></jsub>
 
5156 has an AugerID of 63310068
~~~~~~~~~~~~~~~~~~~~~~~~~~~~~~~~~~~~~~~~~~~~~~~~~~~~~~~~~~~~~~~~~~~~~~~~~~~~~~~~~~~~~~~~~~~~~~~~~~~~~~~~~~~~~
Run number read from file: 5157

Job 4/20
Running trotta_lumiscanJob.txt for 5157
Submitting batch
Parsing script ... (it may take while)
<jsub><request><index>30311399</index><jobIndex>63310069</jobIndex></request></jsub>
 
5157 has an AugerID of 
~~~~~~~~~~~~~~~~~~~~~~~~~~~~~~~~~~~~~~~~~~~~~~~~~~~~~~~~~~~~~~~~~~~~~~~~~~~~~~~~~~~~~~~~~~~~~~~~~~~~~~~~~~~~~
Run number read from file: 5158

Job 5/20
Running trotta_lumiscanJob.txt for 5158
Submitting batch
Parsing script ... (it may take while)
<jsub><request><index>30311400</index><jobIndex>63310070</jobIndex></request></jsub>
 
5158 has an AugerID of 63310070
~~~~~~~~~~~~~~~~~~~~~~~~~~~~~~~~~~~~~~~~~~~~~~~~~~~~~~~~~~~~~~~~~~~~~~~~~~~~~~~~~~~~~~~~~~~~~~~~~~~~~~~~~~~~~
Run number read from file: 5160

Job 6/20
Running trotta_lumiscanJob.txt for 5160
Submitting batch
Parsing script ... (it may take while)
<jsub><request><index>30311409</index><jobIndex>63310079</jobIndex></request></jsub>
 
5160 has an AugerID of 63310079
~~~~~~~~~~~~~~~~~~~~~~~~~~~~~~~~~~~~~~~~~~~~~~~~~~~~~~~~~~~~~~~~~~~~~~~~~~~~~~~~~~~~~~~~~~~~~~~~~~~~~~~~~~~~~
Run number read from file: 5161

Job 7/20
Running trotta_lumiscanJob.txt for 5161
Submitting batch
Parsing script ... (it may take while)
<jsub><request><index>30311432</index><jobIndex>63310102</jobIndex></request></jsub>
 
5161 has an AugerID of 63310102
~~~~~~~~~~~~~~~~~~~~~~~~~~~~~~~~~~~~~~~~~~~~~~~~~~~~~~~~~~~~~~~~~~~~~~~~~~~~~~~~~~~~~~~~~~~~~~~~~~~~~~~~~~~~~
Run number read from file: 5162

Job 8/20
Running trotta_lumiscanJob.txt for 5162
Submitting batch
Parsing script ... (it may take while)
<jsub><request><index>30311469</index><jobIndex>63310139</jobIndex></request></jsub>
 
5162 has an AugerID of 63310139
~~~~~~~~~~~~~~~~~~~~~~~~~~~~~~~~~~~~~~~~~~~~~~~~~~~~~~~~~~~~~~~~~~~~~~~~~~~~~~~~~~~~~~~~~~~~~~~~~~~~~~~~~~~~~
Run number read from file: 5163

Job 9/20
Running trotta_lumiscanJob.txt for 5163
Submitting batch
Parsing script ... (it may take while)
<jsub><request><index>30311504</index><jobIndex>63310174</jobIndex></request></jsub>
 
5163 has an AugerID of 63310174
~~~~~~~~~~~~~~~~~~~~~~~~~~~~~~~~~~~~~~~~~~~~~~~~~~~~~~~~~~~~~~~~~~~~~~~~~~~~~~~~~~~~~~~~~~~~~~~~~~~~~~~~~~~~~
Run number read from file: 5166

Job 10/20
Running trotta_lumiscanJob.txt for 5166
Submitting batch
Parsing script ... (it may take while)
<jsub><request><index>30311535</index><jobIndex>63310205</jobIndex></request></jsub>
 
5166 has an AugerID of 63310205
~~~~~~~~~~~~~~~~~~~~~~~~~~~~~~~~~~~~~~~~~~~~~~~~~~~~~~~~~~~~~~~~~~~~~~~~~~~~~~~~~~~~~~~~~~~~~~~~~~~~~~~~~~~~~
Run number read from file: 5167

Job 11/20
Running trotta_lumiscanJob.txt for 5167
Submitting batch
Parsing script ... (it may take while)
<jsub><request><index>30311536</index><jobIndex>63310206</jobIndex></request></jsub>
 
5167 has an AugerID of 63310206
~~~~~~~~~~~~~~~~~~~~~~~~~~~~~~~~~~~~~~~~~~~~~~~~~~~~~~~~~~~~~~~~~~~~~~~~~~~~~~~~~~~~~~~~~~~~~~~~~~~~~~~~~~~~~
Run number read from file: 5168

Job 12/20
Running trotta_lumiscanJob.txt for 5168
Submitting batch
Parsing script ... (it may take while)
<jsub><request><index>30311539</index><jobIndex>63310209</jobIndex></request></jsub>
 
5168 has an AugerID of 63310209
~~~~~~~~~~~~~~~~~~~~~~~~~~~~~~~~~~~~~~~~~~~~~~~~~~~~~~~~~~~~~~~~~~~~~~~~~~~~~~~~~~~~~~~~~~~~~~~~~~~~~~~~~~~~~
Run number read from file: 5169

Job 13/20
Running trotta_lumiscanJob.txt for 5169
Submitting batch
Parsing script ... (it may take while)
<jsub><request><index>30311542</index><jobIndex>63310212</jobIndex></request></jsub>
 
5169 has an AugerID of 63310212
~~~~~~~~~~~~~~~~~~~~~~~~~~~~~~~~~~~~~~~~~~~~~~~~~~~~~~~~~~~~~~~~~~~~~~~~~~~~~~~~~~~~~~~~~~~~~~~~~~~~~~~~~~~~~
Run number read from file: 5170

Job 14/20
Running trotta_lumiscanJob.txt for 5170
Submitting batch
Parsing script ... (it may take while)
<jsub><request><index>30311543</index><jobIndex>63310213</jobIndex></request></jsub>
 
5170 has an AugerID of 63310213
~~~~~~~~~~~~~~~~~~~~~~~~~~~~~~~~~~~~~~~~~~~~~~~~~~~~~~~~~~~~~~~~~~~~~~~~~~~~~~~~~~~~~~~~~~~~~~~~~~~~~~~~~~~~~
Run number read from file: 5171

Job 15/20
Running trotta_lumiscanJob.txt for 5171
Submitting batch
Parsing script ... (it may take while)
<jsub><request><index>30311544</index><jobIndex>63310214</jobIndex></request></jsub>
 
5171 has an AugerID of 63310214
~~~~~~~~~~~~~~~~~~~~~~~~~~~~~~~~~~~~~~~~~~~~~~~~~~~~~~~~~~~~~~~~~~~~~~~~~~~~~~~~~~~~~~~~~~~~~~~~~~~~~~~~~~~~~
Run number read from file: 5175

Job 16/20
Running trotta_lumiscanJob.txt for 5175
Submitting batch
Parsing script ... (it may take while)
<jsub><request><index>30311545</index><jobIndex>63310215</jobIndex></request></jsub>
 
5175 has an AugerID of 63310215
~~~~~~~~~~~~~~~~~~~~~~~~~~~~~~~~~~~~~~~~~~~~~~~~~~~~~~~~~~~~~~~~~~~~~~~~~~~~~~~~~~~~~~~~~~~~~~~~~~~~~~~~~~~~~
Run number read from file: 5176

Job 17/20
Running trotta_lumiscanJob.txt for 5176
Submitting batch
Parsing script ... (it may take while)
<jsub><request><index>30311546</index><jobIndex>63310216</jobIndex></request></jsub>
 
5176 has an AugerID of 63310216
~~~~~~~~~~~~~~~~~~~~~~~~~~~~~~~~~~~~~~~~~~~~~~~~~~~~~~~~~~~~~~~~~~~~~~~~~~~~~~~~~~~~~~~~~~~~~~~~~~~~~~~~~~~~~
Run number read from file: 5178

Job 18/20
Running trotta_lumiscanJob.txt for 5178
Submitting batch
Parsing script ... (it may take while)
<jsub><request><index>30311548</index><jobIndex>63310218</jobIndex></request></jsub>
 
5178 has an AugerID of 63310218
~~~~~~~~~~~~~~~~~~~~~~~~~~~~~~~~~~~~~~~~~~~~~~~~~~~~~~~~~~~~~~~~~~~~~~~~~~~~~~~~~~~~~~~~~~~~~~~~~~~~~~~~~~~~~
Run number read from file: 5179

Job 19/20
Running trotta_lumiscanJob.txt for 5179
Submitting batch
Parsing script ... (it may take while)
<jsub><request><index>30311549</index><jobIndex>63310219</jobIndex></request></jsub>
 
5179 has an AugerID of 63310219
~~~~~~~~~~~~~~~~~~~~~~~~~~~~~~~~~~~~~~~~~~~~~~~~~~~~~~~~~~~~~~~~~~~~~~~~~~~~~~~~~~~~~~~~~~~~~~~~~~~~~~~~~~~~~
Run number read from file: 5181

Job 20/20
Running trotta_lumiscanJob.txt for 5181
Submitting batch
Parsing script ... (it may take while)
<jsub><request><index>30311550</index><jobIndex>63310220</jobIndex></request></jsub>
 
5181 has an AugerID of 63310220
~~~~~~~~~~~~~~~~~~~~~~~~~~~~~~~~~~~~~~~~~~~~~~~~~~~~~~~~~~~~~~~~~~~~~~~~~~~~~~~~~~~~~~~~~~~~~~~~~~~~~~~~~~~~~
 
###############################################################################################################
############################################ END OF JOB SUBMISSIONS ###########################################
###############################################################################################################
 
5154 has an AugerID of 63310066
5155 has an AugerID of 63310067
5156 has an AugerID of 63310068
5157 has an AugerID of 63310070
5158 has an AugerID of 63310079
5160 has an AugerID of 63310102
5161 has an AugerID of 63310139
5162 has an AugerID of 63310174
5163 has an AugerID of 63310205
5166 has an AugerID of 63310206
5167 has an AugerID of 63310209
5168 has an AugerID of 63310212
5169 has an AugerID of 63310213
5170 has an AugerID of 63310214
5171 has an AugerID of 63310215
5175 has an AugerID of 63310216
5176 has an AugerID of 63310218
5178 has an AugerID of 63310219
5179 has an AugerID of 63310220
~~~~~~~~~~~~~~~~~~~~~~~~~~~~~~~~~~~~~~~~~~~~~~~~~~~~~~~~~~~~~~~~~~~~~~~~~~~~~~~~~~~~~~~~~~~~~~~~~~~~~~~~~~~~~
JOB_ID    USER      STAT    QUEUE      EXEC_HOST   JOB_NAME         SUBMIT_TIME   CPU_TIME  WALLTIME  ACCOUNT    
63310066  trottar     R    priority    farm180119 ...umiscan_5154   Feb 07 15:08  00:07:17   00:08:09   hallc     
63310067  trottar     R    priority    farm180119 ...umiscan_5155   Feb 07 15:08  00:05:05   00:05:54   hallc     
63310068  trottar     R    priority    farm180119 ...umiscan_5156   Feb 07 15:08  00:05:00   00:05:54   hallc     
63310069  trottar     R    priority    farm180119 ...umiscan_5157   Feb 07 15:08  00:05:06   00:05:54   hallc     
63310070  trottar     R    priority    farm180119 ...umiscan_5158   Feb 07 15:11  00:07:46   00:07:49   hallc     
63310206  trottar     R    priority    farm180119 ...umiscan_5167   Feb 07 15:15  00:02:42   00:03:40   hallc     
63310209  trottar     R    priority    farm180119 ...umiscan_5168   Feb 07 15:15  00:02:42   00:03:40   hallc     
63310212  trottar     R    priority    farm180119 ...umiscan_5169   Feb 07 15:15  00:02:42   00:03:40   hallc     
63310213  trottar     R    priority    farm180119 ...umiscan_5170   Feb 07 15:15  00:02:42   00:03:40   hallc     
63310214  trottar     R    priority    farm180214 ...umiscan_5171   Feb 07 15:19  --         --         hallc     
63310215  trottar     R    priority    farm180214 ...umiscan_5175   Feb 07 15:19  --         --         hallc     
63310216  trottar     R    priority    farm180214 ...umiscan_5176   Feb 07 15:19  --         --         hallc     
63310218  trottar     R    priority    farm180214 ...umiscan_5178   Feb 07 15:19  --         --         hallc     
63310219  trottar     A    priority    --         ...umiscan_5179   Feb 07 15:18  --         --         hallc     
63310220  trottar     A    priority    --         ...umiscan_5181   Feb 07 15:19  --         --         hallc     
 
There are 15 jobs remaining
~~~~~~~~~~~~~~~~~~~~~~~~~~~~~~~~~~~~~~~~~~~~~~~~~~~~~~~~~~~~~~~~~~~~~~~~~~~~~~~~~~~~~~~~~~~~~~~~~~~~~~~~~~~~~
JOB_ID    USER      STAT    QUEUE      EXEC_HOST   JOB_NAME         SUBMIT_TIME   CPU_TIME  WALLTIME  ACCOUNT    
63310066  trottar     R    priority    farm180119 ...umiscan_5154   Feb 07 15:08  00:11:02   00:11:54   hallc     
63310067  trottar     R    priority    farm180119 ...umiscan_5155   Feb 07 15:08  00:05:05   00:05:54   hallc     
63310068  trottar     R    priority    farm180119 ...umiscan_5156   Feb 07 15:08  00:05:00   00:05:54   hallc     
63310069  trottar     R    priority    farm180119 ...umiscan_5157   Feb 07 15:08  00:05:06   00:05:54   hallc     
63310070  trottar     R    priority    farm180119 ...umiscan_5158   Feb 07 15:11  00:07:46   00:07:49   hallc     
63310206  trottar     R    priority    farm180119 ...umiscan_5167   Feb 07 15:15  00:04:57   00:05:55   hallc     
63310209  trottar     R    priority    farm180119 ...umiscan_5168   Feb 07 15:15  00:04:57   00:05:55   hallc     
63310212  trottar     R    priority    farm180119 ...umiscan_5169   Feb 07 15:15  00:04:57   00:05:55   hallc     
63310213  trottar     R    priority    farm180119 ...umiscan_5170   Feb 07 15:15  00:04:58   00:05:55   hallc     
63310214  trottar     R    priority    farm180214 ...umiscan_5171   Feb 07 15:19  00:01:24   00:01:59   hallc     
63310215  trottar     R    priority    farm180214 ...umiscan_5175   Feb 07 15:19  00:01:25   00:01:59   hallc     
63310216  trottar     R    priority    farm180214 ...umiscan_5176   Feb 07 15:19  00:01:25   00:01:59   hallc     
63310218  trottar     R    priority    farm180214 ...umiscan_5178   Feb 07 15:19  00:01:24   00:01:59   hallc     
63310219  trottar     R    priority    farm180214 ...umiscan_5179   Feb 07 15:22  --         --         hallc     
63310220  trottar     R    priority    farm180214 ...umiscan_5181   Feb 07 15:22  --         --         hallc     
 
There are 15 jobs remaining
~~~~~~~~~~~~~~~~~~~~~~~~~~~~~~~~~~~~~~~~~~~~~~~~~~~~~~~~~~~~~~~~~~~~~~~~~~~~~~~~~~~~~~~~~~~~~~~~~~~~~~~~~~~~~
JOB_ID    USER      STAT    QUEUE      EXEC_HOST   JOB_NAME         SUBMIT_TIME   CPU_TIME  WALLTIME  ACCOUNT    
63310066  trottar     R    priority    farm180119 ...umiscan_5154   Feb 07 15:08  00:11:02   00:11:54   hallc     
63310067  trottar     R    priority    farm180119 ...umiscan_5155   Feb 07 15:08  00:05:05   00:05:54   hallc     
63310068  trottar     R    priority    farm180119 ...umiscan_5156   Feb 07 15:08  00:13:15   00:14:09   hallc     
63310069  trottar     R    priority    farm180119 ...umiscan_5157   Feb 07 15:08  00:13:20   00:14:09   hallc     
63310070  trottar     R    priority    farm180119 ...umiscan_5158   Feb 07 15:11  00:11:50   00:11:53   hallc     
63310206  trottar     R    priority    farm180119 ...umiscan_5167   Feb 07 15:15  00:04:57   00:05:55   hallc     
63310209  trottar     R    priority    farm180119 ...umiscan_5168   Feb 07 15:15  00:04:57   00:05:55   hallc     
63310212  trottar     R    priority    farm180119 ...umiscan_5169   Feb 07 15:15  00:04:57   00:05:55   hallc     
63310213  trottar     R    priority    farm180119 ...umiscan_5170   Feb 07 15:15  00:04:58   00:05:55   hallc     
63310214  trottar     R    priority    farm180214 ...umiscan_5171   Feb 07 15:19  00:02:54   00:03:29   hallc     
63310215  trottar     R    priority    farm180214 ...umiscan_5175   Feb 07 15:19  00:02:54   00:03:29   hallc     
63310216  trottar     R    priority    farm180214 ...umiscan_5176   Feb 07 15:19  00:03:40   00:04:14   hallc     
63310218  trottar     R    priority    farm180214 ...umiscan_5178   Feb 07 15:19  00:02:53   00:03:29   hallc     
63310219  trottar     R    priority    farm180214 ...umiscan_5179   Feb 07 15:22  00:01:02   00:01:59   hallc     
63310220  trottar     R    priority    farm180214 ...umiscan_5181   Feb 07 15:22  00:01:06   00:01:59   hallc     
 
There are 15 jobs remaining
~~~~~~~~~~~~~~~~~~~~~~~~~~~~~~~~~~~~~~~~~~~~~~~~~~~~~~~~~~~~~~~~~~~~~~~~~~~~~~~~~~~~~~~~~~~~~~~~~~~~~~~~~~~~~
JOB_ID    USER      STAT    QUEUE      EXEC_HOST   JOB_NAME         SUBMIT_TIME   CPU_TIME  WALLTIME  ACCOUNT    
63310066  trottar     R    priority    farm180119 ...umiscan_5154   Feb 07 15:08  00:11:02   00:11:54   hallc     
63310067  trottar     R    priority    farm180119 ...umiscan_5155   Feb 07 15:08  00:05:05   00:05:54   hallc     
63310068  trottar     R    priority    farm180119 ...umiscan_5156   Feb 07 15:08  00:15:11   00:16:05   hallc     
63310069  trottar     R    priority    farm180119 ...umiscan_5157   Feb 07 15:08  00:15:17   00:16:05   hallc     
63310070  trottar     R    priority    farm180119 ...umiscan_5158   Feb 07 15:11  00:14:05   00:14:08   hallc     
63310206  trottar     R    priority    farm180119 ...umiscan_5167   Feb 07 15:15  00:04:57   00:05:55   hallc     
63310209  trottar     R    priority    farm180119 ...umiscan_5168   Feb 07 15:15  00:04:57   00:05:55   hallc     
63310212  trottar     R    priority    farm180119 ...umiscan_5169   Feb 07 15:15  00:04:57   00:05:55   hallc     
63310213  trottar     R    priority    farm180119 ...umiscan_5170   Feb 07 15:15  00:04:58   00:05:55   hallc     
63310214  trottar     R    priority    farm180214 ...umiscan_5171   Feb 07 15:19  00:05:10   00:05:44   hallc     
63310215  trottar     R    priority    farm180214 ...umiscan_5175   Feb 07 15:19  00:05:09   00:05:44   hallc     
63310216  trottar     R    priority    farm180214 ...umiscan_5176   Feb 07 15:19  00:05:11   00:05:44   hallc     
63310218  trottar     R    priority    farm180214 ...umiscan_5178   Feb 07 15:19  00:05:09   00:05:44   hallc     
63310219  trottar     R    priority    farm180214 ...umiscan_5179   Feb 07 15:22  00:01:02   00:01:59   hallc     
63310220  trottar     R    priority    farm180214 ...umiscan_5181   Feb 07 15:22  00:01:06   00:01:59   hallc     
 
There are 15 jobs remaining
~~~~~~~~~~~~~~~~~~~~~~~~~~~~~~~~~~~~~~~~~~~~~~~~~~~~~~~~~~~~~~~~~~~~~~~~~~~~~~~~~~~~~~~~~~~~~~~~~~~~~~~~~~~~~
JOB_ID    USER      STAT    QUEUE      EXEC_HOST   JOB_NAME         SUBMIT_TIME   CPU_TIME  WALLTIME  ACCOUNT    
63310066  trottar     R    priority    farm180119 ...umiscan_5154   Feb 07 15:08  00:17:29   00:18:20   hallc     
63310067  trottar     R    priority    farm180119 ...umiscan_5155   Feb 07 15:08  00:17:31   00:18:20   hallc     
63310068  trottar     R    priority    farm180119 ...umiscan_5156   Feb 07 15:08  00:17:27   00:18:20   hallc     
63310069  trottar     R    priority    farm180119 ...umiscan_5157   Feb 07 15:08  00:15:17   00:16:05   hallc     
63310070  trottar     R    priority    farm180119 ...umiscan_5158   Feb 07 15:11  00:14:05   00:14:08   hallc     
63310206  trottar     R    priority    farm180119 ...umiscan_5167   Feb 07 15:15  00:04:57   00:05:55   hallc     
63310209  trottar     R    priority    farm180119 ...umiscan_5168   Feb 07 15:15  00:08:42   00:09:40   hallc     
63310212  trottar     R    priority    farm180119 ...umiscan_5169   Feb 07 15:15  00:04:57   00:05:55   hallc     
63310213  trottar     R    priority    farm180119 ...umiscan_5170   Feb 07 15:15  00:04:58   00:05:55   hallc     
63310214  trottar     R    priority    farm180214 ...umiscan_5171   Feb 07 15:19  00:07:25   00:07:59   hallc     
63310215  trottar     R    priority    farm180214 ...umiscan_5175   Feb 07 15:19  00:07:25   00:07:59   hallc     
63310216  trottar     R    priority    farm180214 ...umiscan_5176   Feb 07 15:19  00:07:26   00:07:59   hallc     
63310218  trottar     R    priority    farm180214 ...umiscan_5178   Feb 07 15:19  00:07:24   00:07:59   hallc     
63310219  trottar     R    priority    farm180214 ...umiscan_5179   Feb 07 15:22  00:02:32   00:03:29   hallc     
63310220  trottar     R    priority    farm180214 ...umiscan_5181   Feb 07 15:22  00:02:36   00:03:29   hallc     
 
There are 15 jobs remaining
~~~~~~~~~~~~~~~~~~~~~~~~~~~~~~~~~~~~~~~~~~~~~~~~~~~~~~~~~~~~~~~~~~~~~~~~~~~~~~~~~~~~~~~~~~~~~~~~~~~~~~~~~~~~~
JOB_ID    USER      STAT    QUEUE      EXEC_HOST   JOB_NAME         SUBMIT_TIME   CPU_TIME  WALLTIME  ACCOUNT    
63310066  trottar     R    priority    farm180119 ...umiscan_5154   Feb 07 15:08  00:17:29   00:18:20   hallc     
63310067  trottar     R    priority    farm180119 ...umiscan_5155   Feb 07 15:08  00:17:31   00:18:20   hallc     
63310068  trottar     R    priority    farm180119 ...umiscan_5156   Feb 07 15:08  00:17:27   00:18:20   hallc     
63310069  trottar     R    priority    farm180119 ...umiscan_5157   Feb 07 15:08  00:15:17   00:16:05   hallc     
63310070  trottar     R    priority    farm180119 ...umiscan_5158   Feb 07 15:11  00:14:05   00:14:08   hallc     
63310206  trottar     R    priority    farm180119 ...umiscan_5167   Feb 07 15:15  00:10:57   00:11:55   hallc     
63310209  trottar     R    priority    farm180119 ...umiscan_5168   Feb 07 15:15  00:10:57   00:11:55   hallc     
63310212  trottar     R    priority    farm180119 ...umiscan_5169   Feb 07 15:15  00:10:57   00:11:55   hallc     
63310213  trottar     R    priority    farm180119 ...umiscan_5170   Feb 07 15:15  00:10:58   00:11:55   hallc     
63310214  trottar     R    priority    farm180214 ...umiscan_5171   Feb 07 15:19  00:07:25   00:07:59   hallc     
63310215  trottar     R    priority    farm180214 ...umiscan_5175   Feb 07 15:19  00:07:25   00:07:59   hallc     
63310216  trottar     R    priority    farm180214 ...umiscan_5176   Feb 07 15:19  00:07:26   00:07:59   hallc     
63310218  trottar     R    priority    farm180214 ...umiscan_5178   Feb 07 15:19  00:07:24   00:07:59   hallc     
63310219  trottar     R    priority    farm180214 ...umiscan_5179   Feb 07 15:22  00:02:32   00:03:29   hallc     
63310220  trottar     R    priority    farm180214 ...umiscan_5181   Feb 07 15:22  00:04:53   00:05:44   hallc     
 
There are 15 jobs remaining
~~~~~~~~~~~~~~~~~~~~~~~~~~~~~~~~~~~~~~~~~~~~~~~~~~~~~~~~~~~~~~~~~~~~~~~~~~~~~~~~~~~~~~~~~~~~~~~~~~~~~~~~~~~~~
JOB_ID    USER      STAT    QUEUE      EXEC_HOST   JOB_NAME         SUBMIT_TIME   CPU_TIME  WALLTIME  ACCOUNT    
63310066  trottar     R    priority    farm180119 ...umiscan_5154   Feb 07 15:08  00:17:29   00:18:20   hallc     
63310067  trottar     R    priority    farm180119 ...umiscan_5155   Feb 07 15:08  00:21:36   00:22:24   hallc     
63310068  trottar     R    priority    farm180119 ...umiscan_5156   Feb 07 15:08  00:17:27   00:18:20   hallc     
63310069  trottar     R    priority    farm180119 ...umiscan_5157   Feb 07 15:08  00:15:17   00:16:05   hallc     
63310070  trottar     R    priority    farm180119 ...umiscan_5158   Feb 07 15:11  00:14:05   00:14:08   hallc     
63310206  trottar     R    priority    farm180119 ...umiscan_5167   Feb 07 15:15  00:12:54   00:13:51   hallc     
63310209  trottar     R    priority    farm180119 ...umiscan_5168   Feb 07 15:15  00:10:57   00:11:55   hallc     
63310212  trottar     R    priority    farm180119 ...umiscan_5169   Feb 07 15:15  00:10:57   00:11:55   hallc     
63310213  trottar     R    priority    farm180119 ...umiscan_5170   Feb 07 15:15  00:12:54   00:13:51   hallc     
63310214  trottar     R    priority    farm180214 ...umiscan_5171   Feb 07 15:19  00:08:55   00:09:29   hallc     
63310215  trottar     R    priority    farm180214 ...umiscan_5175   Feb 07 15:19  00:08:55   00:09:29   hallc     
63310216  trottar     R    priority    farm180214 ...umiscan_5176   Feb 07 15:19  00:08:55   00:09:29   hallc     
63310218  trottar     R    priority    farm180214 ...umiscan_5178   Feb 07 15:19  00:08:55   00:09:29   hallc     
63310219  trottar     R    priority    farm180214 ...umiscan_5179   Feb 07 15:22  00:02:32   00:03:29   hallc     
63310220  trottar     R    priority    farm180214 ...umiscan_5181   Feb 07 15:22  00:04:53   00:05:44   hallc     
 
There are 15 jobs remaining
~~~~~~~~~~~~~~~~~~~~~~~~~~~~~~~~~~~~~~~~~~~~~~~~~~~~~~~~~~~~~~~~~~~~~~~~~~~~~~~~~~~~~~~~~~~~~~~~~~~~~~~~~~~~~
JOB_ID    USER      STAT    QUEUE      EXEC_HOST   JOB_NAME         SUBMIT_TIME   CPU_TIME  WALLTIME  ACCOUNT    
63310066  trottar     R    priority    farm180119 ...umiscan_5154   Feb 07 15:08  00:17:29   00:18:20   hallc     
63310067  trottar     R    priority    farm180119 ...umiscan_5155   Feb 07 15:08  00:23:32   00:24:20   hallc     
63310068  trottar     R    priority    farm180119 ...umiscan_5156   Feb 07 15:08  00:17:27   00:18:20   hallc     
63310069  trottar     R    priority    farm180119 ...umiscan_5157   Feb 07 15:08  00:23:31   00:24:20   hallc     
63310070  trottar     R    priority    farm180119 ...umiscan_5158   Feb 07 15:11  00:14:05   00:14:08   hallc     
63310206  trottar     R    priority    farm180119 ...umiscan_5167   Feb 07 15:15  00:12:54   00:13:51   hallc     
63310209  trottar     R    priority    farm180119 ...umiscan_5168   Feb 07 15:15  00:10:57   00:11:55   hallc     
63310212  trottar     R    priority    farm180119 ...umiscan_5169   Feb 07 15:15  00:15:09   00:16:06   hallc     
63310213  trottar     R    priority    farm180119 ...umiscan_5170   Feb 07 15:15  00:12:54   00:13:51   hallc     
63310214  trottar     R    priority    farm180214 ...umiscan_5171   Feb 07 15:19  00:08:55   00:09:29   hallc     
63310215  trottar     R    priority    farm180214 ...umiscan_5175   Feb 07 15:19  00:11:11   00:11:44   hallc     
63310216  trottar     R    priority    farm180214 ...umiscan_5176   Feb 07 15:19  00:11:11   00:11:44   hallc     
63310218  trottar     R    priority    farm180214 ...umiscan_5178   Feb 07 15:19  00:11:09   00:11:44   hallc     
63310219  trottar     R    priority    farm180214 ...umiscan_5179   Feb 07 15:22  00:02:32   00:03:29   hallc     
63310220  trottar     R    priority    farm180214 ...umiscan_5181   Feb 07 15:22  00:08:37   00:09:29   hallc     
 
There are 15 jobs remaining
~~~~~~~~~~~~~~~~~~~~~~~~~~~~~~~~~~~~~~~~~~~~~~~~~~~~~~~~~~~~~~~~~~~~~~~~~~~~~~~~~~~~~~~~~~~~~~~~~~~~~~~~~~~~~
JOB_ID    USER      STAT    QUEUE      EXEC_HOST   JOB_NAME         SUBMIT_TIME   CPU_TIME  WALLTIME  ACCOUNT    
63310066  trottar     R    priority    farm180119 ...umiscan_5154   Feb 07 15:08  00:25:18   00:26:09   hallc     
63310067  trottar     R    priority    farm180119 ...umiscan_5155   Feb 07 15:08  00:25:21   00:26:09   hallc     
63310068  trottar     R    priority    farm180119 ...umiscan_5156   Feb 07 15:08  00:17:27   00:18:20   hallc     
63310069  trottar     R    priority    farm180119 ...umiscan_5157   Feb 07 15:08  00:25:20   00:26:09   hallc     
63310070  trottar     R    priority    farm180119 ...umiscan_5158   Feb 07 15:11  00:14:05   00:14:08   hallc     
63310206  trottar     R    priority    farm180119 ...umiscan_5167   Feb 07 15:15  00:12:54   00:13:51   hallc     
63310209  trottar     R    priority    farm180119 ...umiscan_5168   Feb 07 15:15  00:16:58   00:17:55   hallc     
63310212  trottar     R    priority    farm180119 ...umiscan_5169   Feb 07 15:15  00:15:09   00:16:06   hallc     
63310213  trottar     R    priority    farm180119 ...umiscan_5170   Feb 07 15:15  00:12:54   00:13:51   hallc     
63310214  trottar     R    priority    farm180214 ...umiscan_5171   Feb 07 15:19  00:08:55   00:09:29   hallc     
63310215  trottar     R    priority    farm180214 ...umiscan_5175   Feb 07 15:19  00:13:25   00:13:59   hallc     
63310216  trottar     R    priority    farm180214 ...umiscan_5176   Feb 07 15:19  00:13:25   00:13:59   hallc     
63310218  trottar     R    priority    farm180214 ...umiscan_5178   Feb 07 15:19  00:13:25   00:13:59   hallc     
63310219  trottar     R    priority    farm180214 ...umiscan_5179   Feb 07 15:22  00:10:47   00:11:44   hallc     
63310220  trottar     R    priority    farm180214 ...umiscan_5181   Feb 07 15:22  00:08:37   00:09:29   hallc     
 
There are 15 jobs remaining
~~~~~~~~~~~~~~~~~~~~~~~~~~~~~~~~~~~~~~~~~~~~~~~~~~~~~~~~~~~~~~~~~~~~~~~~~~~~~~~~~~~~~~~~~~~~~~~~~~~~~~~~~~~~~
JOB_ID    USER      STAT    QUEUE      EXEC_HOST   JOB_NAME         SUBMIT_TIME   CPU_TIME  WALLTIME  ACCOUNT    
63310066  trottar     R    priority    farm180119 ...umiscan_5154   Feb 07 15:08  00:25:18   00:26:09   hallc     
63310067  trottar     R    priority    farm180119 ...umiscan_5155   Feb 07 15:08  00:25:21   00:26:09   hallc     
63310068  trottar     R    priority    farm180119 ...umiscan_5156   Feb 07 15:08  00:17:27   00:18:20   hallc     
63310069  trottar     R    priority    farm180119 ...umiscan_5157   Feb 07 15:08  00:27:17   00:28:05   hallc     
63310070  trottar     R    priority    farm180119 ...umiscan_5158   Feb 07 15:11  00:23:50   00:23:53   hallc     
63310206  trottar     R    priority    farm180119 ...umiscan_5167   Feb 07 15:15  00:12:54   00:13:51   hallc     
63310209  trottar     R    priority    farm180119 ...umiscan_5168   Feb 07 15:15  00:16:58   00:17:55   hallc     
63310212  trottar     R    priority    farm180119 ...umiscan_5169   Feb 07 15:15  00:19:13   00:20:10   hallc     
63310213  trottar     R    priority    farm180119 ...umiscan_5170   Feb 07 15:15  00:12:54   00:13:51   hallc     
63310214  trottar     R    priority    farm180214 ...umiscan_5171   Feb 07 15:19  00:08:55   00:09:29   hallc     
63310215  trottar     R    priority    farm180214 ...umiscan_5175   Feb 07 15:19  00:15:39   00:16:13   hallc     
63310216  trottar     R    priority    farm180214 ...umiscan_5176   Feb 07 15:19  00:15:39   00:16:13   hallc     
63310218  trottar     R    priority    farm180214 ...umiscan_5178   Feb 07 15:19  00:15:38   00:16:13   hallc     
63310219  trottar     R    priority    farm180214 ...umiscan_5179   Feb 07 15:22  00:13:01   00:13:58   hallc     
63310220  trottar     R    priority    farm180214 ...umiscan_5181   Feb 07 15:22  00:13:06   00:13:58   hallc     
 
There are 15 jobs remaining
~~~~~~~~~~~~~~~~~~~~~~~~~~~~~~~~~~~~~~~~~~~~~~~~~~~~~~~~~~~~~~~~~~~~~~~~~~~~~~~~~~~~~~~~~~~~~~~~~~~~~~~~~~~~~
JOB_ID    USER      STAT    QUEUE      EXEC_HOST   JOB_NAME         SUBMIT_TIME   CPU_TIME  WALLTIME  ACCOUNT    
63310066  trottar     R    priority    farm180119 ...umiscan_5154   Feb 07 15:08  00:27:33   00:28:24   hallc     
63310067  trottar     R    priority    farm180119 ...umiscan_5155   Feb 07 15:08  00:25:21   00:26:09   hallc     
63310068  trottar     R    priority    farm180119 ...umiscan_5156   Feb 07 15:08  00:17:27   00:18:20   hallc     
63310069  trottar     R    priority    farm180119 ...umiscan_5157   Feb 07 15:08  00:27:17   00:28:05   hallc     
63310070  trottar     R    priority    farm180119 ...umiscan_5158   Feb 07 15:11  00:23:50   00:23:53   hallc     
63310206  trottar     R    priority    farm180119 ...umiscan_5167   Feb 07 15:15  00:12:54   00:13:51   hallc     
63310209  trottar     R    priority    farm180119 ...umiscan_5168   Feb 07 15:15  00:16:58   00:17:55   hallc     
63310212  trottar     R    priority    farm180119 ...umiscan_5169   Feb 07 15:15  00:21:09   00:22:06   hallc     
63310213  trottar     R    priority    farm180119 ...umiscan_5170   Feb 07 15:15  00:12:54   00:13:51   hallc     
63310214  trottar     R    priority    farm180214 ...umiscan_5171   Feb 07 15:19  00:17:10   00:17:44   hallc     
63310215  trottar     R    priority    farm180214 ...umiscan_5175   Feb 07 15:19  00:17:10   00:17:44   hallc     
63310216  trottar     R    priority    farm180214 ...umiscan_5176   Feb 07 15:19  00:17:11   00:17:44   hallc     
63310218  trottar     R    priority    farm180214 ...umiscan_5178   Feb 07 15:19  00:17:09   00:17:44   hallc     
63310219  trottar     R    priority    farm180214 ...umiscan_5179   Feb 07 15:22  00:14:32   00:15:29   hallc     
63310220  trottar     R    priority    farm180214 ...umiscan_5181   Feb 07 15:22  00:15:22   00:16:14   hallc     
 
There are 15 jobs remaining
~~~~~~~~~~~~~~~~~~~~~~~~~~~~~~~~~~~~~~~~~~~~~~~~~~~~~~~~~~~~~~~~~~~~~~~~~~~~~~~~~~~~~~~~~~~~~~~~~~~~~~~~~~~~~
JOB_ID    USER      STAT    QUEUE      EXEC_HOST   JOB_NAME         SUBMIT_TIME   CPU_TIME  WALLTIME  ACCOUNT    
63310066  trottar     R    priority    farm180119 ...umiscan_5154   Feb 07 15:08  00:29:29   00:30:20   hallc     
63310067  trottar     R    priority    farm180119 ...umiscan_5155   Feb 07 15:08  00:29:32   00:30:20   hallc     
63310068  trottar     R    priority    farm180119 ...umiscan_5156   Feb 07 15:08  00:17:27   00:18:20   hallc     
63310069  trottar     R    priority    farm180119 ...umiscan_5157   Feb 07 15:08  00:29:33   00:30:20   hallc     
63310070  trottar     R    priority    farm180119 ...umiscan_5158   Feb 07 15:11  00:28:01   00:28:04   hallc     
63310206  trottar     R    priority    farm180119 ...umiscan_5167   Feb 07 15:15  00:12:54   00:13:51   hallc     
63310209  trottar     R    priority    farm180119 ...umiscan_5168   Feb 07 15:15  00:16:58   00:17:55   hallc     
63310212  trottar     R    priority    farm180119 ...umiscan_5169   Feb 07 15:15  00:23:23   00:24:21   hallc     
63310213  trottar     R    priority    farm180119 ...umiscan_5170   Feb 07 15:15  00:12:54   00:13:51   hallc     
63310214  trottar     R    priority    farm180214 ...umiscan_5171   Feb 07 15:19  00:19:25   00:19:59   hallc     
63310215  trottar     R    priority    farm180214 ...umiscan_5175   Feb 07 15:19  00:17:10   00:17:44   hallc     
63310216  trottar     R    priority    farm180214 ...umiscan_5176   Feb 07 15:19  00:17:11   00:17:44   hallc     
63310218  trottar     R    priority    farm180214 ...umiscan_5178   Feb 07 15:19  00:17:09   00:17:44   hallc     
63310219  trottar     R    priority    farm180214 ...umiscan_5179   Feb 07 15:22  00:14:32   00:15:29   hallc     
63310220  trottar     R    priority    farm180214 ...umiscan_5181   Feb 07 15:22  00:16:53   00:17:44   hallc     
 
There are 15 jobs remaining
~~~~~~~~~~~~~~~~~~~~~~~~~~~~~~~~~~~~~~~~~~~~~~~~~~~~~~~~~~~~~~~~~~~~~~~~~~~~~~~~~~~~~~~~~~~~~~~~~~~~~~~~~~~~~
JOB_ID    USER      STAT    QUEUE      EXEC_HOST   JOB_NAME         SUBMIT_TIME   CPU_TIME  WALLTIME  ACCOUNT    
63310066  trottar     R    priority    farm180119 ...umiscan_5154   Feb 07 15:08  00:29:29   00:30:20   hallc     
63310067  trottar     R    priority    farm180119 ...umiscan_5155   Feb 07 15:08  00:31:47   00:32:35   hallc     
63310068  trottar     R    priority    farm180119 ...umiscan_5156   Feb 07 15:08  00:17:27   00:18:20   hallc     
63310069  trottar     R    priority    farm180119 ...umiscan_5157   Feb 07 15:08  00:29:33   00:30:20   hallc     
63310070  trottar     R    priority    farm180119 ...umiscan_5158   Feb 07 15:11  00:28:01   00:28:04   hallc     
63310206  trottar     R    priority    farm180119 ...umiscan_5167   Feb 07 15:15  00:12:54   00:13:51   hallc     
63310209  trottar     R    priority    farm180119 ...umiscan_5168   Feb 07 15:15  00:16:58   00:17:55   hallc     
63310212  trottar     R    priority    farm180119 ...umiscan_5169   Feb 07 15:15  00:23:23   00:24:21   hallc     
63310213  trottar     R    priority    farm180119 ...umiscan_5170   Feb 07 15:15  00:12:54   00:13:51   hallc     
63310214  trottar     R    priority    farm180214 ...umiscan_5171   Feb 07 15:19  00:21:40   00:22:14   hallc     
63310215  trottar     R    priority    farm180214 ...umiscan_5175   Feb 07 15:19  00:17:10   00:17:44   hallc     
63310216  trottar     R    priority    farm180214 ...umiscan_5176   Feb 07 15:19  00:17:11   00:17:44   hallc     
63310218  trottar     R    priority    farm180214 ...umiscan_5178   Feb 07 15:19  00:17:09   00:17:44   hallc     
63310219  trottar     R    priority    farm180214 ...umiscan_5179   Feb 07 15:22  00:14:32   00:15:29   hallc     
63310220  trottar     R    priority    farm180214 ...umiscan_5181   Feb 07 15:22  00:16:53   00:17:44   hallc     
 
There are 15 jobs remaining
~~~~~~~~~~~~~~~~~~~~~~~~~~~~~~~~~~~~~~~~~~~~~~~~~~~~~~~~~~~~~~~~~~~~~~~~~~~~~~~~~~~~~~~~~~~~~~~~~~~~~~~~~~~~~
JOB_ID    USER      STAT    QUEUE      EXEC_HOST   JOB_NAME         SUBMIT_TIME   CPU_TIME  WALLTIME  ACCOUNT    
63310066  trottar     R    priority    farm180119 ...umiscan_5154   Feb 07 15:08  00:29:29   00:30:20   hallc     
63310067  trottar     R    priority    farm180119 ...umiscan_5155   Feb 07 15:08  00:33:36   00:34:24   hallc     
63310068  trottar     R    priority    farm180119 ...umiscan_5156   Feb 07 15:08  00:33:31   00:34:24   hallc     
63310069  trottar     R    priority    farm180119 ...umiscan_5157   Feb 07 15:08  00:29:33   00:30:20   hallc     
63310070  trottar     R    priority    farm180119 ...umiscan_5158   Feb 07 15:11  00:28:01   00:28:04   hallc     
63310206  trottar     R    priority    farm180119 ...umiscan_5167   Feb 07 15:15  00:12:54   00:13:51   hallc     
63310209  trottar     R    priority    farm180119 ...umiscan_5168   Feb 07 15:15  00:16:58   00:17:55   hallc     
63310212  trottar     R    priority    farm180119 ...umiscan_5169   Feb 07 15:15  00:25:13   00:26:10   hallc     
63310213  trottar     R    priority    farm180119 ...umiscan_5170   Feb 07 15:15  00:25:13   00:26:10   hallc     
63310214  trottar     R    priority    farm180214 ...umiscan_5171   Feb 07 15:19  00:21:40   00:22:14   hallc     
63310215  trottar     R    priority    farm180214 ...umiscan_5175   Feb 07 15:19  00:17:10   00:17:44   hallc     
63310216  trottar     R    priority    farm180214 ...umiscan_5176   Feb 07 15:19  00:17:11   00:17:44   hallc     
63310218  trottar     R    priority    farm180214 ...umiscan_5178   Feb 07 15:19  00:17:09   00:17:44   hallc     
63310219  trottar     R    priority    farm180214 ...umiscan_5179   Feb 07 15:22  00:14:32   00:15:29   hallc     
63310220  trottar     R    priority    farm180214 ...umiscan_5181   Feb 07 15:22  00:19:07   00:19:59   hallc     
 
There are 15 jobs remaining
~~~~~~~~~~~~~~~~~~~~~~~~~~~~~~~~~~~~~~~~~~~~~~~~~~~~~~~~~~~~~~~~~~~~~~~~~~~~~~~~~~~~~~~~~~~~~~~~~~~~~~~~~~~~~
JOB_ID    USER      STAT    QUEUE      EXEC_HOST   JOB_NAME         SUBMIT_TIME   CPU_TIME  WALLTIME  ACCOUNT    
63310066  trottar     R    priority    farm180119 ...umiscan_5154   Feb 07 15:08  00:29:29   00:30:20   hallc     
63310067  trottar     R    priority    farm180119 ...umiscan_5155   Feb 07 15:08  00:35:33   00:36:20   hallc     
63310068  trottar     R    priority    farm180119 ...umiscan_5156   Feb 07 15:08  00:35:28   00:36:20   hallc     
63310069  trottar     R    priority    farm180119 ...umiscan_5157   Feb 07 15:08  00:29:33   00:30:20   hallc     
63310070  trottar     R    priority    farm180119 ...umiscan_5158   Feb 07 15:11  00:28:01   00:28:04   hallc     
63310206  trottar     R    priority    farm180119 ...umiscan_5167   Feb 07 15:15  00:12:54   00:13:51   hallc     
63310209  trottar     R    priority    farm180119 ...umiscan_5168   Feb 07 15:15  00:16:58   00:17:55   hallc     
63310212  trottar     R    priority    farm180119 ...umiscan_5169   Feb 07 15:15  00:27:09   00:28:06   hallc     
63310213  trottar     R    priority    farm180119 ...umiscan_5170   Feb 07 15:15  00:27:10   00:28:06   hallc     
63310214  trottar     R    priority    farm180214 ...umiscan_5171   Feb 07 15:19  00:23:10   00:23:44   hallc     
63310215  trottar     R    priority    farm180214 ...umiscan_5175   Feb 07 15:19  00:23:11   00:23:44   hallc     
63310216  trottar     R    priority    farm180214 ...umiscan_5176   Feb 07 15:19  00:23:11   00:23:44   hallc     
63310218  trottar     R    priority    farm180214 ...umiscan_5178   Feb 07 15:19  00:23:09   00:23:44   hallc     
63310219  trottar     R    priority    farm180214 ...umiscan_5179   Feb 07 15:22  00:14:32   00:15:29   hallc     
63310220  trottar     R    priority    farm180214 ...umiscan_5181   Feb 07 15:22  00:21:23   00:22:14   hallc     
 
There are 15 jobs remaining
~~~~~~~~~~~~~~~~~~~~~~~~~~~~~~~~~~~~~~~~~~~~~~~~~~~~~~~~~~~~~~~~~~~~~~~~~~~~~~~~~~~~~~~~~~~~~~~~~~~~~~~~~~~~~
JOB_ID    USER      STAT    QUEUE      EXEC_HOST   JOB_NAME         SUBMIT_TIME   CPU_TIME  WALLTIME  ACCOUNT    
63310066  trottar     R    priority    farm180119 ...umiscan_5154   Feb 07 15:08  00:29:29   00:30:20   hallc     
63310067  trottar     R    priority    farm180119 ...umiscan_5155   Feb 07 15:08  00:37:48   00:38:35   hallc     
63310068  trottar     R    priority    farm180119 ...umiscan_5156   Feb 07 15:08  00:37:43   00:38:35   hallc     
63310069  trottar     R    priority    farm180119 ...umiscan_5157   Feb 07 15:08  00:29:33   00:30:20   hallc     
63310070  trottar     R    priority    farm180119 ...umiscan_5158   Feb 07 15:11  00:28:01   00:28:04   hallc     
63310206  trottar     R    priority    farm180119 ...umiscan_5167   Feb 07 15:15  00:29:25   00:30:21   hallc     
63310209  trottar     R    priority    farm180119 ...umiscan_5168   Feb 07 15:15  00:16:58   00:17:55   hallc     
63310212  trottar     R    priority    farm180119 ...umiscan_5169   Feb 07 15:15  00:29:24   00:30:21   hallc     
63310213  trottar     R    priority    farm180119 ...umiscan_5170   Feb 07 15:15  00:29:25   00:30:21   hallc     
63310214  trottar     R    priority    farm180214 ...umiscan_5171   Feb 07 15:19  00:25:25   00:25:59   hallc     
63310215  trottar     R    priority    farm180214 ...umiscan_5175   Feb 07 15:19  00:25:25   00:25:59   hallc     
63310216  trottar     R    priority    farm180214 ...umiscan_5176   Feb 07 15:19  00:25:26   00:25:59   hallc     
63310218  trottar     R    priority    farm180214 ...umiscan_5178   Feb 07 15:19  00:25:24   00:25:59   hallc     
63310219  trottar     R    priority    farm180214 ...umiscan_5179   Feb 07 15:22  00:22:48   00:23:44   hallc     
63310220  trottar     R    priority    farm180214 ...umiscan_5181   Feb 07 15:22  00:22:52   00:23:44   hallc     
 
There are 15 jobs remaining
~~~~~~~~~~~~~~~~~~~~~~~~~~~~~~~~~~~~~~~~~~~~~~~~~~~~~~~~~~~~~~~~~~~~~~~~~~~~~~~~~~~~~~~~~~~~~~~~~~~~~~~~~~~~~
JOB_ID    USER      STAT    QUEUE      EXEC_HOST   JOB_NAME         SUBMIT_TIME   CPU_TIME  WALLTIME  ACCOUNT    
63310066  trottar     R    priority    farm180119 ...umiscan_5154   Feb 07 15:08  00:39:34   00:40:25   hallc     
63310067  trottar     R    priority    farm180119 ...umiscan_5155   Feb 07 15:08  00:37:48   00:38:35   hallc     
63310068  trottar     R    priority    farm180119 ...umiscan_5156   Feb 07 15:08  00:39:32   00:40:25   hallc     
63310069  trottar     R    priority    farm180119 ...umiscan_5157   Feb 07 15:08  00:39:38   00:40:25   hallc     
63310070  trottar     R    priority    farm180119 ...umiscan_5158   Feb 07 15:11  00:28:01   00:28:04   hallc     
63310206  trottar     R    priority    farm180119 ...umiscan_5167   Feb 07 15:15  00:29:25   00:30:21   hallc     
63310209  trottar     R    priority    farm180119 ...umiscan_5168   Feb 07 15:15  00:16:58   00:17:55   hallc     
63310212  trottar     R    priority    farm180119 ...umiscan_5169   Feb 07 15:15  00:31:13   00:32:10   hallc     
63310213  trottar     R    priority    farm180119 ...umiscan_5170   Feb 07 15:15  00:29:25   00:30:21   hallc     
63310214  trottar     R    priority    farm180214 ...umiscan_5171   Feb 07 15:19  00:27:40   00:28:14   hallc     
63310215  trottar     R    priority    farm180214 ...umiscan_5175   Feb 07 15:19  00:25:25   00:25:59   hallc     
63310216  trottar     R    priority    farm180214 ...umiscan_5176   Feb 07 15:19  00:25:26   00:25:59   hallc     
63310218  trottar     R    priority    farm180214 ...umiscan_5178   Feb 07 15:19  00:25:24   00:25:59   hallc     
63310219  trottar     R    priority    farm180214 ...umiscan_5179   Feb 07 15:22  00:25:03   00:25:59   hallc     
63310220  trottar     R    priority    farm180214 ...umiscan_5181   Feb 07 15:22  00:22:52   00:23:44   hallc     
 
There are 15 jobs remaining
~~~~~~~~~~~~~~~~~~~~~~~~~~~~~~~~~~~~~~~~~~~~~~~~~~~~~~~~~~~~~~~~~~~~~~~~~~~~~~~~~~~~~~~~~~~~~~~~~~~~~~~~~~~~~
JOB_ID    USER      STAT    QUEUE      EXEC_HOST   JOB_NAME         SUBMIT_TIME   CPU_TIME  WALLTIME  ACCOUNT    
63310067  trottar     R    priority    farm180119 ...umiscan_5155   Feb 07 15:08  00:37:48   00:38:35   hallc     
63310069  trottar     R    priority    farm180119 ...umiscan_5157   Feb 07 15:08  00:39:38   00:40:25   hallc     
63310070  trottar     R    priority    farm180119 ...umiscan_5158   Feb 07 15:11  00:38:32   00:38:34   hallc     
63310206  trottar     R    priority    farm180119 ...umiscan_5167   Feb 07 15:15  00:29:25   00:30:21   hallc     
63310209  trottar     R    priority    farm180119 ...umiscan_5168   Feb 07 15:15  00:16:58   00:17:55   hallc     
63310212  trottar     R    priority    farm180119 ...umiscan_5169   Feb 07 15:15  00:33:29   00:34:26   hallc     
63310213  trottar     R    priority    farm180119 ...umiscan_5170   Feb 07 15:15  00:33:29   00:34:26   hallc     
63310214  trottar     R    priority    farm180214 ...umiscan_5171   Feb 07 15:19  00:29:10   00:29:44   hallc     
63310215  trottar     R    priority    farm180214 ...umiscan_5175   Feb 07 15:19  00:29:56   00:30:29   hallc     
63310216  trottar     R    priority    farm180214 ...umiscan_5176   Feb 07 15:19  00:29:56   00:30:29   hallc     
63310218  trottar     R    priority    farm180214 ...umiscan_5178   Feb 07 15:19  00:29:55   00:30:29   hallc     
63310219  trottar     R    priority    farm180214 ...umiscan_5179   Feb 07 15:22  00:25:03   00:25:59   hallc     
63310220  trottar     R    priority    farm180214 ...umiscan_5181   Feb 07 15:22  00:27:22   00:28:14   hallc     
 
There are 13 jobs remaining
~~~~~~~~~~~~~~~~~~~~~~~~~~~~~~~~~~~~~~~~~~~~~~~~~~~~~~~~~~~~~~~~~~~~~~~~~~~~~~~~~~~~~~~~~~~~~~~~~~~~~~~~~~~~~
JOB_ID    USER      STAT    QUEUE      EXEC_HOST   JOB_NAME         SUBMIT_TIME   CPU_TIME  WALLTIME  ACCOUNT    
63310067  trottar     R    priority    farm180119 ...umiscan_5155   Feb 07 15:08  00:37:48   00:38:35   hallc     
63310069  trottar     R    priority    farm180119 ...umiscan_5157   Feb 07 15:08  00:41:33   00:42:20   hallc     
63310070  trottar     R    priority    farm180119 ...umiscan_5158   Feb 07 15:11  00:38:32   00:38:34   hallc     
63310206  trottar     R    priority    farm180119 ...umiscan_5167   Feb 07 15:15  00:35:24   00:36:21   hallc     
63310209  trottar     R    priority    farm180119 ...umiscan_5168   Feb 07 15:15  00:34:59   00:35:55   hallc     
63310212  trottar     R    priority    farm180119 ...umiscan_5169   Feb 07 15:15  00:35:24   00:36:21   hallc     
63310213  trottar     R    priority    farm180119 ...umiscan_5170   Feb 07 15:15  00:33:29   00:34:26   hallc     
63310214  trottar     R    priority    farm180214 ...umiscan_5171   Feb 07 15:19  00:31:25   00:31:59   hallc     
63310215  trottar     R    priority    farm180214 ...umiscan_5175   Feb 07 15:19  00:29:56   00:30:29   hallc     
63310216  trottar     R    priority    farm180214 ...umiscan_5176   Feb 07 15:19  00:31:26   00:31:59   hallc     
63310218  trottar     R    priority    farm180214 ...umiscan_5178   Feb 07 15:19  00:31:24   00:31:59   hallc     
63310219  trottar     R    priority    farm180214 ...umiscan_5179   Feb 07 15:22  00:28:48   00:29:44   hallc     
63310220  trottar     R    priority    farm180214 ...umiscan_5181   Feb 07 15:22  00:29:36   00:30:28   hallc     
 
There are 13 jobs remaining
~~~~~~~~~~~~~~~~~~~~~~~~~~~~~~~~~~~~~~~~~~~~~~~~~~~~~~~~~~~~~~~~~~~~~~~~~~~~~~~~~~~~~~~~~~~~~~~~~~~~~~~~~~~~~
JOB_ID    USER      STAT    QUEUE      EXEC_HOST   JOB_NAME         SUBMIT_TIME   CPU_TIME  WALLTIME  ACCOUNT    
63310067  trottar     R    priority    farm180119 ...umiscan_5155   Feb 07 15:08  00:37:48   00:38:35   hallc     
63310069  trottar     R    priority    farm180119 ...umiscan_5157   Feb 07 15:08  00:43:22   00:44:09   hallc     
63310070  trottar     R    priority    farm180119 ...umiscan_5158   Feb 07 15:11  00:38:32   00:38:34   hallc     
63310206  trottar     R    priority    farm180119 ...umiscan_5167   Feb 07 15:15  00:37:13   00:38:10   hallc     
63310209  trottar     R    priority    farm180119 ...umiscan_5168   Feb 07 15:15  00:37:13   00:38:10   hallc     
63310212  trottar     R    priority    farm180119 ...umiscan_5169   Feb 07 15:15  00:37:14   00:38:10   hallc     
63310213  trottar     R    priority    farm180119 ...umiscan_5170   Feb 07 15:15  00:37:14   00:38:10   hallc     
63310214  trottar     R    priority    farm180214 ...umiscan_5171   Feb 07 15:19  00:33:40   00:34:14   hallc     
63310215  trottar     R    priority    farm180214 ...umiscan_5175   Feb 07 15:19  00:33:42   00:34:14   hallc     
63310216  trottar     R    priority    farm180214 ...umiscan_5176   Feb 07 15:19  00:33:42   00:34:14   hallc     
63310218  trottar     R    priority    farm180214 ...umiscan_5178   Feb 07 15:19  00:31:24   00:31:59   hallc     
63310219  trottar     R    priority    farm180214 ...umiscan_5179   Feb 07 15:22  00:31:04   00:31:59   hallc     
63310220  trottar     R    priority    farm180214 ...umiscan_5181   Feb 07 15:22  00:31:08   00:31:59   hallc     
 
There are 13 jobs remaining
~~~~~~~~~~~~~~~~~~~~~~~~~~~~~~~~~~~~~~~~~~~~~~~~~~~~~~~~~~~~~~~~~~~~~~~~~~~~~~~~~~~~~~~~~~~~~~~~~~~~~~~~~~~~~
JOB_ID    USER      STAT    QUEUE      EXEC_HOST   JOB_NAME         SUBMIT_TIME   CPU_TIME  WALLTIME  ACCOUNT    
63310067  trottar     R    priority    farm180119 ...umiscan_5155   Feb 07 15:08  00:37:48   00:38:35   hallc     
63310069  trottar     R    priority    farm180119 ...umiscan_5157   Feb 07 15:08  00:43:22   00:44:09   hallc     
63310070  trottar     R    priority    farm180119 ...umiscan_5158   Feb 07 15:11  00:38:32   00:38:34   hallc     
63310206  trottar     R    priority    farm180119 ...umiscan_5167   Feb 07 15:15  00:37:13   00:38:10   hallc     
63310209  trottar     R    priority    farm180119 ...umiscan_5168   Feb 07 15:15  00:37:13   00:38:10   hallc     
63310212  trottar     R    priority    farm180119 ...umiscan_5169   Feb 07 15:15  00:37:14   00:38:10   hallc     
63310213  trottar     R    priority    farm180119 ...umiscan_5170   Feb 07 15:15  00:37:14   00:38:10   hallc     
63310214  trottar     R    priority    farm180214 ...umiscan_5171   Feb 07 15:19  00:33:40   00:34:14   hallc     
63310215  trottar     R    priority    farm180214 ...umiscan_5175   Feb 07 15:19  00:33:42   00:34:14   hallc     
63310216  trottar     R    priority    farm180214 ...umiscan_5176   Feb 07 15:19  00:33:42   00:34:14   hallc     
63310218  trottar     R    priority    farm180214 ...umiscan_5178   Feb 07 15:19  00:31:24   00:31:59   hallc     
63310219  trottar     R    priority    farm180214 ...umiscan_5179   Feb 07 15:22  00:31:04   00:31:59   hallc     
63310220  trottar     R    priority    farm180214 ...umiscan_5181   Feb 07 15:22  00:31:08   00:31:59   hallc     
 
There are 13 jobs remaining
~~~~~~~~~~~~~~~~~~~~~~~~~~~~~~~~~~~~~~~~~~~~~~~~~~~~~~~~~~~~~~~~~~~~~~~~~~~~~~~~~~~~~~~~~~~~~~~~~~~~~~~~~~~~~
JOB_ID    USER      STAT    QUEUE      EXEC_HOST   JOB_NAME         SUBMIT_TIME   CPU_TIME  WALLTIME  ACCOUNT    
63310067  trottar     R    priority    farm180119 ...umiscan_5155   Feb 07 15:08  00:37:48   00:38:35   hallc     
63310069  trottar     R    priority    farm180119 ...umiscan_5157   Feb 07 15:08  00:43:22   00:44:09   hallc     
63310070  trottar     R    priority    farm180119 ...umiscan_5158   Feb 07 15:11  00:44:32   00:44:34   hallc     
63310206  trottar     R    priority    farm180119 ...umiscan_5167   Feb 07 15:15  00:39:29   00:40:25   hallc     
63310209  trottar     R    priority    farm180119 ...umiscan_5168   Feb 07 15:15  00:39:10   00:40:06   hallc     
63310212  trottar     R    priority    farm180119 ...umiscan_5169   Feb 07 15:15  00:37:14   00:38:10   hallc     
63310213  trottar     R    priority    farm180119 ...umiscan_5170   Feb 07 15:15  00:39:29   00:40:25   hallc     
63310214  trottar     R    priority    farm180214 ...umiscan_5171   Feb 07 15:19  00:33:40   00:34:14   hallc     
63310215  trottar     R    priority    farm180214 ...umiscan_5175   Feb 07 15:19  00:33:42   00:34:14   hallc     
63310216  trottar     R    priority    farm180214 ...umiscan_5176   Feb 07 15:19  00:35:57   00:36:29   hallc     
63310218  trottar     R    priority    farm180214 ...umiscan_5178   Feb 07 15:19  00:31:24   00:31:59   hallc     
63310219  trottar     R    priority    farm180214 ...umiscan_5179   Feb 07 15:22  00:31:04   00:31:59   hallc     
63310220  trottar     R    priority    farm180214 ...umiscan_5181   Feb 07 15:22  00:33:23   00:34:14   hallc     
 
There are 12 jobs remaining
~~~~~~~~~~~~~~~~~~~~~~~~~~~~~~~~~~~~~~~~~~~~~~~~~~~~~~~~~~~~~~~~~~~~~~~~~~~~~~~~~~~~~~~~~~~~~~~~~~~~~~~~~~~~~
JOB_ID    USER      STAT    QUEUE      EXEC_HOST   JOB_NAME         SUBMIT_TIME   CPU_TIME  WALLTIME  ACCOUNT    
63310067  trottar     R    priority    farm180119 ...umiscan_5155   Feb 07 15:08  00:37:48   00:38:35   hallc     
63310206  trottar     R    priority    farm180119 ...umiscan_5167   Feb 07 15:15  00:39:29   00:40:25   hallc     
63310209  trottar     R    priority    farm180119 ...umiscan_5168   Feb 07 15:15  00:41:09   00:42:05   hallc     
63310212  trottar     R    priority    farm180119 ...umiscan_5169   Feb 07 15:15  00:37:14   00:38:10   hallc     
63310213  trottar     R    priority    farm180119 ...umiscan_5170   Feb 07 15:15  00:41:25   00:42:21   hallc     
63310214  trottar     R    priority    farm180214 ...umiscan_5171   Feb 07 15:19  00:33:40   00:34:14   hallc     
63310215  trottar     R    priority    farm180214 ...umiscan_5175   Feb 07 15:19  00:37:26   00:37:59   hallc     
63310216  trottar     R    priority    farm180214 ...umiscan_5176   Feb 07 15:19  00:37:26   00:37:59   hallc     
63310218  trottar     R    priority    farm180214 ...umiscan_5178   Feb 07 15:19  00:31:24   00:31:59   hallc     
63310219  trottar     R    priority    farm180214 ...umiscan_5179   Feb 07 15:22  00:31:04   00:31:59   hallc     
63310220  trottar     R    priority    farm180214 ...umiscan_5181   Feb 07 15:22  00:33:23   00:34:14   hallc     
 
There are 11 jobs remaining
~~~~~~~~~~~~~~~~~~~~~~~~~~~~~~~~~~~~~~~~~~~~~~~~~~~~~~~~~~~~~~~~~~~~~~~~~~~~~~~~~~~~~~~~~~~~~~~~~~~~~~~~~~~~~
JOB_ID    USER      STAT    QUEUE      EXEC_HOST   JOB_NAME         SUBMIT_TIME   CPU_TIME  WALLTIME  ACCOUNT    
63310067  trottar     R    priority    farm180119 ...umiscan_5155   Feb 07 15:08  00:37:48   00:38:35   hallc     
63310206  trottar     R    priority    farm180119 ...umiscan_5167   Feb 07 15:15  00:39:29   00:40:25   hallc     
63310209  trottar     R    priority    farm180119 ...umiscan_5168   Feb 07 15:15  00:41:09   00:42:05   hallc     
63310212  trottar     R    priority    farm180119 ...umiscan_5169   Feb 07 15:15  00:43:39   00:44:36   hallc     
63310213  trottar     R    priority    farm180119 ...umiscan_5170   Feb 07 15:15  00:43:15   00:44:10   hallc     
63310214  trottar     R    priority    farm180214 ...umiscan_5171   Feb 07 15:19  00:33:40   00:34:14   hallc     
63310215  trottar     R    priority    farm180214 ...umiscan_5175   Feb 07 15:19  00:39:41   00:40:14   hallc     
63310216  trottar     R    priority    farm180214 ...umiscan_5176   Feb 07 15:19  00:39:42   00:40:14   hallc     
63310218  trottar     R    priority    farm180214 ...umiscan_5178   Feb 07 15:19  00:39:41   00:40:14   hallc     
63310219  trottar     R    priority    farm180214 ...umiscan_5179   Feb 07 15:22  00:31:04   00:31:59   hallc     
63310220  trottar     R    priority    farm180214 ...umiscan_5181   Feb 07 15:22  00:33:23   00:34:14   hallc     
 
There are 11 jobs remaining
~~~~~~~~~~~~~~~~~~~~~~~~~~~~~~~~~~~~~~~~~~~~~~~~~~~~~~~~~~~~~~~~~~~~~~~~~~~~~~~~~~~~~~~~~~~~~~~~~~~~~~~~~~~~~
JOB_ID    USER      STAT    QUEUE      EXEC_HOST   JOB_NAME         SUBMIT_TIME   CPU_TIME  WALLTIME  ACCOUNT    
63310206  trottar     R    priority    farm180119 ...umiscan_5167   Feb 07 15:15  00:39:29   00:40:25   hallc     
63310209  trottar     R    priority    farm180119 ...umiscan_5168   Feb 07 15:15  00:45:10   00:46:06   hallc     
63310212  trottar     R    priority    farm180119 ...umiscan_5169   Feb 07 15:15  00:43:39   00:44:36   hallc     
63310213  trottar     R    priority    farm180119 ...umiscan_5170   Feb 07 15:15  00:45:29   00:46:25   hallc     
63310214  trottar     R    priority    farm180214 ...umiscan_5171   Feb 07 15:19  00:41:10   00:41:44   hallc     
63310215  trottar     R    priority    farm180214 ...umiscan_5175   Feb 07 15:19  00:41:56   00:42:29   hallc     
63310216  trottar     R    priority    farm180214 ...umiscan_5176   Feb 07 15:19  00:39:42   00:40:14   hallc     
63310218  trottar     R    priority    farm180214 ...umiscan_5178   Feb 07 15:19  00:41:55   00:42:29   hallc     
63310219  trottar     R    priority    farm180214 ...umiscan_5179   Feb 07 15:22  00:31:04   00:31:59   hallc     
63310220  trottar     R    priority    farm180214 ...umiscan_5181   Feb 07 15:22  00:39:23   00:40:14   hallc     
 
There are 10 jobs remaining
~~~~~~~~~~~~~~~~~~~~~~~~~~~~~~~~~~~~~~~~~~~~~~~~~~~~~~~~~~~~~~~~~~~~~~~~~~~~~~~~~~~~~~~~~~~~~~~~~~~~~~~~~~~~~
JOB_ID    USER      STAT    QUEUE      EXEC_HOST   JOB_NAME         SUBMIT_TIME   CPU_TIME  WALLTIME  ACCOUNT    
63310206  trottar     R    priority    farm180119 ...umiscan_5167   Feb 07 15:15  00:47:33   00:48:29   hallc     
63310209  trottar     R    priority    farm180119 ...umiscan_5168   Feb 07 15:15  00:47:25   00:48:21   hallc     
63310212  trottar     R    priority    farm180119 ...umiscan_5169   Feb 07 15:15  00:43:39   00:44:36   hallc     
63310214  trottar     R    priority    farm180214 ...umiscan_5171   Feb 07 15:19  00:43:26   00:43:59   hallc     
63310215  trottar     R    priority    farm180214 ...umiscan_5175   Feb 07 15:19  00:43:27   00:43:59   hallc     
63310216  trottar     R    priority    farm180214 ...umiscan_5176   Feb 07 15:19  00:43:27   00:43:59   hallc     
63310218  trottar     R    priority    farm180214 ...umiscan_5178   Feb 07 15:19  00:41:55   00:42:29   hallc     
63310219  trottar     R    priority    farm180214 ...umiscan_5179   Feb 07 15:22  00:31:04   00:31:59   hallc     
63310220  trottar     R    priority    farm180214 ...umiscan_5181   Feb 07 15:22  00:41:38   00:42:29   hallc     
 
There are 9 jobs remaining
~~~~~~~~~~~~~~~~~~~~~~~~~~~~~~~~~~~~~~~~~~~~~~~~~~~~~~~~~~~~~~~~~~~~~~~~~~~~~~~~~~~~~~~~~~~~~~~~~~~~~~~~~~~~~
JOB_ID    USER      STAT    QUEUE      EXEC_HOST   JOB_NAME         SUBMIT_TIME   CPU_TIME  WALLTIME  ACCOUNT    
63310206  trottar     R    priority    farm180119 ...umiscan_5167   Feb 07 15:15  00:49:14   00:50:10   hallc     
63310209  trottar     R    priority    farm180119 ...umiscan_5168   Feb 07 15:15  00:47:25   00:48:21   hallc     
63310212  trottar     R    priority    farm180119 ...umiscan_5169   Feb 07 15:15  00:49:40   00:50:36   hallc     
63310214  trottar     R    priority    farm180214 ...umiscan_5171   Feb 07 15:19  00:45:41   00:46:14   hallc     
63310215  trottar     R    priority    farm180214 ...umiscan_5175   Feb 07 15:19  00:45:42   00:46:14   hallc     
63310216  trottar     R    priority    farm180214 ...umiscan_5176   Feb 07 15:19  00:43:27   00:43:59   hallc     
63310218  trottar     R    priority    farm180214 ...umiscan_5178   Feb 07 15:19  00:45:41   00:46:14   hallc     
63310219  trottar     R    priority    farm180214 ...umiscan_5179   Feb 07 15:22  00:43:03   00:43:59   hallc     
63310220  trottar     R    priority    farm180214 ...umiscan_5181   Feb 07 15:22  00:43:09   00:43:59   hallc     
 
There are 9 jobs remaining
~~~~~~~~~~~~~~~~~~~~~~~~~~~~~~~~~~~~~~~~~~~~~~~~~~~~~~~~~~~~~~~~~~~~~~~~~~~~~~~~~~~~~~~~~~~~~~~~~~~~~~~~~~~~~
JOB_ID    USER      STAT    QUEUE      EXEC_HOST   JOB_NAME         SUBMIT_TIME   CPU_TIME  WALLTIME  ACCOUNT    
63310206  trottar     R    priority    farm180119 ...umiscan_5167   Feb 07 15:15  00:51:30   00:52:25   hallc     
63310209  trottar     R    priority    farm180119 ...umiscan_5168   Feb 07 15:15  00:51:29   00:52:25   hallc     
63310214  trottar     R    priority    farm180214 ...umiscan_5171   Feb 07 15:19  00:47:56   00:48:29   hallc     
63310215  trottar     R    priority    farm180214 ...umiscan_5175   Feb 07 15:19  00:45:42   00:46:14   hallc     
63310216  trottar     R    priority    farm180214 ...umiscan_5176   Feb 07 15:19  00:47:56   00:48:29   hallc     
63310218  trottar     R    priority    farm180214 ...umiscan_5178   Feb 07 15:19  00:47:55   00:48:29   hallc     
63310219  trottar     R    priority    farm180214 ...umiscan_5179   Feb 07 15:22  00:43:03   00:43:59   hallc     
63310220  trottar     R    priority    farm180214 ...umiscan_5181   Feb 07 15:22  00:45:23   00:46:14   hallc     
 
There are 8 jobs remaining
~~~~~~~~~~~~~~~~~~~~~~~~~~~~~~~~~~~~~~~~~~~~~~~~~~~~~~~~~~~~~~~~~~~~~~~~~~~~~~~~~~~~~~~~~~~~~~~~~~~~~~~~~~~~~
JOB_ID    USER      STAT    QUEUE      EXEC_HOST   JOB_NAME         SUBMIT_TIME   CPU_TIME  WALLTIME  ACCOUNT    
63310206  trottar     R    priority    farm180119 ...umiscan_5167   Feb 07 15:15  00:51:30   00:52:25   hallc     
63310209  trottar     R    priority    farm180119 ...umiscan_5168   Feb 07 15:15  00:53:25   00:54:21   hallc     
63310214  trottar     R    priority    farm180214 ...umiscan_5171   Feb 07 15:19  00:49:33   00:50:06   hallc     
63310215  trottar     R    priority    farm180214 ...umiscan_5175   Feb 07 15:19  00:50:11   00:50:44   hallc     
63310216  trottar     R    priority    farm180214 ...umiscan_5176   Feb 07 15:19  00:47:56   00:48:29   hallc     
63310218  trottar     R    priority    farm180214 ...umiscan_5178   Feb 07 15:19  00:47:55   00:48:29   hallc     
63310219  trottar     R    priority    farm180214 ...umiscan_5179   Feb 07 15:22  00:47:33   00:48:29   hallc     
 
There are 7 jobs remaining
~~~~~~~~~~~~~~~~~~~~~~~~~~~~~~~~~~~~~~~~~~~~~~~~~~~~~~~~~~~~~~~~~~~~~~~~~~~~~~~~~~~~~~~~~~~~~~~~~~~~~~~~~~~~~
JOB_ID    USER      STAT    QUEUE      EXEC_HOST   JOB_NAME         SUBMIT_TIME   CPU_TIME  WALLTIME  ACCOUNT    
63310206  trottar     R    priority    farm180119 ...umiscan_5167   Feb 07 15:15  00:51:30   00:52:25   hallc     
63310209  trottar     R    priority    farm180119 ...umiscan_5168   Feb 07 15:15  00:53:25   00:54:21   hallc     
63310214  trottar     R    priority    farm180214 ...umiscan_5171   Feb 07 15:19  00:49:33   00:50:06   hallc     
63310215  trottar     R    priority    farm180214 ...umiscan_5175   Feb 07 15:19  00:50:11   00:50:44   hallc     
63310216  trottar     R    priority    farm180214 ...umiscan_5176   Feb 07 15:19  00:47:56   00:48:29   hallc     
63310218  trottar     R    priority    farm180214 ...umiscan_5178   Feb 07 15:19  00:47:55   00:48:29   hallc     
63310219  trottar     R    priority    farm180214 ...umiscan_5179   Feb 07 15:22  00:47:33   00:48:29   hallc     
 
There are 7 jobs remaining
~~~~~~~~~~~~~~~~~~~~~~~~~~~~~~~~~~~~~~~~~~~~~~~~~~~~~~~~~~~~~~~~~~~~~~~~~~~~~~~~~~~~~~~~~~~~~~~~~~~~~~~~~~~~~
JOB_ID    USER      STAT    QUEUE      EXEC_HOST   JOB_NAME         SUBMIT_TIME   CPU_TIME  WALLTIME  ACCOUNT    
63310206  trottar     R    priority    farm180119 ...umiscan_5167   Feb 07 15:15  00:51:30   00:52:25   hallc     
63310209  trottar     R    priority    farm180119 ...umiscan_5168   Feb 07 15:15  00:53:25   00:54:21   hallc     
63310215  trottar     R    priority    farm180214 ...umiscan_5175   Feb 07 15:19  00:51:42   00:52:14   hallc     
63310216  trottar     R    priority    farm180214 ...umiscan_5176   Feb 07 15:19  00:47:56   00:48:29   hallc     
63310218  trottar     R    priority    farm180214 ...umiscan_5178   Feb 07 15:19  00:47:55   00:48:29   hallc     
63310219  trottar     R    priority    farm180214 ...umiscan_5179   Feb 07 15:22  00:49:04   00:49:59   hallc     
 
There are 5 jobs remaining
~~~~~~~~~~~~~~~~~~~~~~~~~~~~~~~~~~~~~~~~~~~~~~~~~~~~~~~~~~~~~~~~~~~~~~~~~~~~~~~~~~~~~~~~~~~~~~~~~~~~~~~~~~~~~
JOB_ID    USER      STAT    QUEUE      EXEC_HOST   JOB_NAME         SUBMIT_TIME   CPU_TIME  WALLTIME  ACCOUNT    
63310206  trottar     R    priority    farm180119 ...umiscan_5167   Feb 07 15:15  00:57:35   00:58:30   hallc     
63310215  trottar     R    priority    farm180214 ...umiscan_5175   Feb 07 15:19  00:53:57   00:54:29   hallc     
63310216  trottar     R    priority    farm180214 ...umiscan_5176   Feb 07 15:19  00:47:56   00:48:29   hallc     
63310218  trottar     R    priority    farm180214 ...umiscan_5178   Feb 07 15:19  00:47:55   00:48:29   hallc     
63310219  trottar     R    priority    farm180214 ...umiscan_5179   Feb 07 15:22  00:51:19   00:52:14   hallc     
 
There are 5 jobs remaining
~~~~~~~~~~~~~~~~~~~~~~~~~~~~~~~~~~~~~~~~~~~~~~~~~~~~~~~~~~~~~~~~~~~~~~~~~~~~~~~~~~~~~~~~~~~~~~~~~~~~~~~~~~~~~
JOB_ID    USER      STAT    QUEUE      EXEC_HOST   JOB_NAME         SUBMIT_TIME   CPU_TIME  WALLTIME  ACCOUNT    
63310206  trottar     R    priority    farm180119 ...umiscan_5167   Feb 07 15:15  00:57:35   00:58:30   hallc     
63310215  trottar     R    priority    farm180214 ...umiscan_5175   Feb 07 15:19  00:53:57   00:54:29   hallc     
63310216  trottar     R    priority    farm180214 ...umiscan_5176   Feb 07 15:19  00:47:56   00:48:29   hallc     
63310218  trottar     R    priority    farm180214 ...umiscan_5178   Feb 07 15:19  00:47:55   00:48:29   hallc     
63310219  trottar     R    priority    farm180214 ...umiscan_5179   Feb 07 15:22  00:51:19   00:52:14   hallc     
 
There are 5 jobs remaining
~~~~~~~~~~~~~~~~~~~~~~~~~~~~~~~~~~~~~~~~~~~~~~~~~~~~~~~~~~~~~~~~~~~~~~~~~~~~~~~~~~~~~~~~~~~~~~~~~~~~~~~~~~~~~
JOB_ID    USER      STAT    QUEUE      EXEC_HOST   JOB_NAME         SUBMIT_TIME   CPU_TIME  WALLTIME  ACCOUNT    
63310206  trottar     R    priority    farm180119 ...umiscan_5167   Feb 07 15:15  00:57:35   00:58:30   hallc     
63310215  trottar     R    priority    farm180214 ...umiscan_5175   Feb 07 15:19  00:53:57   00:54:29   hallc     
63310216  trottar     R    priority    farm180214 ...umiscan_5176   Feb 07 15:19  00:57:42   00:58:14   hallc     
63310218  trottar     R    priority    farm180214 ...umiscan_5178   Feb 07 15:19  00:57:40   00:58:14   hallc     
 
There are 4 jobs remaining
~~~~~~~~~~~~~~~~~~~~~~~~~~~~~~~~~~~~~~~~~~~~~~~~~~~~~~~~~~~~~~~~~~~~~~~~~~~~~~~~~~~~~~~~~~~~~~~~~~~~~~~~~~~~~
JOB_ID    USER      STAT    QUEUE      EXEC_HOST   JOB_NAME         SUBMIT_TIME   CPU_TIME  WALLTIME  ACCOUNT    
63310206  trottar     R    priority    farm180119 ...umiscan_5167   Feb 07 15:15  01:03:30   01:04:25   hallc     
63310215  trottar     R    priority    farm180214 ...umiscan_5175   Feb 07 15:19  00:59:56   01:00:29   hallc     
63310216  trottar     R    priority    farm180214 ...umiscan_5176   Feb 07 15:19  00:57:42   00:58:14   hallc     
63310218  trottar     R    priority    farm180214 ...umiscan_5178   Feb 07 15:19  00:57:40   00:58:14   hallc     
 
There are 4 jobs remaining
~~~~~~~~~~~~~~~~~~~~~~~~~~~~~~~~~~~~~~~~~~~~~~~~~~~~~~~~~~~~~~~~~~~~~~~~~~~~~~~~~~~~~~~~~~~~~~~~~~~~~~~~~~~~~
JOB_ID    USER      STAT    QUEUE      EXEC_HOST   JOB_NAME         SUBMIT_TIME   CPU_TIME  WALLTIME  ACCOUNT    
63310206  trottar     R    priority    farm180119 ...umiscan_5167   Feb 07 15:15  01:03:30   01:04:25   hallc     
63310215  trottar     R    priority    farm180214 ...umiscan_5175   Feb 07 15:19  01:02:13   01:02:44   hallc     
63310216  trottar     R    priority    farm180214 ...umiscan_5176   Feb 07 15:19  01:02:13   01:02:44   hallc     
63310218  trottar     R    priority    farm180214 ...umiscan_5178   Feb 07 15:19  01:02:11   01:02:44   hallc     
 
There are 4 jobs remaining
~~~~~~~~~~~~~~~~~~~~~~~~~~~~~~~~~~~~~~~~~~~~~~~~~~~~~~~~~~~~~~~~~~~~~~~~~~~~~~~~~~~~~~~~~~~~~~~~~~~~~~~~~~~~~
JOB_ID    USER      STAT    QUEUE      EXEC_HOST   JOB_NAME         SUBMIT_TIME   CPU_TIME  WALLTIME  ACCOUNT    
63310206  trottar     R    priority    farm180119 ...umiscan_5167   Feb 07 15:15  01:03:30   01:04:25   hallc     
63310215  trottar     R    priority    farm180214 ...umiscan_5175   Feb 07 15:19  01:04:27   01:04:59   hallc     
63310216  trottar     R    priority    farm180214 ...umiscan_5176   Feb 07 15:19  01:04:27   01:04:59   hallc     
63310218  trottar     R    priority    farm180214 ...umiscan_5178   Feb 07 15:19  01:04:26   01:04:59   hallc     
 
There are 4 jobs remaining
~~~~~~~~~~~~~~~~~~~~~~~~~~~~~~~~~~~~~~~~~~~~~~~~~~~~~~~~~~~~~~~~~~~~~~~~~~~~~~~~~~~~~~~~~~~~~~~~~~~~~~~~~~~~~
JOB_ID    USER      STAT    QUEUE      EXEC_HOST   JOB_NAME         SUBMIT_TIME   CPU_TIME  WALLTIME  ACCOUNT    
63310206  trottar     R    priority    farm180119 ...umiscan_5167   Feb 07 15:15  01:03:30   01:04:25   hallc     
63310215  trottar     R    priority    farm180214 ...umiscan_5175   Feb 07 15:19  01:05:57   01:06:29   hallc     
63310216  trottar     R    priority    farm180214 ...umiscan_5176   Feb 07 15:19  01:05:57   01:06:29   hallc     
63310218  trottar     R    priority    farm180214 ...umiscan_5178   Feb 07 15:19  01:05:56   01:06:29   hallc     
 
There are 4 jobs remaining
~~~~~~~~~~~~~~~~~~~~~~~~~~~~~~~~~~~~~~~~~~~~~~~~~~~~~~~~~~~~~~~~~~~~~~~~~~~~~~~~~~~~~~~~~~~~~~~~~~~~~~~~~~~~~
JOB_ID    USER      STAT    QUEUE      EXEC_HOST   JOB_NAME         SUBMIT_TIME   CPU_TIME  WALLTIME  ACCOUNT    
63310215  trottar     R    priority    farm180214 ...umiscan_5175   Feb 07 15:19  01:05:57   01:06:29   hallc     
63310216  trottar     R    priority    farm180214 ...umiscan_5176   Feb 07 15:19  01:08:13   01:08:44   hallc     
63310218  trottar     R    priority    farm180214 ...umiscan_5178   Feb 07 15:19  01:08:11   01:08:44   hallc     
 
There are 3 jobs remaining
~~~~~~~~~~~~~~~~~~~~~~~~~~~~~~~~~~~~~~~~~~~~~~~~~~~~~~~~~~~~~~~~~~~~~~~~~~~~~~~~~~~~~~~~~~~~~~~~~~~~~~~~~~~~~
JOB_ID    USER      STAT    QUEUE      EXEC_HOST   JOB_NAME         SUBMIT_TIME   CPU_TIME  WALLTIME  ACCOUNT    
63310215  trottar     R    priority    farm180214 ...umiscan_5175   Feb 07 15:19  01:10:27   01:10:59   hallc     
63310218  trottar     R    priority    farm180214 ...umiscan_5178   Feb 07 15:19  01:08:11   01:08:44   hallc     
 
There is 1 job remaining
~~~~~~~~~~~~~~~~~~~~~~~~~~~~~~~~~~~~~~~~~~~~~~~~~~~~~~~~~~~~~~~~~~~~~~~~~~~~~~~~~~~~~~~~~~~~~~~~~~~~~~~~~~~~~
JOB_ID    USER      STAT    QUEUE      EXEC_HOST   JOB_NAME         SUBMIT_TIME   CPU_TIME  WALLTIME  ACCOUNT    
63310215  trottar     R    priority    farm180214 ...umiscan_5175   Feb 07 15:19  01:11:57   01:12:29   hallc     
 
There is 1 job remaining
~~~~~~~~~~~~~~~~~~~~~~~~~~~~~~~~~~~~~~~~~~~~~~~~~~~~~~~~~~~~~~~~~~~~~~~~~~~~~~~~~~~~~~~~~~~~~~~~~~~~~~~~~~~~~
JOB_ID    USER      STAT    QUEUE      EXEC_HOST   JOB_NAME         SUBMIT_TIME   CPU_TIME  WALLTIME  ACCOUNT    
63310215  trottar     R    priority    farm180214 ...umiscan_5175   Feb 07 15:19  01:11:57   01:12:29   hallc     
 
There is 1 job remaining
~~~~~~~~~~~~~~~~~~~~~~~~~~~~~~~~~~~~~~~~~~~~~~~~~~~~~~~~~~~~~~~~~~~~~~~~~~~~~~~~~~~~~~~~~~~~~~~~~~~~~~~~~~~~~
JOB_ID    USER      STAT    QUEUE      EXEC_HOST   JOB_NAME         SUBMIT_TIME   CPU_TIME  WALLTIME  ACCOUNT    
63310215  trottar     R    priority    farm180214 ...umiscan_5175   Feb 07 15:19  01:11:57   01:12:29   hallc     
 
There is 1 job remaining
~~~~~~~~~~~~~~~~~~~~~~~~~~~~~~~~~~~~~~~~~~~~~~~~~~~~~~~~~~~~~~~~~~~~~~~~~~~~~~~~~~~~~~~~~~~~~~~~~~~~~~~~~~~~~
JOB_ID    USER      STAT    QUEUE      EXEC_HOST   JOB_NAME         SUBMIT_TIME   CPU_TIME  WALLTIME  ACCOUNT    
63310215  trottar     R    priority    farm180214 ...umiscan_5175   Feb 07 15:19  01:16:28   01:16:59   hallc     
 
There is 1 job remaining
~~~~~~~~~~~~~~~~~~~~~~~~~~~~~~~~~~~~~~~~~~~~~~~~~~~~~~~~~~~~~~~~~~~~~~~~~~~~~~~~~~~~~~~~~~~~~~~~~~~~~~~~~~~~~
JOB_ID    USER      STAT    QUEUE      EXEC_HOST   JOB_NAME         SUBMIT_TIME   CPU_TIME  WALLTIME  ACCOUNT    
 
There are 0 jobs remaining
~~~~~~~~~~~~~~~~~~~~~~~~~~~~~~~~~~~~~~~~~~~~~~~~~~~~~~~~~~~~~~~~~~~~~~~~~~~~~~~~~~~~~~~~~~~~~~~~~~~~~~~~~~~~~
_
|ID-63310066 (run 5154) has printed batch job information to file
|Amount of allocated memory used: 1763904kb/2500mb
_
|ID-63310067 (run 5155) has printed batch job information to file
|Amount of allocated memory used: 1916468kb/2500mb
_
|ID-63310068 (run 5156) has printed batch job information to file
|Amount of allocated memory used: 1828656kb/2500mb
Batch job information not found [ID-63310070]
Batch job information not found [ID-63310079]
Batch job information not found [ID-63310102]
Batch job information not found [ID-63310139]
Batch job information not found [ID-63310174]
Batch job information not found [ID-63310205]
Batch job information not found [ID-63310206]
Batch job information not found [ID-63310209]
Batch job information not found [ID-63310212]
Batch job information not found [ID-63310213]
Batch job information not found [ID-63310214]
Batch job information not found [ID-63310215]
Batch job information not found [ID-63310216]
Batch job information not found [ID-63310218]
Batch job information not found [ID-63310219]
Batch job information not found [ID-63310220]
