~~~~~~~~~~~~~~~~~~~~~~~~~~~~~~~~~~~~~~~~~~~~~~~~~~~~~~~~~~~~~~~~~~~~~~~~~~~~~~~~~~~~~~~~~~~~~~~~~~
Run number read from file: 4788

Job 0/30
Running trotta_elasticsJob.txt for 4788
Submitting batch
Parsing script ... (it may take while)
<jsub><request><index>29179587</index><jobIndex>59733791</jobIndex></request></jsub>
 
4788 has an AugerID of 59733791
~~~~~~~~~~~~~~~~~~~~~~~~~~~~~~~~~~~~~~~~~~~~~~~~~~~~~~~~~~~~~~~~~~~~~~~~~~~~~~~~~~~~~~~~~~~~~~~~~~
Run number read from file: 4789

Job 1/30
Running trotta_elasticsJob.txt for 4789
Submitting batch
Parsing script ... (it may take while)
<jsub><request><index>29179589</index><jobIndex>59733793</jobIndex></request></jsub>
 
4789 has an AugerID of 59733793
~~~~~~~~~~~~~~~~~~~~~~~~~~~~~~~~~~~~~~~~~~~~~~~~~~~~~~~~~~~~~~~~~~~~~~~~~~~~~~~~~~~~~~~~~~~~~~~~~~
Run number read from file: 4791

Job 2/30
Running trotta_elasticsJob.txt for 4791
Submitting batch
Parsing script ... (it may take while)
<jsub><request><index>29179591</index><jobIndex>59733795</jobIndex></request></jsub>
 
4791 has an AugerID of 59733795
~~~~~~~~~~~~~~~~~~~~~~~~~~~~~~~~~~~~~~~~~~~~~~~~~~~~~~~~~~~~~~~~~~~~~~~~~~~~~~~~~~~~~~~~~~~~~~~~~~
Run number read from file: 4793

Job 3/30
Running trotta_elasticsJob.txt for 4793
Submitting batch
Parsing script ... (it may take while)
<jsub><request><index>29179593</index><jobIndex>59733797</jobIndex></request></jsub>
 
4793 has an AugerID of 59733797
~~~~~~~~~~~~~~~~~~~~~~~~~~~~~~~~~~~~~~~~~~~~~~~~~~~~~~~~~~~~~~~~~~~~~~~~~~~~~~~~~~~~~~~~~~~~~~~~~~
Run number read from file: 4796

Job 4/30
Running trotta_elasticsJob.txt for 4796
Submitting batch
Parsing script ... (it may take while)
<jsub><request><index>29179596</index><jobIndex>59733800</jobIndex></request></jsub>
 
4796 has an AugerID of 59733800
~~~~~~~~~~~~~~~~~~~~~~~~~~~~~~~~~~~~~~~~~~~~~~~~~~~~~~~~~~~~~~~~~~~~~~~~~~~~~~~~~~~~~~~~~~~~~~~~~~
Run number read from file: 4797

Job 5/30
Running trotta_elasticsJob.txt for 4797
Submitting batch
Parsing script ... (it may take while)
<jsub><request><index>29179598</index><jobIndex>59733802</jobIndex></request></jsub>
 
4797 has an AugerID of 59733802
~~~~~~~~~~~~~~~~~~~~~~~~~~~~~~~~~~~~~~~~~~~~~~~~~~~~~~~~~~~~~~~~~~~~~~~~~~~~~~~~~~~~~~~~~~~~~~~~~~
Run number read from file: 4798

Job 6/30
Running trotta_elasticsJob.txt for 4798
Submitting batch
Parsing script ... (it may take while)
<jsub><request><index>29179600</index><jobIndex>59733804</jobIndex></request></jsub>
 
4798 has an AugerID of 59733804
~~~~~~~~~~~~~~~~~~~~~~~~~~~~~~~~~~~~~~~~~~~~~~~~~~~~~~~~~~~~~~~~~~~~~~~~~~~~~~~~~~~~~~~~~~~~~~~~~~
Run number read from file: 4799

Job 7/30
Running trotta_elasticsJob.txt for 4799
Submitting batch
Parsing script ... (it may take while)
<jsub><request><index>29179602</index><jobIndex>59733806</jobIndex></request></jsub>
 
4799 has an AugerID of 59733806
~~~~~~~~~~~~~~~~~~~~~~~~~~~~~~~~~~~~~~~~~~~~~~~~~~~~~~~~~~~~~~~~~~~~~~~~~~~~~~~~~~~~~~~~~~~~~~~~~~
Run number read from file: 4785

Job 8/30
Running trotta_elasticsJob.txt for 4785
Submitting batch
Parsing script ... (it may take while)
<jsub><request><index>29179604</index><jobIndex>59733808</jobIndex></request></jsub>
 
4785 has an AugerID of 59733808
~~~~~~~~~~~~~~~~~~~~~~~~~~~~~~~~~~~~~~~~~~~~~~~~~~~~~~~~~~~~~~~~~~~~~~~~~~~~~~~~~~~~~~~~~~~~~~~~~~
Run number read from file: 4787

Job 9/30
Running trotta_elasticsJob.txt for 4787
Submitting batch
Parsing script ... (it may take while)
<jsub><request><index>29179607</index><jobIndex>59733918</jobIndex></request></jsub>
 
4787 has an AugerID of 59733918
~~~~~~~~~~~~~~~~~~~~~~~~~~~~~~~~~~~~~~~~~~~~~~~~~~~~~~~~~~~~~~~~~~~~~~~~~~~~~~~~~~~~~~~~~~~~~~~~~~
Run number read from file: 4804

Job 10/30
Running trotta_elasticsJob.txt for 4804
Submitting batch
Parsing script ... (it may take while)
<jsub><request><index>29179610</index><jobIndex>59734031</jobIndex></request></jsub>
 
4804 has an AugerID of 59734031
~~~~~~~~~~~~~~~~~~~~~~~~~~~~~~~~~~~~~~~~~~~~~~~~~~~~~~~~~~~~~~~~~~~~~~~~~~~~~~~~~~~~~~~~~~~~~~~~~~
Run number read from file: 4805

Job 11/30
Running trotta_elasticsJob.txt for 4805
Submitting batch
Parsing script ... (it may take while)
<jsub><request><index>29179612</index><jobIndex>59734132</jobIndex></request></jsub>
 
4805 has an AugerID of 59734132
~~~~~~~~~~~~~~~~~~~~~~~~~~~~~~~~~~~~~~~~~~~~~~~~~~~~~~~~~~~~~~~~~~~~~~~~~~~~~~~~~~~~~~~~~~~~~~~~~~
Run number read from file: 4806

Job 12/30
Running trotta_elasticsJob.txt for 4806
Submitting batch
Parsing script ... (it may take while)
<jsub><request><index>29179615</index><jobIndex>59734323</jobIndex></request></jsub>
 
4806 has an AugerID of 59734323
~~~~~~~~~~~~~~~~~~~~~~~~~~~~~~~~~~~~~~~~~~~~~~~~~~~~~~~~~~~~~~~~~~~~~~~~~~~~~~~~~~~~~~~~~~~~~~~~~~
Run number read from file: 4808

Job 13/30
Running trotta_elasticsJob.txt for 4808
Submitting batch
Parsing script ... (it may take while)
<jsub><request><index>29179617</index><jobIndex>59734516</jobIndex></request></jsub>
 
4808 has an AugerID of 59734516
~~~~~~~~~~~~~~~~~~~~~~~~~~~~~~~~~~~~~~~~~~~~~~~~~~~~~~~~~~~~~~~~~~~~~~~~~~~~~~~~~~~~~~~~~~~~~~~~~~
Run number read from file: 4809

Job 14/30
Running trotta_elasticsJob.txt for 4809
Submitting batch
Parsing script ... (it may take while)
<jsub><request><index>29179619</index><jobIndex>59734540</jobIndex></request></jsub>
 
4809 has an AugerID of 59734540
~~~~~~~~~~~~~~~~~~~~~~~~~~~~~~~~~~~~~~~~~~~~~~~~~~~~~~~~~~~~~~~~~~~~~~~~~~~~~~~~~~~~~~~~~~~~~~~~~~
Run number read from file: 4810

Job 15/30
Running trotta_elasticsJob.txt for 4810
Submitting batch
Parsing script ... (it may take while)
<jsub><request><index>29179622</index><jobIndex>59734543</jobIndex></request></jsub>
 
4810 has an AugerID of 59734543
~~~~~~~~~~~~~~~~~~~~~~~~~~~~~~~~~~~~~~~~~~~~~~~~~~~~~~~~~~~~~~~~~~~~~~~~~~~~~~~~~~~~~~~~~~~~~~~~~~
Run number read from file: 4811

Job 16/30
Running trotta_elasticsJob.txt for 4811
Submitting batch
Parsing script ... (it may take while)
<jsub><request><index>29179624</index><jobIndex>59734545</jobIndex></request></jsub>
 
4811 has an AugerID of 59734545
~~~~~~~~~~~~~~~~~~~~~~~~~~~~~~~~~~~~~~~~~~~~~~~~~~~~~~~~~~~~~~~~~~~~~~~~~~~~~~~~~~~~~~~~~~~~~~~~~~
Run number read from file: 4817

Job 17/30
Running trotta_elasticsJob.txt for 4817
Submitting batch
Parsing script ... (it may take while)
<jsub><request><index>29179626</index><jobIndex>59734547</jobIndex></request></jsub>
 
4817 has an AugerID of 59734547
~~~~~~~~~~~~~~~~~~~~~~~~~~~~~~~~~~~~~~~~~~~~~~~~~~~~~~~~~~~~~~~~~~~~~~~~~~~~~~~~~~~~~~~~~~~~~~~~~~
Run number read from file: 4816

Job 18/30
Running trotta_elasticsJob.txt for 4816
Submitting batch
Parsing script ... (it may take while)
<jsub><request><index>29179628</index><jobIndex>59734549</jobIndex></request></jsub>
 
4816 has an AugerID of 59734549
~~~~~~~~~~~~~~~~~~~~~~~~~~~~~~~~~~~~~~~~~~~~~~~~~~~~~~~~~~~~~~~~~~~~~~~~~~~~~~~~~~~~~~~~~~~~~~~~~~
Run number read from file: 4821

Job 19/30
Running trotta_elasticsJob.txt for 4821
Submitting batch
Parsing script ... (it may take while)
<jsub><request><index>29179630</index><jobIndex>59734551</jobIndex></request></jsub>
 
4821 has an AugerID of 59734551
~~~~~~~~~~~~~~~~~~~~~~~~~~~~~~~~~~~~~~~~~~~~~~~~~~~~~~~~~~~~~~~~~~~~~~~~~~~~~~~~~~~~~~~~~~~~~~~~~~
Run number read from file: 4790

Job 20/30
Running trotta_elasticsJob.txt for 4790
Submitting batch
Parsing script ... (it may take while)
<jsub><request><index>29179632</index><jobIndex>59734553</jobIndex></request></jsub>
 
4790 has an AugerID of 59734553
~~~~~~~~~~~~~~~~~~~~~~~~~~~~~~~~~~~~~~~~~~~~~~~~~~~~~~~~~~~~~~~~~~~~~~~~~~~~~~~~~~~~~~~~~~~~~~~~~~
Run number read from file: 4792

Job 21/30
Running trotta_elasticsJob.txt for 4792
Submitting batch
Parsing script ... (it may take while)
<jsub><request><index>29179635</index><jobIndex>59734556</jobIndex></request></jsub>
 
4792 has an AugerID of 59734556
~~~~~~~~~~~~~~~~~~~~~~~~~~~~~~~~~~~~~~~~~~~~~~~~~~~~~~~~~~~~~~~~~~~~~~~~~~~~~~~~~~~~~~~~~~~~~~~~~~
Run number read from file: 4794

Job 22/30
Running trotta_elasticsJob.txt for 4794
Submitting batch
Parsing script ... (it may take while)
<jsub><request><index>29179637</index><jobIndex>59734558</jobIndex></request></jsub>
 
4794 has an AugerID of 59734558
~~~~~~~~~~~~~~~~~~~~~~~~~~~~~~~~~~~~~~~~~~~~~~~~~~~~~~~~~~~~~~~~~~~~~~~~~~~~~~~~~~~~~~~~~~~~~~~~~~
Run number read from file: 4800

Job 23/30
Running trotta_elasticsJob.txt for 4800
Submitting batch
Parsing script ... (it may take while)
<jsub><request><index>29179639</index><jobIndex>59734560</jobIndex></request></jsub>
 
4800 has an AugerID of 59734560
~~~~~~~~~~~~~~~~~~~~~~~~~~~~~~~~~~~~~~~~~~~~~~~~~~~~~~~~~~~~~~~~~~~~~~~~~~~~~~~~~~~~~~~~~~~~~~~~~~
Run number read from file: 4801

Job 24/30
Running trotta_elasticsJob.txt for 4801
Submitting batch
Parsing script ... (it may take while)
<jsub><request><index>29179641</index><jobIndex>59734562</jobIndex></request></jsub>
 
4801 has an AugerID of 59734562
~~~~~~~~~~~~~~~~~~~~~~~~~~~~~~~~~~~~~~~~~~~~~~~~~~~~~~~~~~~~~~~~~~~~~~~~~~~~~~~~~~~~~~~~~~~~~~~~~~
Run number read from file: 4786

Job 25/30
Running trotta_elasticsJob.txt for 4786
Submitting batch
Parsing script ... (it may take while)
<jsub><request><index>29179643</index><jobIndex>59734564</jobIndex></request></jsub>
 
4786 has an AugerID of 59734564
~~~~~~~~~~~~~~~~~~~~~~~~~~~~~~~~~~~~~~~~~~~~~~~~~~~~~~~~~~~~~~~~~~~~~~~~~~~~~~~~~~~~~~~~~~~~~~~~~~
Run number read from file: 4813

Job 26/30
Running trotta_elasticsJob.txt for 4813
Submitting batch
Parsing script ... (it may take while)
<jsub><request><index>29179645</index><jobIndex>59734566</jobIndex></request></jsub>
 
4813 has an AugerID of 59734566
~~~~~~~~~~~~~~~~~~~~~~~~~~~~~~~~~~~~~~~~~~~~~~~~~~~~~~~~~~~~~~~~~~~~~~~~~~~~~~~~~~~~~~~~~~~~~~~~~~
Run number read from file: 4812

Job 27/30
Running trotta_elasticsJob.txt for 4812
Submitting batch
Parsing script ... (it may take while)
<jsub><request><index>29179648</index><jobIndex>59734569</jobIndex></request></jsub>
 
4812 has an AugerID of 59734569
~~~~~~~~~~~~~~~~~~~~~~~~~~~~~~~~~~~~~~~~~~~~~~~~~~~~~~~~~~~~~~~~~~~~~~~~~~~~~~~~~~~~~~~~~~~~~~~~~~
Run number read from file: 4814

Job 28/30
Running trotta_elasticsJob.txt for 4814
Submitting batch
Parsing script ... (it may take while)
<jsub><request><index>29179650</index><jobIndex>59734571</jobIndex></request></jsub>
 
4814 has an AugerID of 59734571
~~~~~~~~~~~~~~~~~~~~~~~~~~~~~~~~~~~~~~~~~~~~~~~~~~~~~~~~~~~~~~~~~~~~~~~~~~~~~~~~~~~~~~~~~~~~~~~~~~
Run number read from file: 4815

Job 29/30
Running trotta_elasticsJob.txt for 4815
Submitting batch
Parsing script ... (it may take while)
<jsub><request><index>29179652</index><jobIndex>59734573</jobIndex></request></jsub>
 
4815 has an AugerID of 59734573
~~~~~~~~~~~~~~~~~~~~~~~~~~~~~~~~~~~~~~~~~~~~~~~~~~~~~~~~~~~~~~~~~~~~~~~~~~~~~~~~~~~~~~~~~~~~~~~~~~
Run number read from file: 4822

Job 30/30
Running trotta_elasticsJob.txt for 4822
Submitting batch
Parsing script ... (it may take while)
<jsub><request><index>29179654</index><jobIndex>59734575</jobIndex></request></jsub>
 
4822 has an AugerID of 59734575
###############################################################################################################
############################################ END OF JOB SUBMISSIONS ###########################################
###############################################################################################################
 
4788 has an AugerID of 59733791
4789 has an AugerID of 59733793
4791 has an AugerID of 59733795
4793 has an AugerID of 59733797
4796 has an AugerID of 59733800
4797 has an AugerID of 59733802
4798 has an AugerID of 59733804
4799 has an AugerID of 59733806
4785 has an AugerID of 59733808
4787 has an AugerID of 59733918
4804 has an AugerID of 59734031
4805 has an AugerID of 59734132
4806 has an AugerID of 59734323
4808 has an AugerID of 59734516
4809 has an AugerID of 59734540
4810 has an AugerID of 59734543
4811 has an AugerID of 59734545
4817 has an AugerID of 59734547
4816 has an AugerID of 59734549
4821 has an AugerID of 59734551
4790 has an AugerID of 59734553
4792 has an AugerID of 59734556
4794 has an AugerID of 59734558
4800 has an AugerID of 59734560
4801 has an AugerID of 59734562
4786 has an AugerID of 59734564
4813 has an AugerID of 59734566
4812 has an AugerID of 59734569
4814 has an AugerID of 59734571
4815 has an AugerID of 59734573
4822 has an AugerID of 59734575
~~~~~~~~~~~~~~~~~~~~~~~~~~~~~~~~~~~~~~~~~~~~~~~~~~~~~~~~~~~~~~~~~~~~~~~~~~~~~~~~~~~~~~~~~~~~~~~~~~
JOB_ID    USER      STAT    QUEUE      EXEC_HOST   JOB_NAME         SUBMIT_TIME   CPU_TIME  WALLTIME  ACCOUNT    
59733808  trottar     A    priority    --         ...lastics_4785   Nov 06 20:48  --         --         hallc     
59733918  trottar     A    priority    --         ...lastics_4787   Nov 06 20:48  --         --         hallc     
59734031  trottar     A    priority    --         ...lastics_4804   Nov 06 20:48  --         --         hallc     
59734132  trottar     A    priority    --         ...lastics_4805   Nov 06 20:48  --         --         hallc     
59734323  trottar     A    priority    --         ...lastics_4806   Nov 06 20:48  --         --         hallc     
59734516  trottar     A    priority    --         ...lastics_4808   Nov 06 20:48  --         --         hallc     
59734540  trottar     A    priority    --         ...lastics_4809   Nov 06 20:49  --         --         hallc     
59734543  trottar     A    priority    --         ...lastics_4810   Nov 06 20:49  --         --         hallc     
59734545  trottar     A    priority    --         ...lastics_4811   Nov 06 20:49  --         --         hallc     
59734547  trottar     A    priority    --         ...lastics_4817   Nov 06 20:49  --         --         hallc     
59734549  trottar     A    priority    --         ...lastics_4816   Nov 06 20:49  --         --         hallc     
59734551  trottar     A    priority    --         ...lastics_4821   Nov 06 20:49  --         --         hallc     
59734553  trottar     A    priority    --         ...lastics_4790   Nov 06 20:49  --         --         hallc     
59734556  trottar     A    priority    --         ...lastics_4792   Nov 06 20:49  --         --         hallc     
59734558  trottar     A    priority    --         ...lastics_4794   Nov 06 20:49  --         --         hallc     
59734560  trottar     A    priority    --         ...lastics_4800   Nov 06 20:50  --         --         hallc     
59734562  trottar     A    priority    --         ...lastics_4801   Nov 06 20:50  --         --         hallc     
59734564  trottar     A    priority    --         ...lastics_4786   Nov 06 20:50  --         --         hallc     
59734566  trottar     A    priority    --         ...lastics_4813   Nov 06 20:50  --         --         hallc     
59734569  trottar     A    priority    --         ...lastics_4812   Nov 06 20:50  --         --         hallc     
59734571  trottar     A    priority    --         ...lastics_4814   Nov 06 20:50  --         --         hallc     
59734573  trottar     A    priority    --         ...lastics_4815   Nov 06 20:50  --         --         hallc     
59734575  trottar     A    priority    --         ...lastics_4822   Nov 06 20:50  --         --         hallc     
 
There are 23 jobs remaining
~~~~~~~~~~~~~~~~~~~~~~~~~~~~~~~~~~~~~~~~~~~~~~~~~~~~~~~~~~~~~~~~~~~~~~~~~~~~~~~~~~~~~~~~~~~~~~~~~~
JOB_ID    USER      STAT    QUEUE      EXEC_HOST   JOB_NAME         SUBMIT_TIME   CPU_TIME  WALLTIME  ACCOUNT    
59733808  trottar     A    priority    --         ...lastics_4785   Nov 06 20:48  --         --         hallc     
59733918  trottar     A    priority    --         ...lastics_4787   Nov 06 20:48  --         --         hallc     
59734031  trottar     A    priority    --         ...lastics_4804   Nov 06 20:48  --         --         hallc     
59734132  trottar     A    priority    --         ...lastics_4805   Nov 06 20:48  --         --         hallc     
59734323  trottar     A    priority    --         ...lastics_4806   Nov 06 20:48  --         --         hallc     
59734516  trottar     A    priority    --         ...lastics_4808   Nov 06 20:48  --         --         hallc     
59734540  trottar     A    priority    --         ...lastics_4809   Nov 06 20:49  --         --         hallc     
59734543  trottar     A    priority    --         ...lastics_4810   Nov 06 20:49  --         --         hallc     
59734545  trottar     A    priority    --         ...lastics_4811   Nov 06 20:49  --         --         hallc     
59734547  trottar     A    priority    --         ...lastics_4817   Nov 06 20:49  --         --         hallc     
59734549  trottar     A    priority    --         ...lastics_4816   Nov 06 20:49  --         --         hallc     
59734551  trottar     A    priority    --         ...lastics_4821   Nov 06 20:49  --         --         hallc     
59734553  trottar     A    priority    --         ...lastics_4790   Nov 06 20:49  --         --         hallc     
59734556  trottar     A    priority    --         ...lastics_4792   Nov 06 20:49  --         --         hallc     
59734558  trottar     A    priority    --         ...lastics_4794   Nov 06 20:49  --         --         hallc     
59734560  trottar     A    priority    --         ...lastics_4800   Nov 06 20:50  --         --         hallc     
59734562  trottar     A    priority    --         ...lastics_4801   Nov 06 20:50  --         --         hallc     
59734564  trottar     A    priority    --         ...lastics_4786   Nov 06 20:50  --         --         hallc     
59734566  trottar     A    priority    --         ...lastics_4813   Nov 06 20:50  --         --         hallc     
59734569  trottar     A    priority    --         ...lastics_4812   Nov 06 20:50  --         --         hallc     
59734571  trottar     A    priority    --         ...lastics_4814   Nov 06 20:50  --         --         hallc     
59734573  trottar     A    priority    --         ...lastics_4815   Nov 06 20:50  --         --         hallc     
59734575  trottar     A    priority    --         ...lastics_4822   Nov 06 20:50  --         --         hallc     
 
There are 23 jobs remaining
~~~~~~~~~~~~~~~~~~~~~~~~~~~~~~~~~~~~~~~~~~~~~~~~~~~~~~~~~~~~~~~~~~~~~~~~~~~~~~~~~~~~~~~~~~~~~~~~~~
JOB_ID    USER      STAT    QUEUE      EXEC_HOST   JOB_NAME         SUBMIT_TIME   CPU_TIME  WALLTIME  ACCOUNT    
59733808  trottar     A    priority    --         ...lastics_4785   Nov 06 20:48  --         --         hallc     
59733918  trottar     A    priority    --         ...lastics_4787   Nov 06 20:48  --         --         hallc     
59734031  trottar     A    priority    --         ...lastics_4804   Nov 06 20:48  --         --         hallc     
59734132  trottar     A    priority    --         ...lastics_4805   Nov 06 20:48  --         --         hallc     
59734323  trottar     A    priority    --         ...lastics_4806   Nov 06 20:48  --         --         hallc     
59734516  trottar     A    priority    --         ...lastics_4808   Nov 06 20:48  --         --         hallc     
59734540  trottar     A    priority    --         ...lastics_4809   Nov 06 20:49  --         --         hallc     
59734543  trottar     A    priority    --         ...lastics_4810   Nov 06 20:49  --         --         hallc     
59734545  trottar     A    priority    --         ...lastics_4811   Nov 06 20:49  --         --         hallc     
59734547  trottar     A    priority    --         ...lastics_4817   Nov 06 20:49  --         --         hallc     
59734549  trottar     A    priority    --         ...lastics_4816   Nov 06 20:49  --         --         hallc     
59734551  trottar     A    priority    --         ...lastics_4821   Nov 06 20:49  --         --         hallc     
59734553  trottar     A    priority    --         ...lastics_4790   Nov 06 20:49  --         --         hallc     
59734556  trottar     A    priority    --         ...lastics_4792   Nov 06 20:49  --         --         hallc     
59734558  trottar     A    priority    --         ...lastics_4794   Nov 06 20:49  --         --         hallc     
59734560  trottar     A    priority    --         ...lastics_4800   Nov 06 20:50  --         --         hallc     
59734562  trottar     A    priority    --         ...lastics_4801   Nov 06 20:50  --         --         hallc     
59734564  trottar     A    priority    --         ...lastics_4786   Nov 06 20:50  --         --         hallc     
59734566  trottar     A    priority    --         ...lastics_4813   Nov 06 20:50  --         --         hallc     
59734569  trottar     A    priority    --         ...lastics_4812   Nov 06 20:50  --         --         hallc     
59734571  trottar     A    priority    --         ...lastics_4814   Nov 06 20:50  --         --         hallc     
59734573  trottar     A    priority    --         ...lastics_4815   Nov 06 20:50  --         --         hallc     
59734575  trottar     A    priority    --         ...lastics_4822   Nov 06 20:50  --         --         hallc     
 
There are 23 jobs remaining
~~~~~~~~~~~~~~~~~~~~~~~~~~~~~~~~~~~~~~~~~~~~~~~~~~~~~~~~~~~~~~~~~~~~~~~~~~~~~~~~~~~~~~~~~~~~~~~~~~
JOB_ID    USER      STAT    QUEUE      EXEC_HOST   JOB_NAME         SUBMIT_TIME   CPU_TIME  WALLTIME  ACCOUNT    
59733808  trottar     A    priority    --         ...lastics_4785   Nov 06 20:48  --         --         hallc     
59733918  trottar     A    priority    --         ...lastics_4787   Nov 06 20:48  --         --         hallc     
59734031  trottar     A    priority    --         ...lastics_4804   Nov 06 20:48  --         --         hallc     
59734132  trottar     A    priority    --         ...lastics_4805   Nov 06 20:48  --         --         hallc     
59734323  trottar     A    priority    --         ...lastics_4806   Nov 06 20:48  --         --         hallc     
59734516  trottar     A    priority    --         ...lastics_4808   Nov 06 20:48  --         --         hallc     
59734540  trottar     A    priority    --         ...lastics_4809   Nov 06 20:49  --         --         hallc     
59734543  trottar     A    priority    --         ...lastics_4810   Nov 06 20:49  --         --         hallc     
59734545  trottar     A    priority    --         ...lastics_4811   Nov 06 20:49  --         --         hallc     
59734547  trottar     A    priority    --         ...lastics_4817   Nov 06 20:49  --         --         hallc     
59734549  trottar     A    priority    --         ...lastics_4816   Nov 06 20:49  --         --         hallc     
59734551  trottar     A    priority    --         ...lastics_4821   Nov 06 20:49  --         --         hallc     
59734553  trottar     A    priority    --         ...lastics_4790   Nov 06 20:49  --         --         hallc     
59734556  trottar     A    priority    --         ...lastics_4792   Nov 06 20:49  --         --         hallc     
59734558  trottar     A    priority    --         ...lastics_4794   Nov 06 20:49  --         --         hallc     
59734560  trottar     A    priority    --         ...lastics_4800   Nov 06 20:50  --         --         hallc     
59734562  trottar     A    priority    --         ...lastics_4801   Nov 06 20:50  --         --         hallc     
59734564  trottar     A    priority    --         ...lastics_4786   Nov 06 20:50  --         --         hallc     
59734566  trottar     A    priority    --         ...lastics_4813   Nov 06 20:50  --         --         hallc     
59734569  trottar     A    priority    --         ...lastics_4812   Nov 06 20:50  --         --         hallc     
59734571  trottar     A    priority    --         ...lastics_4814   Nov 06 20:50  --         --         hallc     
59734573  trottar     A    priority    --         ...lastics_4815   Nov 06 20:50  --         --         hallc     
59734575  trottar     A    priority    --         ...lastics_4822   Nov 06 20:50  --         --         hallc     
 
There are 23 jobs remaining
~~~~~~~~~~~~~~~~~~~~~~~~~~~~~~~~~~~~~~~~~~~~~~~~~~~~~~~~~~~~~~~~~~~~~~~~~~~~~~~~~~~~~~~~~~~~~~~~~~
JOB_ID    USER      STAT    QUEUE      EXEC_HOST   JOB_NAME         SUBMIT_TIME   CPU_TIME  WALLTIME  ACCOUNT    
59733808  trottar     A    priority    --         ...lastics_4785   Nov 06 20:48  --         --         hallc     
59733918  trottar     A    priority    --         ...lastics_4787   Nov 06 20:48  --         --         hallc     
59734031  trottar     A    priority    --         ...lastics_4804   Nov 06 20:48  --         --         hallc     
59734132  trottar     A    priority    --         ...lastics_4805   Nov 06 20:48  --         --         hallc     
59734323  trottar     A    priority    --         ...lastics_4806   Nov 06 20:48  --         --         hallc     
59734516  trottar     A    priority    --         ...lastics_4808   Nov 06 20:48  --         --         hallc     
59734540  trottar     A    priority    --         ...lastics_4809   Nov 06 20:49  --         --         hallc     
59734543  trottar     A    priority    --         ...lastics_4810   Nov 06 20:49  --         --         hallc     
59734545  trottar     A    priority    --         ...lastics_4811   Nov 06 20:49  --         --         hallc     
59734547  trottar     A    priority    --         ...lastics_4817   Nov 06 20:49  --         --         hallc     
59734549  trottar     A    priority    --         ...lastics_4816   Nov 06 20:49  --         --         hallc     
59734551  trottar     A    priority    --         ...lastics_4821   Nov 06 20:49  --         --         hallc     
59734553  trottar     A    priority    --         ...lastics_4790   Nov 06 20:49  --         --         hallc     
59734556  trottar     A    priority    --         ...lastics_4792   Nov 06 20:49  --         --         hallc     
59734558  trottar     A    priority    --         ...lastics_4794   Nov 06 20:49  --         --         hallc     
59734560  trottar     A    priority    --         ...lastics_4800   Nov 06 20:50  --         --         hallc     
59734562  trottar     A    priority    --         ...lastics_4801   Nov 06 20:50  --         --         hallc     
59734564  trottar     A    priority    --         ...lastics_4786   Nov 06 20:50  --         --         hallc     
59734566  trottar     A    priority    --         ...lastics_4813   Nov 06 20:50  --         --         hallc     
59734569  trottar     A    priority    --         ...lastics_4812   Nov 06 20:50  --         --         hallc     
59734571  trottar     A    priority    --         ...lastics_4814   Nov 06 20:50  --         --         hallc     
59734573  trottar     A    priority    --         ...lastics_4815   Nov 06 20:50  --         --         hallc     
59734575  trottar     A    priority    --         ...lastics_4822   Nov 06 20:50  --         --         hallc     
 
There are 23 jobs remaining
~~~~~~~~~~~~~~~~~~~~~~~~~~~~~~~~~~~~~~~~~~~~~~~~~~~~~~~~~~~~~~~~~~~~~~~~~~~~~~~~~~~~~~~~~~~~~~~~~~
JOB_ID    USER      STAT    QUEUE      EXEC_HOST   JOB_NAME         SUBMIT_TIME   CPU_TIME  WALLTIME  ACCOUNT    
59733808  trottar     A    priority    --         ...lastics_4785   Nov 06 20:48  --         --         hallc     
59733918  trottar     A    priority    --         ...lastics_4787   Nov 06 20:48  --         --         hallc     
59734031  trottar     A    priority    --         ...lastics_4804   Nov 06 20:48  --         --         hallc     
59734132  trottar     A    priority    --         ...lastics_4805   Nov 06 20:48  --         --         hallc     
59734323  trottar     A    priority    --         ...lastics_4806   Nov 06 20:48  --         --         hallc     
59734516  trottar     A    priority    --         ...lastics_4808   Nov 06 20:48  --         --         hallc     
59734540  trottar     A    priority    --         ...lastics_4809   Nov 06 20:49  --         --         hallc     
59734543  trottar     A    priority    --         ...lastics_4810   Nov 06 20:49  --         --         hallc     
59734545  trottar     A    priority    --         ...lastics_4811   Nov 06 20:49  --         --         hallc     
59734547  trottar     A    priority    --         ...lastics_4817   Nov 06 20:49  --         --         hallc     
59734549  trottar     A    priority    --         ...lastics_4816   Nov 06 20:49  --         --         hallc     
59734551  trottar     A    priority    --         ...lastics_4821   Nov 06 20:49  --         --         hallc     
59734553  trottar     A    priority    --         ...lastics_4790   Nov 06 20:49  --         --         hallc     
59734556  trottar     A    priority    --         ...lastics_4792   Nov 06 20:49  --         --         hallc     
59734558  trottar     A    priority    --         ...lastics_4794   Nov 06 20:49  --         --         hallc     
59734560  trottar     A    priority    --         ...lastics_4800   Nov 06 20:50  --         --         hallc     
59734562  trottar     A    priority    --         ...lastics_4801   Nov 06 20:50  --         --         hallc     
59734564  trottar     A    priority    --         ...lastics_4786   Nov 06 20:50  --         --         hallc     
59734566  trottar     A    priority    --         ...lastics_4813   Nov 06 20:50  --         --         hallc     
59734569  trottar     A    priority    --         ...lastics_4812   Nov 06 20:50  --         --         hallc     
59734571  trottar     A    priority    --         ...lastics_4814   Nov 06 20:50  --         --         hallc     
59734573  trottar     A    priority    --         ...lastics_4815   Nov 06 20:50  --         --         hallc     
59734575  trottar     A    priority    --         ...lastics_4822   Nov 06 20:50  --         --         hallc     
 
There are 23 jobs remaining
~~~~~~~~~~~~~~~~~~~~~~~~~~~~~~~~~~~~~~~~~~~~~~~~~~~~~~~~~~~~~~~~~~~~~~~~~~~~~~~~~~~~~~~~~~~~~~~~~~
JOB_ID    USER      STAT    QUEUE      EXEC_HOST   JOB_NAME         SUBMIT_TIME   CPU_TIME  WALLTIME  ACCOUNT    
59733808  trottar     Q    priority    --         ...lastics_4785   Nov 06 20:52  --         --         hallc     
59733918  trottar     Q    priority    --         ...lastics_4787   Nov 06 20:52  --         --         hallc     
59734031  trottar     Q    priority    --         ...lastics_4804   Nov 06 20:52  --         --         hallc     
59734132  trottar     Q    priority    --         ...lastics_4805   Nov 06 20:52  --         --         hallc     
59734323  trottar     Q    priority    --         ...lastics_4806   Nov 06 20:52  --         --         hallc     
59734516  trottar     Q    priority    --         ...lastics_4808   Nov 06 20:52  --         --         hallc     
59734540  trottar     Q    priority    --         ...lastics_4809   Nov 06 20:52  --         --         hallc     
59734543  trottar     Q    priority    --         ...lastics_4810   Nov 06 20:52  --         --         hallc     
59734545  trottar     A    priority    --         ...lastics_4811   Nov 06 20:49  --         --         hallc     
59734547  trottar     A    priority    --         ...lastics_4817   Nov 06 20:49  --         --         hallc     
59734549  trottar     A    priority    --         ...lastics_4816   Nov 06 20:49  --         --         hallc     
59734551  trottar     A    priority    --         ...lastics_4821   Nov 06 20:49  --         --         hallc     
59734553  trottar     A    priority    --         ...lastics_4790   Nov 06 20:49  --         --         hallc     
59734556  trottar     A    priority    --         ...lastics_4792   Nov 06 20:49  --         --         hallc     
59734558  trottar     A    priority    --         ...lastics_4794   Nov 06 20:49  --         --         hallc     
59734560  trottar     A    priority    --         ...lastics_4800   Nov 06 20:50  --         --         hallc     
59734562  trottar     A    priority    --         ...lastics_4801   Nov 06 20:50  --         --         hallc     
59734564  trottar     A    priority    --         ...lastics_4786   Nov 06 20:50  --         --         hallc     
59734566  trottar     A    priority    --         ...lastics_4813   Nov 06 20:50  --         --         hallc     
59734569  trottar     A    priority    --         ...lastics_4812   Nov 06 20:50  --         --         hallc     
59734571  trottar     A    priority    --         ...lastics_4814   Nov 06 20:50  --         --         hallc     
59734573  trottar     A    priority    --         ...lastics_4815   Nov 06 20:50  --         --         hallc     
59734575  trottar     A    priority    --         ...lastics_4822   Nov 06 20:50  --         --         hallc     
 
There are 23 jobs remaining
~~~~~~~~~~~~~~~~~~~~~~~~~~~~~~~~~~~~~~~~~~~~~~~~~~~~~~~~~~~~~~~~~~~~~~~~~~~~~~~~~~~~~~~~~~~~~~~~~~
JOB_ID    USER      STAT    QUEUE      EXEC_HOST   JOB_NAME         SUBMIT_TIME   CPU_TIME  WALLTIME  ACCOUNT    
59734545  trottar     A    priority    --         ...lastics_4811   Nov 06 20:49  --         --         hallc     
59734547  trottar     A    priority    --         ...lastics_4817   Nov 06 20:49  --         --         hallc     
59734549  trottar     A    priority    --         ...lastics_4816   Nov 06 20:49  --         --         hallc     
59734551  trottar     A    priority    --         ...lastics_4821   Nov 06 20:49  --         --         hallc     
59734553  trottar     A    priority    --         ...lastics_4790   Nov 06 20:49  --         --         hallc     
59734556  trottar     A    priority    --         ...lastics_4792   Nov 06 20:49  --         --         hallc     
59734558  trottar     A    priority    --         ...lastics_4794   Nov 06 20:49  --         --         hallc     
59734560  trottar     A    priority    --         ...lastics_4800   Nov 06 20:50  --         --         hallc     
59734562  trottar     A    priority    --         ...lastics_4801   Nov 06 20:50  --         --         hallc     
59734564  trottar     A    priority    --         ...lastics_4786   Nov 06 20:50  --         --         hallc     
59734566  trottar     A    priority    --         ...lastics_4813   Nov 06 20:50  --         --         hallc     
59734569  trottar     A    priority    --         ...lastics_4812   Nov 06 20:50  --         --         hallc     
59734571  trottar     A    priority    --         ...lastics_4814   Nov 06 20:50  --         --         hallc     
59734573  trottar     A    priority    --         ...lastics_4815   Nov 06 20:50  --         --         hallc     
59734575  trottar     A    priority    --         ...lastics_4822   Nov 06 20:50  --         --         hallc     
 
There are 15 jobs remaining
~~~~~~~~~~~~~~~~~~~~~~~~~~~~~~~~~~~~~~~~~~~~~~~~~~~~~~~~~~~~~~~~~~~~~~~~~~~~~~~~~~~~~~~~~~~~~~~~~~
JOB_ID    USER      STAT    QUEUE      EXEC_HOST   JOB_NAME         SUBMIT_TIME   CPU_TIME  WALLTIME  ACCOUNT    
59734545  trottar     A    priority    --         ...lastics_4811   Nov 06 20:49  --         --         hallc     
59734547  trottar     A    priority    --         ...lastics_4817   Nov 06 20:49  --         --         hallc     
59734549  trottar     A    priority    --         ...lastics_4816   Nov 06 20:49  --         --         hallc     
59734551  trottar     A    priority    --         ...lastics_4821   Nov 06 20:49  --         --         hallc     
59734553  trottar     A    priority    --         ...lastics_4790   Nov 06 20:49  --         --         hallc     
59734556  trottar     A    priority    --         ...lastics_4792   Nov 06 20:49  --         --         hallc     
59734558  trottar     A    priority    --         ...lastics_4794   Nov 06 20:49  --         --         hallc     
59734560  trottar     A    priority    --         ...lastics_4800   Nov 06 20:50  --         --         hallc     
59734562  trottar     A    priority    --         ...lastics_4801   Nov 06 20:50  --         --         hallc     
59734564  trottar     A    priority    --         ...lastics_4786   Nov 06 20:50  --         --         hallc     
59734566  trottar     A    priority    --         ...lastics_4813   Nov 06 20:50  --         --         hallc     
59734569  trottar     A    priority    --         ...lastics_4812   Nov 06 20:50  --         --         hallc     
59734571  trottar     A    priority    --         ...lastics_4814   Nov 06 20:50  --         --         hallc     
59734573  trottar     A    priority    --         ...lastics_4815   Nov 06 20:50  --         --         hallc     
59734575  trottar     A    priority    --         ...lastics_4822   Nov 06 20:50  --         --         hallc     
 
There are 15 jobs remaining
~~~~~~~~~~~~~~~~~~~~~~~~~~~~~~~~~~~~~~~~~~~~~~~~~~~~~~~~~~~~~~~~~~~~~~~~~~~~~~~~~~~~~~~~~~~~~~~~~~
JOB_ID    USER      STAT    QUEUE      EXEC_HOST   JOB_NAME         SUBMIT_TIME   CPU_TIME  WALLTIME  ACCOUNT    
59734545  trottar     A    priority    --         ...lastics_4811   Nov 06 20:49  --         --         hallc     
59734547  trottar     A    priority    --         ...lastics_4817   Nov 06 20:49  --         --         hallc     
59734549  trottar     A    priority    --         ...lastics_4816   Nov 06 20:49  --         --         hallc     
59734551  trottar     A    priority    --         ...lastics_4821   Nov 06 20:49  --         --         hallc     
59734553  trottar     A    priority    --         ...lastics_4790   Nov 06 20:49  --         --         hallc     
59734556  trottar     A    priority    --         ...lastics_4792   Nov 06 20:49  --         --         hallc     
59734558  trottar     A    priority    --         ...lastics_4794   Nov 06 20:49  --         --         hallc     
59734560  trottar     A    priority    --         ...lastics_4800   Nov 06 20:50  --         --         hallc     
59734562  trottar     A    priority    --         ...lastics_4801   Nov 06 20:50  --         --         hallc     
59734564  trottar     A    priority    --         ...lastics_4786   Nov 06 20:50  --         --         hallc     
59734566  trottar     A    priority    --         ...lastics_4813   Nov 06 20:50  --         --         hallc     
59734569  trottar     A    priority    --         ...lastics_4812   Nov 06 20:50  --         --         hallc     
59734571  trottar     A    priority    --         ...lastics_4814   Nov 06 20:50  --         --         hallc     
59734573  trottar     A    priority    --         ...lastics_4815   Nov 06 20:50  --         --         hallc     
59734575  trottar     A    priority    --         ...lastics_4822   Nov 06 20:50  --         --         hallc     
 
There are 15 jobs remaining
~~~~~~~~~~~~~~~~~~~~~~~~~~~~~~~~~~~~~~~~~~~~~~~~~~~~~~~~~~~~~~~~~~~~~~~~~~~~~~~~~~~~~~~~~~~~~~~~~~
JOB_ID    USER      STAT    QUEUE      EXEC_HOST   JOB_NAME         SUBMIT_TIME   CPU_TIME  WALLTIME  ACCOUNT    
59734545  trottar     A    priority    --         ...lastics_4811   Nov 06 20:49  --         --         hallc     
59734547  trottar     A    priority    --         ...lastics_4817   Nov 06 20:49  --         --         hallc     
59734549  trottar     A    priority    --         ...lastics_4816   Nov 06 20:49  --         --         hallc     
59734551  trottar     A    priority    --         ...lastics_4821   Nov 06 20:49  --         --         hallc     
59734553  trottar     A    priority    --         ...lastics_4790   Nov 06 20:49  --         --         hallc     
59734556  trottar     A    priority    --         ...lastics_4792   Nov 06 20:49  --         --         hallc     
59734558  trottar     A    priority    --         ...lastics_4794   Nov 06 20:49  --         --         hallc     
59734560  trottar     A    priority    --         ...lastics_4800   Nov 06 20:50  --         --         hallc     
59734562  trottar     A    priority    --         ...lastics_4801   Nov 06 20:50  --         --         hallc     
59734564  trottar     A    priority    --         ...lastics_4786   Nov 06 20:50  --         --         hallc     
59734566  trottar     A    priority    --         ...lastics_4813   Nov 06 20:50  --         --         hallc     
59734569  trottar     A    priority    --         ...lastics_4812   Nov 06 20:50  --         --         hallc     
59734571  trottar     A    priority    --         ...lastics_4814   Nov 06 20:50  --         --         hallc     
59734573  trottar     A    priority    --         ...lastics_4815   Nov 06 20:50  --         --         hallc     
59734575  trottar     A    priority    --         ...lastics_4822   Nov 06 20:50  --         --         hallc     
 
There are 15 jobs remaining
~~~~~~~~~~~~~~~~~~~~~~~~~~~~~~~~~~~~~~~~~~~~~~~~~~~~~~~~~~~~~~~~~~~~~~~~~~~~~~~~~~~~~~~~~~~~~~~~~~
JOB_ID    USER      STAT    QUEUE      EXEC_HOST   JOB_NAME         SUBMIT_TIME   CPU_TIME  WALLTIME  ACCOUNT    
59734545  trottar     A    priority    --         ...lastics_4811   Nov 06 20:49  --         --         hallc     
59734547  trottar     A    priority    --         ...lastics_4817   Nov 06 20:49  --         --         hallc     
59734549  trottar     A    priority    --         ...lastics_4816   Nov 06 20:49  --         --         hallc     
59734551  trottar     A    priority    --         ...lastics_4821   Nov 06 20:49  --         --         hallc     
59734553  trottar     A    priority    --         ...lastics_4790   Nov 06 20:49  --         --         hallc     
59734556  trottar     A    priority    --         ...lastics_4792   Nov 06 20:49  --         --         hallc     
59734558  trottar     A    priority    --         ...lastics_4794   Nov 06 20:49  --         --         hallc     
59734560  trottar     A    priority    --         ...lastics_4800   Nov 06 20:50  --         --         hallc     
59734562  trottar     A    priority    --         ...lastics_4801   Nov 06 20:50  --         --         hallc     
59734564  trottar     A    priority    --         ...lastics_4786   Nov 06 20:50  --         --         hallc     
59734566  trottar     A    priority    --         ...lastics_4813   Nov 06 20:50  --         --         hallc     
59734569  trottar     A    priority    --         ...lastics_4812   Nov 06 20:50  --         --         hallc     
59734571  trottar     A    priority    --         ...lastics_4814   Nov 06 20:50  --         --         hallc     
59734573  trottar     A    priority    --         ...lastics_4815   Nov 06 20:50  --         --         hallc     
59734575  trottar     A    priority    --         ...lastics_4822   Nov 06 20:50  --         --         hallc     
 
There are 15 jobs remaining
~~~~~~~~~~~~~~~~~~~~~~~~~~~~~~~~~~~~~~~~~~~~~~~~~~~~~~~~~~~~~~~~~~~~~~~~~~~~~~~~~~~~~~~~~~~~~~~~~~
JOB_ID    USER      STAT    QUEUE      EXEC_HOST   JOB_NAME         SUBMIT_TIME   CPU_TIME  WALLTIME  ACCOUNT    
59734545  trottar     A    priority    --         ...lastics_4811   Nov 06 20:49  --         --         hallc     
59734547  trottar     A    priority    --         ...lastics_4817   Nov 06 20:49  --         --         hallc     
59734549  trottar     A    priority    --         ...lastics_4816   Nov 06 20:49  --         --         hallc     
59734551  trottar     A    priority    --         ...lastics_4821   Nov 06 20:49  --         --         hallc     
59734553  trottar     A    priority    --         ...lastics_4790   Nov 06 20:49  --         --         hallc     
59734556  trottar     A    priority    --         ...lastics_4792   Nov 06 20:49  --         --         hallc     
59734558  trottar     A    priority    --         ...lastics_4794   Nov 06 20:49  --         --         hallc     
59734560  trottar     A    priority    --         ...lastics_4800   Nov 06 20:50  --         --         hallc     
59734562  trottar     A    priority    --         ...lastics_4801   Nov 06 20:50  --         --         hallc     
59734564  trottar     A    priority    --         ...lastics_4786   Nov 06 20:50  --         --         hallc     
59734566  trottar     A    priority    --         ...lastics_4813   Nov 06 20:50  --         --         hallc     
59734569  trottar     A    priority    --         ...lastics_4812   Nov 06 20:50  --         --         hallc     
59734571  trottar     A    priority    --         ...lastics_4814   Nov 06 20:50  --         --         hallc     
59734573  trottar     A    priority    --         ...lastics_4815   Nov 06 20:50  --         --         hallc     
59734575  trottar     A    priority    --         ...lastics_4822   Nov 06 20:50  --         --         hallc     
 
There are 15 jobs remaining
~~~~~~~~~~~~~~~~~~~~~~~~~~~~~~~~~~~~~~~~~~~~~~~~~~~~~~~~~~~~~~~~~~~~~~~~~~~~~~~~~~~~~~~~~~~~~~~~~~
JOB_ID    USER      STAT    QUEUE      EXEC_HOST   JOB_NAME         SUBMIT_TIME   CPU_TIME  WALLTIME  ACCOUNT    
59734545  trottar     Q    priority    --         ...lastics_4811   Nov 06 20:54  --         --         hallc     
59734547  trottar     Q    priority    --         ...lastics_4817   Nov 06 20:54  --         --         hallc     
59734549  trottar     Q    priority    --         ...lastics_4816   Nov 06 20:54  --         --         hallc     
59734551  trottar     Q    priority    --         ...lastics_4821   Nov 06 20:54  --         --         hallc     
59734553  trottar     Q    priority    --         ...lastics_4790   Nov 06 20:54  --         --         hallc     
59734556  trottar     Q    priority    --         ...lastics_4792   Nov 06 20:54  --         --         hallc     
59734558  trottar     Q    priority    --         ...lastics_4794   Nov 06 20:54  --         --         hallc     
59734560  trottar     Q    priority    --         ...lastics_4800   Nov 06 20:54  --         --         hallc     
59734562  trottar     A    priority    --         ...lastics_4801   Nov 06 20:50  --         --         hallc     
59734564  trottar     A    priority    --         ...lastics_4786   Nov 06 20:50  --         --         hallc     
59734566  trottar     A    priority    --         ...lastics_4813   Nov 06 20:50  --         --         hallc     
59734569  trottar     A    priority    --         ...lastics_4812   Nov 06 20:50  --         --         hallc     
59734571  trottar     A    priority    --         ...lastics_4814   Nov 06 20:50  --         --         hallc     
59734573  trottar     A    priority    --         ...lastics_4815   Nov 06 20:50  --         --         hallc     
59734575  trottar     A    priority    --         ...lastics_4822   Nov 06 20:50  --         --         hallc     
 
There are 15 jobs remaining
~~~~~~~~~~~~~~~~~~~~~~~~~~~~~~~~~~~~~~~~~~~~~~~~~~~~~~~~~~~~~~~~~~~~~~~~~~~~~~~~~~~~~~~~~~~~~~~~~~
JOB_ID    USER      STAT    QUEUE      EXEC_HOST   JOB_NAME         SUBMIT_TIME   CPU_TIME  WALLTIME  ACCOUNT    
59734562  trottar     A    priority    --         ...lastics_4801   Nov 06 20:50  --         --         hallc     
59734564  trottar     A    priority    --         ...lastics_4786   Nov 06 20:50  --         --         hallc     
59734566  trottar     A    priority    --         ...lastics_4813   Nov 06 20:50  --         --         hallc     
59734569  trottar     A    priority    --         ...lastics_4812   Nov 06 20:50  --         --         hallc     
59734571  trottar     A    priority    --         ...lastics_4814   Nov 06 20:50  --         --         hallc     
59734573  trottar     A    priority    --         ...lastics_4815   Nov 06 20:50  --         --         hallc     
59734575  trottar     A    priority    --         ...lastics_4822   Nov 06 20:50  --         --         hallc     
 
There are 7 jobs remaining
~~~~~~~~~~~~~~~~~~~~~~~~~~~~~~~~~~~~~~~~~~~~~~~~~~~~~~~~~~~~~~~~~~~~~~~~~~~~~~~~~~~~~~~~~~~~~~~~~~
JOB_ID    USER      STAT    QUEUE      EXEC_HOST   JOB_NAME         SUBMIT_TIME   CPU_TIME  WALLTIME  ACCOUNT    
59734562  trottar     A    priority    --         ...lastics_4801   Nov 06 20:50  --         --         hallc     
59734564  trottar     A    priority    --         ...lastics_4786   Nov 06 20:50  --         --         hallc     
59734566  trottar     A    priority    --         ...lastics_4813   Nov 06 20:50  --         --         hallc     
59734569  trottar     A    priority    --         ...lastics_4812   Nov 06 20:50  --         --         hallc     
59734571  trottar     A    priority    --         ...lastics_4814   Nov 06 20:50  --         --         hallc     
59734573  trottar     A    priority    --         ...lastics_4815   Nov 06 20:50  --         --         hallc     
59734575  trottar     A    priority    --         ...lastics_4822   Nov 06 20:50  --         --         hallc     
 
There are 7 jobs remaining
~~~~~~~~~~~~~~~~~~~~~~~~~~~~~~~~~~~~~~~~~~~~~~~~~~~~~~~~~~~~~~~~~~~~~~~~~~~~~~~~~~~~~~~~~~~~~~~~~~
JOB_ID    USER      STAT    QUEUE      EXEC_HOST   JOB_NAME         SUBMIT_TIME   CPU_TIME  WALLTIME  ACCOUNT    
59734562  trottar     A    priority    --         ...lastics_4801   Nov 06 20:50  --         --         hallc     
59734564  trottar     A    priority    --         ...lastics_4786   Nov 06 20:50  --         --         hallc     
59734566  trottar     A    priority    --         ...lastics_4813   Nov 06 20:50  --         --         hallc     
59734569  trottar     A    priority    --         ...lastics_4812   Nov 06 20:50  --         --         hallc     
59734571  trottar     A    priority    --         ...lastics_4814   Nov 06 20:50  --         --         hallc     
59734573  trottar     A    priority    --         ...lastics_4815   Nov 06 20:50  --         --         hallc     
59734575  trottar     A    priority    --         ...lastics_4822   Nov 06 20:50  --         --         hallc     
 
There are 7 jobs remaining
~~~~~~~~~~~~~~~~~~~~~~~~~~~~~~~~~~~~~~~~~~~~~~~~~~~~~~~~~~~~~~~~~~~~~~~~~~~~~~~~~~~~~~~~~~~~~~~~~~
JOB_ID    USER      STAT    QUEUE      EXEC_HOST   JOB_NAME         SUBMIT_TIME   CPU_TIME  WALLTIME  ACCOUNT    
59734562  trottar     A    priority    --         ...lastics_4801   Nov 06 20:50  --         --         hallc     
59734564  trottar     A    priority    --         ...lastics_4786   Nov 06 20:50  --         --         hallc     
59734566  trottar     A    priority    --         ...lastics_4813   Nov 06 20:50  --         --         hallc     
59734569  trottar     A    priority    --         ...lastics_4812   Nov 06 20:50  --         --         hallc     
59734571  trottar     A    priority    --         ...lastics_4814   Nov 06 20:50  --         --         hallc     
59734573  trottar     A    priority    --         ...lastics_4815   Nov 06 20:50  --         --         hallc     
59734575  trottar     A    priority    --         ...lastics_4822   Nov 06 20:50  --         --         hallc     
 
There are 7 jobs remaining
~~~~~~~~~~~~~~~~~~~~~~~~~~~~~~~~~~~~~~~~~~~~~~~~~~~~~~~~~~~~~~~~~~~~~~~~~~~~~~~~~~~~~~~~~~~~~~~~~~
JOB_ID    USER      STAT    QUEUE      EXEC_HOST   JOB_NAME         SUBMIT_TIME   CPU_TIME  WALLTIME  ACCOUNT    
59734562  trottar     A    priority    --         ...lastics_4801   Nov 06 20:50  --         --         hallc     
59734564  trottar     A    priority    --         ...lastics_4786   Nov 06 20:50  --         --         hallc     
59734566  trottar     A    priority    --         ...lastics_4813   Nov 06 20:50  --         --         hallc     
59734569  trottar     A    priority    --         ...lastics_4812   Nov 06 20:50  --         --         hallc     
59734571  trottar     A    priority    --         ...lastics_4814   Nov 06 20:50  --         --         hallc     
59734573  trottar     A    priority    --         ...lastics_4815   Nov 06 20:50  --         --         hallc     
59734575  trottar     A    priority    --         ...lastics_4822   Nov 06 20:50  --         --         hallc     
 
There are 7 jobs remaining
~~~~~~~~~~~~~~~~~~~~~~~~~~~~~~~~~~~~~~~~~~~~~~~~~~~~~~~~~~~~~~~~~~~~~~~~~~~~~~~~~~~~~~~~~~~~~~~~~~
JOB_ID    USER      STAT    QUEUE      EXEC_HOST   JOB_NAME         SUBMIT_TIME   CPU_TIME  WALLTIME  ACCOUNT    
59734562  trottar     A    priority    --         ...lastics_4801   Nov 06 20:50  --         --         hallc     
59734564  trottar     A    priority    --         ...lastics_4786   Nov 06 20:50  --         --         hallc     
59734566  trottar     A    priority    --         ...lastics_4813   Nov 06 20:50  --         --         hallc     
59734569  trottar     A    priority    --         ...lastics_4812   Nov 06 20:50  --         --         hallc     
59734571  trottar     A    priority    --         ...lastics_4814   Nov 06 20:50  --         --         hallc     
59734573  trottar     A    priority    --         ...lastics_4815   Nov 06 20:50  --         --         hallc     
59734575  trottar     A    priority    --         ...lastics_4822   Nov 06 20:50  --         --         hallc     
 
There are 6 jobs remaining
~~~~~~~~~~~~~~~~~~~~~~~~~~~~~~~~~~~~~~~~~~~~~~~~~~~~~~~~~~~~~~~~~~~~~~~~~~~~~~~~~~~~~~~~~~~~~~~~~~
JOB_ID    USER      STAT    QUEUE      EXEC_HOST   JOB_NAME         SUBMIT_TIME   CPU_TIME  WALLTIME  ACCOUNT    
59734562  trottar     R    priority    farm180303 ...lastics_4801   Nov 06 20:57  --         --         hallc     
59734564  trottar     R    priority    farm180303 ...lastics_4786   Nov 06 20:57  --         --         hallc     
59734566  trottar     R    priority    farm180303 ...lastics_4813   Nov 06 20:57  --         --         hallc     
59734569  trottar     R    priority    farm180303 ...lastics_4812   Nov 06 20:57  --         --         hallc     
59734571  trottar     R    priority    farm180303 ...lastics_4814   Nov 06 20:57  --         --         hallc     
59734573  trottar     R    priority    farm180303 ...lastics_4815   Nov 06 20:57  --         --         hallc     
59734575  trottar     R    priority    farm180303 ...lastics_4822   Nov 06 20:57  --         --         hallc     
 
There are 5 jobs remaining
~~~~~~~~~~~~~~~~~~~~~~~~~~~~~~~~~~~~~~~~~~~~~~~~~~~~~~~~~~~~~~~~~~~~~~~~~~~~~~~~~~~~~~~~~~~~~~~~~~
JOB_ID    USER      STAT    QUEUE      EXEC_HOST   JOB_NAME         SUBMIT_TIME   CPU_TIME  WALLTIME  ACCOUNT    
 
There are 0 jobs remaining
~~~~~~~~~~~~~~~~~~~~~~~~~~~~~~~~~~~~~~~~~~~~~~~~~~~~~~~~~~~~~~~~~~~~~~~~~~~~~~~~~~~~~~~~~~~~~~~~~~
ID-59733791 (run 4788) is ready to print to file
ID-59733793 (run 4789) is ready to print to file
ID-59733795 (run 4791) is ready to print to file
ID-59733797 (run 4793) is ready to print to file
ID-59733800 (run 4796) is ready to print to file
ID-59733802 (run 4797) is ready to print to file
ID-59733804 (run 4798) is ready to print to file
ID-59733806 (run 4799) is ready to print to file
ID-59733808 (run 4785) is ready to print to file
ID-59733918 (run 4787) is ready to print to file
ID-59734031 (run 4804) is ready to print to file
ID-59734132 (run 4805) is ready to print to file
ID-59734323 (run 4806) is ready to print to file
ID-59734516 (run 4808) is ready to print to file
ID-59734540 (run 4809) is ready to print to file
ID-59734543 (run 4810) is ready to print to file
ID-59734545 (run 4811) is ready to print to file
ID-59734547 (run 4817) is ready to print to file
ID-59734549 (run 4816) is ready to print to file
ID-59734551 (run 4821) is ready to print to file
ID-59734553 (run 4790) is ready to print to file
ID-59734556 (run 4792) is ready to print to file
ID-59734558 (run 4794) is ready to print to file
ID-59734560 (run 4800) is ready to print to file
ID-59734562 (run 4801) is ready to print to file
ID-59734564 (run 4786) is ready to print to file
ID-59734566 (run 4813) is ready to print to file
ID-59734569 (run 4812) is ready to print to file
ID-59734571 (run 4814) is ready to print to file
ID-59734573 (run 4815) is ready to print to file
ID-59734575 (run 4822) is ready to print to file
