~~~~~~~~~~~~~~~~~~~~~~~~~~~~~~~~~~~~~~~~~~~~~~~~~~~~~~~~~~~~~~~~~~~~~~~~~~~~~~~~~~~~~~~~~~~~~~~~~~~~~~~~~~~~~
Run number read from file: 5154

Job 1/20
Running trotta_lumiscanJob.txt for 5154
Submitting batch
Parsing script ... (it may take while)
<jsub><request><index>29568234</index><jobIndex>61174398</jobIndex></request></jsub>
 
5154 has an AugerID of 61174398
~~~~~~~~~~~~~~~~~~~~~~~~~~~~~~~~~~~~~~~~~~~~~~~~~~~~~~~~~~~~~~~~~~~~~~~~~~~~~~~~~~~~~~~~~~~~~~~~~~~~~~~~~~~~~
Run number read from file: 5155

Job 2/20
Running trotta_lumiscanJob.txt for 5155
Submitting batch
Parsing script ... (it may take while)
<jsub><request><index>29568235</index><jobIndex>61174399</jobIndex></request></jsub>
 
5155 has an AugerID of 61174399
~~~~~~~~~~~~~~~~~~~~~~~~~~~~~~~~~~~~~~~~~~~~~~~~~~~~~~~~~~~~~~~~~~~~~~~~~~~~~~~~~~~~~~~~~~~~~~~~~~~~~~~~~~~~~
Run number read from file: 5156

Job 3/20
Running trotta_lumiscanJob.txt for 5156
Submitting batch
Parsing script ... (it may take while)
<jsub><request><index>29568236</index><jobIndex>61174400</jobIndex></request></jsub>
 
5156 has an AugerID of 61174400
~~~~~~~~~~~~~~~~~~~~~~~~~~~~~~~~~~~~~~~~~~~~~~~~~~~~~~~~~~~~~~~~~~~~~~~~~~~~~~~~~~~~~~~~~~~~~~~~~~~~~~~~~~~~~
Run number read from file: 5157

Job 4/20
Running trotta_lumiscanJob.txt for 5157
Submitting batch
Parsing script ... (it may take while)
<jsub><request><index>29568237</index><jobIndex>61174401</jobIndex></request></jsub>
 
5157 has an AugerID of 61174401
~~~~~~~~~~~~~~~~~~~~~~~~~~~~~~~~~~~~~~~~~~~~~~~~~~~~~~~~~~~~~~~~~~~~~~~~~~~~~~~~~~~~~~~~~~~~~~~~~~~~~~~~~~~~~
Run number read from file: 5158

Job 5/20
Running trotta_lumiscanJob.txt for 5158
Submitting batch
Parsing script ... (it may take while)
<jsub><request><index>29568238</index><jobIndex>61174402</jobIndex></request></jsub>
 
5158 has an AugerID of 61174402
~~~~~~~~~~~~~~~~~~~~~~~~~~~~~~~~~~~~~~~~~~~~~~~~~~~~~~~~~~~~~~~~~~~~~~~~~~~~~~~~~~~~~~~~~~~~~~~~~~~~~~~~~~~~~
Run number read from file: 5160

Job 6/20
Running trotta_lumiscanJob.txt for 5160
Submitting batch
Parsing script ... (it may take while)
<jsub><request><index>29568239</index><jobIndex>61174403</jobIndex></request></jsub>
 
5160 has an AugerID of 61174403
~~~~~~~~~~~~~~~~~~~~~~~~~~~~~~~~~~~~~~~~~~~~~~~~~~~~~~~~~~~~~~~~~~~~~~~~~~~~~~~~~~~~~~~~~~~~~~~~~~~~~~~~~~~~~
Run number read from file: 5161

Job 7/20
Running trotta_lumiscanJob.txt for 5161
Submitting batch
Parsing script ... (it may take while)
<jsub><request><index>29568240</index><jobIndex>61174404</jobIndex></request></jsub>
 
5161 has an AugerID of 61174404
~~~~~~~~~~~~~~~~~~~~~~~~~~~~~~~~~~~~~~~~~~~~~~~~~~~~~~~~~~~~~~~~~~~~~~~~~~~~~~~~~~~~~~~~~~~~~~~~~~~~~~~~~~~~~
Run number read from file: 5162

Job 8/20
Running trotta_lumiscanJob.txt for 5162
Submitting batch
Parsing script ... (it may take while)
<jsub><request><index>29568241</index><jobIndex>61174405</jobIndex></request></jsub>
 
5162 has an AugerID of 61174405
~~~~~~~~~~~~~~~~~~~~~~~~~~~~~~~~~~~~~~~~~~~~~~~~~~~~~~~~~~~~~~~~~~~~~~~~~~~~~~~~~~~~~~~~~~~~~~~~~~~~~~~~~~~~~
Run number read from file: 5163

Job 9/20
Running trotta_lumiscanJob.txt for 5163
Submitting batch
Parsing script ... (it may take while)
<jsub><request><index>29568242</index><jobIndex>61174406</jobIndex></request></jsub>
 
5163 has an AugerID of 61174406
~~~~~~~~~~~~~~~~~~~~~~~~~~~~~~~~~~~~~~~~~~~~~~~~~~~~~~~~~~~~~~~~~~~~~~~~~~~~~~~~~~~~~~~~~~~~~~~~~~~~~~~~~~~~~
Run number read from file: 5166

Job 10/20
Running trotta_lumiscanJob.txt for 5166
Submitting batch
Parsing script ... (it may take while)
<jsub><request><index>29568243</index><jobIndex>61174407</jobIndex></request></jsub>
 
5166 has an AugerID of 61174407
~~~~~~~~~~~~~~~~~~~~~~~~~~~~~~~~~~~~~~~~~~~~~~~~~~~~~~~~~~~~~~~~~~~~~~~~~~~~~~~~~~~~~~~~~~~~~~~~~~~~~~~~~~~~~
Run number read from file: 5167

Job 11/20
Running trotta_lumiscanJob.txt for 5167
Submitting batch
Parsing script ... (it may take while)
<jsub><request><index>29568244</index><jobIndex>61174408</jobIndex></request></jsub>
 
5167 has an AugerID of 61174408
~~~~~~~~~~~~~~~~~~~~~~~~~~~~~~~~~~~~~~~~~~~~~~~~~~~~~~~~~~~~~~~~~~~~~~~~~~~~~~~~~~~~~~~~~~~~~~~~~~~~~~~~~~~~~
Run number read from file: 5168

Job 12/20
Running trotta_lumiscanJob.txt for 5168
Submitting batch
Parsing script ... (it may take while)
<jsub><request><index>29568245</index><jobIndex>61174409</jobIndex></request></jsub>
 
5168 has an AugerID of 61174409
~~~~~~~~~~~~~~~~~~~~~~~~~~~~~~~~~~~~~~~~~~~~~~~~~~~~~~~~~~~~~~~~~~~~~~~~~~~~~~~~~~~~~~~~~~~~~~~~~~~~~~~~~~~~~
Run number read from file: 5169

Job 13/20
Running trotta_lumiscanJob.txt for 5169
Submitting batch
Parsing script ... (it may take while)
<jsub><request><index>29568246</index><jobIndex>61174410</jobIndex></request></jsub>
 
5169 has an AugerID of 61174410
~~~~~~~~~~~~~~~~~~~~~~~~~~~~~~~~~~~~~~~~~~~~~~~~~~~~~~~~~~~~~~~~~~~~~~~~~~~~~~~~~~~~~~~~~~~~~~~~~~~~~~~~~~~~~
Run number read from file: 5170

Job 14/20
Running trotta_lumiscanJob.txt for 5170
Submitting batch
Parsing script ... (it may take while)
<jsub><request><index>29568247</index><jobIndex>61174411</jobIndex></request></jsub>
 
5170 has an AugerID of 61174411
~~~~~~~~~~~~~~~~~~~~~~~~~~~~~~~~~~~~~~~~~~~~~~~~~~~~~~~~~~~~~~~~~~~~~~~~~~~~~~~~~~~~~~~~~~~~~~~~~~~~~~~~~~~~~
Run number read from file: 5171

Job 15/20
Running trotta_lumiscanJob.txt for 5171
Submitting batch
Parsing script ... (it may take while)
<jsub><request><index>29568248</index><jobIndex>61174412</jobIndex></request></jsub>
 
5171 has an AugerID of 61174412
~~~~~~~~~~~~~~~~~~~~~~~~~~~~~~~~~~~~~~~~~~~~~~~~~~~~~~~~~~~~~~~~~~~~~~~~~~~~~~~~~~~~~~~~~~~~~~~~~~~~~~~~~~~~~
Run number read from file: 5175

Job 16/20
Running trotta_lumiscanJob.txt for 5175
Submitting batch
Parsing script ... (it may take while)
<jsub><request><index>29568249</index><jobIndex>61174413</jobIndex></request></jsub>
 
5175 has an AugerID of 61174413
~~~~~~~~~~~~~~~~~~~~~~~~~~~~~~~~~~~~~~~~~~~~~~~~~~~~~~~~~~~~~~~~~~~~~~~~~~~~~~~~~~~~~~~~~~~~~~~~~~~~~~~~~~~~~
Run number read from file: 5176

Job 17/20
Running trotta_lumiscanJob.txt for 5176
Submitting batch
Parsing script ... (it may take while)
<jsub><request><index>29568250</index><jobIndex>61174414</jobIndex></request></jsub>
 
5176 has an AugerID of 61174414
~~~~~~~~~~~~~~~~~~~~~~~~~~~~~~~~~~~~~~~~~~~~~~~~~~~~~~~~~~~~~~~~~~~~~~~~~~~~~~~~~~~~~~~~~~~~~~~~~~~~~~~~~~~~~
Run number read from file: 5178

Job 18/20
Running trotta_lumiscanJob.txt for 5178
Submitting batch
Parsing script ... (it may take while)
<jsub><request><index>29568251</index><jobIndex>61174415</jobIndex></request></jsub>
 
5178 has an AugerID of 61174415
~~~~~~~~~~~~~~~~~~~~~~~~~~~~~~~~~~~~~~~~~~~~~~~~~~~~~~~~~~~~~~~~~~~~~~~~~~~~~~~~~~~~~~~~~~~~~~~~~~~~~~~~~~~~~
Run number read from file: 5179

Job 19/20
Running trotta_lumiscanJob.txt for 5179
Submitting batch
Parsing script ... (it may take while)
<jsub><request><index>29568252</index><jobIndex>61174416</jobIndex></request></jsub>
 
5179 has an AugerID of 61174416
~~~~~~~~~~~~~~~~~~~~~~~~~~~~~~~~~~~~~~~~~~~~~~~~~~~~~~~~~~~~~~~~~~~~~~~~~~~~~~~~~~~~~~~~~~~~~~~~~~~~~~~~~~~~~
Run number read from file: 5181

Job 20/20
Running trotta_lumiscanJob.txt for 5181
Submitting batch
Parsing script ... (it may take while)
<jsub><request><index>29568253</index><jobIndex>61174417</jobIndex></request></jsub>
 
5181 has an AugerID of 61174417
~~~~~~~~~~~~~~~~~~~~~~~~~~~~~~~~~~~~~~~~~~~~~~~~~~~~~~~~~~~~~~~~~~~~~~~~~~~~~~~~~~~~~~~~~~~~~~~~~~~~~~~~~~~~~
 
###############################################################################################################
############################################ END OF JOB SUBMISSIONS ###########################################
###############################################################################################################
 
5154 has an AugerID of 61174398
5155 has an AugerID of 61174399
5156 has an AugerID of 61174400
5157 has an AugerID of 61174401
5158 has an AugerID of 61174402
5160 has an AugerID of 61174403
5161 has an AugerID of 61174404
5162 has an AugerID of 61174405
5163 has an AugerID of 61174406
5166 has an AugerID of 61174407
5167 has an AugerID of 61174408
5168 has an AugerID of 61174409
5169 has an AugerID of 61174410
5170 has an AugerID of 61174411
5171 has an AugerID of 61174412
5175 has an AugerID of 61174413
5176 has an AugerID of 61174414
5178 has an AugerID of 61174415
5179 has an AugerID of 61174416
5181 has an AugerID of 61174417
~~~~~~~~~~~~~~~~~~~~~~~~~~~~~~~~~~~~~~~~~~~~~~~~~~~~~~~~~~~~~~~~~~~~~~~~~~~~~~~~~~~~~~~~~~~~~~~~~~~~~~~~~~~~~
JOB_ID    USER      STAT    QUEUE      EXEC_HOST   JOB_NAME         SUBMIT_TIME   CPU_TIME  WALLTIME  ACCOUNT    
61174398  trottar     R    prod64      farm180303 ...umiscan_5154   Dec 11 09:26  00:00:04   00:01:42   hallc     
61174399  trottar     R    prod64      farm180242 ...umiscan_5155   Dec 11 09:26  00:00:04   00:05:39   hallc     
61174400  trottar     R    prod64      farm180231 ...umiscan_5156   Dec 11 09:26  00:00:01   00:02:02   hallc     
61174401  trottar     R    prod64      farm180231 ...umiscan_5157   Dec 11 09:26  00:00:07   00:05:44   hallc     
61174402  trottar     R    prod64      farm180216 ...umiscan_5158   Dec 11 09:26  00:00:03   00:05:29   hallc     
61174403  trottar     R    prod64      farm180245 ...umiscan_5160   Dec 11 09:32  00:00:04   00:01:32   hallc     
61174404  trottar     R    prod64      farm180213 ...umiscan_5161   Dec 11 09:32  00:00:04   00:01:44   hallc     
61174405  trottar     R    prod64      farm180213 ...umiscan_5162   Dec 11 09:32  00:00:04   00:01:43   hallc     
61174406  trottar     R    prod64      farm180213 ...umiscan_5163   Dec 11 09:32  00:00:04   00:01:43   hallc     
61174407  trottar     R    prod64      farm180213 ...umiscan_5166   Dec 11 09:32  00:00:03   00:01:43   hallc     
61174408  trottar     R    prod64      farm180132 ...umiscan_5167   Dec 11 09:32  00:00:00   00:01:46   hallc     
61174409  trottar     R    prod64      farm180128 ...umiscan_5168   Dec 11 09:32  00:00:03   00:01:59   hallc     
61174410  trottar     R    prod64      farm180128 ...umiscan_5169   Dec 11 09:32  00:00:03   00:01:59   hallc     
61174411  trottar     R    prod64      farm180125 ...umiscan_5170   Dec 11 09:32  --         --         hallc     
61174412  trottar     A    prod64      --         ...umiscan_5171   Dec 11 09:31  --         --         hallc     
61174413  trottar     A    prod64      --         ...umiscan_5175   Dec 11 09:31  --         --         hallc     
61174414  trottar     A    prod64      --         ...umiscan_5176   Dec 11 09:32  --         --         hallc     
61174415  trottar     A    prod64      --         ...umiscan_5178   Dec 11 09:32  --         --         hallc     
61174416  trottar     A    prod64      --         ...umiscan_5179   Dec 11 09:33  --         --         hallc     
61174417  trottar     A    prod64      --         ...umiscan_5181   Dec 11 09:33  --         --         hallc     
 
There are 20 jobs remaining
~~~~~~~~~~~~~~~~~~~~~~~~~~~~~~~~~~~~~~~~~~~~~~~~~~~~~~~~~~~~~~~~~~~~~~~~~~~~~~~~~~~~~~~~~~~~~~~~~~~~~~~~~~~~~
JOB_ID    USER      STAT    QUEUE      EXEC_HOST   JOB_NAME         SUBMIT_TIME   CPU_TIME  WALLTIME  ACCOUNT    
61174398  trottar     R    prod64      farm180303 ...umiscan_5154   Dec 11 09:26  00:00:04   00:07:51   hallc     
61174399  trottar     R    prod64      farm180242 ...umiscan_5155   Dec 11 09:26  00:00:04   00:07:54   hallc     
61174400  trottar     R    prod64      farm180231 ...umiscan_5156   Dec 11 09:26  00:00:09   00:08:00   hallc     
61174401  trottar     R    prod64      farm180231 ...umiscan_5157   Dec 11 09:26  00:00:10   00:07:57   hallc     
61174402  trottar     R    prod64      farm180216 ...umiscan_5158   Dec 11 09:26  00:00:03   00:05:29   hallc     
61174403  trottar     R    prod64      farm180245 ...umiscan_5160   Dec 11 09:32  00:00:04   00:01:32   hallc     
61174404  trottar     R    prod64      farm180213 ...umiscan_5161   Dec 11 09:32  00:00:04   00:01:44   hallc     
61174405  trottar     R    prod64      farm180213 ...umiscan_5162   Dec 11 09:32  00:00:04   00:01:43   hallc     
61174406  trottar     R    prod64      farm180213 ...umiscan_5163   Dec 11 09:32  00:00:04   00:01:43   hallc     
61174407  trottar     R    prod64      farm180213 ...umiscan_5166   Dec 11 09:32  00:00:03   00:01:43   hallc     
61174408  trottar     R    prod64      farm180132 ...umiscan_5167   Dec 11 09:32  00:00:00   00:01:46   hallc     
61174409  trottar     R    prod64      farm180128 ...umiscan_5168   Dec 11 09:32  00:00:03   00:01:59   hallc     
61174410  trottar     R    prod64      farm180128 ...umiscan_5169   Dec 11 09:32  00:00:03   00:01:59   hallc     
61174411  trottar     R    prod64      farm180125 ...umiscan_5170   Dec 11 09:32  --         --         hallc     
61174412  trottar     R    prod64      farm180247 ...umiscan_5171   Dec 11 09:36  --         --         hallc     
61174413  trottar     R    prod64      farm180247 ...umiscan_5175   Dec 11 09:36  --         --         hallc     
61174414  trottar     R    prod64      farm180247 ...umiscan_5176   Dec 11 09:36  --         --         hallc     
61174415  trottar     R    prod64      farm180216 ...umiscan_5178   Dec 11 09:36  --         --         hallc     
61174416  trottar     R    prod64      farm180216 ...umiscan_5179   Dec 11 09:36  --         --         hallc     
61174417  trottar     R    prod64      farm180216 ...umiscan_5181   Dec 11 09:36  --         --         hallc     
 
There are 20 jobs remaining
~~~~~~~~~~~~~~~~~~~~~~~~~~~~~~~~~~~~~~~~~~~~~~~~~~~~~~~~~~~~~~~~~~~~~~~~~~~~~~~~~~~~~~~~~~~~~~~~~~~~~~~~~~~~~
JOB_ID    USER      STAT    QUEUE      EXEC_HOST   JOB_NAME         SUBMIT_TIME   CPU_TIME  WALLTIME  ACCOUNT    
61174398  trottar     R    prod64      farm180303 ...umiscan_5154   Dec 11 09:26  00:00:04   00:09:57   hallc     
61174399  trottar     R    prod64      farm180242 ...umiscan_5155   Dec 11 09:26  00:00:04   00:07:54   hallc     
61174400  trottar     R    prod64      farm180231 ...umiscan_5156   Dec 11 09:26  00:00:11   00:09:31   hallc     
61174401  trottar     R    prod64      farm180231 ...umiscan_5157   Dec 11 09:26  00:00:11   00:09:28   hallc     
61174402  trottar     R    prod64      farm180216 ...umiscan_5158   Dec 11 09:26  00:00:03   00:05:29   hallc     
61174403  trottar     R    prod64      farm180245 ...umiscan_5160   Dec 11 09:32  00:00:04   00:01:32   hallc     
61174404  trottar     R    prod64      farm180213 ...umiscan_5161   Dec 11 09:32  00:00:04   00:01:44   hallc     
61174405  trottar     R    prod64      farm180213 ...umiscan_5162   Dec 11 09:32  00:00:04   00:03:58   hallc     
61174406  trottar     R    prod64      farm180213 ...umiscan_5163   Dec 11 09:32  00:00:04   00:03:58   hallc     
61174407  trottar     R    prod64      farm180213 ...umiscan_5166   Dec 11 09:32  00:00:03   00:01:43   hallc     
61174408  trottar     R    prod64      farm180132 ...umiscan_5167   Dec 11 09:32  00:00:05   00:04:01   hallc     
61174409  trottar     R    prod64      farm180128 ...umiscan_5168   Dec 11 09:32  00:00:03   00:03:29   hallc     
61174410  trottar     R    prod64      farm180128 ...umiscan_5169   Dec 11 09:32  00:00:03   00:01:59   hallc     
61174411  trottar     R    prod64      farm180125 ...umiscan_5170   Dec 11 09:32  00:00:03   00:04:04   hallc     
61174412  trottar     R    prod64      farm180247 ...umiscan_5171   Dec 11 09:36  --         --         hallc     
61174413  trottar     R    prod64      farm180247 ...umiscan_5175   Dec 11 09:36  --         --         hallc     
61174414  trottar     R    prod64      farm180247 ...umiscan_5176   Dec 11 09:36  --         --         hallc     
61174415  trottar     R    prod64      farm180216 ...umiscan_5178   Dec 11 09:36  --         --         hallc     
61174416  trottar     R    prod64      farm180216 ...umiscan_5179   Dec 11 09:36  --         --         hallc     
61174417  trottar     R    prod64      farm180216 ...umiscan_5181   Dec 11 09:36  --         --         hallc     
 
There are 20 jobs remaining
~~~~~~~~~~~~~~~~~~~~~~~~~~~~~~~~~~~~~~~~~~~~~~~~~~~~~~~~~~~~~~~~~~~~~~~~~~~~~~~~~~~~~~~~~~~~~~~~~~~~~~~~~~~~~
JOB_ID    USER      STAT    QUEUE      EXEC_HOST   JOB_NAME         SUBMIT_TIME   CPU_TIME  WALLTIME  ACCOUNT    
61174398  trottar     R    prod64      farm180303 ...umiscan_5154   Dec 11 09:26  00:00:05   00:12:12   hallc     
61174399  trottar     R    prod64      farm180242 ...umiscan_5155   Dec 11 09:26  00:00:04   00:07:54   hallc     
61174400  trottar     R    prod64      farm180231 ...umiscan_5156   Dec 11 09:26  00:00:12   00:11:46   hallc     
61174401  trottar     R    prod64      farm180231 ...umiscan_5157   Dec 11 09:26  00:00:11   00:09:28   hallc     
61174402  trottar     R    prod64      farm180216 ...umiscan_5158   Dec 11 09:26  00:00:03   00:05:29   hallc     
61174403  trottar     R    prod64      farm180245 ...umiscan_5160   Dec 11 09:32  00:00:04   00:01:32   hallc     
61174404  trottar     R    prod64      farm180213 ...umiscan_5161   Dec 11 09:32  00:00:04   00:01:44   hallc     
61174405  trottar     R    prod64      farm180213 ...umiscan_5162   Dec 11 09:32  00:00:04   00:03:58   hallc     
61174406  trottar     R    prod64      farm180213 ...umiscan_5163   Dec 11 09:32  00:00:04   00:03:58   hallc     
61174407  trottar     R    prod64      farm180213 ...umiscan_5166   Dec 11 09:32  00:00:03   00:01:43   hallc     
61174408  trottar     R    prod64      farm180132 ...umiscan_5167   Dec 11 09:32  00:00:05   00:04:01   hallc     
61174409  trottar     R    prod64      farm180128 ...umiscan_5168   Dec 11 09:32  00:00:03   00:05:45   hallc     
61174410  trottar     R    prod64      farm180128 ...umiscan_5169   Dec 11 09:32  00:00:03   00:01:59   hallc     
61174411  trottar     R    prod64      farm180125 ...umiscan_5170   Dec 11 09:32  00:00:03   00:05:35   hallc     
61174412  trottar     R    prod64      farm180247 ...umiscan_5171   Dec 11 09:36  00:00:04   00:01:34   hallc     
61174413  trottar     R    prod64      farm180247 ...umiscan_5175   Dec 11 09:36  00:00:04   00:01:34   hallc     
61174414  trottar     R    prod64      farm180247 ...umiscan_5176   Dec 11 09:36  00:00:04   00:01:34   hallc     
61174415  trottar     R    prod64      farm180216 ...umiscan_5178   Dec 11 09:36  00:00:04   00:01:54   hallc     
61174416  trottar     R    prod64      farm180216 ...umiscan_5179   Dec 11 09:36  00:00:04   00:01:53   hallc     
61174417  trottar     R    prod64      farm180216 ...umiscan_5181   Dec 11 09:36  00:00:04   00:01:53   hallc     
 
There are 20 jobs remaining
~~~~~~~~~~~~~~~~~~~~~~~~~~~~~~~~~~~~~~~~~~~~~~~~~~~~~~~~~~~~~~~~~~~~~~~~~~~~~~~~~~~~~~~~~~~~~~~~~~~~~~~~~~~~~
JOB_ID    USER      STAT    QUEUE      EXEC_HOST   JOB_NAME         SUBMIT_TIME   CPU_TIME  WALLTIME  ACCOUNT    
61174398  trottar     R    prod64      farm180303 ...umiscan_5154   Dec 11 09:26  00:00:05   00:12:12   hallc     
61174399  trottar     R    prod64      farm180242 ...umiscan_5155   Dec 11 09:26  00:00:04   00:07:54   hallc     
61174400  trottar     R    prod64      farm180231 ...umiscan_5156   Dec 11 09:26  00:00:12   00:11:46   hallc     
61174401  trottar     R    prod64      farm180231 ...umiscan_5157   Dec 11 09:26  00:00:11   00:09:28   hallc     
61174402  trottar     R    prod64      farm180216 ...umiscan_5158   Dec 11 09:26  00:00:03   00:05:29   hallc     
61174403  trottar     R    prod64      farm180245 ...umiscan_5160   Dec 11 09:32  00:00:04   00:01:32   hallc     
61174404  trottar     R    prod64      farm180213 ...umiscan_5161   Dec 11 09:32  00:00:04   00:01:44   hallc     
61174405  trottar     R    prod64      farm180213 ...umiscan_5162   Dec 11 09:32  00:00:04   00:07:43   hallc     
61174406  trottar     R    prod64      farm180213 ...umiscan_5163   Dec 11 09:32  00:00:04   00:07:43   hallc     
61174407  trottar     R    prod64      farm180213 ...umiscan_5166   Dec 11 09:32  00:00:03   00:01:43   hallc     
61174408  trottar     R    prod64      farm180132 ...umiscan_5167   Dec 11 09:32  00:00:05   00:04:01   hallc     
61174409  trottar     R    prod64      farm180128 ...umiscan_5168   Dec 11 09:32  00:00:03   00:07:59   hallc     
61174410  trottar     R    prod64      farm180128 ...umiscan_5169   Dec 11 09:32  00:00:03   00:01:59   hallc     
61174411  trottar     R    prod64      farm180125 ...umiscan_5170   Dec 11 09:32  00:00:03   00:07:51   hallc     
61174412  trottar     R    prod64      farm180247 ...umiscan_5171   Dec 11 09:36  00:00:04   00:03:49   hallc     
61174413  trottar     R    prod64      farm180247 ...umiscan_5175   Dec 11 09:36  00:00:04   00:03:49   hallc     
61174414  trottar     R    prod64      farm180247 ...umiscan_5176   Dec 11 09:36  00:00:04   00:03:49   hallc     
61174415  trottar     R    prod64      farm180216 ...umiscan_5178   Dec 11 09:36  00:00:04   00:03:44   hallc     
61174416  trottar     R    prod64      farm180216 ...umiscan_5179   Dec 11 09:36  00:00:04   00:03:43   hallc     
61174417  trottar     R    prod64      farm180216 ...umiscan_5181   Dec 11 09:36  00:00:04   00:01:53   hallc     
