~~~~~~~~~~~~~~~~~~~~~~~~~~~~~~~~~~~~~~~~~~~~~~~~~~~~~~~~~~~~~~~~~~~~~~~~~~~~~~~~~~~~~~~~~~~~~~~~~~~~~~~~~~~~~
Run number read from file: 5154

Job 1/20
Running trotta_lumiscanJob.txt for 5154
Submitting batch
Parsing script ... (it may take while)
<jsub><request><index>30284827</index><jobIndex>63244620</jobIndex></request></jsub>
 
5154 has an AugerID of 63244620
~~~~~~~~~~~~~~~~~~~~~~~~~~~~~~~~~~~~~~~~~~~~~~~~~~~~~~~~~~~~~~~~~~~~~~~~~~~~~~~~~~~~~~~~~~~~~~~~~~~~~~~~~~~~~
Run number read from file: 5155

Job 2/20
Running trotta_lumiscanJob.txt for 5155
Submitting batch
Parsing script ... (it may take while)
<jsub><request><index>30284829</index><jobIndex>63244749</jobIndex></request></jsub>
 
5155 has an AugerID of 63244749
~~~~~~~~~~~~~~~~~~~~~~~~~~~~~~~~~~~~~~~~~~~~~~~~~~~~~~~~~~~~~~~~~~~~~~~~~~~~~~~~~~~~~~~~~~~~~~~~~~~~~~~~~~~~~
Run number read from file: 5156

Job 3/20
Running trotta_lumiscanJob.txt for 5156
Submitting batch
Parsing script ... (it may take while)
<jsub><request><index>30284830</index><jobIndex>63244750</jobIndex></request></jsub>
 
5156 has an AugerID of 63244750
~~~~~~~~~~~~~~~~~~~~~~~~~~~~~~~~~~~~~~~~~~~~~~~~~~~~~~~~~~~~~~~~~~~~~~~~~~~~~~~~~~~~~~~~~~~~~~~~~~~~~~~~~~~~~
Run number read from file: 5157

Job 4/20
Running trotta_lumiscanJob.txt for 5157
Submitting batch
Parsing script ... (it may take while)
<jsub><request><index>30284831</index><jobIndex>63244751</jobIndex></request></jsub>
 
5157 has an AugerID of 63244751
~~~~~~~~~~~~~~~~~~~~~~~~~~~~~~~~~~~~~~~~~~~~~~~~~~~~~~~~~~~~~~~~~~~~~~~~~~~~~~~~~~~~~~~~~~~~~~~~~~~~~~~~~~~~~
Run number read from file: 5158

Job 5/20
Running trotta_lumiscanJob.txt for 5158
Submitting batch
Parsing script ... (it may take while)
<jsub><request><index>30284832</index><jobIndex>63244752</jobIndex></request></jsub>
 
5158 has an AugerID of 63244752
~~~~~~~~~~~~~~~~~~~~~~~~~~~~~~~~~~~~~~~~~~~~~~~~~~~~~~~~~~~~~~~~~~~~~~~~~~~~~~~~~~~~~~~~~~~~~~~~~~~~~~~~~~~~~
Run number read from file: 5160

Job 6/20
Running trotta_lumiscanJob.txt for 5160
Submitting batch
Parsing script ... (it may take while)
<jsub><request><index>30284833</index><jobIndex>63244753</jobIndex></request></jsub>
 
5160 has an AugerID of 63244753
~~~~~~~~~~~~~~~~~~~~~~~~~~~~~~~~~~~~~~~~~~~~~~~~~~~~~~~~~~~~~~~~~~~~~~~~~~~~~~~~~~~~~~~~~~~~~~~~~~~~~~~~~~~~~
Run number read from file: 5161

Job 7/20
Running trotta_lumiscanJob.txt for 5161
Submitting batch
Parsing script ... (it may take while)
<jsub><request><index>30284834</index><jobIndex>63244754</jobIndex></request></jsub>
 
5161 has an AugerID of 63244754
~~~~~~~~~~~~~~~~~~~~~~~~~~~~~~~~~~~~~~~~~~~~~~~~~~~~~~~~~~~~~~~~~~~~~~~~~~~~~~~~~~~~~~~~~~~~~~~~~~~~~~~~~~~~~
Run number read from file: 5162

Job 8/20
Running trotta_lumiscanJob.txt for 5162
Submitting batch
Parsing script ... (it may take while)
<jsub><request><index>30284835</index><jobIndex>63244755</jobIndex></request></jsub>
 
5162 has an AugerID of 63244755
~~~~~~~~~~~~~~~~~~~~~~~~~~~~~~~~~~~~~~~~~~~~~~~~~~~~~~~~~~~~~~~~~~~~~~~~~~~~~~~~~~~~~~~~~~~~~~~~~~~~~~~~~~~~~
Run number read from file: 5163

Job 9/20
Running trotta_lumiscanJob.txt for 5163
Submitting batch
Parsing script ... (it may take while)
<jsub><request><index>30284836</index><jobIndex>63244756</jobIndex></request></jsub>
 
5163 has an AugerID of 63244756
~~~~~~~~~~~~~~~~~~~~~~~~~~~~~~~~~~~~~~~~~~~~~~~~~~~~~~~~~~~~~~~~~~~~~~~~~~~~~~~~~~~~~~~~~~~~~~~~~~~~~~~~~~~~~
Run number read from file: 5166

Job 10/20
Running trotta_lumiscanJob.txt for 5166
Submitting batch
Parsing script ... (it may take while)
<jsub><request><index>30284837</index><jobIndex>63244757</jobIndex></request></jsub>
 
5166 has an AugerID of 63244757
~~~~~~~~~~~~~~~~~~~~~~~~~~~~~~~~~~~~~~~~~~~~~~~~~~~~~~~~~~~~~~~~~~~~~~~~~~~~~~~~~~~~~~~~~~~~~~~~~~~~~~~~~~~~~
Run number read from file: 5167

Job 11/20
Running trotta_lumiscanJob.txt for 5167
Submitting batch
Parsing script ... (it may take while)
<jsub><request><index>30284838</index><jobIndex>63244758</jobIndex></request></jsub>
 
5167 has an AugerID of 63244758
~~~~~~~~~~~~~~~~~~~~~~~~~~~~~~~~~~~~~~~~~~~~~~~~~~~~~~~~~~~~~~~~~~~~~~~~~~~~~~~~~~~~~~~~~~~~~~~~~~~~~~~~~~~~~
Run number read from file: 5168

Job 12/20
Running trotta_lumiscanJob.txt for 5168
Submitting batch
Parsing script ... (it may take while)
<jsub><request><index>30284839</index><jobIndex>63244759</jobIndex></request></jsub>
 
5168 has an AugerID of 63244759
~~~~~~~~~~~~~~~~~~~~~~~~~~~~~~~~~~~~~~~~~~~~~~~~~~~~~~~~~~~~~~~~~~~~~~~~~~~~~~~~~~~~~~~~~~~~~~~~~~~~~~~~~~~~~
Run number read from file: 5169

Job 13/20
Running trotta_lumiscanJob.txt for 5169
Submitting batch
Parsing script ... (it may take while)
<jsub><request><index>30284840</index><jobIndex>63244760</jobIndex></request></jsub>
 
5169 has an AugerID of 63244760
~~~~~~~~~~~~~~~~~~~~~~~~~~~~~~~~~~~~~~~~~~~~~~~~~~~~~~~~~~~~~~~~~~~~~~~~~~~~~~~~~~~~~~~~~~~~~~~~~~~~~~~~~~~~~
Run number read from file: 5170

Job 14/20
Running trotta_lumiscanJob.txt for 5170
Submitting batch
Parsing script ... (it may take while)
<jsub><request><index>30284841</index><jobIndex>63244761</jobIndex></request></jsub>
 
5170 has an AugerID of 63244761
~~~~~~~~~~~~~~~~~~~~~~~~~~~~~~~~~~~~~~~~~~~~~~~~~~~~~~~~~~~~~~~~~~~~~~~~~~~~~~~~~~~~~~~~~~~~~~~~~~~~~~~~~~~~~
Run number read from file: 5171

Job 15/20
Running trotta_lumiscanJob.txt for 5171
Submitting batch
Parsing script ... (it may take while)
<jsub><request><index>30284842</index><jobIndex>63244762</jobIndex></request></jsub>
 
5171 has an AugerID of 63244762
~~~~~~~~~~~~~~~~~~~~~~~~~~~~~~~~~~~~~~~~~~~~~~~~~~~~~~~~~~~~~~~~~~~~~~~~~~~~~~~~~~~~~~~~~~~~~~~~~~~~~~~~~~~~~
Run number read from file: 5175

Job 16/20
Running trotta_lumiscanJob.txt for 5175
Submitting batch
Parsing script ... (it may take while)
<jsub><request><index>30284843</index><jobIndex>63244763</jobIndex></request></jsub>
 
5175 has an AugerID of 63244763
~~~~~~~~~~~~~~~~~~~~~~~~~~~~~~~~~~~~~~~~~~~~~~~~~~~~~~~~~~~~~~~~~~~~~~~~~~~~~~~~~~~~~~~~~~~~~~~~~~~~~~~~~~~~~
Run number read from file: 5176

Job 17/20
Running trotta_lumiscanJob.txt for 5176
Submitting batch
Parsing script ... (it may take while)
<jsub><request><index>30284844</index><jobIndex>63244764</jobIndex></request></jsub>
 
5176 has an AugerID of 63244764
~~~~~~~~~~~~~~~~~~~~~~~~~~~~~~~~~~~~~~~~~~~~~~~~~~~~~~~~~~~~~~~~~~~~~~~~~~~~~~~~~~~~~~~~~~~~~~~~~~~~~~~~~~~~~
Run number read from file: 5178

Job 18/20
Running trotta_lumiscanJob.txt for 5178
Submitting batch
Parsing script ... (it may take while)
<jsub><request><index>30284845</index><jobIndex>63244765</jobIndex></request></jsub>
 
5178 has an AugerID of 63244765
~~~~~~~~~~~~~~~~~~~~~~~~~~~~~~~~~~~~~~~~~~~~~~~~~~~~~~~~~~~~~~~~~~~~~~~~~~~~~~~~~~~~~~~~~~~~~~~~~~~~~~~~~~~~~
Run number read from file: 5179

Job 19/20
Running trotta_lumiscanJob.txt for 5179
Submitting batch
Parsing script ... (it may take while)
<jsub><request><index>30284846</index><jobIndex>63244766</jobIndex></request></jsub>
 
5179 has an AugerID of 63244766
~~~~~~~~~~~~~~~~~~~~~~~~~~~~~~~~~~~~~~~~~~~~~~~~~~~~~~~~~~~~~~~~~~~~~~~~~~~~~~~~~~~~~~~~~~~~~~~~~~~~~~~~~~~~~
Run number read from file: 5181

Job 20/20
Running trotta_lumiscanJob.txt for 5181
Submitting batch
Parsing script ... (it may take while)
<jsub><request><index>30284847</index><jobIndex>63244767</jobIndex></request></jsub>
 
5181 has an AugerID of 63244767
~~~~~~~~~~~~~~~~~~~~~~~~~~~~~~~~~~~~~~~~~~~~~~~~~~~~~~~~~~~~~~~~~~~~~~~~~~~~~~~~~~~~~~~~~~~~~~~~~~~~~~~~~~~~~
 
###############################################################################################################
############################################ END OF JOB SUBMISSIONS ###########################################
###############################################################################################################
 
5154 has an AugerID of 63244620
5155 has an AugerID of 63244749
5156 has an AugerID of 63244750
5157 has an AugerID of 63244751
5158 has an AugerID of 63244752
5160 has an AugerID of 63244753
5161 has an AugerID of 63244754
5162 has an AugerID of 63244755
5163 has an AugerID of 63244756
5166 has an AugerID of 63244757
5167 has an AugerID of 63244758
5168 has an AugerID of 63244759
5169 has an AugerID of 63244760
5170 has an AugerID of 63244761
5171 has an AugerID of 63244762
5175 has an AugerID of 63244763
5176 has an AugerID of 63244764
5178 has an AugerID of 63244765
5179 has an AugerID of 63244766
5181 has an AugerID of 63244767
~~~~~~~~~~~~~~~~~~~~~~~~~~~~~~~~~~~~~~~~~~~~~~~~~~~~~~~~~~~~~~~~~~~~~~~~~~~~~~~~~~~~~~~~~~~~~~~~~~~~~~~~~~~~~
JOB_ID    USER      STAT    QUEUE      EXEC_HOST   JOB_NAME         SUBMIT_TIME   CPU_TIME  WALLTIME  ACCOUNT    
63244620  trottar     R    priority    farm180135 ...umiscan_5154   Feb 05 19:42  00:07:34   00:08:00   hallc     
63244749  trottar     R    priority    farm180135 ...umiscan_5155   Feb 05 19:42  00:07:34   00:07:59   hallc     
63244750  trottar     R    priority    farm180135 ...umiscan_5156   Feb 05 19:42  00:07:30   00:07:59   hallc     
63244751  trottar     R    priority    farm180135 ...umiscan_5157   Feb 05 19:42  00:07:30   00:07:59   hallc     
63244752  trottar     R    priority    farm180135 ...umiscan_5158   Feb 05 19:42  00:07:34   00:07:59   hallc     
63244758  trottar     R    priority    farm180135 ...umiscan_5167   Feb 05 19:46  00:03:58   00:04:00   hallc     
63244759  trottar     R    priority    farm180135 ...umiscan_5168   Feb 05 19:46  00:03:57   00:04:00   hallc     
63244760  trottar     R    priority    farm180217 ...umiscan_5169   Feb 05 19:48  00:01:53   00:02:04   hallc     
63244761  trottar     R    priority    farm180217 ...umiscan_5170   Feb 05 19:48  00:01:52   00:02:04   hallc     
63244762  trottar     R    priority    farm180217 ...umiscan_5171   Feb 05 19:48  00:01:53   00:02:03   hallc     
63244763  trottar     R    priority    farm180217 ...umiscan_5175   Feb 05 19:48  00:01:50   00:02:03   hallc     
63244764  trottar     R    priority    farm180217 ...umiscan_5176   Feb 05 19:51  --         --         hallc     
63244765  trottar     R    priority    farm180217 ...umiscan_5178   Feb 05 19:51  --         --         hallc     
63244766  trottar     R    priority    farm180217 ...umiscan_5179   Feb 05 19:51  --         --         hallc     
63244767  trottar     A    priority    --         ...umiscan_5181   Feb 05 19:50  --         --         hallc     
 
There are 15 jobs remaining
~~~~~~~~~~~~~~~~~~~~~~~~~~~~~~~~~~~~~~~~~~~~~~~~~~~~~~~~~~~~~~~~~~~~~~~~~~~~~~~~~~~~~~~~~~~~~~~~~~~~~~~~~~~~~
JOB_ID    USER      STAT    QUEUE      EXEC_HOST   JOB_NAME         SUBMIT_TIME   CPU_TIME  WALLTIME  ACCOUNT    
63244620  trottar     R    priority    farm180135 ...umiscan_5154   Feb 05 19:42  00:09:48   00:10:15   hallc     
63244749  trottar     R    priority    farm180135 ...umiscan_5155   Feb 05 19:42  00:09:49   00:10:14   hallc     
63244750  trottar     R    priority    farm180135 ...umiscan_5156   Feb 05 19:42  00:09:46   00:10:14   hallc     
63244751  trottar     R    priority    farm180135 ...umiscan_5157   Feb 05 19:42  00:09:44   00:10:14   hallc     
63244752  trottar     R    priority    farm180135 ...umiscan_5158   Feb 05 19:42  00:09:49   00:10:14   hallc     
63244758  trottar     R    priority    farm180135 ...umiscan_5167   Feb 05 19:46  00:05:58   00:05:59   hallc     
63244759  trottar     R    priority    farm180135 ...umiscan_5168   Feb 05 19:46  00:05:56   00:05:59   hallc     
63244760  trottar     R    priority    farm180217 ...umiscan_5169   Feb 05 19:48  00:01:53   00:02:04   hallc     
63244761  trottar     R    priority    farm180217 ...umiscan_5170   Feb 05 19:48  00:01:52   00:02:04   hallc     
63244762  trottar     R    priority    farm180217 ...umiscan_5171   Feb 05 19:48  00:01:53   00:02:03   hallc     
63244763  trottar     R    priority    farm180217 ...umiscan_5175   Feb 05 19:48  00:01:50   00:02:03   hallc     
63244764  trottar     R    priority    farm180217 ...umiscan_5176   Feb 05 19:51  --         --         hallc     
63244765  trottar     R    priority    farm180217 ...umiscan_5178   Feb 05 19:51  --         --         hallc     
63244766  trottar     R    priority    farm180217 ...umiscan_5179   Feb 05 19:51  --         --         hallc     
63244767  trottar     A    priority    --         ...umiscan_5181   Feb 05 19:50  --         --         hallc     
 
There are 15 jobs remaining
~~~~~~~~~~~~~~~~~~~~~~~~~~~~~~~~~~~~~~~~~~~~~~~~~~~~~~~~~~~~~~~~~~~~~~~~~~~~~~~~~~~~~~~~~~~~~~~~~~~~~~~~~~~~~
JOB_ID    USER      STAT    QUEUE      EXEC_HOST   JOB_NAME         SUBMIT_TIME   CPU_TIME  WALLTIME  ACCOUNT    
63244620  trottar     R    priority    farm180135 ...umiscan_5154   Feb 05 19:42  00:09:48   00:10:15   hallc     
63244749  trottar     R    priority    farm180135 ...umiscan_5155   Feb 05 19:42  00:09:49   00:10:14   hallc     
63244750  trottar     R    priority    farm180135 ...umiscan_5156   Feb 05 19:42  00:09:46   00:10:14   hallc     
63244751  trottar     R    priority    farm180135 ...umiscan_5157   Feb 05 19:42  00:09:44   00:10:14   hallc     
63244752  trottar     R    priority    farm180135 ...umiscan_5158   Feb 05 19:42  00:09:49   00:10:14   hallc     
63244758  trottar     R    priority    farm180135 ...umiscan_5167   Feb 05 19:46  00:07:43   00:07:45   hallc     
63244759  trottar     R    priority    farm180135 ...umiscan_5168   Feb 05 19:46  00:07:42   00:07:45   hallc     
63244760  trottar     R    priority    farm180217 ...umiscan_5169   Feb 05 19:48  00:03:23   00:03:34   hallc     
63244761  trottar     R    priority    farm180217 ...umiscan_5170   Feb 05 19:48  00:03:21   00:03:34   hallc     
63244762  trottar     R    priority    farm180217 ...umiscan_5171   Feb 05 19:48  00:03:23   00:03:33   hallc     
63244763  trottar     R    priority    farm180217 ...umiscan_5175   Feb 05 19:48  00:03:20   00:03:33   hallc     
63244764  trottar     R    priority    farm180217 ...umiscan_5176   Feb 05 19:51  00:02:01   00:02:05   hallc     
63244765  trottar     R    priority    farm180217 ...umiscan_5178   Feb 05 19:51  00:02:02   00:02:05   hallc     
63244766  trottar     R    priority    farm180217 ...umiscan_5179   Feb 05 19:51  00:01:45   00:02:05   hallc     
63244767  trottar     R    priority    farm12014  ...umiscan_5181   Feb 05 19:53  --         --         hallc     
 
There are 14 jobs remaining
~~~~~~~~~~~~~~~~~~~~~~~~~~~~~~~~~~~~~~~~~~~~~~~~~~~~~~~~~~~~~~~~~~~~~~~~~~~~~~~~~~~~~~~~~~~~~~~~~~~~~~~~~~~~~
JOB_ID    USER      STAT    QUEUE      EXEC_HOST   JOB_NAME         SUBMIT_TIME   CPU_TIME  WALLTIME  ACCOUNT    
63244620  trottar     R    priority    farm180135 ...umiscan_5154   Feb 05 19:42  00:11:35   00:12:01   hallc     
63244749  trottar     R    priority    farm180135 ...umiscan_5155   Feb 05 19:42  00:11:36   00:12:00   hallc     
63244750  trottar     R    priority    farm180135 ...umiscan_5156   Feb 05 19:42  00:11:31   00:12:00   hallc     
63244751  trottar     R    priority    farm180135 ...umiscan_5157   Feb 05 19:42  00:11:31   00:12:00   hallc     
63244752  trottar     R    priority    farm180135 ...umiscan_5158   Feb 05 19:42  00:11:35   00:12:00   hallc     
63244758  trottar     R    priority    farm180135 ...umiscan_5167   Feb 05 19:46  00:07:43   00:07:45   hallc     
63244759  trottar     R    priority    farm180135 ...umiscan_5168   Feb 05 19:46  00:07:42   00:07:45   hallc     
63244760  trottar     R    priority    farm180217 ...umiscan_5169   Feb 05 19:48  00:05:38   00:05:49   hallc     
63244761  trottar     R    priority    farm180217 ...umiscan_5170   Feb 05 19:48  00:05:36   00:05:49   hallc     
63244762  trottar     R    priority    farm180217 ...umiscan_5171   Feb 05 19:48  00:05:38   00:05:48   hallc     
63244763  trottar     R    priority    farm180217 ...umiscan_5175   Feb 05 19:48  00:05:35   00:05:48   hallc     
63244764  trottar     R    priority    farm180217 ...umiscan_5176   Feb 05 19:51  00:03:33   00:03:36   hallc     
63244765  trottar     R    priority    farm180217 ...umiscan_5178   Feb 05 19:51  00:03:34   00:03:36   hallc     
63244766  trottar     R    priority    farm180217 ...umiscan_5179   Feb 05 19:51  00:03:16   00:03:36   hallc     
 
There are 14 jobs remaining
~~~~~~~~~~~~~~~~~~~~~~~~~~~~~~~~~~~~~~~~~~~~~~~~~~~~~~~~~~~~~~~~~~~~~~~~~~~~~~~~~~~~~~~~~~~~~~~~~~~~~~~~~~~~~
JOB_ID    USER      STAT    QUEUE      EXEC_HOST   JOB_NAME         SUBMIT_TIME   CPU_TIME  WALLTIME  ACCOUNT    
63244620  trottar     R    priority    farm180135 ...umiscan_5154   Feb 05 19:42  00:13:49   00:14:16   hallc     
63244749  trottar     R    priority    farm180135 ...umiscan_5155   Feb 05 19:42  00:13:50   00:14:15   hallc     
63244750  trottar     R    priority    farm180135 ...umiscan_5156   Feb 05 19:42  00:13:47   00:14:15   hallc     
63244751  trottar     R    priority    farm180135 ...umiscan_5157   Feb 05 19:42  00:13:46   00:14:15   hallc     
63244752  trottar     R    priority    farm180135 ...umiscan_5158   Feb 05 19:42  00:13:51   00:14:15   hallc     
63244758  trottar     R    priority    farm180135 ...umiscan_5167   Feb 05 19:46  00:09:59   00:10:00   hallc     
63244759  trottar     R    priority    farm180135 ...umiscan_5168   Feb 05 19:46  00:09:57   00:10:00   hallc     
63244760  trottar     R    priority    farm180217 ...umiscan_5169   Feb 05 19:48  00:07:53   00:08:04   hallc     
63244761  trottar     R    priority    farm180217 ...umiscan_5170   Feb 05 19:48  00:07:52   00:08:04   hallc     
63244762  trottar     R    priority    farm180217 ...umiscan_5171   Feb 05 19:48  00:07:53   00:08:03   hallc     
63244763  trottar     R    priority    farm180217 ...umiscan_5175   Feb 05 19:48  00:07:50   00:08:03   hallc     
63244764  trottar     R    priority    farm180217 ...umiscan_5176   Feb 05 19:51  00:03:33   00:03:36   hallc     
63244765  trottar     R    priority    farm180217 ...umiscan_5178   Feb 05 19:51  00:03:34   00:03:36   hallc     
63244766  trottar     R    priority    farm180217 ...umiscan_5179   Feb 05 19:51  00:03:16   00:03:36   hallc     
 
There are 14 jobs remaining
~~~~~~~~~~~~~~~~~~~~~~~~~~~~~~~~~~~~~~~~~~~~~~~~~~~~~~~~~~~~~~~~~~~~~~~~~~~~~~~~~~~~~~~~~~~~~~~~~~~~~~~~~~~~~
JOB_ID    USER      STAT    QUEUE      EXEC_HOST   JOB_NAME         SUBMIT_TIME   CPU_TIME  WALLTIME  ACCOUNT    
63244620  trottar     R    priority    farm180135 ...umiscan_5154   Feb 05 19:42  00:15:48   00:16:15   hallc     
63244749  trottar     R    priority    farm180135 ...umiscan_5155   Feb 05 19:42  00:15:49   00:16:14   hallc     
63244750  trottar     R    priority    farm180135 ...umiscan_5156   Feb 05 19:42  00:15:46   00:16:14   hallc     
63244751  trottar     R    priority    farm180135 ...umiscan_5157   Feb 05 19:42  00:15:45   00:16:14   hallc     
63244752  trottar     R    priority    farm180135 ...umiscan_5158   Feb 05 19:42  00:15:49   00:16:14   hallc     
63244758  trottar     R    priority    farm180135 ...umiscan_5167   Feb 05 19:46  00:11:57   00:11:59   hallc     
63244759  trottar     R    priority    farm180135 ...umiscan_5168   Feb 05 19:46  00:11:56   00:11:59   hallc     
63244760  trottar     R    priority    farm180217 ...umiscan_5169   Feb 05 19:48  00:09:23   00:09:34   hallc     
63244761  trottar     R    priority    farm180217 ...umiscan_5170   Feb 05 19:48  00:09:22   00:09:34   hallc     
63244762  trottar     R    priority    farm180217 ...umiscan_5171   Feb 05 19:48  00:09:23   00:09:33   hallc     
63244763  trottar     R    priority    farm180217 ...umiscan_5175   Feb 05 19:48  00:09:20   00:09:33   hallc     
63244764  trottar     R    priority    farm180217 ...umiscan_5176   Feb 05 19:51  00:03:33   00:03:36   hallc     
63244765  trottar     R    priority    farm180217 ...umiscan_5178   Feb 05 19:51  00:03:34   00:03:36   hallc     
63244766  trottar     R    priority    farm180217 ...umiscan_5179   Feb 05 19:51  00:03:16   00:03:36   hallc     
 
There are 14 jobs remaining
~~~~~~~~~~~~~~~~~~~~~~~~~~~~~~~~~~~~~~~~~~~~~~~~~~~~~~~~~~~~~~~~~~~~~~~~~~~~~~~~~~~~~~~~~~~~~~~~~~~~~~~~~~~~~
JOB_ID    USER      STAT    QUEUE      EXEC_HOST   JOB_NAME         SUBMIT_TIME   CPU_TIME  WALLTIME  ACCOUNT    
63244620  trottar     R    priority    farm180135 ...umiscan_5154   Feb 05 19:42  00:15:48   00:16:15   hallc     
63244749  trottar     R    priority    farm180135 ...umiscan_5155   Feb 05 19:42  00:15:49   00:16:14   hallc     
63244750  trottar     R    priority    farm180135 ...umiscan_5156   Feb 05 19:42  00:15:46   00:16:14   hallc     
63244751  trottar     R    priority    farm180135 ...umiscan_5157   Feb 05 19:42  00:15:45   00:16:14   hallc     
63244752  trottar     R    priority    farm180135 ...umiscan_5158   Feb 05 19:42  00:15:49   00:16:14   hallc     
63244758  trottar     R    priority    farm180135 ...umiscan_5167   Feb 05 19:46  00:14:12   00:14:14   hallc     
63244759  trottar     R    priority    farm180135 ...umiscan_5168   Feb 05 19:46  00:14:11   00:14:14   hallc     
63244760  trottar     R    priority    farm180217 ...umiscan_5169   Feb 05 19:48  00:09:23   00:09:34   hallc     
63244761  trottar     R    priority    farm180217 ...umiscan_5170   Feb 05 19:48  00:09:22   00:09:34   hallc     
63244762  trottar     R    priority    farm180217 ...umiscan_5171   Feb 05 19:48  00:09:23   00:09:33   hallc     
63244763  trottar     R    priority    farm180217 ...umiscan_5175   Feb 05 19:48  00:09:20   00:09:33   hallc     
63244764  trottar     R    priority    farm180217 ...umiscan_5176   Feb 05 19:51  00:03:33   00:03:36   hallc     
63244765  trottar     R    priority    farm180217 ...umiscan_5178   Feb 05 19:51  00:03:34   00:03:36   hallc     
63244766  trottar     R    priority    farm180217 ...umiscan_5179   Feb 05 19:51  00:03:16   00:03:36   hallc     
 
There are 14 jobs remaining
~~~~~~~~~~~~~~~~~~~~~~~~~~~~~~~~~~~~~~~~~~~~~~~~~~~~~~~~~~~~~~~~~~~~~~~~~~~~~~~~~~~~~~~~~~~~~~~~~~~~~~~~~~~~~
JOB_ID    USER      STAT    QUEUE      EXEC_HOST   JOB_NAME         SUBMIT_TIME   CPU_TIME  WALLTIME  ACCOUNT    
63244620  trottar     R    priority    farm180135 ...umiscan_5154   Feb 05 19:42  00:17:35   00:18:01   hallc     
63244749  trottar     R    priority    farm180135 ...umiscan_5155   Feb 05 19:42  00:17:36   00:18:00   hallc     
63244750  trottar     R    priority    farm180135 ...umiscan_5156   Feb 05 19:42  00:17:32   00:18:00   hallc     
63244751  trottar     R    priority    farm180135 ...umiscan_5157   Feb 05 19:42  00:17:31   00:18:00   hallc     
63244752  trottar     R    priority    farm180135 ...umiscan_5158   Feb 05 19:42  00:17:36   00:18:00   hallc     
63244758  trottar     R    priority    farm180135 ...umiscan_5167   Feb 05 19:46  00:14:12   00:14:14   hallc     
63244759  trottar     R    priority    farm180135 ...umiscan_5168   Feb 05 19:46  00:14:11   00:14:14   hallc     
63244760  trottar     R    priority    farm180217 ...umiscan_5169   Feb 05 19:48  00:11:38   00:11:49   hallc     
63244761  trottar     R    priority    farm180217 ...umiscan_5170   Feb 05 19:48  00:11:38   00:11:49   hallc     
63244762  trottar     R    priority    farm180217 ...umiscan_5171   Feb 05 19:48  00:11:38   00:11:48   hallc     
63244763  trottar     R    priority    farm180217 ...umiscan_5175   Feb 05 19:48  00:11:36   00:11:48   hallc     
63244764  trottar     R    priority    farm180217 ...umiscan_5176   Feb 05 19:51  00:09:33   00:09:36   hallc     
63244765  trottar     R    priority    farm180217 ...umiscan_5178   Feb 05 19:51  00:09:33   00:09:36   hallc     
63244766  trottar     R    priority    farm180217 ...umiscan_5179   Feb 05 19:51  00:03:16   00:03:36   hallc     
 
There are 14 jobs remaining
~~~~~~~~~~~~~~~~~~~~~~~~~~~~~~~~~~~~~~~~~~~~~~~~~~~~~~~~~~~~~~~~~~~~~~~~~~~~~~~~~~~~~~~~~~~~~~~~~~~~~~~~~~~~~
JOB_ID    USER      STAT    QUEUE      EXEC_HOST   JOB_NAME         SUBMIT_TIME   CPU_TIME  WALLTIME  ACCOUNT    
63244620  trottar     R    priority    farm180135 ...umiscan_5154   Feb 05 19:42  00:19:50   00:20:16   hallc     
63244749  trottar     R    priority    farm180135 ...umiscan_5155   Feb 05 19:42  00:19:51   00:20:15   hallc     
63244750  trottar     R    priority    farm180135 ...umiscan_5156   Feb 05 19:42  00:19:47   00:20:15   hallc     
63244751  trottar     R    priority    farm180135 ...umiscan_5157   Feb 05 19:42  00:19:46   00:20:15   hallc     
63244752  trottar     R    priority    farm180135 ...umiscan_5158   Feb 05 19:42  00:19:51   00:20:15   hallc     
63244758  trottar     R    priority    farm180135 ...umiscan_5167   Feb 05 19:46  00:15:58   00:16:00   hallc     
63244759  trottar     R    priority    farm180135 ...umiscan_5168   Feb 05 19:46  00:15:58   00:16:00   hallc     
63244760  trottar     R    priority    farm180217 ...umiscan_5169   Feb 05 19:48  00:13:53   00:14:04   hallc     
63244761  trottar     R    priority    farm180217 ...umiscan_5170   Feb 05 19:48  00:13:52   00:14:04   hallc     
63244762  trottar     R    priority    farm180217 ...umiscan_5171   Feb 05 19:48  00:13:53   00:14:03   hallc     
63244763  trottar     R    priority    farm180217 ...umiscan_5175   Feb 05 19:48  00:13:51   00:14:03   hallc     
63244764  trottar     R    priority    farm180217 ...umiscan_5176   Feb 05 19:51  00:11:48   00:11:51   hallc     
63244765  trottar     R    priority    farm180217 ...umiscan_5178   Feb 05 19:51  00:11:48   00:11:51   hallc     
63244766  trottar     R    priority    farm180217 ...umiscan_5179   Feb 05 19:51  00:11:32   00:11:51   hallc     
 
There are 14 jobs remaining
~~~~~~~~~~~~~~~~~~~~~~~~~~~~~~~~~~~~~~~~~~~~~~~~~~~~~~~~~~~~~~~~~~~~~~~~~~~~~~~~~~~~~~~~~~~~~~~~~~~~~~~~~~~~~
JOB_ID    USER      STAT    QUEUE      EXEC_HOST   JOB_NAME         SUBMIT_TIME   CPU_TIME  WALLTIME  ACCOUNT    
63244620  trottar     R    priority    farm180135 ...umiscan_5154   Feb 05 19:42  00:21:49   00:22:15   hallc     
63244749  trottar     R    priority    farm180135 ...umiscan_5155   Feb 05 19:42  00:21:50   00:22:14   hallc     
63244750  trottar     R    priority    farm180135 ...umiscan_5156   Feb 05 19:42  00:21:46   00:22:14   hallc     
63244751  trottar     R    priority    farm180135 ...umiscan_5157   Feb 05 19:42  00:21:45   00:22:14   hallc     
63244752  trottar     R    priority    farm180135 ...umiscan_5158   Feb 05 19:42  00:21:50   00:22:14   hallc     
63244758  trottar     R    priority    farm180135 ...umiscan_5167   Feb 05 19:46  00:18:13   00:18:15   hallc     
63244759  trottar     R    priority    farm180135 ...umiscan_5168   Feb 05 19:46  00:18:13   00:18:15   hallc     
63244760  trottar     R    priority    farm180217 ...umiscan_5169   Feb 05 19:48  00:15:23   00:15:34   hallc     
63244761  trottar     R    priority    farm180217 ...umiscan_5170   Feb 05 19:48  00:15:22   00:15:34   hallc     
63244762  trottar     R    priority    farm180217 ...umiscan_5171   Feb 05 19:48  00:15:23   00:15:33   hallc     
63244763  trottar     R    priority    farm180217 ...umiscan_5175   Feb 05 19:48  00:15:20   00:15:33   hallc     
63244764  trottar     R    priority    farm180217 ...umiscan_5176   Feb 05 19:51  00:11:48   00:11:51   hallc     
63244765  trottar     R    priority    farm180217 ...umiscan_5178   Feb 05 19:51  00:14:03   00:14:06   hallc     
63244766  trottar     R    priority    farm180217 ...umiscan_5179   Feb 05 19:51  00:13:46   00:14:06   hallc     
 
There are 14 jobs remaining
~~~~~~~~~~~~~~~~~~~~~~~~~~~~~~~~~~~~~~~~~~~~~~~~~~~~~~~~~~~~~~~~~~~~~~~~~~~~~~~~~~~~~~~~~~~~~~~~~~~~~~~~~~~~~
JOB_ID    USER      STAT    QUEUE      EXEC_HOST   JOB_NAME         SUBMIT_TIME   CPU_TIME  WALLTIME  ACCOUNT    
63244620  trottar     R    priority    farm180135 ...umiscan_5154   Feb 05 19:42  00:21:49   00:22:15   hallc     
63244749  trottar     R    priority    farm180135 ...umiscan_5155   Feb 05 19:42  00:21:50   00:22:14   hallc     
63244750  trottar     R    priority    farm180135 ...umiscan_5156   Feb 05 19:42  00:21:46   00:22:14   hallc     
63244751  trottar     R    priority    farm180135 ...umiscan_5157   Feb 05 19:42  00:21:45   00:22:14   hallc     
63244752  trottar     R    priority    farm180135 ...umiscan_5158   Feb 05 19:42  00:21:50   00:22:14   hallc     
63244758  trottar     R    priority    farm180135 ...umiscan_5167   Feb 05 19:46  00:20:13   00:20:14   hallc     
63244759  trottar     R    priority    farm180135 ...umiscan_5168   Feb 05 19:46  00:20:12   00:20:14   hallc     
63244760  trottar     R    priority    farm180217 ...umiscan_5169   Feb 05 19:48  00:15:23   00:15:34   hallc     
63244761  trottar     R    priority    farm180217 ...umiscan_5170   Feb 05 19:48  00:15:22   00:15:34   hallc     
63244762  trottar     R    priority    farm180217 ...umiscan_5171   Feb 05 19:48  00:15:23   00:15:33   hallc     
63244763  trottar     R    priority    farm180217 ...umiscan_5175   Feb 05 19:48  00:15:20   00:15:33   hallc     
63244764  trottar     R    priority    farm180217 ...umiscan_5176   Feb 05 19:51  00:11:48   00:11:51   hallc     
63244765  trottar     R    priority    farm180217 ...umiscan_5178   Feb 05 19:51  00:14:03   00:14:06   hallc     
63244766  trottar     R    priority    farm180217 ...umiscan_5179   Feb 05 19:51  00:13:46   00:14:06   hallc     
 
There are 14 jobs remaining
~~~~~~~~~~~~~~~~~~~~~~~~~~~~~~~~~~~~~~~~~~~~~~~~~~~~~~~~~~~~~~~~~~~~~~~~~~~~~~~~~~~~~~~~~~~~~~~~~~~~~~~~~~~~~
JOB_ID    USER      STAT    QUEUE      EXEC_HOST   JOB_NAME         SUBMIT_TIME   CPU_TIME  WALLTIME  ACCOUNT    
63244620  trottar     R    priority    farm180135 ...umiscan_5154   Feb 05 19:42  00:23:34   00:24:01   hallc     
63244749  trottar     R    priority    farm180135 ...umiscan_5155   Feb 05 19:42  00:23:36   00:24:00   hallc     
63244750  trottar     R    priority    farm180135 ...umiscan_5156   Feb 05 19:42  00:23:32   00:24:00   hallc     
63244751  trottar     R    priority    farm180135 ...umiscan_5157   Feb 05 19:42  00:23:31   00:24:00   hallc     
63244752  trottar     R    priority    farm180135 ...umiscan_5158   Feb 05 19:42  00:23:36   00:24:00   hallc     
63244758  trottar     R    priority    farm180135 ...umiscan_5167   Feb 05 19:46  00:21:59   00:22:00   hallc     
63244759  trottar     R    priority    farm180135 ...umiscan_5168   Feb 05 19:46  00:21:58   00:22:00   hallc     
63244760  trottar     R    priority    farm180217 ...umiscan_5169   Feb 05 19:48  00:17:38   00:17:49   hallc     
63244761  trottar     R    priority    farm180217 ...umiscan_5170   Feb 05 19:48  00:17:37   00:17:49   hallc     
63244762  trottar     R    priority    farm180217 ...umiscan_5171   Feb 05 19:48  00:17:38   00:17:48   hallc     
63244763  trottar     R    priority    farm180217 ...umiscan_5175   Feb 05 19:48  00:17:36   00:17:48   hallc     
63244764  trottar     R    priority    farm180217 ...umiscan_5176   Feb 05 19:51  00:11:48   00:11:51   hallc     
63244765  trottar     R    priority    farm180217 ...umiscan_5178   Feb 05 19:51  00:15:34   00:15:36   hallc     
63244766  trottar     R    priority    farm180217 ...umiscan_5179   Feb 05 19:51  00:13:46   00:14:06   hallc     
 
There are 14 jobs remaining
~~~~~~~~~~~~~~~~~~~~~~~~~~~~~~~~~~~~~~~~~~~~~~~~~~~~~~~~~~~~~~~~~~~~~~~~~~~~~~~~~~~~~~~~~~~~~~~~~~~~~~~~~~~~~
JOB_ID    USER      STAT    QUEUE      EXEC_HOST   JOB_NAME         SUBMIT_TIME   CPU_TIME  WALLTIME  ACCOUNT    
63244620  trottar     R    priority    farm180135 ...umiscan_5154   Feb 05 19:42  00:25:50   00:26:16   hallc     
63244749  trottar     R    priority    farm180135 ...umiscan_5155   Feb 05 19:42  00:25:51   00:26:15   hallc     
63244750  trottar     R    priority    farm180135 ...umiscan_5156   Feb 05 19:42  00:25:47   00:26:15   hallc     
63244751  trottar     R    priority    farm180135 ...umiscan_5157   Feb 05 19:42  00:23:31   00:24:00   hallc     
63244752  trottar     R    priority    farm180135 ...umiscan_5158   Feb 05 19:42  00:25:51   00:26:15   hallc     
63244758  trottar     R    priority    farm180135 ...umiscan_5167   Feb 05 19:46  00:21:59   00:22:00   hallc     
63244759  trottar     R    priority    farm180135 ...umiscan_5168   Feb 05 19:46  00:21:58   00:22:00   hallc     
63244760  trottar     R    priority    farm180217 ...umiscan_5169   Feb 05 19:48  00:19:54   00:20:04   hallc     
63244761  trottar     R    priority    farm180217 ...umiscan_5170   Feb 05 19:48  00:19:53   00:20:04   hallc     
63244762  trottar     R    priority    farm180217 ...umiscan_5171   Feb 05 19:48  00:19:54   00:20:03   hallc     
63244763  trottar     R    priority    farm180217 ...umiscan_5175   Feb 05 19:48  00:19:51   00:20:03   hallc     
63244764  trottar     R    priority    farm180217 ...umiscan_5176   Feb 05 19:51  00:11:48   00:11:51   hallc     
63244765  trottar     R    priority    farm180217 ...umiscan_5178   Feb 05 19:51  00:17:49   00:17:51   hallc     
63244766  trottar     R    priority    farm180217 ...umiscan_5179   Feb 05 19:51  00:13:46   00:14:06   hallc     
 
There are 14 jobs remaining
~~~~~~~~~~~~~~~~~~~~~~~~~~~~~~~~~~~~~~~~~~~~~~~~~~~~~~~~~~~~~~~~~~~~~~~~~~~~~~~~~~~~~~~~~~~~~~~~~~~~~~~~~~~~~
JOB_ID    USER      STAT    QUEUE      EXEC_HOST   JOB_NAME         SUBMIT_TIME   CPU_TIME  WALLTIME  ACCOUNT    
63244620  trottar     R    priority    farm180135 ...umiscan_5154   Feb 05 19:42  00:27:49   00:28:15   hallc     
63244749  trottar     R    priority    farm180135 ...umiscan_5155   Feb 05 19:42  00:27:50   00:28:14   hallc     
63244750  trottar     R    priority    farm180135 ...umiscan_5156   Feb 05 19:42  00:27:46   00:28:14   hallc     
63244751  trottar     R    priority    farm180135 ...umiscan_5157   Feb 05 19:42  00:23:31   00:24:00   hallc     
63244752  trottar     R    priority    farm180135 ...umiscan_5158   Feb 05 19:42  00:27:50   00:28:14   hallc     
63244758  trottar     R    priority    farm180135 ...umiscan_5167   Feb 05 19:46  00:24:14   00:24:15   hallc     
63244759  trottar     R    priority    farm180135 ...umiscan_5168   Feb 05 19:46  00:24:12   00:24:15   hallc     
63244760  trottar     R    priority    farm180217 ...umiscan_5169   Feb 05 19:48  00:21:23   00:21:34   hallc     
63244761  trottar     R    priority    farm180217 ...umiscan_5170   Feb 05 19:48  00:21:22   00:21:34   hallc     
63244762  trottar     R    priority    farm180217 ...umiscan_5171   Feb 05 19:48  00:21:24   00:21:33   hallc     
63244763  trottar     R    priority    farm180217 ...umiscan_5175   Feb 05 19:48  00:21:21   00:21:33   hallc     
63244764  trottar     R    priority    farm180217 ...umiscan_5176   Feb 05 19:51  00:11:48   00:11:51   hallc     
63244765  trottar     R    priority    farm180217 ...umiscan_5178   Feb 05 19:51  00:17:49   00:17:51   hallc     
63244766  trottar     R    priority    farm180217 ...umiscan_5179   Feb 05 19:51  00:19:47   00:20:06   hallc     
 
There are 14 jobs remaining
~~~~~~~~~~~~~~~~~~~~~~~~~~~~~~~~~~~~~~~~~~~~~~~~~~~~~~~~~~~~~~~~~~~~~~~~~~~~~~~~~~~~~~~~~~~~~~~~~~~~~~~~~~~~~
JOB_ID    USER      STAT    QUEUE      EXEC_HOST   JOB_NAME         SUBMIT_TIME   CPU_TIME  WALLTIME  ACCOUNT    
63244620  trottar     R    priority    farm180135 ...umiscan_5154   Feb 05 19:42  00:29:35   00:30:01   hallc     
63244749  trottar     R    priority    farm180135 ...umiscan_5155   Feb 05 19:42  00:29:36   00:30:00   hallc     
63244750  trottar     R    priority    farm180135 ...umiscan_5156   Feb 05 19:42  00:29:32   00:30:00   hallc     
63244751  trottar     R    priority    farm180135 ...umiscan_5157   Feb 05 19:42  00:23:31   00:24:00   hallc     
63244752  trottar     R    priority    farm180135 ...umiscan_5158   Feb 05 19:42  00:29:36   00:30:00   hallc     
63244758  trottar     R    priority    farm180135 ...umiscan_5167   Feb 05 19:46  00:26:13   00:26:14   hallc     
63244759  trottar     R    priority    farm180135 ...umiscan_5168   Feb 05 19:46  00:26:12   00:26:14   hallc     
63244760  trottar     R    priority    farm180217 ...umiscan_5169   Feb 05 19:48  00:21:23   00:21:34   hallc     
63244761  trottar     R    priority    farm180217 ...umiscan_5170   Feb 05 19:48  00:21:22   00:21:34   hallc     
63244762  trottar     R    priority    farm180217 ...umiscan_5171   Feb 05 19:48  00:21:24   00:21:33   hallc     
63244763  trottar     R    priority    farm180217 ...umiscan_5175   Feb 05 19:48  00:21:21   00:21:33   hallc     
63244764  trottar     R    priority    farm180217 ...umiscan_5176   Feb 05 19:51  00:11:48   00:11:51   hallc     
63244765  trottar     R    priority    farm180217 ...umiscan_5178   Feb 05 19:51  00:17:49   00:17:51   hallc     
63244766  trottar     R    priority    farm180217 ...umiscan_5179   Feb 05 19:51  00:19:47   00:20:06   hallc     
 
There are 14 jobs remaining
~~~~~~~~~~~~~~~~~~~~~~~~~~~~~~~~~~~~~~~~~~~~~~~~~~~~~~~~~~~~~~~~~~~~~~~~~~~~~~~~~~~~~~~~~~~~~~~~~~~~~~~~~~~~~
JOB_ID    USER      STAT    QUEUE      EXEC_HOST   JOB_NAME         SUBMIT_TIME   CPU_TIME  WALLTIME  ACCOUNT    
63244620  trottar     R    priority    farm180135 ...umiscan_5154   Feb 05 19:42  00:29:35   00:30:01   hallc     
63244749  trottar     R    priority    farm180135 ...umiscan_5155   Feb 05 19:42  00:29:36   00:30:00   hallc     
63244750  trottar     R    priority    farm180135 ...umiscan_5156   Feb 05 19:42  00:29:32   00:30:00   hallc     
63244751  trottar     R    priority    farm180135 ...umiscan_5157   Feb 05 19:42  00:23:31   00:24:00   hallc     
63244752  trottar     R    priority    farm180135 ...umiscan_5158   Feb 05 19:42  00:29:36   00:30:00   hallc     
63244758  trottar     R    priority    farm180135 ...umiscan_5167   Feb 05 19:46  00:27:59   00:28:00   hallc     
63244759  trottar     R    priority    farm180135 ...umiscan_5168   Feb 05 19:46  00:27:57   00:28:00   hallc     
63244760  trottar     R    priority    farm180217 ...umiscan_5169   Feb 05 19:48  00:23:38   00:23:49   hallc     
63244761  trottar     R    priority    farm180217 ...umiscan_5170   Feb 05 19:48  00:23:37   00:23:49   hallc     
63244762  trottar     R    priority    farm180217 ...umiscan_5171   Feb 05 19:48  00:23:39   00:23:48   hallc     
63244763  trottar     R    priority    farm180217 ...umiscan_5175   Feb 05 19:48  00:23:36   00:23:48   hallc     
63244764  trottar     R    priority    farm180217 ...umiscan_5176   Feb 05 19:51  00:21:33   00:21:36   hallc     
63244765  trottar     R    priority    farm180217 ...umiscan_5178   Feb 05 19:51  00:21:34   00:21:36   hallc     
63244766  trottar     R    priority    farm180217 ...umiscan_5179   Feb 05 19:51  00:21:17   00:21:36   hallc     
 
There are 14 jobs remaining
~~~~~~~~~~~~~~~~~~~~~~~~~~~~~~~~~~~~~~~~~~~~~~~~~~~~~~~~~~~~~~~~~~~~~~~~~~~~~~~~~~~~~~~~~~~~~~~~~~~~~~~~~~~~~
JOB_ID    USER      STAT    QUEUE      EXEC_HOST   JOB_NAME         SUBMIT_TIME   CPU_TIME  WALLTIME  ACCOUNT    
63244620  trottar     R    priority    farm180135 ...umiscan_5154   Feb 05 19:42  00:31:50   00:32:16   hallc     
63244749  trottar     R    priority    farm180135 ...umiscan_5155   Feb 05 19:42  00:31:51   00:32:15   hallc     
63244750  trottar     R    priority    farm180135 ...umiscan_5156   Feb 05 19:42  00:31:47   00:32:15   hallc     
63244751  trottar     R    priority    farm180135 ...umiscan_5157   Feb 05 19:42  00:23:31   00:24:00   hallc     
63244752  trottar     R    priority    farm180135 ...umiscan_5158   Feb 05 19:42  00:31:52   00:32:15   hallc     
63244758  trottar     R    priority    farm180135 ...umiscan_5167   Feb 05 19:46  00:27:59   00:28:00   hallc     
63244759  trottar     R    priority    farm180135 ...umiscan_5168   Feb 05 19:46  00:27:57   00:28:00   hallc     
63244760  trottar     R    priority    farm180217 ...umiscan_5169   Feb 05 19:48  00:25:53   00:26:04   hallc     
63244761  trottar     R    priority    farm180217 ...umiscan_5170   Feb 05 19:48  00:25:52   00:26:04   hallc     
63244762  trottar     R    priority    farm180217 ...umiscan_5171   Feb 05 19:48  00:25:54   00:26:03   hallc     
63244763  trottar     R    priority    farm180217 ...umiscan_5175   Feb 05 19:48  00:25:51   00:26:03   hallc     
63244764  trottar     R    priority    farm180217 ...umiscan_5176   Feb 05 19:51  00:23:48   00:23:51   hallc     
63244765  trottar     R    priority    farm180217 ...umiscan_5178   Feb 05 19:51  00:23:50   00:23:51   hallc     
63244766  trottar     R    priority    farm180217 ...umiscan_5179   Feb 05 19:51  00:23:32   00:23:51   hallc     
 
There are 14 jobs remaining
~~~~~~~~~~~~~~~~~~~~~~~~~~~~~~~~~~~~~~~~~~~~~~~~~~~~~~~~~~~~~~~~~~~~~~~~~~~~~~~~~~~~~~~~~~~~~~~~~~~~~~~~~~~~~
JOB_ID    USER      STAT    QUEUE      EXEC_HOST   JOB_NAME         SUBMIT_TIME   CPU_TIME  WALLTIME  ACCOUNT    
63244620  trottar     R    priority    farm180135 ...umiscan_5154   Feb 05 19:42  00:31:50   00:32:16   hallc     
63244749  trottar     R    priority    farm180135 ...umiscan_5155   Feb 05 19:42  00:33:50   00:34:14   hallc     
63244750  trottar     R    priority    farm180135 ...umiscan_5156   Feb 05 19:42  00:33:46   00:34:14   hallc     
63244751  trottar     R    priority    farm180135 ...umiscan_5157   Feb 05 19:42  00:23:31   00:24:00   hallc     
63244752  trottar     R    priority    farm180135 ...umiscan_5158   Feb 05 19:42  00:33:50   00:34:14   hallc     
63244758  trottar     R    priority    farm180135 ...umiscan_5167   Feb 05 19:46  00:30:14   00:30:15   hallc     
63244759  trottar     R    priority    farm180135 ...umiscan_5168   Feb 05 19:46  00:30:13   00:30:15   hallc     
63244760  trottar     R    priority    farm180217 ...umiscan_5169   Feb 05 19:48  00:28:08   00:28:19   hallc     
63244761  trottar     R    priority    farm180217 ...umiscan_5170   Feb 05 19:48  00:28:07   00:28:19   hallc     
63244762  trottar     R    priority    farm180217 ...umiscan_5171   Feb 05 19:48  00:28:09   00:28:18   hallc     
63244763  trottar     R    priority    farm180217 ...umiscan_5175   Feb 05 19:48  00:28:05   00:28:18   hallc     
63244764  trottar     R    priority    farm180217 ...umiscan_5176   Feb 05 19:51  00:26:03   00:26:06   hallc     
63244765  trottar     R    priority    farm180217 ...umiscan_5178   Feb 05 19:51  00:23:50   00:23:51   hallc     
63244766  trottar     R    priority    farm180217 ...umiscan_5179   Feb 05 19:51  00:25:47   00:26:06   hallc     
 
There are 14 jobs remaining
~~~~~~~~~~~~~~~~~~~~~~~~~~~~~~~~~~~~~~~~~~~~~~~~~~~~~~~~~~~~~~~~~~~~~~~~~~~~~~~~~~~~~~~~~~~~~~~~~~~~~~~~~~~~~
JOB_ID    USER      STAT    QUEUE      EXEC_HOST   JOB_NAME         SUBMIT_TIME   CPU_TIME  WALLTIME  ACCOUNT    
63244620  trottar     R    priority    farm180135 ...umiscan_5154   Feb 05 19:42  00:31:50   00:32:16   hallc     
63244749  trottar     R    priority    farm180135 ...umiscan_5155   Feb 05 19:42  00:35:36   00:36:00   hallc     
63244750  trottar     R    priority    farm180135 ...umiscan_5156   Feb 05 19:42  00:35:33   00:36:00   hallc     
63244751  trottar     R    priority    farm180135 ...umiscan_5157   Feb 05 19:42  00:23:31   00:24:00   hallc     
63244752  trottar     R    priority    farm180135 ...umiscan_5158   Feb 05 19:42  00:35:37   00:36:00   hallc     
63244758  trottar     R    priority    farm180135 ...umiscan_5167   Feb 05 19:46  00:32:13   00:32:14   hallc     
63244759  trottar     R    priority    farm180135 ...umiscan_5168   Feb 05 19:46  00:32:13   00:32:14   hallc     
63244760  trottar     R    priority    farm180217 ...umiscan_5169   Feb 05 19:48  00:29:39   00:29:49   hallc     
63244761  trottar     R    priority    farm180217 ...umiscan_5170   Feb 05 19:48  00:29:38   00:29:49   hallc     
63244762  trottar     R    priority    farm180217 ...umiscan_5171   Feb 05 19:48  00:29:39   00:29:48   hallc     
63244763  trottar     R    priority    farm180217 ...umiscan_5175   Feb 05 19:48  00:29:36   00:29:48   hallc     
63244764  trottar     R    priority    farm180217 ...umiscan_5176   Feb 05 19:51  00:26:03   00:26:06   hallc     
63244765  trottar     R    priority    farm180217 ...umiscan_5178   Feb 05 19:51  00:23:50   00:23:51   hallc     
63244766  trottar     R    priority    farm180217 ...umiscan_5179   Feb 05 19:51  00:25:47   00:26:06   hallc     
 
There are 14 jobs remaining
~~~~~~~~~~~~~~~~~~~~~~~~~~~~~~~~~~~~~~~~~~~~~~~~~~~~~~~~~~~~~~~~~~~~~~~~~~~~~~~~~~~~~~~~~~~~~~~~~~~~~~~~~~~~~
JOB_ID    USER      STAT    QUEUE      EXEC_HOST   JOB_NAME         SUBMIT_TIME   CPU_TIME  WALLTIME  ACCOUNT    
63244749  trottar     R    priority    farm180135 ...umiscan_5155   Feb 05 19:42  00:37:51   00:38:15   hallc     
63244750  trottar     R    priority    farm180135 ...umiscan_5156   Feb 05 19:42  00:37:47   00:38:15   hallc     
63244751  trottar     R    priority    farm180135 ...umiscan_5157   Feb 05 19:42  00:23:31   00:24:00   hallc     
63244752  trottar     R    priority    farm180135 ...umiscan_5158   Feb 05 19:42  00:37:51   00:38:15   hallc     
63244758  trottar     R    priority    farm180135 ...umiscan_5167   Feb 05 19:46  00:34:22   00:34:22   hallc     
63244759  trottar     R    priority    farm180135 ...umiscan_5168   Feb 05 19:46  00:32:13   00:32:14   hallc     
63244760  trottar     R    priority    farm180217 ...umiscan_5169   Feb 05 19:48  00:29:39   00:29:49   hallc     
63244761  trottar     R    priority    farm180217 ...umiscan_5170   Feb 05 19:48  00:29:38   00:29:49   hallc     
63244762  trottar     R    priority    farm180217 ...umiscan_5171   Feb 05 19:48  00:29:39   00:29:48   hallc     
63244763  trottar     R    priority    farm180217 ...umiscan_5175   Feb 05 19:48  00:29:36   00:29:48   hallc     
63244764  trottar     R    priority    farm180217 ...umiscan_5176   Feb 05 19:51  00:27:34   00:27:36   hallc     
63244765  trottar     R    priority    farm180217 ...umiscan_5178   Feb 05 19:51  00:27:35   00:27:36   hallc     
63244766  trottar     R    priority    farm180217 ...umiscan_5179   Feb 05 19:51  00:27:18   00:27:36   hallc     
 
There are 13 jobs remaining
~~~~~~~~~~~~~~~~~~~~~~~~~~~~~~~~~~~~~~~~~~~~~~~~~~~~~~~~~~~~~~~~~~~~~~~~~~~~~~~~~~~~~~~~~~~~~~~~~~~~~~~~~~~~~
JOB_ID    USER      STAT    QUEUE      EXEC_HOST   JOB_NAME         SUBMIT_TIME   CPU_TIME  WALLTIME  ACCOUNT    
63244749  trottar     R    priority    farm180135 ...umiscan_5155   Feb 05 19:42  00:37:51   00:38:15   hallc     
63244750  trottar     R    priority    farm180135 ...umiscan_5156   Feb 05 19:42  00:37:47   00:38:15   hallc     
63244751  trottar     R    priority    farm180135 ...umiscan_5157   Feb 05 19:42  00:23:31   00:24:00   hallc     
63244752  trottar     R    priority    farm180135 ...umiscan_5158   Feb 05 19:42  00:37:51   00:38:15   hallc     
63244758  trottar     R    priority    farm180135 ...umiscan_5167   Feb 05 19:46  00:36:14   00:36:15   hallc     
63244759  trottar     R    priority    farm180135 ...umiscan_5168   Feb 05 19:46  00:32:13   00:32:14   hallc     
63244760  trottar     R    priority    farm180217 ...umiscan_5169   Feb 05 19:48  00:31:54   00:32:04   hallc     
63244761  trottar     R    priority    farm180217 ...umiscan_5170   Feb 05 19:48  00:31:53   00:32:04   hallc     
63244762  trottar     R    priority    farm180217 ...umiscan_5171   Feb 05 19:48  00:31:55   00:32:03   hallc     
63244763  trottar     R    priority    farm180217 ...umiscan_5175   Feb 05 19:48  00:31:52   00:32:03   hallc     
63244764  trottar     R    priority    farm180217 ...umiscan_5176   Feb 05 19:51  00:29:49   00:29:51   hallc     
63244765  trottar     R    priority    farm180217 ...umiscan_5178   Feb 05 19:51  00:29:50   00:29:51   hallc     
63244766  trottar     R    priority    farm180217 ...umiscan_5179   Feb 05 19:51  00:29:33   00:29:51   hallc     
 
There are 13 jobs remaining
~~~~~~~~~~~~~~~~~~~~~~~~~~~~~~~~~~~~~~~~~~~~~~~~~~~~~~~~~~~~~~~~~~~~~~~~~~~~~~~~~~~~~~~~~~~~~~~~~~~~~~~~~~~~~
JOB_ID    USER      STAT    QUEUE      EXEC_HOST   JOB_NAME         SUBMIT_TIME   CPU_TIME  WALLTIME  ACCOUNT    
63244749  trottar     R    priority    farm180135 ...umiscan_5155   Feb 05 19:42  00:39:50   00:40:14   hallc     
63244750  trottar     R    priority    farm180135 ...umiscan_5156   Feb 05 19:42  00:39:47   00:40:14   hallc     
63244751  trottar     R    priority    farm180135 ...umiscan_5157   Feb 05 19:42  00:23:31   00:24:00   hallc     
63244752  trottar     R    priority    farm180135 ...umiscan_5158   Feb 05 19:42  00:39:50   00:40:14   hallc     
63244758  trottar     R    priority    farm180135 ...umiscan_5167   Feb 05 19:46  00:36:14   00:36:15   hallc     
63244759  trottar     R    priority    farm180135 ...umiscan_5168   Feb 05 19:46  00:32:13   00:32:14   hallc     
63244760  trottar     R    priority    farm180217 ...umiscan_5169   Feb 05 19:48  00:34:09   00:34:19   hallc     
63244761  trottar     R    priority    farm180217 ...umiscan_5170   Feb 05 19:48  00:34:09   00:34:19   hallc     
63244762  trottar     R    priority    farm180217 ...umiscan_5171   Feb 05 19:48  00:34:10   00:34:18   hallc     
63244763  trottar     R    priority    farm180217 ...umiscan_5175   Feb 05 19:48  00:34:07   00:34:18   hallc     
63244764  trottar     R    priority    farm180217 ...umiscan_5176   Feb 05 19:51  00:32:04   00:32:06   hallc     
63244765  trottar     R    priority    farm180217 ...umiscan_5178   Feb 05 19:51  00:32:05   00:32:06   hallc     
63244766  trottar     R    priority    farm180217 ...umiscan_5179   Feb 05 19:51  00:31:48   00:32:06   hallc     
 
There are 13 jobs remaining
~~~~~~~~~~~~~~~~~~~~~~~~~~~~~~~~~~~~~~~~~~~~~~~~~~~~~~~~~~~~~~~~~~~~~~~~~~~~~~~~~~~~~~~~~~~~~~~~~~~~~~~~~~~~~
JOB_ID    USER      STAT    QUEUE      EXEC_HOST   JOB_NAME         SUBMIT_TIME   CPU_TIME  WALLTIME  ACCOUNT    
63244749  trottar     R    priority    farm180135 ...umiscan_5155   Feb 05 19:42  00:42:06   00:42:29   hallc     
63244751  trottar     R    priority    farm180135 ...umiscan_5157   Feb 05 19:42  00:23:31   00:24:00   hallc     
63244752  trottar     R    priority    farm180135 ...umiscan_5158   Feb 05 19:42  00:42:06   00:42:29   hallc     
63244758  trottar     R    priority    farm180135 ...umiscan_5167   Feb 05 19:46  00:38:13   00:38:14   hallc     
63244759  trottar     R    priority    farm180135 ...umiscan_5168   Feb 05 19:46  00:32:13   00:32:14   hallc     
63244760  trottar     R    priority    farm180217 ...umiscan_5169   Feb 05 19:48  00:35:39   00:35:49   hallc     
63244761  trottar     R    priority    farm180217 ...umiscan_5170   Feb 05 19:48  00:35:38   00:35:49   hallc     
63244762  trottar     R    priority    farm180217 ...umiscan_5171   Feb 05 19:48  00:35:39   00:35:48   hallc     
63244763  trottar     R    priority    farm180217 ...umiscan_5175   Feb 05 19:48  00:35:37   00:35:48   hallc     
63244764  trottar     R    priority    farm180217 ...umiscan_5176   Feb 05 19:51  00:34:18   00:34:21   hallc     
63244765  trottar     R    priority    farm180217 ...umiscan_5178   Feb 05 19:51  00:34:20   00:34:21   hallc     
63244766  trottar     R    priority    farm180217 ...umiscan_5179   Feb 05 19:51  00:34:03   00:34:21   hallc     
 
There are 12 jobs remaining
~~~~~~~~~~~~~~~~~~~~~~~~~~~~~~~~~~~~~~~~~~~~~~~~~~~~~~~~~~~~~~~~~~~~~~~~~~~~~~~~~~~~~~~~~~~~~~~~~~~~~~~~~~~~~
JOB_ID    USER      STAT    QUEUE      EXEC_HOST   JOB_NAME         SUBMIT_TIME   CPU_TIME  WALLTIME  ACCOUNT    
63244749  trottar     R    priority    farm180135 ...umiscan_5155   Feb 05 19:42  00:43:54   00:44:17   hallc     
63244758  trottar     R    priority    farm180135 ...umiscan_5167   Feb 05 19:46  00:38:13   00:38:14   hallc     
63244759  trottar     R    priority    farm180135 ...umiscan_5168   Feb 05 19:46  00:32:13   00:32:14   hallc     
63244760  trottar     R    priority    farm180217 ...umiscan_5169   Feb 05 19:48  00:37:54   00:38:04   hallc     
63244761  trottar     R    priority    farm180217 ...umiscan_5170   Feb 05 19:48  00:37:53   00:38:04   hallc     
63244762  trottar     R    priority    farm180217 ...umiscan_5171   Feb 05 19:48  00:37:55   00:38:03   hallc     
63244763  trottar     R    priority    farm180217 ...umiscan_5175   Feb 05 19:48  00:37:52   00:38:03   hallc     
63244764  trottar     R    priority    farm180217 ...umiscan_5176   Feb 05 19:51  00:34:18   00:34:21   hallc     
63244765  trottar     R    priority    farm180217 ...umiscan_5178   Feb 05 19:51  00:34:20   00:34:21   hallc     
63244766  trottar     R    priority    farm180217 ...umiscan_5179   Feb 05 19:51  00:34:03   00:34:21   hallc     
 
There are 10 jobs remaining
~~~~~~~~~~~~~~~~~~~~~~~~~~~~~~~~~~~~~~~~~~~~~~~~~~~~~~~~~~~~~~~~~~~~~~~~~~~~~~~~~~~~~~~~~~~~~~~~~~~~~~~~~~~~~
JOB_ID    USER      STAT    QUEUE      EXEC_HOST   JOB_NAME         SUBMIT_TIME   CPU_TIME  WALLTIME  ACCOUNT    
63244749  trottar     R    priority    farm180135 ...umiscan_5155   Feb 05 19:42  00:46:07   00:46:30   hallc     
63244758  trottar     R    priority    farm180135 ...umiscan_5167   Feb 05 19:46  00:38:13   00:38:14   hallc     
63244759  trottar     R    priority    farm180135 ...umiscan_5168   Feb 05 19:46  00:32:13   00:32:14   hallc     
63244760  trottar     R    priority    farm180217 ...umiscan_5169   Feb 05 19:48  00:37:54   00:38:04   hallc     
63244761  trottar     R    priority    farm180217 ...umiscan_5170   Feb 05 19:48  00:37:53   00:38:04   hallc     
63244762  trottar     R    priority    farm180217 ...umiscan_5171   Feb 05 19:48  00:37:55   00:38:03   hallc     
63244763  trottar     R    priority    farm180217 ...umiscan_5175   Feb 05 19:48  00:37:52   00:38:03   hallc     
63244764  trottar     R    priority    farm180217 ...umiscan_5176   Feb 05 19:51  00:35:49   00:35:51   hallc     
63244765  trottar     R    priority    farm180217 ...umiscan_5178   Feb 05 19:51  00:35:50   00:35:51   hallc     
63244766  trottar     R    priority    farm180217 ...umiscan_5179   Feb 05 19:51  00:35:33   00:35:51   hallc     
 
There are 10 jobs remaining
~~~~~~~~~~~~~~~~~~~~~~~~~~~~~~~~~~~~~~~~~~~~~~~~~~~~~~~~~~~~~~~~~~~~~~~~~~~~~~~~~~~~~~~~~~~~~~~~~~~~~~~~~~~~~
JOB_ID    USER      STAT    QUEUE      EXEC_HOST   JOB_NAME         SUBMIT_TIME   CPU_TIME  WALLTIME  ACCOUNT    
63244749  trottar     R    priority    farm180135 ...umiscan_5155   Feb 05 19:42  00:46:07   00:46:30   hallc     
63244758  trottar     R    priority    farm180135 ...umiscan_5167   Feb 05 19:46  00:44:28   00:44:30   hallc     
63244759  trottar     R    priority    farm180135 ...umiscan_5168   Feb 05 19:46  00:44:13   00:44:14   hallc     
63244760  trottar     R    priority    farm180217 ...umiscan_5169   Feb 05 19:48  00:40:09   00:40:19   hallc     
63244761  trottar     R    priority    farm180217 ...umiscan_5170   Feb 05 19:48  00:40:09   00:40:19   hallc     
63244762  trottar     R    priority    farm180217 ...umiscan_5171   Feb 05 19:48  00:40:10   00:40:18   hallc     
63244763  trottar     R    priority    farm180217 ...umiscan_5175   Feb 05 19:48  00:40:07   00:40:18   hallc     
63244764  trottar     R    priority    farm180217 ...umiscan_5176   Feb 05 19:51  00:38:04   00:38:06   hallc     
63244765  trottar     R    priority    farm180217 ...umiscan_5178   Feb 05 19:51  00:38:05   00:38:06   hallc     
63244766  trottar     R    priority    farm180217 ...umiscan_5179   Feb 05 19:51  00:37:49   00:38:06   hallc     
 
There are 9 jobs remaining
~~~~~~~~~~~~~~~~~~~~~~~~~~~~~~~~~~~~~~~~~~~~~~~~~~~~~~~~~~~~~~~~~~~~~~~~~~~~~~~~~~~~~~~~~~~~~~~~~~~~~~~~~~~~~
JOB_ID    USER      STAT    QUEUE      EXEC_HOST   JOB_NAME         SUBMIT_TIME   CPU_TIME  WALLTIME  ACCOUNT    
63244758  trottar     R    priority    farm180135 ...umiscan_5167   Feb 05 19:46  00:44:28   00:44:30   hallc     
63244759  trottar     R    priority    farm180135 ...umiscan_5168   Feb 05 19:46  00:44:13   00:44:14   hallc     
63244760  trottar     R    priority    farm180217 ...umiscan_5169   Feb 05 19:48  00:41:40   00:41:49   hallc     
63244761  trottar     R    priority    farm180217 ...umiscan_5170   Feb 05 19:48  00:41:38   00:41:49   hallc     
63244762  trottar     R    priority    farm180217 ...umiscan_5171   Feb 05 19:48  00:41:39   00:41:48   hallc     
63244763  trottar     R    priority    farm180217 ...umiscan_5175   Feb 05 19:48  00:41:37   00:41:48   hallc     
63244764  trottar     R    priority    farm180217 ...umiscan_5176   Feb 05 19:51  00:40:19   00:40:21   hallc     
63244765  trottar     R    priority    farm180217 ...umiscan_5178   Feb 05 19:51  00:40:20   00:40:21   hallc     
63244766  trottar     R    priority    farm180217 ...umiscan_5179   Feb 05 19:51  00:40:02   00:40:21   hallc     
 
There are 9 jobs remaining
~~~~~~~~~~~~~~~~~~~~~~~~~~~~~~~~~~~~~~~~~~~~~~~~~~~~~~~~~~~~~~~~~~~~~~~~~~~~~~~~~~~~~~~~~~~~~~~~~~~~~~~~~~~~~
JOB_ID    USER      STAT    QUEUE      EXEC_HOST   JOB_NAME         SUBMIT_TIME   CPU_TIME  WALLTIME  ACCOUNT    
63244758  trottar     R    priority    farm180135 ...umiscan_5167   Feb 05 19:46  00:46:29   00:46:29   hallc     
63244759  trottar     R    priority    farm180135 ...umiscan_5168   Feb 05 19:46  00:46:28   00:46:29   hallc     
63244760  trottar     R    priority    farm180217 ...umiscan_5169   Feb 05 19:48  00:43:55   00:44:04   hallc     
63244761  trottar     R    priority    farm180217 ...umiscan_5170   Feb 05 19:48  00:43:54   00:44:04   hallc     
63244762  trottar     R    priority    farm180217 ...umiscan_5171   Feb 05 19:48  00:43:54   00:44:03   hallc     
63244763  trottar     R    priority    farm180217 ...umiscan_5175   Feb 05 19:48  00:43:52   00:44:03   hallc     
63244764  trottar     R    priority    farm180217 ...umiscan_5176   Feb 05 19:51  00:41:49   00:41:51   hallc     
63244765  trottar     R    priority    farm180217 ...umiscan_5178   Feb 05 19:51  00:41:50   00:41:51   hallc     
63244766  trottar     R    priority    farm180217 ...umiscan_5179   Feb 05 19:51  00:41:33   00:41:51   hallc     
 
There are 9 jobs remaining
~~~~~~~~~~~~~~~~~~~~~~~~~~~~~~~~~~~~~~~~~~~~~~~~~~~~~~~~~~~~~~~~~~~~~~~~~~~~~~~~~~~~~~~~~~~~~~~~~~~~~~~~~~~~~
JOB_ID    USER      STAT    QUEUE      EXEC_HOST   JOB_NAME         SUBMIT_TIME   CPU_TIME  WALLTIME  ACCOUNT    
63244758  trottar     R    priority    farm180135 ...umiscan_5167   Feb 05 19:46  00:48:14   00:48:15   hallc     
63244759  trottar     R    priority    farm180135 ...umiscan_5168   Feb 05 19:46  00:48:14   00:48:15   hallc     
63244760  trottar     R    priority    farm180217 ...umiscan_5169   Feb 05 19:48  00:46:09   00:46:19   hallc     
63244762  trottar     R    priority    farm180217 ...umiscan_5171   Feb 05 19:48  00:46:09   00:46:18   hallc     
63244763  trottar     R    priority    farm180217 ...umiscan_5175   Feb 05 19:48  00:46:07   00:46:18   hallc     
63244764  trottar     R    priority    farm180217 ...umiscan_5176   Feb 05 19:51  00:44:04   00:44:06   hallc     
63244765  trottar     R    priority    farm180217 ...umiscan_5178   Feb 05 19:51  00:44:06   00:44:06   hallc     
63244766  trottar     R    priority    farm180217 ...umiscan_5179   Feb 05 19:51  00:43:48   00:44:06   hallc     
 
There are 8 jobs remaining
~~~~~~~~~~~~~~~~~~~~~~~~~~~~~~~~~~~~~~~~~~~~~~~~~~~~~~~~~~~~~~~~~~~~~~~~~~~~~~~~~~~~~~~~~~~~~~~~~~~~~~~~~~~~~
JOB_ID    USER      STAT    QUEUE      EXEC_HOST   JOB_NAME         SUBMIT_TIME   CPU_TIME  WALLTIME  ACCOUNT    
63244758  trottar     R    priority    farm180135 ...umiscan_5167   Feb 05 19:46  00:50:30   00:50:30   hallc     
63244759  trottar     R    priority    farm180135 ...umiscan_5168   Feb 05 19:46  00:50:29   00:50:30   hallc     
63244760  trottar     R    priority    farm180217 ...umiscan_5169   Feb 05 19:48  00:47:39   00:47:49   hallc     
63244762  trottar     R    priority    farm180217 ...umiscan_5171   Feb 05 19:48  00:47:39   00:47:48   hallc     
63244763  trottar     R    priority    farm180217 ...umiscan_5175   Feb 05 19:48  00:47:36   00:47:48   hallc     
63244764  trottar     R    priority    farm180217 ...umiscan_5176   Feb 05 19:51  00:44:04   00:44:06   hallc     
63244765  trottar     R    priority    farm180217 ...umiscan_5178   Feb 05 19:51  00:44:06   00:44:06   hallc     
63244766  trottar     R    priority    farm180217 ...umiscan_5179   Feb 05 19:51  00:43:48   00:44:06   hallc     
 
There are 8 jobs remaining
~~~~~~~~~~~~~~~~~~~~~~~~~~~~~~~~~~~~~~~~~~~~~~~~~~~~~~~~~~~~~~~~~~~~~~~~~~~~~~~~~~~~~~~~~~~~~~~~~~~~~~~~~~~~~
JOB_ID    USER      STAT    QUEUE      EXEC_HOST   JOB_NAME         SUBMIT_TIME   CPU_TIME  WALLTIME  ACCOUNT    
63244758  trottar     R    priority    farm180135 ...umiscan_5167   Feb 05 19:46  00:52:29   00:52:29   hallc     
63244759  trottar     R    priority    farm180135 ...umiscan_5168   Feb 05 19:46  00:52:28   00:52:29   hallc     
63244760  trottar     R    priority    farm180217 ...umiscan_5169   Feb 05 19:48  00:47:39   00:47:49   hallc     
63244762  trottar     R    priority    farm180217 ...umiscan_5171   Feb 05 19:48  00:47:39   00:47:48   hallc     
63244763  trottar     R    priority    farm180217 ...umiscan_5175   Feb 05 19:48  00:47:36   00:47:48   hallc     
63244764  trottar     R    priority    farm180217 ...umiscan_5176   Feb 05 19:51  00:46:19   00:46:21   hallc     
63244765  trottar     R    priority    farm180217 ...umiscan_5178   Feb 05 19:51  00:46:20   00:46:21   hallc     
63244766  trottar     R    priority    farm180217 ...umiscan_5179   Feb 05 19:51  00:46:03   00:46:21   hallc     
 
There are 8 jobs remaining
~~~~~~~~~~~~~~~~~~~~~~~~~~~~~~~~~~~~~~~~~~~~~~~~~~~~~~~~~~~~~~~~~~~~~~~~~~~~~~~~~~~~~~~~~~~~~~~~~~~~~~~~~~~~~
JOB_ID    USER      STAT    QUEUE      EXEC_HOST   JOB_NAME         SUBMIT_TIME   CPU_TIME  WALLTIME  ACCOUNT    
63244758  trottar     R    priority    farm180135 ...umiscan_5167   Feb 05 19:46  00:52:29   00:52:29   hallc     
63244759  trottar     R    priority    farm180135 ...umiscan_5168   Feb 05 19:46  00:52:28   00:52:29   hallc     
63244760  trottar     R    priority    farm180217 ...umiscan_5169   Feb 05 19:48  00:49:55   00:50:04   hallc     
63244762  trottar     R    priority    farm180217 ...umiscan_5171   Feb 05 19:48  00:49:55   00:50:03   hallc     
63244763  trottar     R    priority    farm180217 ...umiscan_5175   Feb 05 19:48  00:49:52   00:50:03   hallc     
63244764  trottar     R    priority    farm180217 ...umiscan_5176   Feb 05 19:51  00:47:50   00:47:51   hallc     
63244765  trottar     R    priority    farm180217 ...umiscan_5178   Feb 05 19:51  00:47:50   00:47:51   hallc     
63244766  trottar     R    priority    farm180217 ...umiscan_5179   Feb 05 19:51  00:47:34   00:47:51   hallc     
 
There are 7 jobs remaining
~~~~~~~~~~~~~~~~~~~~~~~~~~~~~~~~~~~~~~~~~~~~~~~~~~~~~~~~~~~~~~~~~~~~~~~~~~~~~~~~~~~~~~~~~~~~~~~~~~~~~~~~~~~~~
JOB_ID    USER      STAT    QUEUE      EXEC_HOST   JOB_NAME         SUBMIT_TIME   CPU_TIME  WALLTIME  ACCOUNT    
63244758  trottar     R    priority    farm180135 ...umiscan_5167   Feb 05 19:46  00:54:34   00:54:34   hallc     
63244760  trottar     R    priority    farm180217 ...umiscan_5169   Feb 05 19:48  00:52:10   00:52:19   hallc     
63244763  trottar     R    priority    farm180217 ...umiscan_5175   Feb 05 19:48  00:52:08   00:52:18   hallc     
63244764  trottar     R    priority    farm180217 ...umiscan_5176   Feb 05 19:51  00:50:04   00:50:06   hallc     
63244765  trottar     R    priority    farm180217 ...umiscan_5178   Feb 05 19:51  00:50:06   00:50:06   hallc     
63244766  trottar     R    priority    farm180217 ...umiscan_5179   Feb 05 19:51  00:49:48   00:50:06   hallc     
 
There are 6 jobs remaining
~~~~~~~~~~~~~~~~~~~~~~~~~~~~~~~~~~~~~~~~~~~~~~~~~~~~~~~~~~~~~~~~~~~~~~~~~~~~~~~~~~~~~~~~~~~~~~~~~~~~~~~~~~~~~
JOB_ID    USER      STAT    QUEUE      EXEC_HOST   JOB_NAME         SUBMIT_TIME   CPU_TIME  WALLTIME  ACCOUNT    
63244758  trottar     R    priority    farm180135 ...umiscan_5167   Feb 05 19:46  00:56:30   00:56:30   hallc     
63244760  trottar     R    priority    farm180217 ...umiscan_5169   Feb 05 19:48  00:53:39   00:53:49   hallc     
63244763  trottar     R    priority    farm180217 ...umiscan_5175   Feb 05 19:48  00:53:37   00:53:48   hallc     
63244764  trottar     R    priority    farm180217 ...umiscan_5176   Feb 05 19:51  00:52:19   00:52:21   hallc     
63244765  trottar     R    priority    farm180217 ...umiscan_5178   Feb 05 19:51  00:52:20   00:52:21   hallc     
63244766  trottar     R    priority    farm180217 ...umiscan_5179   Feb 05 19:51  00:52:03   00:52:21   hallc     
 
There are 6 jobs remaining
~~~~~~~~~~~~~~~~~~~~~~~~~~~~~~~~~~~~~~~~~~~~~~~~~~~~~~~~~~~~~~~~~~~~~~~~~~~~~~~~~~~~~~~~~~~~~~~~~~~~~~~~~~~~~
JOB_ID    USER      STAT    QUEUE      EXEC_HOST   JOB_NAME         SUBMIT_TIME   CPU_TIME  WALLTIME  ACCOUNT    
63244758  trottar     R    priority    farm180135 ...umiscan_5167   Feb 05 19:46  00:58:29   00:58:29   hallc     
63244760  trottar     R    priority    farm180217 ...umiscan_5169   Feb 05 19:48  00:53:39   00:53:49   hallc     
63244763  trottar     R    priority    farm180217 ...umiscan_5175   Feb 05 19:48  00:53:37   00:53:48   hallc     
63244764  trottar     R    priority    farm180217 ...umiscan_5176   Feb 05 19:51  00:52:19   00:52:21   hallc     
63244765  trottar     R    priority    farm180217 ...umiscan_5178   Feb 05 19:51  00:52:20   00:52:21   hallc     
63244766  trottar     R    priority    farm180217 ...umiscan_5179   Feb 05 19:51  00:52:03   00:52:21   hallc     
 
There are 6 jobs remaining
~~~~~~~~~~~~~~~~~~~~~~~~~~~~~~~~~~~~~~~~~~~~~~~~~~~~~~~~~~~~~~~~~~~~~~~~~~~~~~~~~~~~~~~~~~~~~~~~~~~~~~~~~~~~~
JOB_ID    USER      STAT    QUEUE      EXEC_HOST   JOB_NAME         SUBMIT_TIME   CPU_TIME  WALLTIME  ACCOUNT    
63244758  trottar     R    priority    farm180135 ...umiscan_5167   Feb 05 19:46  00:58:29   00:58:29   hallc     
63244763  trottar     R    priority    farm180217 ...umiscan_5175   Feb 05 19:48  00:55:52   00:56:03   hallc     
63244764  trottar     R    priority    farm180217 ...umiscan_5176   Feb 05 19:51  00:53:49   00:53:51   hallc     
63244765  trottar     R    priority    farm180217 ...umiscan_5178   Feb 05 19:51  00:53:50   00:53:51   hallc     
63244766  trottar     R    priority    farm180217 ...umiscan_5179   Feb 05 19:51  00:53:34   00:53:51   hallc     
 
There are 5 jobs remaining
~~~~~~~~~~~~~~~~~~~~~~~~~~~~~~~~~~~~~~~~~~~~~~~~~~~~~~~~~~~~~~~~~~~~~~~~~~~~~~~~~~~~~~~~~~~~~~~~~~~~~~~~~~~~~
JOB_ID    USER      STAT    QUEUE      EXEC_HOST   JOB_NAME         SUBMIT_TIME   CPU_TIME  WALLTIME  ACCOUNT    
63244758  trottar     R    priority    farm180135 ...umiscan_5167   Feb 05 19:46  01:00:15   01:00:15   hallc     
63244763  trottar     R    priority    farm180217 ...umiscan_5175   Feb 05 19:48  00:58:08   00:58:19   hallc     
63244764  trottar     R    priority    farm180217 ...umiscan_5176   Feb 05 19:51  00:56:05   00:56:07   hallc     
63244765  trottar     R    priority    farm180217 ...umiscan_5178   Feb 05 19:51  00:56:05   00:56:07   hallc     
63244766  trottar     R    priority    farm180217 ...umiscan_5179   Feb 05 19:51  00:55:49   00:56:07   hallc     
 
There are 5 jobs remaining
~~~~~~~~~~~~~~~~~~~~~~~~~~~~~~~~~~~~~~~~~~~~~~~~~~~~~~~~~~~~~~~~~~~~~~~~~~~~~~~~~~~~~~~~~~~~~~~~~~~~~~~~~~~~~
JOB_ID    USER      STAT    QUEUE      EXEC_HOST   JOB_NAME         SUBMIT_TIME   CPU_TIME  WALLTIME  ACCOUNT    
63244758  trottar     R    priority    farm180135 ...umiscan_5167   Feb 05 19:46  01:02:30   01:02:30   hallc     
63244763  trottar     R    priority    farm180217 ...umiscan_5175   Feb 05 19:48  01:00:22   01:00:33   hallc     
63244764  trottar     R    priority    farm180217 ...umiscan_5176   Feb 05 19:51  00:56:05   00:56:07   hallc     
63244765  trottar     R    priority    farm180217 ...umiscan_5178   Feb 05 19:51  00:56:05   00:56:07   hallc     
63244766  trottar     R    priority    farm180217 ...umiscan_5179   Feb 05 19:51  00:55:49   00:56:07   hallc     
 
There are 4 jobs remaining
~~~~~~~~~~~~~~~~~~~~~~~~~~~~~~~~~~~~~~~~~~~~~~~~~~~~~~~~~~~~~~~~~~~~~~~~~~~~~~~~~~~~~~~~~~~~~~~~~~~~~~~~~~~~~
JOB_ID    USER      STAT    QUEUE      EXEC_HOST   JOB_NAME         SUBMIT_TIME   CPU_TIME  WALLTIME  ACCOUNT    
63244763  trottar     R    priority    farm180217 ...umiscan_5175   Feb 05 19:48  01:00:22   01:00:33   hallc     
63244764  trottar     R    priority    farm180217 ...umiscan_5176   Feb 05 19:51  00:58:20   00:58:21   hallc     
63244765  trottar     R    priority    farm180217 ...umiscan_5178   Feb 05 19:51  00:58:21   00:58:21   hallc     
 
There are 3 jobs remaining
~~~~~~~~~~~~~~~~~~~~~~~~~~~~~~~~~~~~~~~~~~~~~~~~~~~~~~~~~~~~~~~~~~~~~~~~~~~~~~~~~~~~~~~~~~~~~~~~~~~~~~~~~~~~~
JOB_ID    USER      STAT    QUEUE      EXEC_HOST   JOB_NAME         SUBMIT_TIME   CPU_TIME  WALLTIME  ACCOUNT    
63244763  trottar     R    priority    farm180217 ...umiscan_5175   Feb 05 19:48  01:01:53   01:02:03   hallc     
63244764  trottar     R    priority    farm180217 ...umiscan_5176   Feb 05 19:51  00:59:50   00:59:51   hallc     
63244765  trottar     R    priority    farm180217 ...umiscan_5178   Feb 05 19:51  00:59:51   00:59:51   hallc     
 
There are 3 jobs remaining
~~~~~~~~~~~~~~~~~~~~~~~~~~~~~~~~~~~~~~~~~~~~~~~~~~~~~~~~~~~~~~~~~~~~~~~~~~~~~~~~~~~~~~~~~~~~~~~~~~~~~~~~~~~~~
JOB_ID    USER      STAT    QUEUE      EXEC_HOST   JOB_NAME         SUBMIT_TIME   CPU_TIME  WALLTIME  ACCOUNT    
63244763  trottar     R    priority    farm180217 ...umiscan_5175   Feb 05 19:48  01:04:07   01:04:18   hallc     
63244764  trottar     R    priority    farm180217 ...umiscan_5176   Feb 05 19:51  01:02:05   01:02:06   hallc     
63244765  trottar     R    priority    farm180217 ...umiscan_5178   Feb 05 19:51  01:02:05   01:02:06   hallc     
 
There are 3 jobs remaining
~~~~~~~~~~~~~~~~~~~~~~~~~~~~~~~~~~~~~~~~~~~~~~~~~~~~~~~~~~~~~~~~~~~~~~~~~~~~~~~~~~~~~~~~~~~~~~~~~~~~~~~~~~~~~
JOB_ID    USER      STAT    QUEUE      EXEC_HOST   JOB_NAME         SUBMIT_TIME   CPU_TIME  WALLTIME  ACCOUNT    
63244763  trottar     R    priority    farm180217 ...umiscan_5175   Feb 05 19:48  01:06:23   01:06:33   hallc     
63244764  trottar     R    priority    farm180217 ...umiscan_5176   Feb 05 19:51  01:04:20   01:04:21   hallc     
63244765  trottar     R    priority    farm180217 ...umiscan_5178   Feb 05 19:51  01:04:21   01:04:21   hallc     
 
There are 3 jobs remaining
~~~~~~~~~~~~~~~~~~~~~~~~~~~~~~~~~~~~~~~~~~~~~~~~~~~~~~~~~~~~~~~~~~~~~~~~~~~~~~~~~~~~~~~~~~~~~~~~~~~~~~~~~~~~~
JOB_ID    USER      STAT    QUEUE      EXEC_HOST   JOB_NAME         SUBMIT_TIME   CPU_TIME  WALLTIME  ACCOUNT    
63244763  trottar     R    priority    farm180217 ...umiscan_5175   Feb 05 19:48  01:06:23   01:06:33   hallc     
63244764  trottar     R    priority    farm180217 ...umiscan_5176   Feb 05 19:51  01:04:20   01:04:21   hallc     
63244765  trottar     R    priority    farm180217 ...umiscan_5178   Feb 05 19:51  01:04:21   01:04:21   hallc     
 
There are 3 jobs remaining
~~~~~~~~~~~~~~~~~~~~~~~~~~~~~~~~~~~~~~~~~~~~~~~~~~~~~~~~~~~~~~~~~~~~~~~~~~~~~~~~~~~~~~~~~~~~~~~~~~~~~~~~~~~~~
JOB_ID    USER      STAT    QUEUE      EXEC_HOST   JOB_NAME         SUBMIT_TIME   CPU_TIME  WALLTIME  ACCOUNT    
63244763  trottar     R    priority    farm180217 ...umiscan_5175   Feb 05 19:48  01:07:53   01:08:03   hallc     
63244764  trottar     R    priority    farm180217 ...umiscan_5176   Feb 05 19:51  01:06:34   01:06:36   hallc     
63244765  trottar     R    priority    farm180217 ...umiscan_5178   Feb 05 19:51  01:06:35   01:06:36   hallc     
 
There are 3 jobs remaining
~~~~~~~~~~~~~~~~~~~~~~~~~~~~~~~~~~~~~~~~~~~~~~~~~~~~~~~~~~~~~~~~~~~~~~~~~~~~~~~~~~~~~~~~~~~~~~~~~~~~~~~~~~~~~
JOB_ID    USER      STAT    QUEUE      EXEC_HOST   JOB_NAME         SUBMIT_TIME   CPU_TIME  WALLTIME  ACCOUNT    
63244763  trottar     R    priority    farm180217 ...umiscan_5175   Feb 05 19:48  01:10:15   01:10:25   hallc     
63244764  trottar     R    priority    farm180217 ...umiscan_5176   Feb 05 19:51  01:08:12   01:08:13   hallc     
 
There are 2 jobs remaining
~~~~~~~~~~~~~~~~~~~~~~~~~~~~~~~~~~~~~~~~~~~~~~~~~~~~~~~~~~~~~~~~~~~~~~~~~~~~~~~~~~~~~~~~~~~~~~~~~~~~~~~~~~~~~
JOB_ID    USER      STAT    QUEUE      EXEC_HOST   JOB_NAME         SUBMIT_TIME   CPU_TIME  WALLTIME  ACCOUNT    
63244763  trottar     R    priority    farm180217 ...umiscan_5175   Feb 05 19:48  01:12:23   01:12:33   hallc     
 
There is 1 job remaining
~~~~~~~~~~~~~~~~~~~~~~~~~~~~~~~~~~~~~~~~~~~~~~~~~~~~~~~~~~~~~~~~~~~~~~~~~~~~~~~~~~~~~~~~~~~~~~~~~~~~~~~~~~~~~
JOB_ID    USER      STAT    QUEUE      EXEC_HOST   JOB_NAME         SUBMIT_TIME   CPU_TIME  WALLTIME  ACCOUNT    
63244763  trottar     R    priority    farm180217 ...umiscan_5175   Feb 05 19:48  01:12:23   01:12:33   hallc     
 
There is 1 job remaining
~~~~~~~~~~~~~~~~~~~~~~~~~~~~~~~~~~~~~~~~~~~~~~~~~~~~~~~~~~~~~~~~~~~~~~~~~~~~~~~~~~~~~~~~~~~~~~~~~~~~~~~~~~~~~
JOB_ID    USER      STAT    QUEUE      EXEC_HOST   JOB_NAME         SUBMIT_TIME   CPU_TIME  WALLTIME  ACCOUNT    
63244763  trottar     R    priority    farm180217 ...umiscan_5175   Feb 05 19:48  01:13:53   01:14:03   hallc     
 
There is 1 job remaining
~~~~~~~~~~~~~~~~~~~~~~~~~~~~~~~~~~~~~~~~~~~~~~~~~~~~~~~~~~~~~~~~~~~~~~~~~~~~~~~~~~~~~~~~~~~~~~~~~~~~~~~~~~~~~
JOB_ID    USER      STAT    QUEUE      EXEC_HOST   JOB_NAME         SUBMIT_TIME   CPU_TIME  WALLTIME  ACCOUNT    
63244763  trottar     R    priority    farm180217 ...umiscan_5175   Feb 05 19:48  01:16:08   01:16:18   hallc     
 
There is 1 job remaining
~~~~~~~~~~~~~~~~~~~~~~~~~~~~~~~~~~~~~~~~~~~~~~~~~~~~~~~~~~~~~~~~~~~~~~~~~~~~~~~~~~~~~~~~~~~~~~~~~~~~~~~~~~~~~
JOB_ID    USER      STAT    QUEUE      EXEC_HOST   JOB_NAME         SUBMIT_TIME   CPU_TIME  WALLTIME  ACCOUNT    
 
There are 0 jobs remaining
~~~~~~~~~~~~~~~~~~~~~~~~~~~~~~~~~~~~~~~~~~~~~~~~~~~~~~~~~~~~~~~~~~~~~~~~~~~~~~~~~~~~~~~~~~~~~~~~~~~~~~~~~~~~~
_
|ID-63244620 (run 5154) has printed batch job information to file
|Amount of allocated memory used: 1761880kb/2500mb
_
|ID-63244749 (run 5155) has printed batch job information to file
|Amount of allocated memory used: 1922672kb/2500mb
_
|ID-63244750 (run 5156) has printed batch job information to file
|Amount of allocated memory used: 1825536kb/2500mb
_
|ID-63244751 (run 5157) has printed batch job information to file
|Amount of allocated memory used: 1804596kb/2500mb
_
|ID-63244752 (run 5158) has printed batch job information to file
|Amount of allocated memory used: 1564408kb/2500mb
_
|ID-63244753 (run 5160) has printed batch job information to file
|Amount of allocated memory used: 897980kb/2500mb
_
|ID-63244754 (run 5161) has printed batch job information to file
|Amount of allocated memory used: 0kb/2500mb
_
|ID-63244755 (run 5162) has printed batch job information to file
|Amount of allocated memory used: 667412kb/2500mb
_
|ID-63244756 (run 5163) has printed batch job information to file
|Amount of allocated memory used: 662016kb/2500mb
_
|ID-63244757 (run 5166) has printed batch job information to file
|Amount of allocated memory used: 897988kb/2500mb
_
|ID-63244758 (run 5167) has printed batch job information to file
|Amount of allocated memory used: 2111164kb/2500mb
_
|ID-63244759 (run 5168) has printed batch job information to file
|Amount of allocated memory used: 1932424kb/2500mb
_
|ID-63244760 (run 5169) has printed batch job information to file
|Amount of allocated memory used: 1938564kb/2500mb
_
|ID-63244761 (run 5170) has printed batch job information to file
|Amount of allocated memory used: 1725464kb/2500mb
_
|ID-63244762 (run 5171) has printed batch job information to file
|Amount of allocated memory used: 1756624kb/2500mb
_
|ID-63244763 (run 5175) has printed batch job information to file
|Amount of allocated memory used: 2425404kb/2500mb
_
|ID-63244764 (run 5176) has printed batch job information to file
|Amount of allocated memory used: 2315100kb/2500mb
_
|ID-63244765 (run 5178) has printed batch job information to file
|Amount of allocated memory used: 2270352kb/2500mb
_
|ID-63244766 (run 5179) has printed batch job information to file
|Amount of allocated memory used: 1841808kb/2500mb
_
|ID-63244767 (run 5181) has printed batch job information to file
|Amount of allocated memory used: 1827648kb/2500mb
