~~~~~~~~~~~~~~~~~~~~~~~~~~~~~~~~~~~~~~~~~~~~~~~~~~~~~~~~~~~~~~~~~~~~~~~~~~~~~~~~~~~~~~~~~~~~~~~~~~~~~~~~~~~~~
Run number read from file: 5151

Job 1/13
Running trotta_lumiscanJob.txt for 5151
Submitting batch
get request: 17861013
status: pending
/cache/hallc/spring17/raw/coin_all_05151.dat -> pending

 
5151 has an AugerID of 
~~~~~~~~~~~~~~~~~~~~~~~~~~~~~~~~~~~~~~~~~~~~~~~~~~~~~~~~~~~~~~~~~~~~~~~~~~~~~~~~~~~~~~~~~~~~~~~~~~~~~~~~~~~~~
Run number read from file: 5152

Job 2/13
Running trotta_lumiscanJob.txt for 5152
Submitting batch
get request: 17861014
status: pending
/cache/hallc/spring17/raw/coin_all_05152.dat -> pending

 
5152 has an AugerID of 
~~~~~~~~~~~~~~~~~~~~~~~~~~~~~~~~~~~~~~~~~~~~~~~~~~~~~~~~~~~~~~~~~~~~~~~~~~~~~~~~~~~~~~~~~~~~~~~~~~~~~~~~~~~~~
Run number read from file: 5153

Job 3/13
Running trotta_lumiscanJob.txt for 5153
Submitting batch
get request: 17861015
status: pending
/cache/hallc/spring17/raw/coin_all_05153.dat -> pending

 
5153 has an AugerID of 
~~~~~~~~~~~~~~~~~~~~~~~~~~~~~~~~~~~~~~~~~~~~~~~~~~~~~~~~~~~~~~~~~~~~~~~~~~~~~~~~~~~~~~~~~~~~~~~~~~~~~~~~~~~~~
Run number read from file: 5164

Job 4/13
Running trotta_lumiscanJob.txt for 5164
Submitting batch
get request: 17861016
status: pending
/cache/hallc/spring17/raw/coin_all_05164.dat -> pending

 
5164 has an AugerID of 
~~~~~~~~~~~~~~~~~~~~~~~~~~~~~~~~~~~~~~~~~~~~~~~~~~~~~~~~~~~~~~~~~~~~~~~~~~~~~~~~~~~~~~~~~~~~~~~~~~~~~~~~~~~~~
Run number read from file: 5165

Job 5/13
Running trotta_lumiscanJob.txt for 5165
Submitting batch
get request: 17861017
status: pending
/cache/hallc/spring17/raw/coin_all_05165.dat -> pending

 
5165 has an AugerID of 
~~~~~~~~~~~~~~~~~~~~~~~~~~~~~~~~~~~~~~~~~~~~~~~~~~~~~~~~~~~~~~~~~~~~~~~~~~~~~~~~~~~~~~~~~~~~~~~~~~~~~~~~~~~~~
Run number read from file: 5295

Job 6/13
Running trotta_lumiscanJob.txt for 5295
Submitting batch
get request: 17861018
status: pending
/cache/hallc/spring17/raw/coin_all_05295.dat -> pending

 
5295 has an AugerID of 
~~~~~~~~~~~~~~~~~~~~~~~~~~~~~~~~~~~~~~~~~~~~~~~~~~~~~~~~~~~~~~~~~~~~~~~~~~~~~~~~~~~~~~~~~~~~~~~~~~~~~~~~~~~~~
Run number read from file: 5297

Job 7/13
Running trotta_lumiscanJob.txt for 5297
Submitting batch
get request: 17861019
status: pending
/cache/hallc/spring17/raw/coin_all_05297.dat -> pending

 
5297 has an AugerID of 
~~~~~~~~~~~~~~~~~~~~~~~~~~~~~~~~~~~~~~~~~~~~~~~~~~~~~~~~~~~~~~~~~~~~~~~~~~~~~~~~~~~~~~~~~~~~~~~~~~~~~~~~~~~~~
Run number read from file: 5298

Job 8/13
Running trotta_lumiscanJob.txt for 5298
Submitting batch
get request: 17861020
status: pending
/cache/hallc/spring17/raw/coin_all_05298.dat -> pending

 
5298 has an AugerID of 
~~~~~~~~~~~~~~~~~~~~~~~~~~~~~~~~~~~~~~~~~~~~~~~~~~~~~~~~~~~~~~~~~~~~~~~~~~~~~~~~~~~~~~~~~~~~~~~~~~~~~~~~~~~~~
Run number read from file: 5299

Job 9/13
Running trotta_lumiscanJob.txt for 5299
Submitting batch
get request: 17861021
status: pending
/cache/hallc/spring17/raw/coin_all_05299.dat -> pending

 
5299 has an AugerID of 
~~~~~~~~~~~~~~~~~~~~~~~~~~~~~~~~~~~~~~~~~~~~~~~~~~~~~~~~~~~~~~~~~~~~~~~~~~~~~~~~~~~~~~~~~~~~~~~~~~~~~~~~~~~~~
Run number read from file: 5300

Job 10/13
Running trotta_lumiscanJob.txt for 5300
Submitting batch
get request: 17861022
status: pending
/cache/hallc/spring17/raw/coin_all_05300.dat -> pending

 
5300 has an AugerID of 
~~~~~~~~~~~~~~~~~~~~~~~~~~~~~~~~~~~~~~~~~~~~~~~~~~~~~~~~~~~~~~~~~~~~~~~~~~~~~~~~~~~~~~~~~~~~~~~~~~~~~~~~~~~~~
Run number read from file: 5301

Job 11/13
Running trotta_lumiscanJob.txt for 5301
Submitting batch
get request: 17861023
status: pending
/cache/hallc/spring17/raw/coin_all_05301.dat -> pending

 
5301 has an AugerID of 
~~~~~~~~~~~~~~~~~~~~~~~~~~~~~~~~~~~~~~~~~~~~~~~~~~~~~~~~~~~~~~~~~~~~~~~~~~~~~~~~~~~~~~~~~~~~~~~~~~~~~~~~~~~~~
Run number read from file: 5302

Job 12/13
Running trotta_lumiscanJob.txt for 5302
Submitting batch
get request: 17861024
status: pending
/cache/hallc/spring17/raw/coin_all_05302.dat -> pending

 
5302 has an AugerID of 
~~~~~~~~~~~~~~~~~~~~~~~~~~~~~~~~~~~~~~~~~~~~~~~~~~~~~~~~~~~~~~~~~~~~~~~~~~~~~~~~~~~~~~~~~~~~~~~~~~~~~~~~~~~~~
Run number read from file: 5303

Job 13/13
Running trotta_lumiscanJob.txt for 5303
Submitting batch
get request: 17861025
status: pending
/cache/hallc/spring17/raw/coin_all_05303.dat -> pending

 
5303 has an AugerID of 
~~~~~~~~~~~~~~~~~~~~~~~~~~~~~~~~~~~~~~~~~~~~~~~~~~~~~~~~~~~~~~~~~~~~~~~~~~~~~~~~~~~~~~~~~~~~~~~~~~~~~~~~~~~~~
 
###############################################################################################################
############################################ END OF JOB SUBMISSIONS ###########################################
###############################################################################################################
 
~~~~~~~~~~~~~~~~~~~~~~~~~~~~~~~~~~~~~~~~~~~~~~~~~~~~~~~~~~~~~~~~~~~~~~~~~~~~~~~~~~~~~~~~~~~~~~~~~~~~~~~~~~~~~
