~~~~~~~~~~~~~~~~~~~~~~~~~~~~~~~~~~~~~~~~~~~~~~~~~~~~~~~~~~~~~~~~~~~~~~~~~~~~~~~~~~~~~~~~~~~~~~~~~~~~~~~~~~~~~
Run number read from file: 5154

Job 1/20
Running trotta_lumiscanJob.txt for 5154
Submitting batch
get request: 18002625
status: pending
/cache/hallc/spring17/raw/coin_all_05154.dat -> pending

 
5154 has an AugerID of 
~~~~~~~~~~~~~~~~~~~~~~~~~~~~~~~~~~~~~~~~~~~~~~~~~~~~~~~~~~~~~~~~~~~~~~~~~~~~~~~~~~~~~~~~~~~~~~~~~~~~~~~~~~~~~
Run number read from file: 5155

Job 2/20
Running trotta_lumiscanJob.txt for 5155
Submitting batch
get request: 18002626
status: pending
/cache/hallc/spring17/raw/coin_all_05155.dat -> pending

 
5155 has an AugerID of 
~~~~~~~~~~~~~~~~~~~~~~~~~~~~~~~~~~~~~~~~~~~~~~~~~~~~~~~~~~~~~~~~~~~~~~~~~~~~~~~~~~~~~~~~~~~~~~~~~~~~~~~~~~~~~
Run number read from file: 5156

Job 3/20
Running trotta_lumiscanJob.txt for 5156
Submitting batch
get request: 18002644
status: pending
/cache/hallc/spring17/raw/coin_all_05156.dat -> pending

 
5156 has an AugerID of 
~~~~~~~~~~~~~~~~~~~~~~~~~~~~~~~~~~~~~~~~~~~~~~~~~~~~~~~~~~~~~~~~~~~~~~~~~~~~~~~~~~~~~~~~~~~~~~~~~~~~~~~~~~~~~
Run number read from file: 5157

Job 4/20
Running trotta_lumiscanJob.txt for 5157
Submitting batch
get request: 18002645
status: pending
/cache/hallc/spring17/raw/coin_all_05157.dat -> pending

 
5157 has an AugerID of 
~~~~~~~~~~~~~~~~~~~~~~~~~~~~~~~~~~~~~~~~~~~~~~~~~~~~~~~~~~~~~~~~~~~~~~~~~~~~~~~~~~~~~~~~~~~~~~~~~~~~~~~~~~~~~
Run number read from file: 5158

Job 5/20
Running trotta_lumiscanJob.txt for 5158
Submitting batch
get request: 18002646
status: pending
/cache/hallc/spring17/raw/coin_all_05158.dat -> pending

 
5158 has an AugerID of 
~~~~~~~~~~~~~~~~~~~~~~~~~~~~~~~~~~~~~~~~~~~~~~~~~~~~~~~~~~~~~~~~~~~~~~~~~~~~~~~~~~~~~~~~~~~~~~~~~~~~~~~~~~~~~
Run number read from file: 5160

Job 6/20
Running trotta_lumiscanJob.txt for 5160
Submitting batch
get request: 18002647
status: pending
/cache/hallc/spring17/raw/coin_all_05160.dat -> pending

 
5160 has an AugerID of 
~~~~~~~~~~~~~~~~~~~~~~~~~~~~~~~~~~~~~~~~~~~~~~~~~~~~~~~~~~~~~~~~~~~~~~~~~~~~~~~~~~~~~~~~~~~~~~~~~~~~~~~~~~~~~
Run number read from file: 5161

Job 7/20
Running trotta_lumiscanJob.txt for 5161
Submitting batch
get request: 18002648
status: pending
/cache/hallc/spring17/raw/coin_all_05161.dat -> pending

 
5161 has an AugerID of 
~~~~~~~~~~~~~~~~~~~~~~~~~~~~~~~~~~~~~~~~~~~~~~~~~~~~~~~~~~~~~~~~~~~~~~~~~~~~~~~~~~~~~~~~~~~~~~~~~~~~~~~~~~~~~
Run number read from file: 5162

Job 8/20
Running trotta_lumiscanJob.txt for 5162
Submitting batch
get request: 18002649
status: pending
/cache/hallc/spring17/raw/coin_all_05162.dat -> pending

 
5162 has an AugerID of 
~~~~~~~~~~~~~~~~~~~~~~~~~~~~~~~~~~~~~~~~~~~~~~~~~~~~~~~~~~~~~~~~~~~~~~~~~~~~~~~~~~~~~~~~~~~~~~~~~~~~~~~~~~~~~
Run number read from file: 5163

Job 9/20
Running trotta_lumiscanJob.txt for 5163
Submitting batch
get request: 18002650
status: pending
/cache/hallc/spring17/raw/coin_all_05163.dat -> pending

 
5163 has an AugerID of 
~~~~~~~~~~~~~~~~~~~~~~~~~~~~~~~~~~~~~~~~~~~~~~~~~~~~~~~~~~~~~~~~~~~~~~~~~~~~~~~~~~~~~~~~~~~~~~~~~~~~~~~~~~~~~
Run number read from file: 5166

Job 10/20
Running trotta_lumiscanJob.txt for 5166
Submitting batch
get request: 18002654
status: pending
/cache/hallc/spring17/raw/coin_all_05166.dat -> pending

 
5166 has an AugerID of 
~~~~~~~~~~~~~~~~~~~~~~~~~~~~~~~~~~~~~~~~~~~~~~~~~~~~~~~~~~~~~~~~~~~~~~~~~~~~~~~~~~~~~~~~~~~~~~~~~~~~~~~~~~~~~
Run number read from file: 5167

Job 11/20
Running trotta_lumiscanJob.txt for 5167
Submitting batch
get request: 18002749
status: pending
/cache/hallc/spring17/raw/coin_all_05167.dat -> pending

 
5167 has an AugerID of 
~~~~~~~~~~~~~~~~~~~~~~~~~~~~~~~~~~~~~~~~~~~~~~~~~~~~~~~~~~~~~~~~~~~~~~~~~~~~~~~~~~~~~~~~~~~~~~~~~~~~~~~~~~~~~
Run number read from file: 5168

Job 12/20
Running trotta_lumiscanJob.txt for 5168
Submitting batch
get request: 18002898
status: pending
/cache/hallc/spring17/raw/coin_all_05168.dat -> pending

 
5168 has an AugerID of 
~~~~~~~~~~~~~~~~~~~~~~~~~~~~~~~~~~~~~~~~~~~~~~~~~~~~~~~~~~~~~~~~~~~~~~~~~~~~~~~~~~~~~~~~~~~~~~~~~~~~~~~~~~~~~
Run number read from file: 5169

Job 13/20
Running trotta_lumiscanJob.txt for 5169
Submitting batch
get request: 18002964
status: pending
/cache/hallc/spring17/raw/coin_all_05169.dat -> pending

 
5169 has an AugerID of 
~~~~~~~~~~~~~~~~~~~~~~~~~~~~~~~~~~~~~~~~~~~~~~~~~~~~~~~~~~~~~~~~~~~~~~~~~~~~~~~~~~~~~~~~~~~~~~~~~~~~~~~~~~~~~
Run number read from file: 5170

Job 14/20
Running trotta_lumiscanJob.txt for 5170
Submitting batch
get request: 18002965
status: pending
/cache/hallc/spring17/raw/coin_all_05170.dat -> pending

 
5170 has an AugerID of 
~~~~~~~~~~~~~~~~~~~~~~~~~~~~~~~~~~~~~~~~~~~~~~~~~~~~~~~~~~~~~~~~~~~~~~~~~~~~~~~~~~~~~~~~~~~~~~~~~~~~~~~~~~~~~
Run number read from file: 5171

Job 15/20
Running trotta_lumiscanJob.txt for 5171
Submitting batch
get request: 18002966
status: pending
/cache/hallc/spring17/raw/coin_all_05171.dat -> pending

 
5171 has an AugerID of 
~~~~~~~~~~~~~~~~~~~~~~~~~~~~~~~~~~~~~~~~~~~~~~~~~~~~~~~~~~~~~~~~~~~~~~~~~~~~~~~~~~~~~~~~~~~~~~~~~~~~~~~~~~~~~
Run number read from file: 5175

Job 16/20
Running trotta_lumiscanJob.txt for 5175
Submitting batch
get request: 18002968
status: pending
/cache/hallc/spring17/raw/coin_all_05175.dat -> pending

 
5175 has an AugerID of 
~~~~~~~~~~~~~~~~~~~~~~~~~~~~~~~~~~~~~~~~~~~~~~~~~~~~~~~~~~~~~~~~~~~~~~~~~~~~~~~~~~~~~~~~~~~~~~~~~~~~~~~~~~~~~
Run number read from file: 5176

Job 17/20
Running trotta_lumiscanJob.txt for 5176
Submitting batch
get request: 18002969
status: pending
/cache/hallc/spring17/raw/coin_all_05176.dat -> pending

 
5176 has an AugerID of 
~~~~~~~~~~~~~~~~~~~~~~~~~~~~~~~~~~~~~~~~~~~~~~~~~~~~~~~~~~~~~~~~~~~~~~~~~~~~~~~~~~~~~~~~~~~~~~~~~~~~~~~~~~~~~
Run number read from file: 5178

Job 18/20
Running trotta_lumiscanJob.txt for 5178
Submitting batch
get request: 18002970
status: pending
/cache/hallc/spring17/raw/coin_all_05178.dat -> pending

 
5178 has an AugerID of 
~~~~~~~~~~~~~~~~~~~~~~~~~~~~~~~~~~~~~~~~~~~~~~~~~~~~~~~~~~~~~~~~~~~~~~~~~~~~~~~~~~~~~~~~~~~~~~~~~~~~~~~~~~~~~
Run number read from file: 5179

Job 19/20
Running trotta_lumiscanJob.txt for 5179
Submitting batch
get request: 18002971
status: pending
/cache/hallc/spring17/raw/coin_all_05179.dat -> pending

 
5179 has an AugerID of 
~~~~~~~~~~~~~~~~~~~~~~~~~~~~~~~~~~~~~~~~~~~~~~~~~~~~~~~~~~~~~~~~~~~~~~~~~~~~~~~~~~~~~~~~~~~~~~~~~~~~~~~~~~~~~
Run number read from file: 5181

Job 20/20
Running trotta_lumiscanJob.txt for 5181
Submitting batch
get request: 18002973
status: pending
/cache/hallc/spring17/raw/coin_all_05181.dat -> pending

 
5181 has an AugerID of 
~~~~~~~~~~~~~~~~~~~~~~~~~~~~~~~~~~~~~~~~~~~~~~~~~~~~~~~~~~~~~~~~~~~~~~~~~~~~~~~~~~~~~~~~~~~~~~~~~~~~~~~~~~~~~
 
###############################################################################################################
############################################ END OF JOB SUBMISSIONS ###########################################
###############################################################################################################
 
~~~~~~~~~~~~~~~~~~~~~~~~~~~~~~~~~~~~~~~~~~~~~~~~~~~~~~~~~~~~~~~~~~~~~~~~~~~~~~~~~~~~~~~~~~~~~~~~~~~~~~~~~~~~~
