~~~~~~~~~~~~~~~~~~~~~~~~~~~~~~~~~~~~~~~~~~~~~~~~~~~~~~~~~~~~~~~~~~~~~~~~~~~~~~~~~~~~~~~~~~~~~~~~~~~~~~~~~~~~~
Run number read from file: 5154

Job 1/20
Running trotta_lumiscanJob.txt for 5154
Submitting batch
Parsing script ... (it may take while)
<jsub><request><index>29582192</index><jobIndex>61197967</jobIndex></request></jsub>
 
5154 has an AugerID of 61197967
~~~~~~~~~~~~~~~~~~~~~~~~~~~~~~~~~~~~~~~~~~~~~~~~~~~~~~~~~~~~~~~~~~~~~~~~~~~~~~~~~~~~~~~~~~~~~~~~~~~~~~~~~~~~~
Run number read from file: 5155

Job 2/20
Running trotta_lumiscanJob.txt for 5155
Submitting batch
Parsing script ... (it may take while)
<jsub><request><index>29582194</index><jobIndex>61197969</jobIndex></request></jsub>
 
5155 has an AugerID of 61197968
~~~~~~~~~~~~~~~~~~~~~~~~~~~~~~~~~~~~~~~~~~~~~~~~~~~~~~~~~~~~~~~~~~~~~~~~~~~~~~~~~~~~~~~~~~~~~~~~~~~~~~~~~~~~~
Run number read from file: 5156

Job 3/20
Running trotta_lumiscanJob.txt for 5156
Submitting batch
Parsing script ... (it may take while)
<jsub><request><index>29582196</index><jobIndex>61197971</jobIndex></request></jsub>
 
5156 has an AugerID of 61197970
~~~~~~~~~~~~~~~~~~~~~~~~~~~~~~~~~~~~~~~~~~~~~~~~~~~~~~~~~~~~~~~~~~~~~~~~~~~~~~~~~~~~~~~~~~~~~~~~~~~~~~~~~~~~~
Run number read from file: 5157

Job 4/20
Running trotta_lumiscanJob.txt for 5157
Submitting batch
Parsing script ... (it may take while)
<jsub><request><index>29582198</index><jobIndex>61197973</jobIndex></request></jsub>
 
5157 has an AugerID of 61197972
~~~~~~~~~~~~~~~~~~~~~~~~~~~~~~~~~~~~~~~~~~~~~~~~~~~~~~~~~~~~~~~~~~~~~~~~~~~~~~~~~~~~~~~~~~~~~~~~~~~~~~~~~~~~~
Run number read from file: 5158

Job 5/20
Running trotta_lumiscanJob.txt for 5158
Submitting batch
Parsing script ... (it may take while)
<jsub><request><index>29582200</index><jobIndex>61197975</jobIndex></request></jsub>
 
5158 has an AugerID of 61197974
~~~~~~~~~~~~~~~~~~~~~~~~~~~~~~~~~~~~~~~~~~~~~~~~~~~~~~~~~~~~~~~~~~~~~~~~~~~~~~~~~~~~~~~~~~~~~~~~~~~~~~~~~~~~~
Run number read from file: 5160

Job 6/20
Running trotta_lumiscanJob.txt for 5160
Submitting batch
Parsing script ... (it may take while)
<jsub><request><index>29582202</index><jobIndex>61197977</jobIndex></request></jsub>
 
5160 has an AugerID of 61197976
~~~~~~~~~~~~~~~~~~~~~~~~~~~~~~~~~~~~~~~~~~~~~~~~~~~~~~~~~~~~~~~~~~~~~~~~~~~~~~~~~~~~~~~~~~~~~~~~~~~~~~~~~~~~~
Run number read from file: 5161

Job 7/20
Running trotta_lumiscanJob.txt for 5161
Submitting batch
Parsing script ... (it may take while)
<jsub><request><index>29582204</index><jobIndex>61197979</jobIndex></request></jsub>
 
5161 has an AugerID of 61197978
~~~~~~~~~~~~~~~~~~~~~~~~~~~~~~~~~~~~~~~~~~~~~~~~~~~~~~~~~~~~~~~~~~~~~~~~~~~~~~~~~~~~~~~~~~~~~~~~~~~~~~~~~~~~~
Run number read from file: 5162

Job 8/20
Running trotta_lumiscanJob.txt for 5162
Submitting batch
Parsing script ... (it may take while)
<jsub><request><index>29582206</index><jobIndex>61197981</jobIndex></request></jsub>
 
5162 has an AugerID of 61197980
~~~~~~~~~~~~~~~~~~~~~~~~~~~~~~~~~~~~~~~~~~~~~~~~~~~~~~~~~~~~~~~~~~~~~~~~~~~~~~~~~~~~~~~~~~~~~~~~~~~~~~~~~~~~~
Run number read from file: 5163

Job 9/20
Running trotta_lumiscanJob.txt for 5163
Submitting batch
Parsing script ... (it may take while)
<jsub><request><index>29582208</index><jobIndex>61197983</jobIndex></request></jsub>
 
5163 has an AugerID of 
~~~~~~~~~~~~~~~~~~~~~~~~~~~~~~~~~~~~~~~~~~~~~~~~~~~~~~~~~~~~~~~~~~~~~~~~~~~~~~~~~~~~~~~~~~~~~~~~~~~~~~~~~~~~~
Run number read from file: 5166

Job 10/20
Running trotta_lumiscanJob.txt for 5166
Submitting batch
Parsing script ... (it may take while)
<jsub><request><index>29582209</index><jobIndex>61197984</jobIndex></request></jsub>
 
5166 has an AugerID of 61197982
~~~~~~~~~~~~~~~~~~~~~~~~~~~~~~~~~~~~~~~~~~~~~~~~~~~~~~~~~~~~~~~~~~~~~~~~~~~~~~~~~~~~~~~~~~~~~~~~~~~~~~~~~~~~~
Run number read from file: 5167

Job 11/20
Running trotta_lumiscanJob.txt for 5167
Submitting batch
Parsing script ... (it may take while)
<jsub><request><index>29582211</index><jobIndex>61197986</jobIndex></request></jsub>
 
5167 has an AugerID of 61197986
~~~~~~~~~~~~~~~~~~~~~~~~~~~~~~~~~~~~~~~~~~~~~~~~~~~~~~~~~~~~~~~~~~~~~~~~~~~~~~~~~~~~~~~~~~~~~~~~~~~~~~~~~~~~~
Run number read from file: 5168

Job 12/20
Running trotta_lumiscanJob.txt for 5168
Submitting batch
Parsing script ... (it may take while)
<jsub><request><index>29582213</index><jobIndex>61197988</jobIndex></request></jsub>
 
5168 has an AugerID of 61197986
~~~~~~~~~~~~~~~~~~~~~~~~~~~~~~~~~~~~~~~~~~~~~~~~~~~~~~~~~~~~~~~~~~~~~~~~~~~~~~~~~~~~~~~~~~~~~~~~~~~~~~~~~~~~~
Run number read from file: 5169

Job 13/20
Running trotta_lumiscanJob.txt for 5169
Submitting batch
Parsing script ... (it may take while)
<jsub><request><index>29582214</index><jobIndex>61197989</jobIndex></request></jsub>
 
5169 has an AugerID of 61197986
~~~~~~~~~~~~~~~~~~~~~~~~~~~~~~~~~~~~~~~~~~~~~~~~~~~~~~~~~~~~~~~~~~~~~~~~~~~~~~~~~~~~~~~~~~~~~~~~~~~~~~~~~~~~~
Run number read from file: 5170

Job 14/20
Running trotta_lumiscanJob.txt for 5170
Submitting batch
Parsing script ... (it may take while)
<jsub><request><index>29582215</index><jobIndex>61197990</jobIndex></request></jsub>
 
5170 has an AugerID of 61197986
~~~~~~~~~~~~~~~~~~~~~~~~~~~~~~~~~~~~~~~~~~~~~~~~~~~~~~~~~~~~~~~~~~~~~~~~~~~~~~~~~~~~~~~~~~~~~~~~~~~~~~~~~~~~~
Run number read from file: 5171

Job 15/20
Running trotta_lumiscanJob.txt for 5171
Submitting batch
Parsing script ... (it may take while)
<jsub><request><index>29582216</index><jobIndex>61197991</jobIndex></request></jsub>
 
5171 has an AugerID of 61197986
~~~~~~~~~~~~~~~~~~~~~~~~~~~~~~~~~~~~~~~~~~~~~~~~~~~~~~~~~~~~~~~~~~~~~~~~~~~~~~~~~~~~~~~~~~~~~~~~~~~~~~~~~~~~~
Run number read from file: 5175

Job 16/20
Running trotta_lumiscanJob.txt for 5175
Submitting batch
Parsing script ... (it may take while)
<jsub><request><index>29582217</index><jobIndex>61197992</jobIndex></request></jsub>
 
5175 has an AugerID of 61197992
~~~~~~~~~~~~~~~~~~~~~~~~~~~~~~~~~~~~~~~~~~~~~~~~~~~~~~~~~~~~~~~~~~~~~~~~~~~~~~~~~~~~~~~~~~~~~~~~~~~~~~~~~~~~~
Run number read from file: 5176

Job 17/20
Running trotta_lumiscanJob.txt for 5176
Submitting batch
Parsing script ... (it may take while)
<jsub><request><index>29582218</index><jobIndex>61197993</jobIndex></request></jsub>
 
5176 has an AugerID of 61197993
~~~~~~~~~~~~~~~~~~~~~~~~~~~~~~~~~~~~~~~~~~~~~~~~~~~~~~~~~~~~~~~~~~~~~~~~~~~~~~~~~~~~~~~~~~~~~~~~~~~~~~~~~~~~~
Run number read from file: 5178

Job 18/20
Running trotta_lumiscanJob.txt for 5178
Submitting batch
Parsing script ... (it may take while)
<jsub><request><index>29582219</index><jobIndex>61197994</jobIndex></request></jsub>
 
5178 has an AugerID of 61197994
~~~~~~~~~~~~~~~~~~~~~~~~~~~~~~~~~~~~~~~~~~~~~~~~~~~~~~~~~~~~~~~~~~~~~~~~~~~~~~~~~~~~~~~~~~~~~~~~~~~~~~~~~~~~~
Run number read from file: 5179

Job 19/20
Running trotta_lumiscanJob.txt for 5179
Submitting batch
Parsing script ... (it may take while)
<jsub><request><index>29582220</index><jobIndex>61197995</jobIndex></request></jsub>
 
5179 has an AugerID of 61197995
~~~~~~~~~~~~~~~~~~~~~~~~~~~~~~~~~~~~~~~~~~~~~~~~~~~~~~~~~~~~~~~~~~~~~~~~~~~~~~~~~~~~~~~~~~~~~~~~~~~~~~~~~~~~~
Run number read from file: 5181

Job 20/20
Running trotta_lumiscanJob.txt for 5181
Submitting batch
Parsing script ... (it may take while)
<jsub><request><index>29582221</index><jobIndex>61197996</jobIndex></request></jsub>
 
5181 has an AugerID of 61197996
~~~~~~~~~~~~~~~~~~~~~~~~~~~~~~~~~~~~~~~~~~~~~~~~~~~~~~~~~~~~~~~~~~~~~~~~~~~~~~~~~~~~~~~~~~~~~~~~~~~~~~~~~~~~~
 
###############################################################################################################
############################################ END OF JOB SUBMISSIONS ###########################################
###############################################################################################################
 
5154 has an AugerID of 61197967
5155 has an AugerID of 61197968
5156 has an AugerID of 61197970
5157 has an AugerID of 61197972
5158 has an AugerID of 61197974
5160 has an AugerID of 61197976
5161 has an AugerID of 61197978
5162 has an AugerID of 61197980
5163 has an AugerID of 61197982
5166 has an AugerID of 61197986
5167 has an AugerID of 61197986
5168 has an AugerID of 61197986
5169 has an AugerID of 61197986
5170 has an AugerID of 61197986
5171 has an AugerID of 61197992
5175 has an AugerID of 61197993
5176 has an AugerID of 61197994
5178 has an AugerID of 61197995
5179 has an AugerID of 61197996
~~~~~~~~~~~~~~~~~~~~~~~~~~~~~~~~~~~~~~~~~~~~~~~~~~~~~~~~~~~~~~~~~~~~~~~~~~~~~~~~~~~~~~~~~~~~~~~~~~~~~~~~~~~~~
JOB_ID    USER      STAT    QUEUE      EXEC_HOST   JOB_NAME         SUBMIT_TIME   CPU_TIME  WALLTIME  ACCOUNT    
61197991  trottar     R    prod64      farm180234 ...umiscan_5171   Dec 12 08:12  --         --         hallc     
61197992  trottar     R    prod64      farm180234 ...umiscan_5175   Dec 12 08:12  --         --         hallc     
61197993  trottar     R    prod64      farm180234 ...umiscan_5176   Dec 12 08:12  --         --         hallc     
61197994  trottar     R    prod64      farm180234 ...umiscan_5178   Dec 12 08:12  --         --         hallc     
61197995  trottar     R    prod64      farm180234 ...umiscan_5179   Dec 12 08:12  --         --         hallc     
61197996  trottar     R    prod64      farm180234 ...umiscan_5181   Dec 12 08:12  --         --         hallc     
 
There are 0 jobs remaining
~~~~~~~~~~~~~~~~~~~~~~~~~~~~~~~~~~~~~~~~~~~~~~~~~~~~~~~~~~~~~~~~~~~~~~~~~~~~~~~~~~~~~~~~~~~~~~~~~~~~~~~~~~~~~
_
|ID-61197967 (run 5154) has printed batch job information to file
|Amount of allocated memory used: 1129856kb/2500mb
Batch job information not found [ID-61197968]
Batch job information not found [ID-61197970]
Batch job information not found [ID-61197972]
Batch job information not found [ID-61197974]
Batch job information not found [ID-61197976]
Batch job information not found [ID-61197978]
Batch job information not found [ID-61197980]
Batch job information not found [ID-61197982]
Batch job information not found [ID-61197986]
Batch job information not found [ID-61197986]
Batch job information not found [ID-61197986]
Batch job information not found [ID-61197986]
Batch job information not found [ID-61197986]
Batch job information not found [ID-61197992]
Batch job information not found [ID-61197993]
Batch job information not found [ID-61197994]
Batch job information not found [ID-61197995]
Batch job information not found [ID-61197996]
