~~~~~~~~~~~~~~~~~~~~~~~~~~~~~~~~~~~~~~~~~~~~~~~~~~~~~~~~~~~~~~~~~~~~~~~~~~~~~~~~~~~~~~~~~~~~~~~~~~
Run number read from file: 4788

Job 0/30
Running trotta_elasticsJob.txt for 4788
Submitting batch
Parsing script ... (it may take while)
<jsub><request><index>29179552</index><jobIndex>59733412</jobIndex></request></jsub>
 
4788 has an AugerID of 59733412
~~~~~~~~~~~~~~~~~~~~~~~~~~~~~~~~~~~~~~~~~~~~~~~~~~~~~~~~~~~~~~~~~~~~~~~~~~~~~~~~~~~~~~~~~~~~~~~~~~
Run number read from file: 4789

Job 1/30
Running trotta_elasticsJob.txt for 4789
Submitting batch
Parsing script ... (it may take while)
<jsub><request><index>29179553</index><jobIndex>59733413</jobIndex></request></jsub>
 
4789 has an AugerID of 59733413
~~~~~~~~~~~~~~~~~~~~~~~~~~~~~~~~~~~~~~~~~~~~~~~~~~~~~~~~~~~~~~~~~~~~~~~~~~~~~~~~~~~~~~~~~~~~~~~~~~
Run number read from file: 4791

Job 2/30
Running trotta_elasticsJob.txt for 4791
Submitting batch
Parsing script ... (it may take while)
<jsub><request><index>29179554</index><jobIndex>59733414</jobIndex></request></jsub>
 
4791 has an AugerID of 59733414
~~~~~~~~~~~~~~~~~~~~~~~~~~~~~~~~~~~~~~~~~~~~~~~~~~~~~~~~~~~~~~~~~~~~~~~~~~~~~~~~~~~~~~~~~~~~~~~~~~
Run number read from file: 4793

Job 3/30
Running trotta_elasticsJob.txt for 4793
Submitting batch
Parsing script ... (it may take while)
<jsub><request><index>29179555</index><jobIndex>59733415</jobIndex></request></jsub>
 
4793 has an AugerID of 59733415
~~~~~~~~~~~~~~~~~~~~~~~~~~~~~~~~~~~~~~~~~~~~~~~~~~~~~~~~~~~~~~~~~~~~~~~~~~~~~~~~~~~~~~~~~~~~~~~~~~
Run number read from file: 4796

Job 4/30
Running trotta_elasticsJob.txt for 4796
Submitting batch
Parsing script ... (it may take while)
<jsub><request><index>29179556</index><jobIndex>59733416</jobIndex></request></jsub>
 
4796 has an AugerID of 59733416
~~~~~~~~~~~~~~~~~~~~~~~~~~~~~~~~~~~~~~~~~~~~~~~~~~~~~~~~~~~~~~~~~~~~~~~~~~~~~~~~~~~~~~~~~~~~~~~~~~
Run number read from file: 4797

Job 5/30
Running trotta_elasticsJob.txt for 4797
Submitting batch
Parsing script ... (it may take while)
<jsub><request><index>29179557</index><jobIndex>59733417</jobIndex></request></jsub>
 
4797 has an AugerID of 59733417
~~~~~~~~~~~~~~~~~~~~~~~~~~~~~~~~~~~~~~~~~~~~~~~~~~~~~~~~~~~~~~~~~~~~~~~~~~~~~~~~~~~~~~~~~~~~~~~~~~
Run number read from file: 4798

Job 6/30
Running trotta_elasticsJob.txt for 4798
Submitting batch
Parsing script ... (it may take while)
<jsub><request><index>29179558</index><jobIndex>59733418</jobIndex></request></jsub>
 
4798 has an AugerID of 59733418
~~~~~~~~~~~~~~~~~~~~~~~~~~~~~~~~~~~~~~~~~~~~~~~~~~~~~~~~~~~~~~~~~~~~~~~~~~~~~~~~~~~~~~~~~~~~~~~~~~
Run number read from file: 4799

Job 7/30
Running trotta_elasticsJob.txt for 4799
Submitting batch
Parsing script ... (it may take while)
<jsub><request><index>29179559</index><jobIndex>59733419</jobIndex></request></jsub>
 
4799 has an AugerID of 59733419
~~~~~~~~~~~~~~~~~~~~~~~~~~~~~~~~~~~~~~~~~~~~~~~~~~~~~~~~~~~~~~~~~~~~~~~~~~~~~~~~~~~~~~~~~~~~~~~~~~
Run number read from file: 4785

Job 8/30
Running trotta_elasticsJob.txt for 4785
Submitting batch
Parsing script ... (it may take while)
<jsub><request><index>29179560</index><jobIndex>59733420</jobIndex></request></jsub>
 
4785 has an AugerID of 59733420
~~~~~~~~~~~~~~~~~~~~~~~~~~~~~~~~~~~~~~~~~~~~~~~~~~~~~~~~~~~~~~~~~~~~~~~~~~~~~~~~~~~~~~~~~~~~~~~~~~
Run number read from file: 4787

Job 9/30
Running trotta_elasticsJob.txt for 4787
Submitting batch
Parsing script ... (it may take while)
<jsub><request><index>29179561</index><jobIndex>59733421</jobIndex></request></jsub>
 
4787 has an AugerID of 59733421
~~~~~~~~~~~~~~~~~~~~~~~~~~~~~~~~~~~~~~~~~~~~~~~~~~~~~~~~~~~~~~~~~~~~~~~~~~~~~~~~~~~~~~~~~~~~~~~~~~
Run number read from file: 4804

Job 10/30
Running trotta_elasticsJob.txt for 4804
Submitting batch
Parsing script ... (it may take while)
<jsub><request><index>29179562</index><jobIndex>59733422</jobIndex></request></jsub>
 
4804 has an AugerID of 59733422
~~~~~~~~~~~~~~~~~~~~~~~~~~~~~~~~~~~~~~~~~~~~~~~~~~~~~~~~~~~~~~~~~~~~~~~~~~~~~~~~~~~~~~~~~~~~~~~~~~
Run number read from file: 4805

Job 11/30
Running trotta_elasticsJob.txt for 4805
Submitting batch
Parsing script ... (it may take while)
<jsub><request><index>29179563</index><jobIndex>59733423</jobIndex></request></jsub>
 
4805 has an AugerID of 59733423
~~~~~~~~~~~~~~~~~~~~~~~~~~~~~~~~~~~~~~~~~~~~~~~~~~~~~~~~~~~~~~~~~~~~~~~~~~~~~~~~~~~~~~~~~~~~~~~~~~
Run number read from file: 4806

Job 12/30
Running trotta_elasticsJob.txt for 4806
Submitting batch
Parsing script ... (it may take while)
<jsub><request><index>29179564</index><jobIndex>59733424</jobIndex></request></jsub>
 
4806 has an AugerID of 59733424
~~~~~~~~~~~~~~~~~~~~~~~~~~~~~~~~~~~~~~~~~~~~~~~~~~~~~~~~~~~~~~~~~~~~~~~~~~~~~~~~~~~~~~~~~~~~~~~~~~
Run number read from file: 4808

Job 13/30
Running trotta_elasticsJob.txt for 4808
Submitting batch
Parsing script ... (it may take while)
<jsub><request><index>29179565</index><jobIndex>59733425</jobIndex></request></jsub>
 
4808 has an AugerID of 59733425
~~~~~~~~~~~~~~~~~~~~~~~~~~~~~~~~~~~~~~~~~~~~~~~~~~~~~~~~~~~~~~~~~~~~~~~~~~~~~~~~~~~~~~~~~~~~~~~~~~
Run number read from file: 4809

Job 14/30
Running trotta_elasticsJob.txt for 4809
Submitting batch
Parsing script ... (it may take while)
<jsub><request><index>29179566</index><jobIndex>59733426</jobIndex></request></jsub>
 
4809 has an AugerID of 59733426
~~~~~~~~~~~~~~~~~~~~~~~~~~~~~~~~~~~~~~~~~~~~~~~~~~~~~~~~~~~~~~~~~~~~~~~~~~~~~~~~~~~~~~~~~~~~~~~~~~
Run number read from file: 4810

Job 15/30
Running trotta_elasticsJob.txt for 4810
Submitting batch
Parsing script ... (it may take while)
<jsub><request><index>29179567</index><jobIndex>59733427</jobIndex></request></jsub>
 
4810 has an AugerID of 59733427
~~~~~~~~~~~~~~~~~~~~~~~~~~~~~~~~~~~~~~~~~~~~~~~~~~~~~~~~~~~~~~~~~~~~~~~~~~~~~~~~~~~~~~~~~~~~~~~~~~
Run number read from file: 4811

Job 16/30
Running trotta_elasticsJob.txt for 4811
Submitting batch
Parsing script ... (it may take while)
<jsub><request><index>29179568</index><jobIndex>59733428</jobIndex></request></jsub>
 
4811 has an AugerID of 59733428
~~~~~~~~~~~~~~~~~~~~~~~~~~~~~~~~~~~~~~~~~~~~~~~~~~~~~~~~~~~~~~~~~~~~~~~~~~~~~~~~~~~~~~~~~~~~~~~~~~
Run number read from file: 4817

Job 17/30
Running trotta_elasticsJob.txt for 4817
Submitting batch
Parsing script ... (it may take while)
<jsub><request><index>29179569</index><jobIndex>59733429</jobIndex></request></jsub>
 
4817 has an AugerID of 59733429
~~~~~~~~~~~~~~~~~~~~~~~~~~~~~~~~~~~~~~~~~~~~~~~~~~~~~~~~~~~~~~~~~~~~~~~~~~~~~~~~~~~~~~~~~~~~~~~~~~
Run number read from file: 4816

Job 18/30
Running trotta_elasticsJob.txt for 4816
Submitting batch
Parsing script ... (it may take while)
<jsub><request><index>29179570</index><jobIndex>59733430</jobIndex></request></jsub>
 
4816 has an AugerID of 59733430
~~~~~~~~~~~~~~~~~~~~~~~~~~~~~~~~~~~~~~~~~~~~~~~~~~~~~~~~~~~~~~~~~~~~~~~~~~~~~~~~~~~~~~~~~~~~~~~~~~
Run number read from file: 4821

Job 19/30
Running trotta_elasticsJob.txt for 4821
Submitting batch
Parsing script ... (it may take while)
<jsub><request><index>29179571</index><jobIndex>59733431</jobIndex></request></jsub>
 
4821 has an AugerID of 59733431
~~~~~~~~~~~~~~~~~~~~~~~~~~~~~~~~~~~~~~~~~~~~~~~~~~~~~~~~~~~~~~~~~~~~~~~~~~~~~~~~~~~~~~~~~~~~~~~~~~
Run number read from file: 4790

Job 20/30
Running trotta_elasticsJob.txt for 4790
Submitting batch
Parsing script ... (it may take while)
<jsub><request><index>29179572</index><jobIndex>59733432</jobIndex></request></jsub>
 
4790 has an AugerID of 59733432
~~~~~~~~~~~~~~~~~~~~~~~~~~~~~~~~~~~~~~~~~~~~~~~~~~~~~~~~~~~~~~~~~~~~~~~~~~~~~~~~~~~~~~~~~~~~~~~~~~
Run number read from file: 4792

Job 21/30
Running trotta_elasticsJob.txt for 4792
Submitting batch
Parsing script ... (it may take while)
<jsub><request><index>29179573</index><jobIndex>59733433</jobIndex></request></jsub>
 
4792 has an AugerID of 59733433
~~~~~~~~~~~~~~~~~~~~~~~~~~~~~~~~~~~~~~~~~~~~~~~~~~~~~~~~~~~~~~~~~~~~~~~~~~~~~~~~~~~~~~~~~~~~~~~~~~
Run number read from file: 4794

Job 22/30
Running trotta_elasticsJob.txt for 4794
Submitting batch
Parsing script ... (it may take while)
<jsub><request><index>29179574</index><jobIndex>59733434</jobIndex></request></jsub>
 
4794 has an AugerID of 59733434
~~~~~~~~~~~~~~~~~~~~~~~~~~~~~~~~~~~~~~~~~~~~~~~~~~~~~~~~~~~~~~~~~~~~~~~~~~~~~~~~~~~~~~~~~~~~~~~~~~
Run number read from file: 4800

Job 23/30
Running trotta_elasticsJob.txt for 4800
Submitting batch
Parsing script ... (it may take while)
<jsub><request><index>29179575</index><jobIndex>59733435</jobIndex></request></jsub>
 
4800 has an AugerID of 59733435
~~~~~~~~~~~~~~~~~~~~~~~~~~~~~~~~~~~~~~~~~~~~~~~~~~~~~~~~~~~~~~~~~~~~~~~~~~~~~~~~~~~~~~~~~~~~~~~~~~
Run number read from file: 4801

Job 24/30
Running trotta_elasticsJob.txt for 4801
Submitting batch
Parsing script ... (it may take while)
<jsub><request><index>29179576</index><jobIndex>59733436</jobIndex></request></jsub>
 
4801 has an AugerID of 59733436
~~~~~~~~~~~~~~~~~~~~~~~~~~~~~~~~~~~~~~~~~~~~~~~~~~~~~~~~~~~~~~~~~~~~~~~~~~~~~~~~~~~~~~~~~~~~~~~~~~
Run number read from file: 4786

Job 25/30
Running trotta_elasticsJob.txt for 4786
Submitting batch
Parsing script ... (it may take while)
<jsub><request><index>29179577</index><jobIndex>59733437</jobIndex></request></jsub>
 
4786 has an AugerID of 59733437
~~~~~~~~~~~~~~~~~~~~~~~~~~~~~~~~~~~~~~~~~~~~~~~~~~~~~~~~~~~~~~~~~~~~~~~~~~~~~~~~~~~~~~~~~~~~~~~~~~
Run number read from file: 4813

Job 26/30
Running trotta_elasticsJob.txt for 4813
Submitting batch
Parsing script ... (it may take while)
<jsub><request><index>29179578</index><jobIndex>59733438</jobIndex></request></jsub>
 
4813 has an AugerID of 59733438
~~~~~~~~~~~~~~~~~~~~~~~~~~~~~~~~~~~~~~~~~~~~~~~~~~~~~~~~~~~~~~~~~~~~~~~~~~~~~~~~~~~~~~~~~~~~~~~~~~
Run number read from file: 4812

Job 27/30
Running trotta_elasticsJob.txt for 4812
Submitting batch
Parsing script ... (it may take while)
<jsub><request><index>29179579</index><jobIndex>59733439</jobIndex></request></jsub>
 
4812 has an AugerID of 59733439
~~~~~~~~~~~~~~~~~~~~~~~~~~~~~~~~~~~~~~~~~~~~~~~~~~~~~~~~~~~~~~~~~~~~~~~~~~~~~~~~~~~~~~~~~~~~~~~~~~
Run number read from file: 4814

Job 28/30
Running trotta_elasticsJob.txt for 4814
Submitting batch
Parsing script ... (it may take while)
<jsub><request><index>29179580</index><jobIndex>59733440</jobIndex></request></jsub>
 
4814 has an AugerID of 59733440
~~~~~~~~~~~~~~~~~~~~~~~~~~~~~~~~~~~~~~~~~~~~~~~~~~~~~~~~~~~~~~~~~~~~~~~~~~~~~~~~~~~~~~~~~~~~~~~~~~
Run number read from file: 4815

Job 29/30
Running trotta_elasticsJob.txt for 4815
Submitting batch
Parsing script ... (it may take while)
<jsub><request><index>29179581</index><jobIndex>59733441</jobIndex></request></jsub>
 
4815 has an AugerID of 59733441
~~~~~~~~~~~~~~~~~~~~~~~~~~~~~~~~~~~~~~~~~~~~~~~~~~~~~~~~~~~~~~~~~~~~~~~~~~~~~~~~~~~~~~~~~~~~~~~~~~
Run number read from file: 4822

Job 30/30
Running trotta_elasticsJob.txt for 4822
Submitting batch
Parsing script ... (it may take while)
<jsub><request><index>29179582</index><jobIndex>59733442</jobIndex></request></jsub>
 
4822 has an AugerID of 59733442
###############################################################################################################
############################################ END OF JOB SUBMISSIONS ###########################################
###############################################################################################################
 
4788 has an AugerID of 59733412
4789 has an AugerID of 59733413
4791 has an AugerID of 59733414
4793 has an AugerID of 59733415
4796 has an AugerID of 59733416
4797 has an AugerID of 59733417
4798 has an AugerID of 59733418
4799 has an AugerID of 59733419
4785 has an AugerID of 59733420
4787 has an AugerID of 59733421
4804 has an AugerID of 59733422
4805 has an AugerID of 59733423
4806 has an AugerID of 59733424
4808 has an AugerID of 59733425
4809 has an AugerID of 59733426
4810 has an AugerID of 59733427
4811 has an AugerID of 59733428
4817 has an AugerID of 59733429
4816 has an AugerID of 59733430
4821 has an AugerID of 59733431
4790 has an AugerID of 59733432
4792 has an AugerID of 59733433
4794 has an AugerID of 59733434
4800 has an AugerID of 59733435
4801 has an AugerID of 59733436
4786 has an AugerID of 59733437
4813 has an AugerID of 59733438
4812 has an AugerID of 59733439
4814 has an AugerID of 59733440
4815 has an AugerID of 59733441
4822 has an AugerID of 59733442
~~~~~~~~~~~~~~~~~~~~~~~~~~~~~~~~~~~~~~~~~~~~~~~~~~~~~~~~~~~~~~~~~~~~~~~~~~~~~~~~~~~~~~~~~~~~~~~~~~
JOB_ID    USER      STAT    QUEUE      EXEC_HOST   JOB_NAME         SUBMIT_TIME   CPU_TIME  WALLTIME  ACCOUNT    
59733420  trottar     A    priority    --         ...lastics_4785   Nov 06 20:29  --         --         hallc     
59733421  trottar     A    priority    --         ...lastics_4787   Nov 06 20:29  --         --         hallc     
59733422  trottar     A    priority    --         ...lastics_4804   Nov 06 20:29  --         --         hallc     
59733423  trottar     A    priority    --         ...lastics_4805   Nov 06 20:30  --         --         hallc     
59733424  trottar     A    priority    --         ...lastics_4806   Nov 06 20:30  --         --         hallc     
59733425  trottar     A    priority    --         ...lastics_4808   Nov 06 20:30  --         --         hallc     
59733426  trottar     A    priority    --         ...lastics_4809   Nov 06 20:30  --         --         hallc     
59733427  trottar     A    priority    --         ...lastics_4810   Nov 06 20:30  --         --         hallc     
59733428  trottar     A    priority    --         ...lastics_4811   Nov 06 20:30  --         --         hallc     
59733429  trottar     A    priority    --         ...lastics_4817   Nov 06 20:30  --         --         hallc     
59733430  trottar     A    priority    --         ...lastics_4816   Nov 06 20:30  --         --         hallc     
59733431  trottar     A    priority    --         ...lastics_4821   Nov 06 20:31  --         --         hallc     
59733432  trottar     A    priority    --         ...lastics_4790   Nov 06 20:31  --         --         hallc     
59733433  trottar     A    priority    --         ...lastics_4792   Nov 06 20:31  --         --         hallc     
59733434  trottar     A    priority    --         ...lastics_4794   Nov 06 20:31  --         --         hallc     
59733435  trottar     A    priority    --         ...lastics_4800   Nov 06 20:31  --         --         hallc     
59733436  trottar     A    priority    --         ...lastics_4801   Nov 06 20:31  --         --         hallc     
59733437  trottar     A    priority    --         ...lastics_4786   Nov 06 20:31  --         --         hallc     
59733438  trottar     A    priority    --         ...lastics_4813   Nov 06 20:32  --         --         hallc     
59733439  trottar     A    priority    --         ...lastics_4812   Nov 06 20:32  --         --         hallc     
59733440  trottar     A    priority    --         ...lastics_4814   Nov 06 20:32  --         --         hallc     
59733441  trottar     A    priority    --         ...lastics_4815   Nov 06 20:32  --         --         hallc     
59733442  trottar     A    priority    --         ...lastics_4822   Nov 06 20:32  --         --         hallc     
 
There are 23 jobs remaining
~~~~~~~~~~~~~~~~~~~~~~~~~~~~~~~~~~~~~~~~~~~~~~~~~~~~~~~~~~~~~~~~~~~~~~~~~~~~~~~~~~~~~~~~~~~~~~~~~~
JOB_ID    USER      STAT    QUEUE      EXEC_HOST   JOB_NAME         SUBMIT_TIME   CPU_TIME  WALLTIME  ACCOUNT    
59733420  trottar     A    priority    --         ...lastics_4785   Nov 06 20:29  --         --         hallc     
59733421  trottar     A    priority    --         ...lastics_4787   Nov 06 20:29  --         --         hallc     
59733422  trottar     A    priority    --         ...lastics_4804   Nov 06 20:29  --         --         hallc     
59733423  trottar     A    priority    --         ...lastics_4805   Nov 06 20:30  --         --         hallc     
59733424  trottar     A    priority    --         ...lastics_4806   Nov 06 20:30  --         --         hallc     
59733425  trottar     A    priority    --         ...lastics_4808   Nov 06 20:30  --         --         hallc     
59733426  trottar     A    priority    --         ...lastics_4809   Nov 06 20:30  --         --         hallc     
59733427  trottar     A    priority    --         ...lastics_4810   Nov 06 20:30  --         --         hallc     
59733428  trottar     A    priority    --         ...lastics_4811   Nov 06 20:30  --         --         hallc     
59733429  trottar     A    priority    --         ...lastics_4817   Nov 06 20:30  --         --         hallc     
59733430  trottar     A    priority    --         ...lastics_4816   Nov 06 20:30  --         --         hallc     
59733431  trottar     A    priority    --         ...lastics_4821   Nov 06 20:31  --         --         hallc     
59733432  trottar     A    priority    --         ...lastics_4790   Nov 06 20:31  --         --         hallc     
59733433  trottar     A    priority    --         ...lastics_4792   Nov 06 20:31  --         --         hallc     
59733434  trottar     A    priority    --         ...lastics_4794   Nov 06 20:31  --         --         hallc     
59733435  trottar     A    priority    --         ...lastics_4800   Nov 06 20:31  --         --         hallc     
59733436  trottar     A    priority    --         ...lastics_4801   Nov 06 20:31  --         --         hallc     
59733437  trottar     A    priority    --         ...lastics_4786   Nov 06 20:31  --         --         hallc     
59733438  trottar     A    priority    --         ...lastics_4813   Nov 06 20:32  --         --         hallc     
59733439  trottar     A    priority    --         ...lastics_4812   Nov 06 20:32  --         --         hallc     
59733440  trottar     A    priority    --         ...lastics_4814   Nov 06 20:32  --         --         hallc     
59733441  trottar     A    priority    --         ...lastics_4815   Nov 06 20:32  --         --         hallc     
59733442  trottar     A    priority    --         ...lastics_4822   Nov 06 20:32  --         --         hallc     
 
There are 23 jobs remaining
~~~~~~~~~~~~~~~~~~~~~~~~~~~~~~~~~~~~~~~~~~~~~~~~~~~~~~~~~~~~~~~~~~~~~~~~~~~~~~~~~~~~~~~~~~~~~~~~~~
JOB_ID    USER      STAT    QUEUE      EXEC_HOST   JOB_NAME         SUBMIT_TIME   CPU_TIME  WALLTIME  ACCOUNT    
59733420  trottar     R    priority    farm180248 ...lastics_4785   Nov 06 20:33  --         --         hallc     
59733421  trottar     R    priority    farm180248 ...lastics_4787   Nov 06 20:33  --         --         hallc     
59733422  trottar     R    priority    farm180248 ...lastics_4804   Nov 06 20:33  --         --         hallc     
59733423  trottar     R    priority    farm180248 ...lastics_4805   Nov 06 20:33  --         --         hallc     
59733424  trottar     R    priority    farm180237 ...lastics_4806   Nov 06 20:33  --         --         hallc     
59733425  trottar     R    priority    farm180237 ...lastics_4808   Nov 06 20:33  --         --         hallc     
59733426  trottar     R    priority    farm180237 ...lastics_4809   Nov 06 20:33  --         --         hallc     
59733427  trottar     R    priority    farm180237 ...lastics_4810   Nov 06 20:33  --         --         hallc     
59733428  trottar     A    priority    --         ...lastics_4811   Nov 06 20:30  --         --         hallc     
59733429  trottar     A    priority    --         ...lastics_4817   Nov 06 20:30  --         --         hallc     
59733430  trottar     A    priority    --         ...lastics_4816   Nov 06 20:30  --         --         hallc     
59733431  trottar     A    priority    --         ...lastics_4821   Nov 06 20:31  --         --         hallc     
59733432  trottar     A    priority    --         ...lastics_4790   Nov 06 20:31  --         --         hallc     
59733433  trottar     A    priority    --         ...lastics_4792   Nov 06 20:31  --         --         hallc     
59733434  trottar     A    priority    --         ...lastics_4794   Nov 06 20:31  --         --         hallc     
59733435  trottar     A    priority    --         ...lastics_4800   Nov 06 20:31  --         --         hallc     
59733436  trottar     A    priority    --         ...lastics_4801   Nov 06 20:31  --         --         hallc     
59733437  trottar     A    priority    --         ...lastics_4786   Nov 06 20:31  --         --         hallc     
59733438  trottar     A    priority    --         ...lastics_4813   Nov 06 20:32  --         --         hallc     
59733439  trottar     A    priority    --         ...lastics_4812   Nov 06 20:32  --         --         hallc     
59733440  trottar     A    priority    --         ...lastics_4814   Nov 06 20:32  --         --         hallc     
59733441  trottar     A    priority    --         ...lastics_4815   Nov 06 20:32  --         --         hallc     
59733442  trottar     A    priority    --         ...lastics_4822   Nov 06 20:32  --         --         hallc     
 
There are 20 jobs remaining
~~~~~~~~~~~~~~~~~~~~~~~~~~~~~~~~~~~~~~~~~~~~~~~~~~~~~~~~~~~~~~~~~~~~~~~~~~~~~~~~~~~~~~~~~~~~~~~~~~
JOB_ID    USER      STAT    QUEUE      EXEC_HOST   JOB_NAME         SUBMIT_TIME   CPU_TIME  WALLTIME  ACCOUNT    
59733428  trottar     A    priority    --         ...lastics_4811   Nov 06 20:30  --         --         hallc     
59733429  trottar     A    priority    --         ...lastics_4817   Nov 06 20:30  --         --         hallc     
59733430  trottar     A    priority    --         ...lastics_4816   Nov 06 20:30  --         --         hallc     
59733431  trottar     A    priority    --         ...lastics_4821   Nov 06 20:31  --         --         hallc     
59733432  trottar     A    priority    --         ...lastics_4790   Nov 06 20:31  --         --         hallc     
59733433  trottar     A    priority    --         ...lastics_4792   Nov 06 20:31  --         --         hallc     
59733434  trottar     A    priority    --         ...lastics_4794   Nov 06 20:31  --         --         hallc     
59733435  trottar     A    priority    --         ...lastics_4800   Nov 06 20:31  --         --         hallc     
59733436  trottar     A    priority    --         ...lastics_4801   Nov 06 20:31  --         --         hallc     
59733437  trottar     A    priority    --         ...lastics_4786   Nov 06 20:31  --         --         hallc     
59733438  trottar     A    priority    --         ...lastics_4813   Nov 06 20:32  --         --         hallc     
59733439  trottar     A    priority    --         ...lastics_4812   Nov 06 20:32  --         --         hallc     
59733440  trottar     A    priority    --         ...lastics_4814   Nov 06 20:32  --         --         hallc     
59733441  trottar     A    priority    --         ...lastics_4815   Nov 06 20:32  --         --         hallc     
59733442  trottar     A    priority    --         ...lastics_4822   Nov 06 20:32  --         --         hallc     
 
There are 15 jobs remaining
~~~~~~~~~~~~~~~~~~~~~~~~~~~~~~~~~~~~~~~~~~~~~~~~~~~~~~~~~~~~~~~~~~~~~~~~~~~~~~~~~~~~~~~~~~~~~~~~~~
JOB_ID    USER      STAT    QUEUE      EXEC_HOST   JOB_NAME         SUBMIT_TIME   CPU_TIME  WALLTIME  ACCOUNT    
59733428  trottar     A    priority    --         ...lastics_4811   Nov 06 20:30  --         --         hallc     
59733429  trottar     A    priority    --         ...lastics_4817   Nov 06 20:30  --         --         hallc     
59733430  trottar     A    priority    --         ...lastics_4816   Nov 06 20:30  --         --         hallc     
59733431  trottar     A    priority    --         ...lastics_4821   Nov 06 20:31  --         --         hallc     
59733432  trottar     A    priority    --         ...lastics_4790   Nov 06 20:31  --         --         hallc     
59733433  trottar     A    priority    --         ...lastics_4792   Nov 06 20:31  --         --         hallc     
59733434  trottar     A    priority    --         ...lastics_4794   Nov 06 20:31  --         --         hallc     
59733435  trottar     A    priority    --         ...lastics_4800   Nov 06 20:31  --         --         hallc     
59733436  trottar     A    priority    --         ...lastics_4801   Nov 06 20:31  --         --         hallc     
59733437  trottar     A    priority    --         ...lastics_4786   Nov 06 20:31  --         --         hallc     
59733438  trottar     A    priority    --         ...lastics_4813   Nov 06 20:32  --         --         hallc     
59733439  trottar     A    priority    --         ...lastics_4812   Nov 06 20:32  --         --         hallc     
59733440  trottar     A    priority    --         ...lastics_4814   Nov 06 20:32  --         --         hallc     
59733441  trottar     A    priority    --         ...lastics_4815   Nov 06 20:32  --         --         hallc     
59733442  trottar     A    priority    --         ...lastics_4822   Nov 06 20:32  --         --         hallc     
 
There are 15 jobs remaining
~~~~~~~~~~~~~~~~~~~~~~~~~~~~~~~~~~~~~~~~~~~~~~~~~~~~~~~~~~~~~~~~~~~~~~~~~~~~~~~~~~~~~~~~~~~~~~~~~~
JOB_ID    USER      STAT    QUEUE      EXEC_HOST   JOB_NAME         SUBMIT_TIME   CPU_TIME  WALLTIME  ACCOUNT    
59733428  trottar     A    priority    --         ...lastics_4811   Nov 06 20:30  --         --         hallc     
59733429  trottar     A    priority    --         ...lastics_4817   Nov 06 20:30  --         --         hallc     
59733430  trottar     A    priority    --         ...lastics_4816   Nov 06 20:30  --         --         hallc     
59733431  trottar     A    priority    --         ...lastics_4821   Nov 06 20:31  --         --         hallc     
59733432  trottar     A    priority    --         ...lastics_4790   Nov 06 20:31  --         --         hallc     
59733433  trottar     A    priority    --         ...lastics_4792   Nov 06 20:31  --         --         hallc     
59733434  trottar     A    priority    --         ...lastics_4794   Nov 06 20:31  --         --         hallc     
59733435  trottar     A    priority    --         ...lastics_4800   Nov 06 20:31  --         --         hallc     
59733436  trottar     A    priority    --         ...lastics_4801   Nov 06 20:31  --         --         hallc     
59733437  trottar     A    priority    --         ...lastics_4786   Nov 06 20:31  --         --         hallc     
59733438  trottar     A    priority    --         ...lastics_4813   Nov 06 20:32  --         --         hallc     
59733439  trottar     A    priority    --         ...lastics_4812   Nov 06 20:32  --         --         hallc     
59733440  trottar     A    priority    --         ...lastics_4814   Nov 06 20:32  --         --         hallc     
59733441  trottar     A    priority    --         ...lastics_4815   Nov 06 20:32  --         --         hallc     
59733442  trottar     A    priority    --         ...lastics_4822   Nov 06 20:32  --         --         hallc     
 
There are 15 jobs remaining
~~~~~~~~~~~~~~~~~~~~~~~~~~~~~~~~~~~~~~~~~~~~~~~~~~~~~~~~~~~~~~~~~~~~~~~~~~~~~~~~~~~~~~~~~~~~~~~~~~
JOB_ID    USER      STAT    QUEUE      EXEC_HOST   JOB_NAME         SUBMIT_TIME   CPU_TIME  WALLTIME  ACCOUNT    
59733428  trottar     A    priority    --         ...lastics_4811   Nov 06 20:30  --         --         hallc     
59733429  trottar     A    priority    --         ...lastics_4817   Nov 06 20:30  --         --         hallc     
59733430  trottar     A    priority    --         ...lastics_4816   Nov 06 20:30  --         --         hallc     
59733431  trottar     A    priority    --         ...lastics_4821   Nov 06 20:31  --         --         hallc     
59733432  trottar     A    priority    --         ...lastics_4790   Nov 06 20:31  --         --         hallc     
59733433  trottar     A    priority    --         ...lastics_4792   Nov 06 20:31  --         --         hallc     
59733434  trottar     A    priority    --         ...lastics_4794   Nov 06 20:31  --         --         hallc     
59733435  trottar     A    priority    --         ...lastics_4800   Nov 06 20:31  --         --         hallc     
59733436  trottar     A    priority    --         ...lastics_4801   Nov 06 20:31  --         --         hallc     
59733437  trottar     A    priority    --         ...lastics_4786   Nov 06 20:31  --         --         hallc     
59733438  trottar     A    priority    --         ...lastics_4813   Nov 06 20:32  --         --         hallc     
59733439  trottar     A    priority    --         ...lastics_4812   Nov 06 20:32  --         --         hallc     
59733440  trottar     A    priority    --         ...lastics_4814   Nov 06 20:32  --         --         hallc     
59733441  trottar     A    priority    --         ...lastics_4815   Nov 06 20:32  --         --         hallc     
59733442  trottar     A    priority    --         ...lastics_4822   Nov 06 20:32  --         --         hallc     
 
There are 15 jobs remaining
~~~~~~~~~~~~~~~~~~~~~~~~~~~~~~~~~~~~~~~~~~~~~~~~~~~~~~~~~~~~~~~~~~~~~~~~~~~~~~~~~~~~~~~~~~~~~~~~~~
JOB_ID    USER      STAT    QUEUE      EXEC_HOST   JOB_NAME         SUBMIT_TIME   CPU_TIME  WALLTIME  ACCOUNT    
59733428  trottar     A    priority    --         ...lastics_4811   Nov 06 20:30  --         --         hallc     
59733429  trottar     A    priority    --         ...lastics_4817   Nov 06 20:30  --         --         hallc     
59733430  trottar     A    priority    --         ...lastics_4816   Nov 06 20:30  --         --         hallc     
59733431  trottar     A    priority    --         ...lastics_4821   Nov 06 20:31  --         --         hallc     
59733432  trottar     A    priority    --         ...lastics_4790   Nov 06 20:31  --         --         hallc     
59733433  trottar     A    priority    --         ...lastics_4792   Nov 06 20:31  --         --         hallc     
59733434  trottar     A    priority    --         ...lastics_4794   Nov 06 20:31  --         --         hallc     
59733435  trottar     A    priority    --         ...lastics_4800   Nov 06 20:31  --         --         hallc     
59733436  trottar     A    priority    --         ...lastics_4801   Nov 06 20:31  --         --         hallc     
59733437  trottar     A    priority    --         ...lastics_4786   Nov 06 20:31  --         --         hallc     
59733438  trottar     A    priority    --         ...lastics_4813   Nov 06 20:32  --         --         hallc     
59733439  trottar     A    priority    --         ...lastics_4812   Nov 06 20:32  --         --         hallc     
59733440  trottar     A    priority    --         ...lastics_4814   Nov 06 20:32  --         --         hallc     
59733441  trottar     A    priority    --         ...lastics_4815   Nov 06 20:32  --         --         hallc     
59733442  trottar     A    priority    --         ...lastics_4822   Nov 06 20:32  --         --         hallc     
 
There are 15 jobs remaining
~~~~~~~~~~~~~~~~~~~~~~~~~~~~~~~~~~~~~~~~~~~~~~~~~~~~~~~~~~~~~~~~~~~~~~~~~~~~~~~~~~~~~~~~~~~~~~~~~~
JOB_ID    USER      STAT    QUEUE      EXEC_HOST   JOB_NAME         SUBMIT_TIME   CPU_TIME  WALLTIME  ACCOUNT    
59733428  trottar     Q    priority    --         ...lastics_4811   Nov 06 20:35  --         --         hallc     
59733429  trottar     Q    priority    --         ...lastics_4817   Nov 06 20:35  --         --         hallc     
59733430  trottar     Q    priority    --         ...lastics_4816   Nov 06 20:35  --         --         hallc     
59733431  trottar     Q    priority    --         ...lastics_4821   Nov 06 20:35  --         --         hallc     
59733432  trottar     Q    priority    --         ...lastics_4790   Nov 06 20:35  --         --         hallc     
59733433  trottar     Q    priority    --         ...lastics_4792   Nov 06 20:35  --         --         hallc     
59733434  trottar     Q    priority    --         ...lastics_4794   Nov 06 20:35  --         --         hallc     
59733435  trottar     Q    priority    --         ...lastics_4800   Nov 06 20:35  --         --         hallc     
59733436  trottar     A    priority    --         ...lastics_4801   Nov 06 20:31  --         --         hallc     
59733437  trottar     A    priority    --         ...lastics_4786   Nov 06 20:31  --         --         hallc     
59733438  trottar     A    priority    --         ...lastics_4813   Nov 06 20:32  --         --         hallc     
59733439  trottar     A    priority    --         ...lastics_4812   Nov 06 20:32  --         --         hallc     
59733440  trottar     A    priority    --         ...lastics_4814   Nov 06 20:32  --         --         hallc     
59733441  trottar     A    priority    --         ...lastics_4815   Nov 06 20:32  --         --         hallc     
59733442  trottar     A    priority    --         ...lastics_4822   Nov 06 20:32  --         --         hallc     
 
There are 15 jobs remaining
~~~~~~~~~~~~~~~~~~~~~~~~~~~~~~~~~~~~~~~~~~~~~~~~~~~~~~~~~~~~~~~~~~~~~~~~~~~~~~~~~~~~~~~~~~~~~~~~~~
JOB_ID    USER      STAT    QUEUE      EXEC_HOST   JOB_NAME         SUBMIT_TIME   CPU_TIME  WALLTIME  ACCOUNT    
59733428  trottar     R    priority    farm180248 ...lastics_4811   Nov 06 20:35  --         --         hallc     
59733429  trottar     R    priority    farm180248 ...lastics_4817   Nov 06 20:35  --         --         hallc     
59733430  trottar     R    priority    farm180248 ...lastics_4816   Nov 06 20:35  --         --         hallc     
59733431  trottar     R    priority    farm180248 ...lastics_4821   Nov 06 20:35  --         --         hallc     
59733432  trottar     R    priority    farm180244 ...lastics_4790   Nov 06 20:35  --         --         hallc     
59733433  trottar     R    priority    farm180244 ...lastics_4792   Nov 06 20:35  --         --         hallc     
59733434  trottar     R    priority    farm180244 ...lastics_4794   Nov 06 20:35  --         --         hallc     
59733435  trottar     R    priority    farm180244 ...lastics_4800   Nov 06 20:35  --         --         hallc     
59733436  trottar     A    priority    --         ...lastics_4801   Nov 06 20:31  --         --         hallc     
59733437  trottar     A    priority    --         ...lastics_4786   Nov 06 20:31  --         --         hallc     
59733438  trottar     A    priority    --         ...lastics_4813   Nov 06 20:32  --         --         hallc     
59733439  trottar     A    priority    --         ...lastics_4812   Nov 06 20:32  --         --         hallc     
59733440  trottar     A    priority    --         ...lastics_4814   Nov 06 20:32  --         --         hallc     
59733441  trottar     A    priority    --         ...lastics_4815   Nov 06 20:32  --         --         hallc     
59733442  trottar     A    priority    --         ...lastics_4822   Nov 06 20:32  --         --         hallc     
 
There are 15 jobs remaining
~~~~~~~~~~~~~~~~~~~~~~~~~~~~~~~~~~~~~~~~~~~~~~~~~~~~~~~~~~~~~~~~~~~~~~~~~~~~~~~~~~~~~~~~~~~~~~~~~~
JOB_ID    USER      STAT    QUEUE      EXEC_HOST   JOB_NAME         SUBMIT_TIME   CPU_TIME  WALLTIME  ACCOUNT    
59733432  trottar     R    priority    farm180244 ...lastics_4790   Nov 06 20:35  --         --         hallc     
59733433  trottar     R    priority    farm180244 ...lastics_4792   Nov 06 20:35  --         --         hallc     
59733434  trottar     R    priority    farm180244 ...lastics_4794   Nov 06 20:35  --         --         hallc     
59733435  trottar     R    priority    farm180244 ...lastics_4800   Nov 06 20:35  --         --         hallc     
59733436  trottar     A    priority    --         ...lastics_4801   Nov 06 20:31  --         --         hallc     
59733437  trottar     A    priority    --         ...lastics_4786   Nov 06 20:31  --         --         hallc     
59733438  trottar     A    priority    --         ...lastics_4813   Nov 06 20:32  --         --         hallc     
59733439  trottar     A    priority    --         ...lastics_4812   Nov 06 20:32  --         --         hallc     
59733440  trottar     A    priority    --         ...lastics_4814   Nov 06 20:32  --         --         hallc     
59733441  trottar     A    priority    --         ...lastics_4815   Nov 06 20:32  --         --         hallc     
59733442  trottar     A    priority    --         ...lastics_4822   Nov 06 20:32  --         --         hallc     
 
There are 11 jobs remaining
~~~~~~~~~~~~~~~~~~~~~~~~~~~~~~~~~~~~~~~~~~~~~~~~~~~~~~~~~~~~~~~~~~~~~~~~~~~~~~~~~~~~~~~~~~~~~~~~~~
JOB_ID    USER      STAT    QUEUE      EXEC_HOST   JOB_NAME         SUBMIT_TIME   CPU_TIME  WALLTIME  ACCOUNT    
59733432  trottar     R    priority    farm180244 ...lastics_4790   Nov 06 20:35  --         --         hallc     
59733433  trottar     R    priority    farm180244 ...lastics_4792   Nov 06 20:35  --         --         hallc     
59733434  trottar     R    priority    farm180244 ...lastics_4794   Nov 06 20:35  --         --         hallc     
59733435  trottar     R    priority    farm180244 ...lastics_4800   Nov 06 20:35  --         --         hallc     
59733436  trottar     A    priority    --         ...lastics_4801   Nov 06 20:31  --         --         hallc     
59733437  trottar     A    priority    --         ...lastics_4786   Nov 06 20:31  --         --         hallc     
59733438  trottar     A    priority    --         ...lastics_4813   Nov 06 20:32  --         --         hallc     
59733439  trottar     A    priority    --         ...lastics_4812   Nov 06 20:32  --         --         hallc     
59733440  trottar     A    priority    --         ...lastics_4814   Nov 06 20:32  --         --         hallc     
59733441  trottar     A    priority    --         ...lastics_4815   Nov 06 20:32  --         --         hallc     
59733442  trottar     A    priority    --         ...lastics_4822   Nov 06 20:32  --         --         hallc     
 
There are 11 jobs remaining
~~~~~~~~~~~~~~~~~~~~~~~~~~~~~~~~~~~~~~~~~~~~~~~~~~~~~~~~~~~~~~~~~~~~~~~~~~~~~~~~~~~~~~~~~~~~~~~~~~
JOB_ID    USER      STAT    QUEUE      EXEC_HOST   JOB_NAME         SUBMIT_TIME   CPU_TIME  WALLTIME  ACCOUNT    
59733432  trottar     R    priority    farm180244 ...lastics_4790   Nov 06 20:35  --         --         hallc     
59733433  trottar     R    priority    farm180244 ...lastics_4792   Nov 06 20:35  --         --         hallc     
59733434  trottar     R    priority    farm180244 ...lastics_4794   Nov 06 20:35  --         --         hallc     
59733435  trottar     R    priority    farm180244 ...lastics_4800   Nov 06 20:35  --         --         hallc     
59733436  trottar     A    priority    --         ...lastics_4801   Nov 06 20:31  --         --         hallc     
59733437  trottar     A    priority    --         ...lastics_4786   Nov 06 20:31  --         --         hallc     
59733438  trottar     A    priority    --         ...lastics_4813   Nov 06 20:32  --         --         hallc     
59733439  trottar     A    priority    --         ...lastics_4812   Nov 06 20:32  --         --         hallc     
59733440  trottar     A    priority    --         ...lastics_4814   Nov 06 20:32  --         --         hallc     
59733441  trottar     A    priority    --         ...lastics_4815   Nov 06 20:32  --         --         hallc     
59733442  trottar     A    priority    --         ...lastics_4822   Nov 06 20:32  --         --         hallc     
 
There are 11 jobs remaining
~~~~~~~~~~~~~~~~~~~~~~~~~~~~~~~~~~~~~~~~~~~~~~~~~~~~~~~~~~~~~~~~~~~~~~~~~~~~~~~~~~~~~~~~~~~~~~~~~~
JOB_ID    USER      STAT    QUEUE      EXEC_HOST   JOB_NAME         SUBMIT_TIME   CPU_TIME  WALLTIME  ACCOUNT    
59733432  trottar     R    priority    farm180244 ...lastics_4790   Nov 06 20:35  --         --         hallc     
59733433  trottar     R    priority    farm180244 ...lastics_4792   Nov 06 20:35  --         --         hallc     
59733434  trottar     R    priority    farm180244 ...lastics_4794   Nov 06 20:35  --         --         hallc     
59733435  trottar     R    priority    farm180244 ...lastics_4800   Nov 06 20:35  --         --         hallc     
59733436  trottar     A    priority    --         ...lastics_4801   Nov 06 20:31  --         --         hallc     
59733437  trottar     A    priority    --         ...lastics_4786   Nov 06 20:31  --         --         hallc     
59733438  trottar     A    priority    --         ...lastics_4813   Nov 06 20:32  --         --         hallc     
59733439  trottar     A    priority    --         ...lastics_4812   Nov 06 20:32  --         --         hallc     
59733440  trottar     A    priority    --         ...lastics_4814   Nov 06 20:32  --         --         hallc     
59733441  trottar     A    priority    --         ...lastics_4815   Nov 06 20:32  --         --         hallc     
59733442  trottar     A    priority    --         ...lastics_4822   Nov 06 20:32  --         --         hallc     
 
There are 11 jobs remaining
~~~~~~~~~~~~~~~~~~~~~~~~~~~~~~~~~~~~~~~~~~~~~~~~~~~~~~~~~~~~~~~~~~~~~~~~~~~~~~~~~~~~~~~~~~~~~~~~~~
JOB_ID    USER      STAT    QUEUE      EXEC_HOST   JOB_NAME         SUBMIT_TIME   CPU_TIME  WALLTIME  ACCOUNT    
59733436  trottar     A    priority    --         ...lastics_4801   Nov 06 20:31  --         --         hallc     
59733437  trottar     A    priority    --         ...lastics_4786   Nov 06 20:31  --         --         hallc     
59733438  trottar     A    priority    --         ...lastics_4813   Nov 06 20:32  --         --         hallc     
59733439  trottar     A    priority    --         ...lastics_4812   Nov 06 20:32  --         --         hallc     
59733440  trottar     A    priority    --         ...lastics_4814   Nov 06 20:32  --         --         hallc     
59733441  trottar     A    priority    --         ...lastics_4815   Nov 06 20:32  --         --         hallc     
59733442  trottar     A    priority    --         ...lastics_4822   Nov 06 20:32  --         --         hallc     
 
There are 6 jobs remaining
~~~~~~~~~~~~~~~~~~~~~~~~~~~~~~~~~~~~~~~~~~~~~~~~~~~~~~~~~~~~~~~~~~~~~~~~~~~~~~~~~~~~~~~~~~~~~~~~~~
JOB_ID    USER      STAT    QUEUE      EXEC_HOST   JOB_NAME         SUBMIT_TIME   CPU_TIME  WALLTIME  ACCOUNT    
59733436  trottar     Q    priority    --         ...lastics_4801   Nov 06 20:37  --         --         hallc     
59733437  trottar     Q    priority    --         ...lastics_4786   Nov 06 20:37  --         --         hallc     
59733438  trottar     Q    priority    --         ...lastics_4813   Nov 06 20:37  --         --         hallc     
59733439  trottar     Q    priority    --         ...lastics_4812   Nov 06 20:37  --         --         hallc     
59733440  trottar     Q    priority    --         ...lastics_4814   Nov 06 20:37  --         --         hallc     
59733441  trottar     Q    priority    --         ...lastics_4815   Nov 06 20:37  --         --         hallc     
59733442  trottar     Q    priority    --         ...lastics_4822   Nov 06 20:37  --         --         hallc     
 
There are 7 jobs remaining
~~~~~~~~~~~~~~~~~~~~~~~~~~~~~~~~~~~~~~~~~~~~~~~~~~~~~~~~~~~~~~~~~~~~~~~~~~~~~~~~~~~~~~~~~~~~~~~~~~
JOB_ID    USER      STAT    QUEUE      EXEC_HOST   JOB_NAME         SUBMIT_TIME   CPU_TIME  WALLTIME  ACCOUNT    
59733436  trottar     R    priority    farm180226 ...lastics_4801   Nov 06 20:37  --         --         hallc     
59733437  trottar     R    priority    farm180226 ...lastics_4786   Nov 06 20:37  --         --         hallc     
59733438  trottar     R    priority    farm180226 ...lastics_4813   Nov 06 20:37  --         --         hallc     
59733439  trottar     R    priority    farm13017  ...lastics_4812   Nov 06 20:37  --         --         hallc     
59733440  trottar     R    priority    farm13017  ...lastics_4814   Nov 06 20:37  --         --         hallc     
59733441  trottar     R    priority    farm13017  ...lastics_4815   Nov 06 20:37  --         --         hallc     
59733442  trottar     R    priority    farm13017  ...lastics_4822   Nov 06 20:37  --         --         hallc     
 
There are 7 jobs remaining
~~~~~~~~~~~~~~~~~~~~~~~~~~~~~~~~~~~~~~~~~~~~~~~~~~~~~~~~~~~~~~~~~~~~~~~~~~~~~~~~~~~~~~~~~~~~~~~~~~
JOB_ID    USER      STAT    QUEUE      EXEC_HOST   JOB_NAME         SUBMIT_TIME   CPU_TIME  WALLTIME  ACCOUNT    
59733436  trottar     R    priority    farm180226 ...lastics_4801   Nov 06 20:37  --         --         hallc     
59733437  trottar     R    priority    farm180226 ...lastics_4786   Nov 06 20:37  --         --         hallc     
59733438  trottar     R    priority    farm180226 ...lastics_4813   Nov 06 20:37  --         --         hallc     
59733439  trottar     R    priority    farm13017  ...lastics_4812   Nov 06 20:37  --         --         hallc     
59733440  trottar     R    priority    farm13017  ...lastics_4814   Nov 06 20:37  --         --         hallc     
59733441  trottar     R    priority    farm13017  ...lastics_4815   Nov 06 20:37  --         --         hallc     
59733442  trottar     R    priority    farm13017  ...lastics_4822   Nov 06 20:37  --         --         hallc     
 
There are 7 jobs remaining
~~~~~~~~~~~~~~~~~~~~~~~~~~~~~~~~~~~~~~~~~~~~~~~~~~~~~~~~~~~~~~~~~~~~~~~~~~~~~~~~~~~~~~~~~~~~~~~~~~
JOB_ID    USER      STAT    QUEUE      EXEC_HOST   JOB_NAME         SUBMIT_TIME   CPU_TIME  WALLTIME  ACCOUNT    
59733436  trottar     R    priority    farm180226 ...lastics_4801   Nov 06 20:37  --         --         hallc     
59733437  trottar     R    priority    farm180226 ...lastics_4786   Nov 06 20:37  --         --         hallc     
59733438  trottar     R    priority    farm180226 ...lastics_4813   Nov 06 20:37  --         --         hallc     
59733439  trottar     R    priority    farm13017  ...lastics_4812   Nov 06 20:37  --         --         hallc     
59733440  trottar     R    priority    farm13017  ...lastics_4814   Nov 06 20:37  --         --         hallc     
59733441  trottar     R    priority    farm13017  ...lastics_4815   Nov 06 20:37  --         --         hallc     
59733442  trottar     R    priority    farm13017  ...lastics_4822   Nov 06 20:37  --         --         hallc     
 
There are 7 jobs remaining
~~~~~~~~~~~~~~~~~~~~~~~~~~~~~~~~~~~~~~~~~~~~~~~~~~~~~~~~~~~~~~~~~~~~~~~~~~~~~~~~~~~~~~~~~~~~~~~~~~
JOB_ID    USER      STAT    QUEUE      EXEC_HOST   JOB_NAME         SUBMIT_TIME   CPU_TIME  WALLTIME  ACCOUNT    
59733436  trottar     R    priority    farm180226 ...lastics_4801   Nov 06 20:37  --         --         hallc     
59733437  trottar     R    priority    farm180226 ...lastics_4786   Nov 06 20:37  --         --         hallc     
59733438  trottar     R    priority    farm180226 ...lastics_4813   Nov 06 20:37  --         --         hallc     
59733439  trottar     R    priority    farm13017  ...lastics_4812   Nov 06 20:37  --         --         hallc     
59733440  trottar     R    priority    farm13017  ...lastics_4814   Nov 06 20:37  --         --         hallc     
59733441  trottar     R    priority    farm13017  ...lastics_4815   Nov 06 20:37  --         --         hallc     
59733442  trottar     R    priority    farm13017  ...lastics_4822   Nov 06 20:37  --         --         hallc     
 
There are 7 jobs remaining
~~~~~~~~~~~~~~~~~~~~~~~~~~~~~~~~~~~~~~~~~~~~~~~~~~~~~~~~~~~~~~~~~~~~~~~~~~~~~~~~~~~~~~~~~~~~~~~~~~
JOB_ID    USER      STAT    QUEUE      EXEC_HOST   JOB_NAME         SUBMIT_TIME   CPU_TIME  WALLTIME  ACCOUNT    
59733436  trottar     R    priority    farm180226 ...lastics_4801   Nov 06 20:37  --         --         hallc     
59733437  trottar     R    priority    farm180226 ...lastics_4786   Nov 06 20:37  --         --         hallc     
59733438  trottar     R    priority    farm180226 ...lastics_4813   Nov 06 20:37  --         --         hallc     
59733439  trottar     R    priority    farm13017  ...lastics_4812   Nov 06 20:37  --         --         hallc     
59733440  trottar     R    priority    farm13017  ...lastics_4814   Nov 06 20:37  --         --         hallc     
59733441  trottar     R    priority    farm13017  ...lastics_4815   Nov 06 20:37  --         --         hallc     
59733442  trottar     R    priority    farm13017  ...lastics_4822   Nov 06 20:37  --         --         hallc     
 
There are 7 jobs remaining
~~~~~~~~~~~~~~~~~~~~~~~~~~~~~~~~~~~~~~~~~~~~~~~~~~~~~~~~~~~~~~~~~~~~~~~~~~~~~~~~~~~~~~~~~~~~~~~~~~
JOB_ID    USER      STAT    QUEUE      EXEC_HOST   JOB_NAME         SUBMIT_TIME   CPU_TIME  WALLTIME  ACCOUNT    
59733436  trottar     R    priority    farm180226 ...lastics_4801   Nov 06 20:37  --         --         hallc     
59733437  trottar     R    priority    farm180226 ...lastics_4786   Nov 06 20:37  --         --         hallc     
59733438  trottar     R    priority    farm180226 ...lastics_4813   Nov 06 20:37  --         --         hallc     
59733439  trottar     R    priority    farm13017  ...lastics_4812   Nov 06 20:37  --         --         hallc     
59733440  trottar     R    priority    farm13017  ...lastics_4814   Nov 06 20:37  --         --         hallc     
59733441  trottar     R    priority    farm13017  ...lastics_4815   Nov 06 20:37  --         --         hallc     
59733442  trottar     R    priority    farm13017  ...lastics_4822   Nov 06 20:37  --         --         hallc     
 
There are 7 jobs remaining
~~~~~~~~~~~~~~~~~~~~~~~~~~~~~~~~~~~~~~~~~~~~~~~~~~~~~~~~~~~~~~~~~~~~~~~~~~~~~~~~~~~~~~~~~~~~~~~~~~
JOB_ID    USER      STAT    QUEUE      EXEC_HOST   JOB_NAME         SUBMIT_TIME   CPU_TIME  WALLTIME  ACCOUNT    
59733436  trottar     R    priority    farm180226 ...lastics_4801   Nov 06 20:37  --         --         hallc     
59733437  trottar     R    priority    farm180226 ...lastics_4786   Nov 06 20:37  --         --         hallc     
59733438  trottar     R    priority    farm180226 ...lastics_4813   Nov 06 20:37  --         --         hallc     
59733439  trottar     R    priority    farm13017  ...lastics_4812   Nov 06 20:37  --         --         hallc     
59733440  trottar     R    priority    farm13017  ...lastics_4814   Nov 06 20:37  --         --         hallc     
59733441  trottar     R    priority    farm13017  ...lastics_4815   Nov 06 20:37  --         --         hallc     
59733442  trottar     R    priority    farm13017  ...lastics_4822   Nov 06 20:37  --         --         hallc     
 
There are 7 jobs remaining
~~~~~~~~~~~~~~~~~~~~~~~~~~~~~~~~~~~~~~~~~~~~~~~~~~~~~~~~~~~~~~~~~~~~~~~~~~~~~~~~~~~~~~~~~~~~~~~~~~
JOB_ID    USER      STAT    QUEUE      EXEC_HOST   JOB_NAME         SUBMIT_TIME   CPU_TIME  WALLTIME  ACCOUNT    
59733436  trottar     R    priority    farm180226 ...lastics_4801   Nov 06 20:37  00:00:00   00:01:33   hallc     
59733437  trottar     R    priority    farm180226 ...lastics_4786   Nov 06 20:37  --         --         hallc     
59733438  trottar     R    priority    farm180226 ...lastics_4813   Nov 06 20:37  00:00:00   00:01:30   hallc     
59733439  trottar     R    priority    farm13017  ...lastics_4812   Nov 06 20:37  00:00:00   00:01:26   hallc     
59733440  trottar     R    priority    farm13017  ...lastics_4814   Nov 06 20:37  00:00:00   00:01:26   hallc     
59733441  trottar     R    priority    farm13017  ...lastics_4815   Nov 06 20:37  00:00:00   00:01:26   hallc     
59733442  trottar     R    priority    farm13017  ...lastics_4822   Nov 06 20:37  00:00:00   00:01:26   hallc     
 
There are 7 jobs remaining
~~~~~~~~~~~~~~~~~~~~~~~~~~~~~~~~~~~~~~~~~~~~~~~~~~~~~~~~~~~~~~~~~~~~~~~~~~~~~~~~~~~~~~~~~~~~~~~~~~
JOB_ID    USER      STAT    QUEUE      EXEC_HOST   JOB_NAME         SUBMIT_TIME   CPU_TIME  WALLTIME  ACCOUNT    
 
There are 0 jobs remaining
~~~~~~~~~~~~~~~~~~~~~~~~~~~~~~~~~~~~~~~~~~~~~~~~~~~~~~~~~~~~~~~~~~~~~~~~~~~~~~~~~~~~~~~~~~~~~~~~~~
ID-59733412 (run 4788) is ready to print to file
ID-59733413 (run 4789) is ready to print to file
ID-59733414 (run 4791) is ready to print to file
ID-59733415 (run 4793) is ready to print to file
ID-59733416 (run 4796) is ready to print to file
ID-59733417 (run 4797) is ready to print to file
ID-59733418 (run 4798) is ready to print to file
ID-59733419 (run 4799) is ready to print to file
ID-59733420 (run 4785) is ready to print to file
ID-59733421 (run 4787) is ready to print to file
ID-59733422 (run 4804) is ready to print to file
ID-59733423 (run 4805) is ready to print to file
ID-59733424 (run 4806) is ready to print to file
ID-59733425 (run 4808) is ready to print to file
ID-59733426 (run 4809) is ready to print to file
ID-59733427 (run 4810) is ready to print to file
ID-59733428 (run 4811) is ready to print to file
ID-59733429 (run 4817) is ready to print to file
ID-59733430 (run 4816) is ready to print to file
ID-59733431 (run 4821) is ready to print to file
ID-59733432 (run 4790) is ready to print to file
ID-59733433 (run 4792) is ready to print to file
ID-59733434 (run 4794) is ready to print to file
ID-59733435 (run 4800) is ready to print to file
ID-59733436 (run 4801) is ready to print to file
ID-59733437 (run 4786) is ready to print to file
ID-59733438 (run 4813) is ready to print to file
ID-59733439 (run 4812) is ready to print to file
ID-59733440 (run 4814) is ready to print to file
ID-59733441 (run 4815) is ready to print to file
ID-59733442 (run 4822) is ready to print to file
