~~~~~~~~~~~~~~~~~~~~~~~~~~~~~~~~~~~~~~~~~~~~~~~~~~~~~~~~~~~~~~~~~~~~~~~~~~~~~~~~~~~~~~~~~~~~~~~~~~~~~~~~~~~~~
~~~~~~~~~~~~~~~~~~~~~~~~~~~~~~~~~~~~~~~~~~~~~~~~~~~~~~~~~~~~~~~~~~~~~~~~~~~~~~~~~~~~~~~~~~~~~~~~~~~~~~~~~~~~~
Errors...
 
Error in <THaFormula::Compile>:  Bad numerical expression : ":SHMSaerogelgainfatorsfromLH2production4965"
~~~~~~~~~~~~~~~~~~~~~~~~~~~~~~~~~~~~~~~~~~~~~~~~~~~~~~~~~~~~~~~~~~~~~~~~~~~~~~~~~~~~~~~~~~~~~~~~~~~~~~~~~~~~~
Job info...
 

Auger JobId: 59876877 [PBS JobId: 45673995]

11/11/2018 17:10:12  A     Name=lumiscan_5176;User=trottar;queue=prod64
11/11/2018 17:10:59  A     Stagin started
11/11/2018 17:10:59  A     Job started
11/11/2018 18:34:07  A     Job started
11/11/2018 18:34:07  A     Job completed

Job: 45673995.farmpbs14

11/11/2018 17:10:43  S    enqueuing into prod64, state 2 hop 1
11/11/2018 17:10:43  S    Holds u released at request of trottar@farmpbs14
11/11/2018 17:10:43  A    queue=prod64
11/11/2018 17:10:58  S    Job Run at request of root@farmpbs14
11/11/2018 17:10:58  A    user=trottar group=enp account=hallc jobname=lumiscan_5176 queue=prod64 ctime=1541974243 qtime=1541974243 etime=1541974243 start=1541974258 owner=trottar@farmpbs14 exec_host=farm180215/38+farm180215/39 Resource_List.arch=centos7 Resource_List.file=2929687kb Resource_List.mem=2000mb Resource_List.neednodes=1:ppn=2 Resource_List.nodect=1 Resource_List.nodes=1:ppn=2 Resource_List.vmem=4000mb Resource_List.walltime=24:00:00 
11/11/2018 18:34:11  S    Exit_status=0 resources_used.cput=01:23:02 resources_used.mem=1471468kb resources_used.vmem=2292840kb resources_used.walltime=01:23:12
11/11/2018 18:34:11  S    on_job_exit valid pjob: 45673995.farmpbs14 (substate=50)
11/11/2018 18:34:11  A    user=trottar group=enp account=hallc jobname=lumiscan_5176 queue=prod64 ctime=1541974243 qtime=1541974243 etime=1541974243 start=1541974258 owner=trottar@farmpbs14 exec_host=farm180215/38+farm180215/39 Resource_List.arch=centos7 Resource_List.file=2929687kb Resource_List.mem=2000mb Resource_List.neednodes=1:ppn=2 Resource_List.nodect=1 Resource_List.nodes=1:ppn=2 Resource_List.vmem=4000mb Resource_List.walltime=24:00:00 session=315149 end=1541979251 Exit_status=0 resources_used.cput=01:23:02 resources_used.mem=1471468kb resources_used.vmem=2292840kb resources_used.walltime=01:23:12
11/11/2018 18:34:13  S    dequeuing from prod64, state COMPLETE

~~~~~~~~~~~~~~~~~~~~~~~~~~~~~~~~~~~~~~~~~~~~~~~~~~~~~~~~~~~~~~~~~~~~~~~~~~~~~~~~~~~~~~~~~~~~~~~~~~~~~~~~~~~~~
~~~~~~~~~~~~~~~~~~~~~~~~~~~~~~~~~~~~~~~~~~~~~~~~~~~~~~~~~~~~~~~~~~~~~~~~~~~~~~~~~~~~~~~~~~~~~~~~~~~~~~~~~~~~~
