~~~~~~~~~~~~~~~~~~~~~~~~~~~~~~~~~~~~~~~~~~~~~~~~~~~~~~~~~~~~~~~~~~~~~~~~~~~~~~~~~~~~~~~~~~~~~~~~~~~~~~~~~~~~~
~~~~~~~~~~~~~~~~~~~~~~~~~~~~~~~~~~~~~~~~~~~~~~~~~~~~~~~~~~~~~~~~~~~~~~~~~~~~~~~~~~~~~~~~~~~~~~~~~~~~~~~~~~~~~
Errors...
 
Error in <THaFormula::Compile>:  Bad numerical expression : ":SHMSaerogelgainfatorsfromLH2production4965"
~~~~~~~~~~~~~~~~~~~~~~~~~~~~~~~~~~~~~~~~~~~~~~~~~~~~~~~~~~~~~~~~~~~~~~~~~~~~~~~~~~~~~~~~~~~~~~~~~~~~~~~~~~~~~
Job info...
 

Auger JobId: 63286667 [PBS JobId: 48806759]

02/06/2019 21:39:29  A     Name=lumiscan_5167;User=trottar;queue=priority
02/06/2019 22:34:46  A     Stagin started
02/06/2019 22:34:46  A     Job started
02/06/2019 23:40:10  A     Job started
02/06/2019 23:40:10  A     Job completed

Job: 48806759.farmpbs14

02/06/2019 22:01:09  S    enqueuing into priority, state 2 hop 1
02/06/2019 22:01:09  S    Holds u released at request of trottar@farmpbs14
02/06/2019 22:01:09  A    queue=priority
02/06/2019 22:34:23  S    Job Run at request of root@farmpbs14
02/06/2019 22:34:23  A    user=trottar group=enp account=hallc jobname=lumiscan_5167 queue=priority ctime=1549508469 qtime=1549508469 etime=1549508469 start=1549510463 owner=trottar@farmpbs14 exec_host=farm180235/4+farm180235/5 Resource_List.arch=centos7 Resource_List.file=2929687kb Resource_List.mem=1250mb Resource_List.neednodes=1:ppn=2 Resource_List.nodect=1 Resource_List.nodes=1:ppn=2 Resource_List.vmem=2500mb Resource_List.walltime=04:00:00 
02/06/2019 23:40:12  S    Exit_status=0 resources_used.cput=01:03:20 resources_used.mem=1297924kb resources_used.vmem=2110652kb resources_used.walltime=01:05:49
02/06/2019 23:40:12  S    on_job_exit valid pjob: 48806759.farmpbs14 (substate=50)
02/06/2019 23:40:12  S    dequeuing from priority, state COMPLETE
02/06/2019 23:40:12  A    user=trottar group=enp account=hallc jobname=lumiscan_5167 queue=priority ctime=1549508469 qtime=1549508469 etime=1549508469 start=1549510463 owner=trottar@farmpbs14 exec_host=farm180235/4+farm180235/5 Resource_List.arch=centos7 Resource_List.file=2929687kb Resource_List.mem=1250mb Resource_List.neednodes=1:ppn=2 Resource_List.nodect=1 Resource_List.nodes=1:ppn=2 Resource_List.vmem=2500mb Resource_List.walltime=04:00:00 session=376913 end=1549514412 Exit_status=0 resources_used.cput=01:03:20 resources_used.mem=1297924kb resources_used.vmem=2110652kb resources_used.walltime=01:05:49

~~~~~~~~~~~~~~~~~~~~~~~~~~~~~~~~~~~~~~~~~~~~~~~~~~~~~~~~~~~~~~~~~~~~~~~~~~~~~~~~~~~~~~~~~~~~~~~~~~~~~~~~~~~~~
~~~~~~~~~~~~~~~~~~~~~~~~~~~~~~~~~~~~~~~~~~~~~~~~~~~~~~~~~~~~~~~~~~~~~~~~~~~~~~~~~~~~~~~~~~~~~~~~~~~~~~~~~~~~~
