~~~~~~~~~~~~~~~~~~~~~~~~~~~~~~~~~~~~~~~~~~~~~~~~~~~~~~~~~~~~~~~~~~~~~~~~~~~~~~~~~~~~~~~~~~~~~~~~~~~~~~~~~~~~~
~~~~~~~~~~~~~~~~~~~~~~~~~~~~~~~~~~~~~~~~~~~~~~~~~~~~~~~~~~~~~~~~~~~~~~~~~~~~~~~~~~~~~~~~~~~~~~~~~~~~~~~~~~~~~
Errors...
 
Error in <THaFormula::Compile>:  Bad numerical expression : ":SHMSaerogelgainfatorsfromLH2production4965"
terminate called after throwing an instance of 'std::runtime_error'
  what():  <THcParmList::LoadParmValues>: Could not find `gpbeam` in database!
/home/trottar/Analysis/hallc_replay/run_Replay.sh: line 66: 39340 Aborted                 /home/trottar/Analysis/hallc_replay/hcana -l -q "UTIL_KAONLT/scripts_Replay/replay_luminosity.C(5299,-1)"
~~~~~~~~~~~~~~~~~~~~~~~~~~~~~~~~~~~~~~~~~~~~~~~~~~~~~~~~~~~~~~~~~~~~~~~~~~~~~~~~~~~~~~~~~~~~~~~~~~~~~~~~~~~~~
Job info...
 

Auger JobId: 62849896 [PBS JobId: 48352320]

01/22/2019 19:08:51  A     Name=lumiscan_5299;User=trottar;queue=priority
01/22/2019 19:21:09  A     Stagin started
01/22/2019 19:21:09  A     Job started
01/22/2019 19:21:15  A     Job started
01/22/2019 19:21:15  A     Job completed

Job: 48352320.farmpbs14

01/22/2019 19:15:03  S    enqueuing into priority, state 2 hop 1
01/22/2019 19:15:03  S    Holds u released at request of trottar@farmpbs14
01/22/2019 19:15:03  A    queue=priority
01/22/2019 19:21:08  S    Job Run at request of root@farmpbs14
01/22/2019 19:21:08  A    user=trottar group=enp account=hallc jobname=lumiscan_5299 queue=priority ctime=1548202503 qtime=1548202503 etime=1548202503 start=1548202868 owner=trottar@farmpbs14 exec_host=farm180127/6+farm180127/7 Resource_List.arch=centos7 Resource_List.file=2929687kb Resource_List.mem=1250mb Resource_List.neednodes=1:ppn=2 Resource_List.nodect=1 Resource_List.nodes=1:ppn=2 Resource_List.vmem=2500mb Resource_List.walltime=04:00:00 
01/22/2019 19:21:16  S    Exit_status=0 resources_used.cput=00:00:11 resources_used.mem=0kb resources_used.vmem=0kb resources_used.walltime=00:00:08
01/22/2019 19:21:16  S    on_job_exit valid pjob: 48352320.farmpbs14 (substate=50)
01/22/2019 19:21:16  S    dequeuing from priority, state COMPLETE
01/22/2019 19:21:16  A    user=trottar group=enp account=hallc jobname=lumiscan_5299 queue=priority ctime=1548202503 qtime=1548202503 etime=1548202503 start=1548202868 owner=trottar@farmpbs14 exec_host=farm180127/6+farm180127/7 Resource_List.arch=centos7 Resource_List.file=2929687kb Resource_List.mem=1250mb Resource_List.neednodes=1:ppn=2 Resource_List.nodect=1 Resource_List.nodes=1:ppn=2 Resource_List.vmem=2500mb Resource_List.walltime=04:00:00 session=39023 end=1548202876 Exit_status=0 resources_used.cput=00:00:11 resources_used.mem=0kb resources_used.vmem=0kb resources_used.walltime=00:00:08

~~~~~~~~~~~~~~~~~~~~~~~~~~~~~~~~~~~~~~~~~~~~~~~~~~~~~~~~~~~~~~~~~~~~~~~~~~~~~~~~~~~~~~~~~~~~~~~~~~~~~~~~~~~~~
~~~~~~~~~~~~~~~~~~~~~~~~~~~~~~~~~~~~~~~~~~~~~~~~~~~~~~~~~~~~~~~~~~~~~~~~~~~~~~~~~~~~~~~~~~~~~~~~~~~~~~~~~~~~~
