~~~~~~~~~~~~~~~~~~~~~~~~~~~~~~~~~~~~~~~~~~~~~~~~~~~~~~~~~~~~~~~~~~~~~~~~~~~~~~~~~~~~~~~~~~~~~~~~~~~~~~~~~~~~~
~~~~~~~~~~~~~~~~~~~~~~~~~~~~~~~~~~~~~~~~~~~~~~~~~~~~~~~~~~~~~~~~~~~~~~~~~~~~~~~~~~~~~~~~~~~~~~~~~~~~~~~~~~~~~
Errors...
 
Error in <THaFormula::Compile>:  Bad numerical expression : ":SHMSaerogelgainfatorsfromLH2production4965"
~~~~~~~~~~~~~~~~~~~~~~~~~~~~~~~~~~~~~~~~~~~~~~~~~~~~~~~~~~~~~~~~~~~~~~~~~~~~~~~~~~~~~~~~~~~~~~~~~~~~~~~~~~~~~
Job info...
 

Auger JobId: 59876882 [PBS JobId: 45674000]

11/11/2018 17:10:39  A     Name=lumiscan_5297;User=trottar;queue=prod64
11/11/2018 17:11:10  A     Stagin started
11/11/2018 17:11:10  A     Job started
11/11/2018 18:13:51  A     Job started
11/11/2018 18:13:51  A     Job completed

Job: 45674000.farmpbs14

11/11/2018 17:10:43  S    enqueuing into prod64, state 2 hop 1
11/11/2018 17:10:43  S    Holds u released at request of trottar@farmpbs14
11/11/2018 17:10:43  A    queue=prod64
11/11/2018 17:11:08  S    Job Run at request of root@farmpbs14
11/11/2018 17:11:08  A    user=trottar group=enp account=hallc jobname=lumiscan_5297 queue=prod64 ctime=1541974243 qtime=1541974243 etime=1541974243 start=1541974268 owner=trottar@farmpbs14 exec_host=farm180215/48+farm180215/49 Resource_List.arch=centos7 Resource_List.file=2929687kb Resource_List.mem=2000mb Resource_List.neednodes=1:ppn=2 Resource_List.nodect=1 Resource_List.nodes=1:ppn=2 Resource_List.vmem=4000mb Resource_List.walltime=24:00:00 
11/11/2018 18:13:55  S    Exit_status=0 resources_used.cput=01:02:38 resources_used.mem=1176512kb resources_used.vmem=1938668kb resources_used.walltime=01:02:44
11/11/2018 18:13:55  S    on_job_exit valid pjob: 45674000.farmpbs14 (substate=50)
11/11/2018 18:13:55  A    user=trottar group=enp account=hallc jobname=lumiscan_5297 queue=prod64 ctime=1541974243 qtime=1541974243 etime=1541974243 start=1541974268 owner=trottar@farmpbs14 exec_host=farm180215/48+farm180215/49 Resource_List.arch=centos7 Resource_List.file=2929687kb Resource_List.mem=2000mb Resource_List.neednodes=1:ppn=2 Resource_List.nodect=1 Resource_List.nodes=1:ppn=2 Resource_List.vmem=4000mb Resource_List.walltime=24:00:00 session=316816 end=1541978035 Exit_status=0 resources_used.cput=01:02:38 resources_used.mem=1176512kb resources_used.vmem=1938668kb resources_used.walltime=01:02:44
11/11/2018 18:14:01  S    dequeuing from prod64, state COMPLETE

~~~~~~~~~~~~~~~~~~~~~~~~~~~~~~~~~~~~~~~~~~~~~~~~~~~~~~~~~~~~~~~~~~~~~~~~~~~~~~~~~~~~~~~~~~~~~~~~~~~~~~~~~~~~~
~~~~~~~~~~~~~~~~~~~~~~~~~~~~~~~~~~~~~~~~~~~~~~~~~~~~~~~~~~~~~~~~~~~~~~~~~~~~~~~~~~~~~~~~~~~~~~~~~~~~~~~~~~~~~
