~~~~~~~~~~~~~~~~~~~~~~~~~~~~~~~~~~~~~~~~~~~~~~~~~~~~~~~~~~~~~~~~~~~~~~~~~~~~~~~~~~~~~~~~~~~~~~~~~~~~~~~~~~~~~
~~~~~~~~~~~~~~~~~~~~~~~~~~~~~~~~~~~~~~~~~~~~~~~~~~~~~~~~~~~~~~~~~~~~~~~~~~~~~~~~~~~~~~~~~~~~~~~~~~~~~~~~~~~~~
Errors...
 
Error in <THaFormula::Compile>:  Bad numerical expression : ":SHMSaerogelgainfatorsfromLH2production4965"
~~~~~~~~~~~~~~~~~~~~~~~~~~~~~~~~~~~~~~~~~~~~~~~~~~~~~~~~~~~~~~~~~~~~~~~~~~~~~~~~~~~~~~~~~~~~~~~~~~~~~~~~~~~~~
Job info...
 

Auger JobId: 59876884 [PBS JobId: 45674002]

11/11/2018 17:10:45  A     Name=lumiscan_5298;User=trottar;queue=prod64
11/11/2018 17:12:48  A     Stagin started
11/11/2018 17:12:48  A     Job started
11/11/2018 17:55:55  A     Job started
11/11/2018 17:55:55  A     Job completed

Job: 45674002.farmpbs14

11/11/2018 17:12:44  S    enqueuing into prod64, state 2 hop 1
11/11/2018 17:12:44  S    Holds u released at request of trottar@farmpbs14
11/11/2018 17:12:44  A    queue=prod64
11/11/2018 17:12:45  S    Job Run at request of root@farmpbs14
11/11/2018 17:12:45  A    user=trottar group=enp account=hallc jobname=lumiscan_5298 queue=prod64 ctime=1541974364 qtime=1541974364 etime=1541974364 start=1541974365 owner=trottar@farmpbs14 exec_host=farm180213/0+farm180213/1 Resource_List.arch=centos7 Resource_List.file=2929687kb Resource_List.mem=2000mb Resource_List.neednodes=1:ppn=2 Resource_List.nodect=1 Resource_List.nodes=1:ppn=2 Resource_List.vmem=4000mb Resource_List.walltime=24:00:00 
11/11/2018 17:56:00  S    Exit_status=0 resources_used.cput=00:43:05 resources_used.mem=1079592kb resources_used.vmem=1861740kb resources_used.walltime=00:43:13
11/11/2018 17:56:00  S    on_job_exit valid pjob: 45674002.farmpbs14 (substate=50)
11/11/2018 17:56:00  A    user=trottar group=enp account=hallc jobname=lumiscan_5298 queue=prod64 ctime=1541974364 qtime=1541974364 etime=1541974364 start=1541974365 owner=trottar@farmpbs14 exec_host=farm180213/0+farm180213/1 Resource_List.arch=centos7 Resource_List.file=2929687kb Resource_List.mem=2000mb Resource_List.neednodes=1:ppn=2 Resource_List.nodect=1 Resource_List.nodes=1:ppn=2 Resource_List.vmem=4000mb Resource_List.walltime=24:00:00 session=287301 end=1541976960 Exit_status=0 resources_used.cput=00:43:05 resources_used.mem=1079592kb resources_used.vmem=1861740kb resources_used.walltime=00:43:13
11/11/2018 17:56:03  S    dequeuing from prod64, state COMPLETE

~~~~~~~~~~~~~~~~~~~~~~~~~~~~~~~~~~~~~~~~~~~~~~~~~~~~~~~~~~~~~~~~~~~~~~~~~~~~~~~~~~~~~~~~~~~~~~~~~~~~~~~~~~~~~
~~~~~~~~~~~~~~~~~~~~~~~~~~~~~~~~~~~~~~~~~~~~~~~~~~~~~~~~~~~~~~~~~~~~~~~~~~~~~~~~~~~~~~~~~~~~~~~~~~~~~~~~~~~~~
