~~~~~~~~~~~~~~~~~~~~~~~~~~~~~~~~~~~~~~~~~~~~~~~~~~~~~~~~~~~~~~~~~~~~~~~~~~~~~~~~~~~~~~~~~~~~~~~~~~~~~~~~~~~~~
~~~~~~~~~~~~~~~~~~~~~~~~~~~~~~~~~~~~~~~~~~~~~~~~~~~~~~~~~~~~~~~~~~~~~~~~~~~~~~~~~~~~~~~~~~~~~~~~~~~~~~~~~~~~~
Errors...
 
Error in <THaFormula::Compile>:  Bad numerical expression : ":SHMSaerogelgainfatorsfromLH2production4965"
THaCodaFile: ERROR while trying to open ./cache/coin_all_05154.dat: No such file or directory

 *** Break *** segmentation violation



===========================================================
There was a crash.
This is the entire stack trace of all threads:
===========================================================
#0  0x00007f2a1d0ce03c in waitpid () from /lib64/libc.so.6
#1  0x00007f2a1d053092 in do_system () from /lib64/libc.so.6
#2  0x00007f2a20e82ae1 in Exec (shellcmd=<optimized out>, this=0x214b4f0) at /group/halla/analysis/rootbuild/ifarm1402/root-6.08.00/core/unix/src/TUnixSystem.cxx:2116
#3  TUnixSystem::StackTrace (this=0x214b4f0) at /group/halla/analysis/rootbuild/ifarm1402/root-6.08.00/core/unix/src/TUnixSystem.cxx:2403
#4  0x00007f2a20e851fc in TUnixSystem::DispatchSignals (this=0x214b4f0, sig=kSigSegmentationViolation) at /group/halla/analysis/rootbuild/ifarm1402/root-6.08.00/core/unix/src/TUnixSystem.cxx:3661
#5  <signal handler called>
#6  0x00007f2a221ff098 in THcAnalyzer::LoadInfo() () from /home/trottar/Analysis/hcana/libHallC.so
#7  0x00007f2a221ff697 in THcAnalyzer::PrintReport(char const*, char const*) () from /home/trottar/Analysis/hcana/libHallC.so
#8  0x00007f2a226c97bb in ?? ()
#9  0x00007f2a226cbd6f in ?? ()
#10 0x000000000000002a in ?? ()
#11 0x00007f2a224d5465 in ?? () from /lib64/ld-linux-x86-64.so.2
#12 0x00007f2a1d09087c in malloc () from /lib64/libc.so.6
#13 0x00007f2a224c8014 in _dl_signal_error () from /lib64/ld-linux-x86-64.so.2
#14 0x0000000006f22410 in ?? ()
#15 0x0000000006f22f30 in ?? ()
#16 0x00007f2a2220970a in ?? () from /home/trottar/Analysis/hcana/libHallC.so
#17 0x0000000006f22f30 in ?? ()
#18 0x00000000036b6e60 in ?? ()
#19 0x0000000006f22410 in ?? ()
#20 0x0000000006f22410 in ?? ()
#21 0x0000000006f22410 in ?? ()
#22 0x0000000006f22410 in ?? ()
#23 0x0000000006f22410 in ?? ()
#24 0x0000000006f22410 in ?? ()
#25 0x0000000006f22410 in ?? ()
#26 0x00000000036b6f20 in ?? ()
#27 0x0000000006f22050 in ?? ()
#28 0x0000000006f22050 in ?? ()
#29 0x0000000006f22050 in ?? ()
#30 0x0000000006f22050 in ?? ()
#31 0x0000000006f22050 in ?? ()
#32 0x0000000006f22050 in ?? ()
#33 0x0000000006f22050 in ?? ()
#34 0x0000000006f22050 in ?? ()
#35 0x0000000006f22050 in ?? ()
#36 0x0000000006f22050 in ?? ()
#37 0x00000000036b6ec0 in ?? ()
#38 0x0000000006f21d00 in ?? ()
#39 0x00007f2a222219ac in THcHodoEff::Process(THaEvData const&) () from /home/trottar/Analysis/hcana/libHallC.so
#40 0x0000000006f21d00 in ?? ()
#41 0x00000000036b6ec0 in ?? ()
#42 0x000000000377fb10 in ?? ()
#43 0x00007f2a21e8a4cc in ?? () from /home/trottar/Analysis/hcana/podd/libHallA.so.1.7
#44 0x000000000377fb10 in ?? ()
#45 0x00000000036b6ec0 in ?? ()
#46 0x000000000377f8b0 in ?? ()
#47 0x00007f2a222194e0 in ?? () from /home/trottar/Analysis/hcana/libHallC.so
#48 0x000000000377f8b0 in ?? ()
#49 0x00000000036b6ec0 in ?? ()
#50 0x000000000377f6a0 in ?? ()
#51 0x00007f2a21e85194 in ?? () from /home/trottar/Analysis/hcana/podd/libHallA.so.1.7
#52 0x000000000377f6a0 in ?? ()
#53 0x00000000036b6e60 in ?? ()
#54 0x0000000003746240 in ?? ()
#55 0x0000000003746240 in ?? ()
#56 0x00000000224d5465 in ?? ()
#57 0x00007f2a21e1b33a in non-virtual thunk to THaSpectrometer::~THaSpectrometer() () at src/THaSpectrometer.h:27
#58 0x00000000f7500a10 in ?? ()
#59 0x0000000006da1040 in ?? ()
#60 0x00000000035e5570 in ?? ()
#61 0x00007f2a2224c31e in ?? () from /home/trottar/Analysis/hcana/libHallC.so
#62 0x00000000035e5570 in ?? ()
#63 0x00000000226db000 in ?? ()
#64 0x00007f2a21e1b33a in non-virtual thunk to THaSpectrometer::~THaSpectrometer() () at src/THaSpectrometer.h:27
#65 0x00000000021de180 in ?? ()
#66 0x0000000006da1040 in ?? ()
#67 0x000000000370f910 in ?? ()
#68 0x00007f2a221fc810 in ?? () from /home/trottar/Analysis/hcana/libHallC.so
#69 0x000000000370f910 in ?? ()
#70 0x0000000000000000 in ?? ()
===========================================================


The lines below might hint at the cause of the crash.
You may get help by asking at the ROOT forum http://root.cern.ch/forum.
Only if you are really convinced it is a bug in ROOT then please submit a
report at http://root.cern.ch/bugs. Please post the ENTIRE stack trace
from above as an attachment in addition to anything else
that might help us fixing this issue.
===========================================================
#6  0x00007f2a221ff098 in THcAnalyzer::LoadInfo() () from /home/trottar/Analysis/hcana/libHallC.so
#7  0x00007f2a221ff697 in THcAnalyzer::PrintReport(char const*, char const*) () from /home/trottar/Analysis/hcana/libHallC.so
#8  0x00007f2a226c97bb in ?? ()
#9  0x00007f2a226cbd6f in ?? ()
#10 0x000000000000002a in ?? ()
#11 0x00007f2a224d5465 in ?? () from /lib64/ld-linux-x86-64.so.2
#12 0x00007f2a1d09087c in malloc () from /lib64/libc.so.6
#13 0x00007f2a224c8014 in _dl_signal_error () from /lib64/ld-linux-x86-64.so.2
#14 0x0000000006f22410 in ?? ()
#15 0x0000000006f22f30 in ?? ()
#16 0x00007f2a2220970a in ?? () from /home/trottar/Analysis/hcana/libHallC.so
#17 0x0000000006f22f30 in ?? ()
#18 0x00000000036b6e60 in ?? ()
#19 0x0000000006f22410 in ?? ()
#20 0x0000000006f22410 in ?? ()
#21 0x0000000006f22410 in ?? ()
#22 0x0000000006f22410 in ?? ()
#23 0x0000000006f22410 in ?? ()
#24 0x0000000006f22410 in ?? ()
#25 0x0000000006f22410 in ?? ()
#26 0x00000000036b6f20 in ?? ()
#27 0x0000000006f22050 in ?? ()
#28 0x0000000006f22050 in ?? ()
#29 0x0000000006f22050 in ?? ()
#30 0x0000000006f22050 in ?? ()
#31 0x0000000006f22050 in ?? ()
#32 0x0000000006f22050 in ?? ()
#33 0x0000000006f22050 in ?? ()
#34 0x0000000006f22050 in ?? ()
#35 0x0000000006f22050 in ?? ()
#36 0x0000000006f22050 in ?? ()
#37 0x00000000036b6ec0 in ?? ()
#38 0x0000000006f21d00 in ?? ()
#39 0x00007f2a222219ac in THcHodoEff::Process(THaEvData const&) () from /home/trottar/Analysis/hcana/libHallC.so
#40 0x0000000006f21d00 in ?? ()
#41 0x00000000036b6ec0 in ?? ()
#42 0x000000000377fb10 in ?? ()
#43 0x00007f2a21e8a4cc in ?? () from /home/trottar/Analysis/hcana/podd/libHallA.so.1.7
#44 0x000000000377fb10 in ?? ()
#45 0x00000000036b6ec0 in ?? ()
#46 0x000000000377f8b0 in ?? ()
#47 0x00007f2a222194e0 in ?? () from /home/trottar/Analysis/hcana/libHallC.so
#48 0x000000000377f8b0 in ?? ()
#49 0x00000000036b6ec0 in ?? ()
#50 0x000000000377f6a0 in ?? ()
#51 0x00007f2a21e85194 in ?? () from /home/trottar/Analysis/hcana/podd/libHallA.so.1.7
#52 0x000000000377f6a0 in ?? ()
#53 0x00000000036b6e60 in ?? ()
#54 0x0000000003746240 in ?? ()
#55 0x0000000003746240 in ?? ()
#56 0x00000000224d5465 in ?? ()
#57 0x00007f2a21e1b33a in non-virtual thunk to THaSpectrometer::~THaSpectrometer() () at src/THaSpectrometer.h:27
#58 0x00000000f7500a10 in ?? ()
#59 0x0000000006da1040 in ?? ()
#60 0x00000000035e5570 in ?? ()
#61 0x00007f2a2224c31e in ?? () from /home/trottar/Analysis/hcana/libHallC.so
#62 0x00000000035e5570 in ?? ()
#63 0x00000000226db000 in ?? ()
#64 0x00007f2a21e1b33a in non-virtual thunk to THaSpectrometer::~THaSpectrometer() () at src/THaSpectrometer.h:27
#65 0x00000000021de180 in ?? ()
#66 0x0000000006da1040 in ?? ()
#67 0x000000000370f910 in ?? ()
#68 0x00007f2a221fc810 in ?? () from /home/trottar/Analysis/hcana/libHallC.so
#69 0x000000000370f910 in ?? ()
#70 0x0000000000000000 in ?? ()
===========================================================


~~~~~~~~~~~~~~~~~~~~~~~~~~~~~~~~~~~~~~~~~~~~~~~~~~~~~~~~~~~~~~~~~~~~~~~~~~~~~~~~~~~~~~~~~~~~~~~~~~~~~~~~~~~~~
Job info...
 

Auger JobId: 61197967 [PBS JobId: 46888410]

12/12/2018 08:01:16  A     Name=lumiscan_5154;User=trottar;queue=prod64
12/12/2018 08:01:37  A     Stagin started
12/12/2018 08:01:37  A     Job started
12/12/2018 08:01:55  A     Job started
12/12/2018 08:01:55  A     Job completed

Job: 46888410.farmpbs14

12/12/2018 08:01:34  S    enqueuing into prod64, state 2 hop 1
12/12/2018 08:01:34  S    Holds u released at request of trottar@farmpbs14
12/12/2018 08:01:34  A    queue=prod64
12/12/2018 08:01:36  S    Job Run at request of root@farmpbs14
12/12/2018 08:01:36  A    user=trottar group=enp account=hallc jobname=lumiscan_5154 queue=prod64 ctime=1544619694 qtime=1544619694 etime=1544619694 start=1544619696 owner=trottar@farmpbs14 exec_host=farm180229/0+farm180229/1 Resource_List.arch=centos7 Resource_List.file=2929687kb Resource_List.mem=1250mb Resource_List.neednodes=1:ppn=2 Resource_List.nodect=1 Resource_List.nodes=1:ppn=2 Resource_List.vmem=2500mb Resource_List.walltime=24:00:00 
12/12/2018 08:01:56  S    Exit_status=0 resources_used.cput=00:00:13 resources_used.mem=193968kb resources_used.vmem=1129856kb resources_used.walltime=00:00:20
12/12/2018 08:01:56  S    on_job_exit valid pjob: 46888410.farmpbs14 (substate=50)
12/12/2018 08:01:56  S    dequeuing from prod64, state COMPLETE
12/12/2018 08:01:56  A    user=trottar group=enp account=hallc jobname=lumiscan_5154 queue=prod64 ctime=1544619694 qtime=1544619694 etime=1544619694 start=1544619696 owner=trottar@farmpbs14 exec_host=farm180229/0+farm180229/1 Resource_List.arch=centos7 Resource_List.file=2929687kb Resource_List.mem=1250mb Resource_List.neednodes=1:ppn=2 Resource_List.nodect=1 Resource_List.nodes=1:ppn=2 Resource_List.vmem=2500mb Resource_List.walltime=24:00:00 session=360362 end=1544619716 Exit_status=0 resources_used.cput=00:00:13 resources_used.mem=193968kb resources_used.vmem=1129856kb resources_used.walltime=00:00:20

~~~~~~~~~~~~~~~~~~~~~~~~~~~~~~~~~~~~~~~~~~~~~~~~~~~~~~~~~~~~~~~~~~~~~~~~~~~~~~~~~~~~~~~~~~~~~~~~~~~~~~~~~~~~~
~~~~~~~~~~~~~~~~~~~~~~~~~~~~~~~~~~~~~~~~~~~~~~~~~~~~~~~~~~~~~~~~~~~~~~~~~~~~~~~~~~~~~~~~~~~~~~~~~~~~~~~~~~~~~
