~~~~~~~~~~~~~~~~~~~~~~~~~~~~~~~~~~~~~~~~~~~~~~~~~~~~~~~~~~~~~~~~~~~~~~~~~~~~~~~~~~~~~~~~~~~~~~~~~~~~~~~~~~~~~
~~~~~~~~~~~~~~~~~~~~~~~~~~~~~~~~~~~~~~~~~~~~~~~~~~~~~~~~~~~~~~~~~~~~~~~~~~~~~~~~~~~~~~~~~~~~~~~~~~~~~~~~~~~~~
Errors...
 
Error in <THaFormula::Compile>:  Bad numerical expression : ":SHMSaerogelgainfatorsfromLH2production4965"
Error in <THcParmList::THcParmList::LoadFromFile>: error opening parameter file PARAM/HMS/BCM/CALIB/bcmcurrent_5303.param
terminate called after throwing an instance of 'std::runtime_error'
  what():  <THcParmList::LoadParmValues>: Could not find `gpbeam` in database!
/home/trottar/Analysis/hallc_replay/run_Replay.sh: line 66: 27920 Aborted                 /home/trottar/Analysis/hallc_replay/hcana -l -q "UTIL_KAONLT/scripts_Replay/replay_luminosity.C(5303,-1)"
~~~~~~~~~~~~~~~~~~~~~~~~~~~~~~~~~~~~~~~~~~~~~~~~~~~~~~~~~~~~~~~~~~~~~~~~~~~~~~~~~~~~~~~~~~~~~~~~~~~~~~~~~~~~~
Job info...
 

Auger JobId: 62849967 [PBS JobId: 48352324]

01/22/2019 19:11:35  A     Name=lumiscan_5303;User=trottar;queue=priority
01/22/2019 19:22:08  A     Stagin started
01/22/2019 19:22:08  A     Job started
01/22/2019 19:22:19  A     Job started
01/22/2019 19:22:19  A     Job completed

Job: 48352324.farmpbs14

01/22/2019 19:15:03  S    enqueuing into priority, state 2 hop 1
01/22/2019 19:15:03  S    Holds u released at request of trottar@farmpbs14
01/22/2019 19:15:03  A    queue=priority
01/22/2019 19:22:06  S    Job Run at request of root@farmpbs14
01/22/2019 19:22:06  A    user=trottar group=enp account=hallc jobname=lumiscan_5303 queue=priority ctime=1548202503 qtime=1548202503 etime=1548202503 start=1548202926 owner=trottar@farmpbs14 exec_host=farm12009/6+farm12009/7 Resource_List.arch=centos7 Resource_List.file=2929687kb Resource_List.mem=1250mb Resource_List.neednodes=1:ppn=2 Resource_List.nodect=1 Resource_List.nodes=1:ppn=2 Resource_List.vmem=2500mb Resource_List.walltime=04:00:00 
01/22/2019 19:22:20  S    Exit_status=0 resources_used.cput=00:00:13 resources_used.mem=189368kb resources_used.vmem=897936kb resources_used.walltime=00:00:14
01/22/2019 19:22:20  S    on_job_exit valid pjob: 48352324.farmpbs14 (substate=50)
01/22/2019 19:22:20  A    user=trottar group=enp account=hallc jobname=lumiscan_5303 queue=priority ctime=1548202503 qtime=1548202503 etime=1548202503 start=1548202926 owner=trottar@farmpbs14 exec_host=farm12009/6+farm12009/7 Resource_List.arch=centos7 Resource_List.file=2929687kb Resource_List.mem=1250mb Resource_List.neednodes=1:ppn=2 Resource_List.nodect=1 Resource_List.nodes=1:ppn=2 Resource_List.vmem=2500mb Resource_List.walltime=04:00:00 session=26858 end=1548202940 Exit_status=0 resources_used.cput=00:00:13 resources_used.mem=189368kb resources_used.vmem=897936kb resources_used.walltime=00:00:14
01/22/2019 19:22:21  S    dequeuing from priority, state COMPLETE

~~~~~~~~~~~~~~~~~~~~~~~~~~~~~~~~~~~~~~~~~~~~~~~~~~~~~~~~~~~~~~~~~~~~~~~~~~~~~~~~~~~~~~~~~~~~~~~~~~~~~~~~~~~~~
~~~~~~~~~~~~~~~~~~~~~~~~~~~~~~~~~~~~~~~~~~~~~~~~~~~~~~~~~~~~~~~~~~~~~~~~~~~~~~~~~~~~~~~~~~~~~~~~~~~~~~~~~~~~~
