~~~~~~~~~~~~~~~~~~~~~~~~~~~~~~~~~~~~~~~~~~~~~~~~~~~~~~~~~~~~~~~~~~~~~~~~~~~~~~~~~~~~~~~~~~~~~~~~~~~~~~~~~~~~~
~~~~~~~~~~~~~~~~~~~~~~~~~~~~~~~~~~~~~~~~~~~~~~~~~~~~~~~~~~~~~~~~~~~~~~~~~~~~~~~~~~~~~~~~~~~~~~~~~~~~~~~~~~~~~
Errors...
 
Error in <THaFormula::Compile>:  Bad numerical expression : ":SHMSaerogelgainfatorsfromLH2production4965"
~~~~~~~~~~~~~~~~~~~~~~~~~~~~~~~~~~~~~~~~~~~~~~~~~~~~~~~~~~~~~~~~~~~~~~~~~~~~~~~~~~~~~~~~~~~~~~~~~~~~~~~~~~~~~
Job info...
 

Auger JobId: 63286755 [PBS JobId: 48807498]

02/06/2019 21:45:39  A     Name=lumiscan_5179;User=trottar;queue=priority
02/06/2019 23:16:51  A     Stagin started
02/06/2019 23:16:51  A     Job started
02/07/2019 00:11:57  A     Job started
02/07/2019 00:11:57  A     Job completed

Job: 48807498.farmpbs14

02/06/2019 22:39:04  S    enqueuing into priority, state 2 hop 1
02/06/2019 22:39:04  S    Holds u released at request of trottar@farmpbs14
02/06/2019 22:39:04  A    queue=priority
02/06/2019 23:16:50  S    Job Run at request of root@farmpbs14
02/06/2019 23:16:50  A    user=trottar group=enp account=hallc jobname=lumiscan_5179 queue=priority ctime=1549510744 qtime=1549510744 etime=1549510744 start=1549513010 owner=trottar@farmpbs14 exec_host=farm180242/4+farm180242/5 Resource_List.arch=centos7 Resource_List.file=2929687kb Resource_List.mem=1250mb Resource_List.neednodes=1:ppn=2 Resource_List.nodect=1 Resource_List.nodes=1:ppn=2 Resource_List.vmem=2500mb Resource_List.walltime=04:00:00 
02/07/2019 00:11:59  S    Exit_status=0 resources_used.cput=00:55:07 resources_used.mem=1063860kb resources_used.vmem=1834128kb resources_used.walltime=00:55:09
02/07/2019 00:11:59  S    on_job_exit valid pjob: 48807498.farmpbs14 (substate=50)
02/07/2019 00:11:59  S    dequeuing from priority, state COMPLETE
02/07/2019 00:11:59  A    user=trottar group=enp account=hallc jobname=lumiscan_5179 queue=priority ctime=1549510744 qtime=1549510744 etime=1549510744 start=1549513010 owner=trottar@farmpbs14 exec_host=farm180242/4+farm180242/5 Resource_List.arch=centos7 Resource_List.file=2929687kb Resource_List.mem=1250mb Resource_List.neednodes=1:ppn=2 Resource_List.nodect=1 Resource_List.nodes=1:ppn=2 Resource_List.vmem=2500mb Resource_List.walltime=04:00:00 session=30320 end=1549516319 Exit_status=0 resources_used.cput=00:55:07 resources_used.mem=1063860kb resources_used.vmem=1834128kb resources_used.walltime=00:55:09

~~~~~~~~~~~~~~~~~~~~~~~~~~~~~~~~~~~~~~~~~~~~~~~~~~~~~~~~~~~~~~~~~~~~~~~~~~~~~~~~~~~~~~~~~~~~~~~~~~~~~~~~~~~~~
~~~~~~~~~~~~~~~~~~~~~~~~~~~~~~~~~~~~~~~~~~~~~~~~~~~~~~~~~~~~~~~~~~~~~~~~~~~~~~~~~~~~~~~~~~~~~~~~~~~~~~~~~~~~~
