~~~~~~~~~~~~~~~~~~~~~~~~~~~~~~~~~~~~~~~~~~~~~~~~~~~~~~~~~~~~~~~~~~~~~~~~~~~~~~~~~~~~~~~~~~~~~~~~~~~~~~~~~~~~~
~~~~~~~~~~~~~~~~~~~~~~~~~~~~~~~~~~~~~~~~~~~~~~~~~~~~~~~~~~~~~~~~~~~~~~~~~~~~~~~~~~~~~~~~~~~~~~~~~~~~~~~~~~~~~
Errors...
 
Error in <THaFormula::Compile>:  Bad numerical expression : ":SHMSaerogelgainfatorsfromLH2production4965"
Error in <THcParmList::THcParmList::LoadFromFile>: error opening parameter file PARAM/HMS/BCM/CALIB/bcmcurrent_5302.param
Error in <THcBCMCurrent("H.bcm")::Init>: Exception <THcParmList::LoadParmValues>: Could not find `num_scal_reads` in database! caught in ReadDatabase. Module not initialized. Check database or call expert.
Error in <THcBCMCurrent("H.bcm")::Init>: Error when reading file db_H.bcm.dat
Error in <THcAnalyzer::InitModules()>: Error 2 initializing module H.bcm (BCM current check). Analyzer initialization failed.
Error in <THcFormula::Compile>:  Bad numerical expression : "P.1MHz.scalerTime"
Error in <THcFormula::Compile>:  Bad numerical expression : "H.1MHz.scalerTime"
Error in <THcFormula::Compile>:  Bad numerical expression : "gHC_ti_ps_factors[0]"
Error in <THcFormula::Compile>:  Bad numerical expression : "gHC_ti_ps_factors[1]"
Error in <THcFormula::Compile>:  Bad numerical expression : "gHC_ti_ps_factors[2]"
Error in <THcFormula::Compile>:  Bad numerical expression : "gHC_ti_ps_factors[3]"
Error in <THcFormula::Compile>:  Bad numerical expression : "gHC_ti_ps_factors[4]"
Error in <THcFormula::Compile>:  Bad numerical expression : "gHC_ti_ps_factors[5]"
~~~~~~~~~~~~~~~~~~~~~~~~~~~~~~~~~~~~~~~~~~~~~~~~~~~~~~~~~~~~~~~~~~~~~~~~~~~~~~~~~~~~~~~~~~~~~~~~~~~~~~~~~~~~~
Job info...
 

Auger JobId: 59876888 [PBS JobId: 45674006]

11/11/2018 17:11:07  A     Name=lumiscan_5302;User=trottar;queue=prod64
11/11/2018 17:12:57  A     Stagin started
11/11/2018 17:12:57  A     Job started
11/11/2018 17:13:02  A     Job started
11/11/2018 17:13:02  A     Job completed

Job: 45674006.farmpbs14

11/11/2018 17:12:44  S    enqueuing into prod64, state 2 hop 1
11/11/2018 17:12:44  S    Holds u released at request of trottar@farmpbs14
11/11/2018 17:12:44  A    queue=prod64
11/11/2018 17:12:55  S    Job Run at request of root@farmpbs14
11/11/2018 17:12:55  A    user=trottar group=enp account=hallc jobname=lumiscan_5302 queue=prod64 ctime=1541974364 qtime=1541974364 etime=1541974364 start=1541974375 owner=trottar@farmpbs14 exec_host=farm180213/8+farm180213/9 Resource_List.arch=centos7 Resource_List.file=2929687kb Resource_List.mem=2000mb Resource_List.neednodes=1:ppn=2 Resource_List.nodect=1 Resource_List.nodes=1:ppn=2 Resource_List.vmem=4000mb Resource_List.walltime=24:00:00 
11/11/2018 17:13:03  S    Exit_status=0 resources_used.cput=00:00:10 resources_used.mem=0kb resources_used.vmem=0kb resources_used.walltime=00:00:08
11/11/2018 17:13:03  S    on_job_exit valid pjob: 45674006.farmpbs14 (substate=50)
11/11/2018 17:13:03  S    dequeuing from prod64, state COMPLETE
11/11/2018 17:13:03  A    user=trottar group=enp account=hallc jobname=lumiscan_5302 queue=prod64 ctime=1541974364 qtime=1541974364 etime=1541974364 start=1541974375 owner=trottar@farmpbs14 exec_host=farm180213/8+farm180213/9 Resource_List.arch=centos7 Resource_List.file=2929687kb Resource_List.mem=2000mb Resource_List.neednodes=1:ppn=2 Resource_List.nodect=1 Resource_List.nodes=1:ppn=2 Resource_List.vmem=4000mb Resource_List.walltime=24:00:00 session=288000 end=1541974383 Exit_status=0 resources_used.cput=00:00:10 resources_used.mem=0kb resources_used.vmem=0kb resources_used.walltime=00:00:08

~~~~~~~~~~~~~~~~~~~~~~~~~~~~~~~~~~~~~~~~~~~~~~~~~~~~~~~~~~~~~~~~~~~~~~~~~~~~~~~~~~~~~~~~~~~~~~~~~~~~~~~~~~~~~
~~~~~~~~~~~~~~~~~~~~~~~~~~~~~~~~~~~~~~~~~~~~~~~~~~~~~~~~~~~~~~~~~~~~~~~~~~~~~~~~~~~~~~~~~~~~~~~~~~~~~~~~~~~~~
