~~~~~~~~~~~~~~~~~~~~~~~~~~~~~~~~~~~~~~~~~~~~~~~~~~~~~~~~~~~~~~~~~~~~~~~~~~~~~~~~~~~~~~~~~~~~~~~~~~~~~~~~~~~~~
~~~~~~~~~~~~~~~~~~~~~~~~~~~~~~~~~~~~~~~~~~~~~~~~~~~~~~~~~~~~~~~~~~~~~~~~~~~~~~~~~~~~~~~~~~~~~~~~~~~~~~~~~~~~~
Errors...
 
Error in <THaFormula::Compile>:  Bad numerical expression : ":SHMSaerogelgainfatorsfromLH2production4965"
terminate called after throwing an instance of 'std::runtime_error'
  what():  <THcParmList::LoadParmValues>: Could not find `gpbeam` in database!
/home/trottar/Analysis/hallc_replay/run_Replay.sh: line 67: 344151 Aborted                 /home/trottar/Analysis/hallc_replay/hcana -l -q "UTIL_KAONLT/scripts_Replay/replay_luminosity.C(5162,-1)"
~~~~~~~~~~~~~~~~~~~~~~~~~~~~~~~~~~~~~~~~~~~~~~~~~~~~~~~~~~~~~~~~~~~~~~~~~~~~~~~~~~~~~~~~~~~~~~~~~~~~~~~~~~~~~
Job info...
 

Auger JobId: 63286624 [PBS JobId: 48806319]

02/06/2019 21:37:37  A     Name=lumiscan_5162;User=trottar;queue=priority
02/06/2019 22:14:23  A     Stagin started
02/06/2019 22:14:23  A     Job started
02/06/2019 22:14:40  A     Job started
02/06/2019 22:14:40  A     Job completed

Job: 48806319.farmpbs14

02/06/2019 21:46:04  S    enqueuing into priority, state 2 hop 1
02/06/2019 21:46:04  S    Holds u released at request of trottar@farmpbs14
02/06/2019 21:46:04  A    queue=priority
02/06/2019 22:14:21  S    Job Run at request of root@farmpbs14
02/06/2019 22:14:21  A    user=trottar group=enp account=hallc jobname=lumiscan_5162 queue=priority ctime=1549507564 qtime=1549507564 etime=1549507564 start=1549509261 owner=trottar@farmpbs14 exec_host=farm180301/2+farm180301/3 Resource_List.arch=centos7 Resource_List.file=2929687kb Resource_List.mem=1250mb Resource_List.neednodes=1:ppn=2 Resource_List.nodect=1 Resource_List.nodes=1:ppn=2 Resource_List.vmem=2500mb Resource_List.walltime=04:00:00 
02/06/2019 22:14:42  S    Exit_status=0 resources_used.cput=00:00:12 resources_used.mem=189444kb resources_used.vmem=897988kb resources_used.walltime=00:00:21
02/06/2019 22:14:42  S    on_job_exit valid pjob: 48806319.farmpbs14 (substate=50)
02/06/2019 22:14:42  S    dequeuing from priority, state COMPLETE
02/06/2019 22:14:42  A    user=trottar group=enp account=hallc jobname=lumiscan_5162 queue=priority ctime=1549507564 qtime=1549507564 etime=1549507564 start=1549509261 owner=trottar@farmpbs14 exec_host=farm180301/2+farm180301/3 Resource_List.arch=centos7 Resource_List.file=2929687kb Resource_List.mem=1250mb Resource_List.neednodes=1:ppn=2 Resource_List.nodect=1 Resource_List.nodes=1:ppn=2 Resource_List.vmem=2500mb Resource_List.walltime=04:00:00 session=343525 end=1549509282 Exit_status=0 resources_used.cput=00:00:12 resources_used.mem=189444kb resources_used.vmem=897988kb resources_used.walltime=00:00:21

~~~~~~~~~~~~~~~~~~~~~~~~~~~~~~~~~~~~~~~~~~~~~~~~~~~~~~~~~~~~~~~~~~~~~~~~~~~~~~~~~~~~~~~~~~~~~~~~~~~~~~~~~~~~~
~~~~~~~~~~~~~~~~~~~~~~~~~~~~~~~~~~~~~~~~~~~~~~~~~~~~~~~~~~~~~~~~~~~~~~~~~~~~~~~~~~~~~~~~~~~~~~~~~~~~~~~~~~~~~
