~~~~~~~~~~~~~~~~~~~~~~~~~~~~~~~~~~~~~~~~~~~~~~~~~~~~~~~~~~~~~~~~~~~~~~~~~~~~~~~~~~~~~~~~~~~~~~~~~~~~~~~~~~~~~
~~~~~~~~~~~~~~~~~~~~~~~~~~~~~~~~~~~~~~~~~~~~~~~~~~~~~~~~~~~~~~~~~~~~~~~~~~~~~~~~~~~~~~~~~~~~~~~~~~~~~~~~~~~~~
Errors...
 
Error in <THaFormula::Compile>:  Bad numerical expression : ":SHMSaerogelgainfatorsfromLH2production4965"
~~~~~~~~~~~~~~~~~~~~~~~~~~~~~~~~~~~~~~~~~~~~~~~~~~~~~~~~~~~~~~~~~~~~~~~~~~~~~~~~~~~~~~~~~~~~~~~~~~~~~~~~~~~~~
Job info...
 

Auger JobId: 63286748 [PBS JobId: 48807263]

02/06/2019 21:45:02  A     Name=lumiscan_5178;User=trottar;queue=priority
02/06/2019 23:09:50  A     Stagin started
02/06/2019 23:09:50  A     Job started
02/07/2019 00:18:12  A     Job started
02/07/2019 00:18:12  A     Job completed

Job: 48807263.farmpbs14

02/06/2019 22:35:08  S    enqueuing into priority, state 2 hop 1
02/06/2019 22:35:08  S    Holds u released at request of trottar@farmpbs14
02/06/2019 22:35:08  A    queue=priority
02/06/2019 23:09:22  S    Job Run at request of root@farmpbs14
02/06/2019 23:09:22  A    user=trottar group=enp account=hallc jobname=lumiscan_5178 queue=priority ctime=1549510508 qtime=1549510508 etime=1549510508 start=1549512562 owner=trottar@farmpbs14 exec_host=farm180242/2+farm180242/3 Resource_List.arch=centos7 Resource_List.file=2929687kb Resource_List.mem=1250mb Resource_List.neednodes=1:ppn=2 Resource_List.nodect=1 Resource_List.nodes=1:ppn=2 Resource_List.vmem=2500mb Resource_List.walltime=04:00:00 
02/07/2019 00:18:13  S    Exit_status=0 resources_used.cput=01:07:24 resources_used.mem=1436356kb resources_used.vmem=2270296kb resources_used.walltime=01:08:51
02/07/2019 00:18:13  S    on_job_exit valid pjob: 48807263.farmpbs14 (substate=50)
02/07/2019 00:18:13  S    dequeuing from priority, state COMPLETE
02/07/2019 00:18:13  A    user=trottar group=enp account=hallc jobname=lumiscan_5178 queue=priority ctime=1549510508 qtime=1549510508 etime=1549510508 start=1549512562 owner=trottar@farmpbs14 exec_host=farm180242/2+farm180242/3 Resource_List.arch=centos7 Resource_List.file=2929687kb Resource_List.mem=1250mb Resource_List.neednodes=1:ppn=2 Resource_List.nodect=1 Resource_List.nodes=1:ppn=2 Resource_List.vmem=2500mb Resource_List.walltime=04:00:00 session=29580 end=1549516693 Exit_status=0 resources_used.cput=01:07:24 resources_used.mem=1436356kb resources_used.vmem=2270296kb resources_used.walltime=01:08:51

~~~~~~~~~~~~~~~~~~~~~~~~~~~~~~~~~~~~~~~~~~~~~~~~~~~~~~~~~~~~~~~~~~~~~~~~~~~~~~~~~~~~~~~~~~~~~~~~~~~~~~~~~~~~~
~~~~~~~~~~~~~~~~~~~~~~~~~~~~~~~~~~~~~~~~~~~~~~~~~~~~~~~~~~~~~~~~~~~~~~~~~~~~~~~~~~~~~~~~~~~~~~~~~~~~~~~~~~~~~
