~~~~~~~~~~~~~~~~~~~~~~~~~~~~~~~~~~~~~~~~~~~~~~~~~~~~~~~~~~~~~~~~~~~~~~~~~~~~~~~~~~~~~~~~~~~~~~~~~~~~~~~~~~~~~
~~~~~~~~~~~~~~~~~~~~~~~~~~~~~~~~~~~~~~~~~~~~~~~~~~~~~~~~~~~~~~~~~~~~~~~~~~~~~~~~~~~~~~~~~~~~~~~~~~~~~~~~~~~~~
Errors...
 
Error in <THaFormula::Compile>:  Bad numerical expression : ":SHMSaerogelgainfatorsfromLH2production4965"
~~~~~~~~~~~~~~~~~~~~~~~~~~~~~~~~~~~~~~~~~~~~~~~~~~~~~~~~~~~~~~~~~~~~~~~~~~~~~~~~~~~~~~~~~~~~~~~~~~~~~~~~~~~~~
Job info...
 

Auger JobId: 63286700 [PBS JobId: 48806789]

02/06/2019 21:40:59  A     Name=lumiscan_5169;User=trottar;queue=priority
02/06/2019 22:37:26  A     Stagin started
02/06/2019 22:37:26  A     Job started
02/06/2019 23:27:47  A     Job started
02/06/2019 23:27:47  A     Job completed

Job: 48806789.farmpbs14

02/06/2019 22:04:34  S    enqueuing into priority, state 2 hop 1
02/06/2019 22:04:34  S    Holds u released at request of trottar@farmpbs14
02/06/2019 22:04:34  A    queue=priority
02/06/2019 22:37:10  S    Job Run at request of root@farmpbs14
02/06/2019 22:37:10  A    user=trottar group=enp account=hallc jobname=lumiscan_5169 queue=priority ctime=1549508674 qtime=1549508674 etime=1549508674 start=1549510630 owner=trottar@farmpbs14 exec_host=farm180235/2+farm180235/3 Resource_List.arch=centos7 Resource_List.file=2929687kb Resource_List.mem=1250mb Resource_List.neednodes=1:ppn=2 Resource_List.nodect=1 Resource_List.nodes=1:ppn=2 Resource_List.vmem=2500mb Resource_List.walltime=04:00:00 
02/06/2019 23:27:50  S    Exit_status=0 resources_used.cput=00:49:29 resources_used.mem=1103740kb resources_used.vmem=1926872kb resources_used.walltime=00:50:40
02/06/2019 23:27:50  S    on_job_exit valid pjob: 48806789.farmpbs14 (substate=50)
02/06/2019 23:27:50  S    dequeuing from priority, state COMPLETE
02/06/2019 23:27:50  A    user=trottar group=enp account=hallc jobname=lumiscan_5169 queue=priority ctime=1549508674 qtime=1549508674 etime=1549508674 start=1549510630 owner=trottar@farmpbs14 exec_host=farm180235/2+farm180235/3 Resource_List.arch=centos7 Resource_List.file=2929687kb Resource_List.mem=1250mb Resource_List.neednodes=1:ppn=2 Resource_List.nodect=1 Resource_List.nodes=1:ppn=2 Resource_List.vmem=2500mb Resource_List.walltime=04:00:00 session=378322 end=1549513670 Exit_status=0 resources_used.cput=00:49:29 resources_used.mem=1103740kb resources_used.vmem=1926872kb resources_used.walltime=00:50:40

~~~~~~~~~~~~~~~~~~~~~~~~~~~~~~~~~~~~~~~~~~~~~~~~~~~~~~~~~~~~~~~~~~~~~~~~~~~~~~~~~~~~~~~~~~~~~~~~~~~~~~~~~~~~~
~~~~~~~~~~~~~~~~~~~~~~~~~~~~~~~~~~~~~~~~~~~~~~~~~~~~~~~~~~~~~~~~~~~~~~~~~~~~~~~~~~~~~~~~~~~~~~~~~~~~~~~~~~~~~
