~~~~~~~~~~~~~~~~~~~~~~~~~~~~~~~~~~~~~~~~~~~~~~~~~~~~~~~~~~~~~~~~~~~~~~~~~~~~~~~~~~~~~~~~~~~~~~~~~~~~~~~~~~~~~
~~~~~~~~~~~~~~~~~~~~~~~~~~~~~~~~~~~~~~~~~~~~~~~~~~~~~~~~~~~~~~~~~~~~~~~~~~~~~~~~~~~~~~~~~~~~~~~~~~~~~~~~~~~~~
Errors...
 
Error in <THaFormula::Compile>:  Bad numerical expression : ":SHMSaerogelgainfatorsfromLH2production4965"
~~~~~~~~~~~~~~~~~~~~~~~~~~~~~~~~~~~~~~~~~~~~~~~~~~~~~~~~~~~~~~~~~~~~~~~~~~~~~~~~~~~~~~~~~~~~~~~~~~~~~~~~~~~~~
Job info...
 

Auger JobId: 59876886 [PBS JobId: 45674004]

11/11/2018 17:10:56  A     Name=lumiscan_5300;User=trottar;queue=prod64
11/11/2018 17:12:57  A     Stagin started
11/11/2018 17:12:57  A     Job started
11/11/2018 17:43:53  A     Job started
11/11/2018 17:43:53  A     Job completed

Job: 45674004.farmpbs14

11/11/2018 17:12:44  S    enqueuing into prod64, state 2 hop 1
11/11/2018 17:12:44  S    Holds u released at request of trottar@farmpbs14
11/11/2018 17:12:44  A    queue=prod64
11/11/2018 17:12:45  S    Job Run at request of root@farmpbs14
11/11/2018 17:12:55  A    user=trottar group=enp account=hallc jobname=lumiscan_5300 queue=prod64 ctime=1541974364 qtime=1541974364 etime=1541974364 start=1541974375 owner=trottar@farmpbs14 exec_host=farm180213/4+farm180213/5 Resource_List.arch=centos7 Resource_List.file=2929687kb Resource_List.mem=2000mb Resource_List.neednodes=1:ppn=2 Resource_List.nodect=1 Resource_List.nodes=1:ppn=2 Resource_List.vmem=4000mb Resource_List.walltime=24:00:00 
11/11/2018 17:44:00  S    Exit_status=0 resources_used.cput=00:30:59 resources_used.mem=890192kb resources_used.vmem=1673188kb resources_used.walltime=00:31:02
11/11/2018 17:44:00  S    on_job_exit valid pjob: 45674004.farmpbs14 (substate=50)
11/11/2018 17:44:00  A    user=trottar group=enp account=hallc jobname=lumiscan_5300 queue=prod64 ctime=1541974364 qtime=1541974364 etime=1541974364 start=1541974375 owner=trottar@farmpbs14 exec_host=farm180213/4+farm180213/5 Resource_List.arch=centos7 Resource_List.file=2929687kb Resource_List.mem=2000mb Resource_List.neednodes=1:ppn=2 Resource_List.nodect=1 Resource_List.nodes=1:ppn=2 Resource_List.vmem=4000mb Resource_List.walltime=24:00:00 session=287969 end=1541976240 Exit_status=0 resources_used.cput=00:30:59 resources_used.mem=890192kb resources_used.vmem=1673188kb resources_used.walltime=00:31:02
11/11/2018 17:44:03  S    dequeuing from prod64, state COMPLETE

~~~~~~~~~~~~~~~~~~~~~~~~~~~~~~~~~~~~~~~~~~~~~~~~~~~~~~~~~~~~~~~~~~~~~~~~~~~~~~~~~~~~~~~~~~~~~~~~~~~~~~~~~~~~~
~~~~~~~~~~~~~~~~~~~~~~~~~~~~~~~~~~~~~~~~~~~~~~~~~~~~~~~~~~~~~~~~~~~~~~~~~~~~~~~~~~~~~~~~~~~~~~~~~~~~~~~~~~~~~
