~~~~~~~~~~~~~~~~~~~~~~~~~~~~~~~~~~~~~~~~~~~~~~~~~~~~~~~~~~~~~~~~~~~~~~~~~~~~~~~~~~~~~~~~~~~~~~~~~~~~~~~~~~~~~
~~~~~~~~~~~~~~~~~~~~~~~~~~~~~~~~~~~~~~~~~~~~~~~~~~~~~~~~~~~~~~~~~~~~~~~~~~~~~~~~~~~~~~~~~~~~~~~~~~~~~~~~~~~~~
Errors...
 
Error in <THaFormula::Compile>:  Bad numerical expression : ":SHMSaerogelgainfatorsfromLH2production4965"
~~~~~~~~~~~~~~~~~~~~~~~~~~~~~~~~~~~~~~~~~~~~~~~~~~~~~~~~~~~~~~~~~~~~~~~~~~~~~~~~~~~~~~~~~~~~~~~~~~~~~~~~~~~~~
Job info...
 

Auger JobId: 64237073 [PBS JobId: 49633371]

02/27/2019 13:27:44  A     Name=lumiscan_5156;User=trottar;queue=priority
02/27/2019 13:29:29  A     Stagin started
02/27/2019 13:29:29  A     Job started
02/27/2019 14:12:06  A     Job started
02/27/2019 14:12:06  A     Job completed

Job: 49633371.farmpbs14

02/27/2019 13:28:40  S    enqueuing into priority, state 2 hop 1
02/27/2019 13:28:40  S    Holds u released at request of trottar@farmpbs14
02/27/2019 13:28:40  A    queue=priority
02/27/2019 13:29:26  S    Job Run at request of root@farmpbs14
02/27/2019 13:29:26  A    user=trottar group=enp account=hallc jobname=lumiscan_5156 queue=priority ctime=1551292120 qtime=1551292120 etime=1551292120 start=1551292166 owner=trottar@farmpbs14 exec_host=farm180234/4+farm180234/5 Resource_List.arch=centos7 Resource_List.file=2929687kb Resource_List.mem=1250mb Resource_List.neednodes=1:ppn=2 Resource_List.nodect=1 Resource_List.nodes=1:ppn=2 Resource_List.vmem=2500mb Resource_List.walltime=04:00:00 
02/27/2019 14:12:07  S    Exit_status=0 resources_used.cput=00:41:43 resources_used.mem=1050224kb resources_used.vmem=1832628kb resources_used.walltime=00:42:41
02/27/2019 14:12:07  S    on_job_exit valid pjob: 49633371.farmpbs14 (substate=50)
02/27/2019 14:12:07  S    dequeuing from priority, state COMPLETE
02/27/2019 14:12:07  A    user=trottar group=enp account=hallc jobname=lumiscan_5156 queue=priority ctime=1551292120 qtime=1551292120 etime=1551292120 start=1551292166 owner=trottar@farmpbs14 exec_host=farm180234/4+farm180234/5 Resource_List.arch=centos7 Resource_List.file=2929687kb Resource_List.mem=1250mb Resource_List.neednodes=1:ppn=2 Resource_List.nodect=1 Resource_List.nodes=1:ppn=2 Resource_List.vmem=2500mb Resource_List.walltime=04:00:00 session=223384 end=1551294727 Exit_status=0 resources_used.cput=00:41:43 resources_used.mem=1050224kb resources_used.vmem=1832628kb resources_used.walltime=00:42:41

~~~~~~~~~~~~~~~~~~~~~~~~~~~~~~~~~~~~~~~~~~~~~~~~~~~~~~~~~~~~~~~~~~~~~~~~~~~~~~~~~~~~~~~~~~~~~~~~~~~~~~~~~~~~~
~~~~~~~~~~~~~~~~~~~~~~~~~~~~~~~~~~~~~~~~~~~~~~~~~~~~~~~~~~~~~~~~~~~~~~~~~~~~~~~~~~~~~~~~~~~~~~~~~~~~~~~~~~~~~
