~~~~~~~~~~~~~~~~~~~~~~~~~~~~~~~~~~~~~~~~~~~~~~~~~~~~~~~~~~~~~~~~~~~~~~~~~~~~~~~~~~~~~~~~~~~~~~~~~~~~~~~~~~~~~
~~~~~~~~~~~~~~~~~~~~~~~~~~~~~~~~~~~~~~~~~~~~~~~~~~~~~~~~~~~~~~~~~~~~~~~~~~~~~~~~~~~~~~~~~~~~~~~~~~~~~~~~~~~~~
Errors...
 
Error in <THaFormula::Compile>:  Bad numerical expression : ":SHMSaerogelgainfatorsfromLH2production4965"
Error in <THaCut::Compile>:  Bad numerical expression : "ALL_events_NO_EDTM"
Error in <THaCutList::Define>: expression error, cut not created: RawDecode_master ALL_events_NO_EDTM block: RawDecode
Warning in <THaCutList::Load>: 1 cut(s) could not be defined, check input file DEF-files/COIN/PRODUCTION/CUTS/coin_production_cuts.def
~~~~~~~~~~~~~~~~~~~~~~~~~~~~~~~~~~~~~~~~~~~~~~~~~~~~~~~~~~~~~~~~~~~~~~~~~~~~~~~~~~~~~~~~~~~~~~~~~~~~~~~~~~~~~
Job info...
 

Auger JobId: 62849696 [PBS JobId: 48352072]

01/22/2019 19:04:00  A     Name=lumiscan_5151;User=trottar;queue=priority
01/22/2019 19:11:18  A     Stagin started
01/22/2019 19:11:18  A     Job started
01/22/2019 19:28:53  A     Job started
01/22/2019 19:28:53  A     Job completed

Job: 48352072.farmpbs14

01/22/2019 19:06:47  S    enqueuing into priority, state 2 hop 1
01/22/2019 19:06:47  S    Holds u released at request of trottar@farmpbs14
01/22/2019 19:06:47  A    queue=priority
01/22/2019 19:11:17  S    Job Run at request of root@farmpbs14
01/22/2019 19:11:17  A    user=trottar group=enp account=hallc jobname=lumiscan_5151 queue=priority ctime=1548202007 qtime=1548202007 etime=1548202007 start=1548202277 owner=trottar@farmpbs14 exec_host=farm180127/0+farm180127/1 Resource_List.arch=centos7 Resource_List.file=2929687kb Resource_List.mem=1250mb Resource_List.neednodes=1:ppn=2 Resource_List.nodect=1 Resource_List.nodes=1:ppn=2 Resource_List.vmem=2500mb Resource_List.walltime=04:00:00 
01/22/2019 19:28:54  S    Exit_status=0 resources_used.cput=00:17:25 resources_used.mem=617216kb resources_used.vmem=1339980kb resources_used.walltime=00:17:37
01/22/2019 19:28:54  S    on_job_exit valid pjob: 48352072.farmpbs14 (substate=50)
01/22/2019 19:28:54  S    dequeuing from priority, state COMPLETE
01/22/2019 19:28:54  A    user=trottar group=enp account=hallc jobname=lumiscan_5151 queue=priority ctime=1548202007 qtime=1548202007 etime=1548202007 start=1548202277 owner=trottar@farmpbs14 exec_host=farm180127/0+farm180127/1 Resource_List.arch=centos7 Resource_List.file=2929687kb Resource_List.mem=1250mb Resource_List.neednodes=1:ppn=2 Resource_List.nodect=1 Resource_List.nodes=1:ppn=2 Resource_List.vmem=2500mb Resource_List.walltime=04:00:00 session=36900 end=1548203334 Exit_status=0 resources_used.cput=00:17:25 resources_used.mem=617216kb resources_used.vmem=1339980kb resources_used.walltime=00:17:37

~~~~~~~~~~~~~~~~~~~~~~~~~~~~~~~~~~~~~~~~~~~~~~~~~~~~~~~~~~~~~~~~~~~~~~~~~~~~~~~~~~~~~~~~~~~~~~~~~~~~~~~~~~~~~
~~~~~~~~~~~~~~~~~~~~~~~~~~~~~~~~~~~~~~~~~~~~~~~~~~~~~~~~~~~~~~~~~~~~~~~~~~~~~~~~~~~~~~~~~~~~~~~~~~~~~~~~~~~~~
