~~~~~~~~~~~~~~~~~~~~~~~~~~~~~~~~~~~~~~~~~~~~~~~~~~~~~~~~~~~~~~~~~~~~~~~~~~~~~~~~~~~~~~~~~~~~~~~~~~~~~~~~~~~~~
~~~~~~~~~~~~~~~~~~~~~~~~~~~~~~~~~~~~~~~~~~~~~~~~~~~~~~~~~~~~~~~~~~~~~~~~~~~~~~~~~~~~~~~~~~~~~~~~~~~~~~~~~~~~~
Errors...
 
Error in <THaFormula::Compile>:  Bad numerical expression : ":SHMSaerogelgainfatorsfromLH2production4965"
~~~~~~~~~~~~~~~~~~~~~~~~~~~~~~~~~~~~~~~~~~~~~~~~~~~~~~~~~~~~~~~~~~~~~~~~~~~~~~~~~~~~~~~~~~~~~~~~~~~~~~~~~~~~~
Job info...
 

Auger JobId: 59876870 [PBS JobId: 45673988]

11/11/2018 17:09:33  A     Name=lumiscan_5166;User=trottar;queue=prod64
11/11/2018 17:10:59  A     Stagin started
11/11/2018 17:10:59  A     Job started
11/11/2018 17:50:32  A     Job started
11/11/2018 17:50:32  A     Job completed

Job: 45673988.farmpbs14

11/11/2018 17:10:42  S    enqueuing into prod64, state 2 hop 1
11/11/2018 17:10:42  S    Holds u released at request of trottar@farmpbs14
11/11/2018 17:10:42  A    queue=prod64
11/11/2018 17:10:47  S    Job Run at request of root@farmpbs14
11/11/2018 17:10:57  A    user=trottar group=enp account=hallc jobname=lumiscan_5166 queue=prod64 ctime=1541974242 qtime=1541974242 etime=1541974242 start=1541974257 owner=trottar@farmpbs14 exec_host=farm180216/72+farm180216/73 Resource_List.arch=centos7 Resource_List.file=2929687kb Resource_List.mem=2000mb Resource_List.neednodes=1:ppn=2 Resource_List.nodect=1 Resource_List.nodes=1:ppn=2 Resource_List.vmem=4000mb Resource_List.walltime=24:00:00 
11/11/2018 17:50:36  S    Exit_status=0 resources_used.cput=00:39:33 resources_used.mem=856992kb resources_used.vmem=1605376kb resources_used.walltime=00:39:38
11/11/2018 17:50:36  S    on_job_exit valid pjob: 45673988.farmpbs14 (substate=50)
11/11/2018 17:50:36  A    user=trottar group=enp account=hallc jobname=lumiscan_5166 queue=prod64 ctime=1541974242 qtime=1541974242 etime=1541974242 start=1541974257 owner=trottar@farmpbs14 exec_host=farm180216/72+farm180216/73 Resource_List.arch=centos7 Resource_List.file=2929687kb Resource_List.mem=2000mb Resource_List.neednodes=1:ppn=2 Resource_List.nodect=1 Resource_List.nodes=1:ppn=2 Resource_List.vmem=4000mb Resource_List.walltime=24:00:00 session=171079 end=1541976636 Exit_status=0 resources_used.cput=00:39:33 resources_used.mem=856992kb resources_used.vmem=1605376kb resources_used.walltime=00:39:38
11/11/2018 17:50:38  S    dequeuing from prod64, state COMPLETE

~~~~~~~~~~~~~~~~~~~~~~~~~~~~~~~~~~~~~~~~~~~~~~~~~~~~~~~~~~~~~~~~~~~~~~~~~~~~~~~~~~~~~~~~~~~~~~~~~~~~~~~~~~~~~
~~~~~~~~~~~~~~~~~~~~~~~~~~~~~~~~~~~~~~~~~~~~~~~~~~~~~~~~~~~~~~~~~~~~~~~~~~~~~~~~~~~~~~~~~~~~~~~~~~~~~~~~~~~~~
