~~~~~~~~~~~~~~~~~~~~~~~~~~~~~~~~~~~~~~~~~~~~~~~~~~~~~~~~~~~~~~~~~~~~~~~~~~~~~~~~~~~~~~~~~~~~~~~~~~~~~~~~~~~~~
~~~~~~~~~~~~~~~~~~~~~~~~~~~~~~~~~~~~~~~~~~~~~~~~~~~~~~~~~~~~~~~~~~~~~~~~~~~~~~~~~~~~~~~~~~~~~~~~~~~~~~~~~~~~~
Errors...
 
Error in <THaFormula::Compile>:  Bad numerical expression : ":SHMSaerogelgainfatorsfromLH2production4965"
terminate called after throwing an instance of 'std::runtime_error'
  what():  <THcParmList::LoadParmValues>: Could not find `gpbeam` in database!
/home/trottar/Analysis/hallc_replay/run_Replay.sh: line 66: 38450 Aborted                 /home/trottar/Analysis/hallc_replay/hcana -l -q "UTIL_KAONLT/scripts_Replay/replay_luminosity.C(5165,-1)"
~~~~~~~~~~~~~~~~~~~~~~~~~~~~~~~~~~~~~~~~~~~~~~~~~~~~~~~~~~~~~~~~~~~~~~~~~~~~~~~~~~~~~~~~~~~~~~~~~~~~~~~~~~~~~
Job info...
 

Auger JobId: 62849815 [PBS JobId: 48352076]

01/22/2019 19:06:24  A     Name=lumiscan_5165;User=trottar;queue=priority
01/22/2019 19:11:18  A     Stagin started
01/22/2019 19:11:18  A     Job started
01/22/2019 19:12:41  A     Job started
01/22/2019 19:12:42  A     Job completed

Job: 48352076.farmpbs14

01/22/2019 19:06:47  S    enqueuing into priority, state 2 hop 1
01/22/2019 19:06:47  S    Holds u released at request of trottar@farmpbs14
01/22/2019 19:06:47  A    queue=priority
01/22/2019 19:11:17  S    Job Run at request of root@farmpbs14
01/22/2019 19:11:17  A    user=trottar group=enp account=hallc jobname=lumiscan_5165 queue=priority ctime=1548202007 qtime=1548202007 etime=1548202007 start=1548202277 owner=trottar@farmpbs14 exec_host=farm180127/8+farm180127/9 Resource_List.arch=centos7 Resource_List.file=2929687kb Resource_List.mem=1250mb Resource_List.neednodes=1:ppn=2 Resource_List.nodect=1 Resource_List.nodes=1:ppn=2 Resource_List.vmem=2500mb Resource_List.walltime=04:00:00 
01/22/2019 19:12:43  S    Exit_status=0 resources_used.cput=00:00:11 resources_used.mem=189408kb resources_used.vmem=897964kb resources_used.walltime=00:01:26
01/22/2019 19:12:43  S    on_job_exit valid pjob: 48352076.farmpbs14 (substate=50)
01/22/2019 19:12:43  S    dequeuing from priority, state COMPLETE
01/22/2019 19:12:43  A    user=trottar group=enp account=hallc jobname=lumiscan_5165 queue=priority ctime=1548202007 qtime=1548202007 etime=1548202007 start=1548202277 owner=trottar@farmpbs14 exec_host=farm180127/8+farm180127/9 Resource_List.arch=centos7 Resource_List.file=2929687kb Resource_List.mem=1250mb Resource_List.neednodes=1:ppn=2 Resource_List.nodect=1 Resource_List.nodes=1:ppn=2 Resource_List.vmem=2500mb Resource_List.walltime=04:00:00 session=36992 end=1548202363 Exit_status=0 resources_used.cput=00:00:11 resources_used.mem=189408kb resources_used.vmem=897964kb resources_used.walltime=00:01:26

~~~~~~~~~~~~~~~~~~~~~~~~~~~~~~~~~~~~~~~~~~~~~~~~~~~~~~~~~~~~~~~~~~~~~~~~~~~~~~~~~~~~~~~~~~~~~~~~~~~~~~~~~~~~~
~~~~~~~~~~~~~~~~~~~~~~~~~~~~~~~~~~~~~~~~~~~~~~~~~~~~~~~~~~~~~~~~~~~~~~~~~~~~~~~~~~~~~~~~~~~~~~~~~~~~~~~~~~~~~
