~~~~~~~~~~~~~~~~~~~~~~~~~~~~~~~~~~~~~~~~~~~~~~~~~~~~~~~~~~~~~~~~~~~~~~~~~~~~~~~~~~~~~~~~~~~~~~~~~~~~~~~~~~~~~
~~~~~~~~~~~~~~~~~~~~~~~~~~~~~~~~~~~~~~~~~~~~~~~~~~~~~~~~~~~~~~~~~~~~~~~~~~~~~~~~~~~~~~~~~~~~~~~~~~~~~~~~~~~~~
Errors...
 
Error in <THaFormula::Compile>:  Bad numerical expression : ":SHMSaerogelgainfatorsfromLH2production4965"
~~~~~~~~~~~~~~~~~~~~~~~~~~~~~~~~~~~~~~~~~~~~~~~~~~~~~~~~~~~~~~~~~~~~~~~~~~~~~~~~~~~~~~~~~~~~~~~~~~~~~~~~~~~~~
Job info...
 

Auger JobId: 64237063 [PBS JobId: 49633370]

02/27/2019 13:27:23  A     Name=lumiscan_5155;User=trottar;queue=priority
02/27/2019 13:29:28  A     Stagin started
02/27/2019 13:29:29  A     Job started
02/27/2019 14:17:55  A     Job started
02/27/2019 14:17:55  A     Job completed

Job: 49633370.farmpbs14

02/27/2019 13:28:40  S    enqueuing into priority, state 2 hop 1
02/27/2019 13:28:40  S    Holds u released at request of trottar@farmpbs14
02/27/2019 13:28:40  A    queue=priority
02/27/2019 13:29:25  S    Job Run at request of root@farmpbs14
02/27/2019 13:29:26  A    user=trottar group=enp account=hallc jobname=lumiscan_5155 queue=priority ctime=1551292120 qtime=1551292120 etime=1551292120 start=1551292166 owner=trottar@farmpbs14 exec_host=farm180234/2+farm180234/3 Resource_List.arch=centos7 Resource_List.file=2929687kb Resource_List.mem=1250mb Resource_List.neednodes=1:ppn=2 Resource_List.nodect=1 Resource_List.nodes=1:ppn=2 Resource_List.vmem=2500mb Resource_List.walltime=04:00:00 
02/27/2019 14:17:56  S    Exit_status=0 resources_used.cput=00:47:58 resources_used.mem=1175196kb resources_used.vmem=1922668kb resources_used.walltime=00:48:31
02/27/2019 14:17:56  S    on_job_exit valid pjob: 49633370.farmpbs14 (substate=50)
02/27/2019 14:17:56  S    dequeuing from priority, state COMPLETE
02/27/2019 14:17:56  A    user=trottar group=enp account=hallc jobname=lumiscan_5155 queue=priority ctime=1551292120 qtime=1551292120 etime=1551292120 start=1551292166 owner=trottar@farmpbs14 exec_host=farm180234/2+farm180234/3 Resource_List.arch=centos7 Resource_List.file=2929687kb Resource_List.mem=1250mb Resource_List.neednodes=1:ppn=2 Resource_List.nodect=1 Resource_List.nodes=1:ppn=2 Resource_List.vmem=2500mb Resource_List.walltime=04:00:00 session=223361 end=1551295076 Exit_status=0 resources_used.cput=00:47:58 resources_used.mem=1175196kb resources_used.vmem=1922668kb resources_used.walltime=00:48:31

~~~~~~~~~~~~~~~~~~~~~~~~~~~~~~~~~~~~~~~~~~~~~~~~~~~~~~~~~~~~~~~~~~~~~~~~~~~~~~~~~~~~~~~~~~~~~~~~~~~~~~~~~~~~~
~~~~~~~~~~~~~~~~~~~~~~~~~~~~~~~~~~~~~~~~~~~~~~~~~~~~~~~~~~~~~~~~~~~~~~~~~~~~~~~~~~~~~~~~~~~~~~~~~~~~~~~~~~~~~
