~~~~~~~~~~~~~~~~~~~~~~~~~~~~~~~~~~~~~~~~~~~~~~~~~~~~~~~~~~~~~~~~~~~~~~~~~~~~~~~~~~~~~~~~~~~~~~~~~~~~~~~~~~~~~
~~~~~~~~~~~~~~~~~~~~~~~~~~~~~~~~~~~~~~~~~~~~~~~~~~~~~~~~~~~~~~~~~~~~~~~~~~~~~~~~~~~~~~~~~~~~~~~~~~~~~~~~~~~~~
Errors...
 
Error in <THaFormula::Compile>:  Bad numerical expression : ":SHMSaerogelgainfatorsfromLH2production4965"
terminate called after throwing an instance of 'std::runtime_error'
  what():  <THcParmList::LoadParmValues>: Could not find `gpbeam` in database!
/home/trottar/Analysis/hallc_replay/run_Replay.sh: line 67: 344150 Aborted                 /home/trottar/Analysis/hallc_replay/hcana -l -q "UTIL_KAONLT/scripts_Replay/replay_luminosity.C(5161,-1)"
~~~~~~~~~~~~~~~~~~~~~~~~~~~~~~~~~~~~~~~~~~~~~~~~~~~~~~~~~~~~~~~~~~~~~~~~~~~~~~~~~~~~~~~~~~~~~~~~~~~~~~~~~~~~~
Job info...
 

Auger JobId: 63286609 [PBS JobId: 48806318]

02/06/2019 21:37:02  A     Name=lumiscan_5161;User=trottar;queue=priority
02/06/2019 22:14:23  A     Stagin started
02/06/2019 22:14:23  A     Job started
02/06/2019 22:14:36  A     Job started
02/06/2019 22:14:36  A     Job completed

Job: 48806318.farmpbs14

02/06/2019 21:46:04  S    enqueuing into priority, state 2 hop 1
02/06/2019 21:46:04  S    Holds u released at request of trottar@farmpbs14
02/06/2019 21:46:04  A    queue=priority
02/06/2019 22:14:21  S    Job Run at request of root@farmpbs14
02/06/2019 22:14:21  A    user=trottar group=enp account=hallc jobname=lumiscan_5161 queue=priority ctime=1549507564 qtime=1549507564 etime=1549507564 start=1549509261 owner=trottar@farmpbs14 exec_host=farm180301/0+farm180301/1 Resource_List.arch=centos7 Resource_List.file=2929687kb Resource_List.mem=1250mb Resource_List.neednodes=1:ppn=2 Resource_List.nodect=1 Resource_List.nodes=1:ppn=2 Resource_List.vmem=2500mb Resource_List.walltime=04:00:00 
02/06/2019 22:14:37  S    Exit_status=0 resources_used.cput=00:00:12 resources_used.mem=47564kb resources_used.vmem=813228kb resources_used.walltime=00:00:16
02/06/2019 22:14:37  S    on_job_exit valid pjob: 48806318.farmpbs14 (substate=50)
02/06/2019 22:14:37  S    dequeuing from priority, state COMPLETE
02/06/2019 22:14:37  A    user=trottar group=enp account=hallc jobname=lumiscan_5161 queue=priority ctime=1549507564 qtime=1549507564 etime=1549507564 start=1549509261 owner=trottar@farmpbs14 exec_host=farm180301/0+farm180301/1 Resource_List.arch=centos7 Resource_List.file=2929687kb Resource_List.mem=1250mb Resource_List.neednodes=1:ppn=2 Resource_List.nodect=1 Resource_List.nodes=1:ppn=2 Resource_List.vmem=2500mb Resource_List.walltime=04:00:00 session=343516 end=1549509277 Exit_status=0 resources_used.cput=00:00:12 resources_used.mem=47564kb resources_used.vmem=813228kb resources_used.walltime=00:00:16

~~~~~~~~~~~~~~~~~~~~~~~~~~~~~~~~~~~~~~~~~~~~~~~~~~~~~~~~~~~~~~~~~~~~~~~~~~~~~~~~~~~~~~~~~~~~~~~~~~~~~~~~~~~~~
~~~~~~~~~~~~~~~~~~~~~~~~~~~~~~~~~~~~~~~~~~~~~~~~~~~~~~~~~~~~~~~~~~~~~~~~~~~~~~~~~~~~~~~~~~~~~~~~~~~~~~~~~~~~~
